2025-05-30 02:28:14,065 - INFO - Starting ASCT helper
2025-05-30 02:28:14,065 - INFO - Using zip file: /home/ec2-user/environment/OMA/Database/ORACLE_AURORA_POSTGRESQL_2025-05-30T01-11-35.265Z.zip
2025-05-30 02:28:14,067 - INFO - Extracted /home/ec2-user/environment/OMA/Database/ORACLE_AURORA_POSTGRESQL_2025-05-30T01-11-35.265Z.zip to /home/ec2-user/environment/OMA/Database/extracted_csv
2025-05-30 02:28:14,067 - INFO - Found CSV file: /home/ec2-user/environment/OMA/Database/extracted_csv/10.1.3.182/oma-aurora-pg-cluster.cluster-c7i1cctulifp.us-east-1.rds.amazonaws.com/oma-aurora-pg-cluster.cluster-c7i1cctulifp.us-east-1.rds.amazonaws.com.csv
2025-05-30 02:28:14,067 - INFO - Processing CSV file: /home/ec2-user/environment/OMA/Database/extracted_csv/10.1.3.182/oma-aurora-pg-cluster.cluster-c7i1cctulifp.us-east-1.rds.amazonaws.com/oma-aurora-pg-cluster.cluster-c7i1cctulifp.us-east-1.rds.amazonaws.com.csv
2025-05-30 02:28:14,067 - INFO - Found 2 objects for conversion
2025-05-30 02:28:14,067 - INFO - Saved incompatible objects list to /home/ec2-user/environment/OMA/Database/incompatible.lst
2025-05-30 02:28:14,067 - INFO - Processing 1 VIEW objects
2025-05-30 02:28:14,067 - INFO - Extracting DDL for VIEW OMA.CUSTOMER_ORDER_PRODUCTS
2025-05-30 02:28:16,995 - INFO - Converting VIEW OMA.CUSTOMER_ORDER_PRODUCTS to PostgreSQL
2025-05-30 02:28:16,995 - INFO - Saved original Oracle DDL to CUSTOMER_ORDER_PRODUCTS.sql
2025-05-30 02:28:22,595 - INFO - Saved conversion results to VIEW.OMA.CUSTOMER_ORDER_PRODUCTS.sql
2025-05-30 02:28:22,595 - INFO - Processing 1 PROCEDURE objects
2025-05-30 02:28:22,595 - INFO - Extracting DDL for PROCEDURE OMA.GET_STORE_SALES_PIVOT
2025-05-30 02:28:22,806 - INFO - Converting PROCEDURE OMA.GET_STORE_SALES_PIVOT to PostgreSQL
2025-05-30 02:28:22,806 - INFO - Saved original Oracle DDL to GET_STORE_SALES_PIVOT.sql
2025-05-30 02:28:30,428 - INFO - Saved conversion results to PROCEDURE.OMA.GET_STORE_SALES_PIVOT.sql
2025-05-30 02:28:30,428 - INFO - ASCT helper completed
2025-05-30 02:48:00,875 - INFO - Starting ASCT helper
2025-05-30 02:48:00,875 - INFO - Using zip file: /home/ec2-user/environment/OMA/Database/ORACLE_AURORA_POSTGRESQL_2025-05-30T01-11-35.265Z.zip
2025-05-30 02:48:00,877 - INFO - Extracted /home/ec2-user/environment/OMA/Database/ORACLE_AURORA_POSTGRESQL_2025-05-30T01-11-35.265Z.zip to /home/ec2-user/environment/OMA/Database/extracted_csv
2025-05-30 02:48:00,877 - INFO - Found CSV file: /home/ec2-user/environment/OMA/Database/extracted_csv/10.1.3.182/oma-aurora-pg-cluster.cluster-c7i1cctulifp.us-east-1.rds.amazonaws.com/oma-aurora-pg-cluster.cluster-c7i1cctulifp.us-east-1.rds.amazonaws.com.csv
2025-05-30 02:48:00,877 - INFO - Processing CSV file: /home/ec2-user/environment/OMA/Database/extracted_csv/10.1.3.182/oma-aurora-pg-cluster.cluster-c7i1cctulifp.us-east-1.rds.amazonaws.com/oma-aurora-pg-cluster.cluster-c7i1cctulifp.us-east-1.rds.amazonaws.com.csv
2025-05-30 02:48:00,877 - INFO - Found 2 objects for conversion
2025-05-30 02:48:00,877 - INFO - Saved incompatible objects list to /home/ec2-user/environment/OMA/Database/incompatible.lst
2025-05-30 02:48:00,877 - INFO - Processing 1 VIEW objects
2025-05-30 02:48:00,877 - INFO - Extracting DDL for VIEW OMA.CUSTOMER_ORDER_PRODUCTS
2025-05-30 02:48:01,137 - INFO - Converting VIEW OMA.CUSTOMER_ORDER_PRODUCTS to PostgreSQL
2025-05-30 02:48:01,137 - INFO - Saved original Oracle DDL to CUSTOMER_ORDER_PRODUCTS.sql
2025-05-30 02:48:07,167 - INFO - Saved conversion results to VIEW.OMA.CUSTOMER_ORDER_PRODUCTS.sql
2025-05-30 02:48:07,168 - INFO - Processing 1 PROCEDURE objects
2025-05-30 02:48:07,168 - INFO - Extracting DDL for PROCEDURE OMA.GET_STORE_SALES_PIVOT
2025-05-30 02:48:07,318 - INFO - Converting PROCEDURE OMA.GET_STORE_SALES_PIVOT to PostgreSQL
2025-05-30 02:48:07,318 - INFO - Saved original Oracle DDL to GET_STORE_SALES_PIVOT.sql
2025-05-30 02:48:16,048 - INFO - Saved conversion results to PROCEDURE.OMA.GET_STORE_SALES_PIVOT.sql
2025-05-30 02:48:16,048 - INFO - ASCT helper completed
2025-05-30 02:49:40,728 - INFO - Starting ASCT helper
2025-05-30 02:49:40,729 - INFO - Using zip file: /home/ec2-user/environment/OMA/Database/ORACLE_AURORA_POSTGRESQL_2025-05-30T01-11-35.265Z.zip
2025-05-30 02:49:40,730 - INFO - Extracted /home/ec2-user/environment/OMA/Database/ORACLE_AURORA_POSTGRESQL_2025-05-30T01-11-35.265Z.zip to /home/ec2-user/environment/OMA/Database/extracted_csv
2025-05-30 02:49:40,730 - INFO - Found CSV file: /home/ec2-user/environment/OMA/Database/extracted_csv/10.1.3.182/oma-aurora-pg-cluster.cluster-c7i1cctulifp.us-east-1.rds.amazonaws.com/oma-aurora-pg-cluster.cluster-c7i1cctulifp.us-east-1.rds.amazonaws.com.csv
2025-05-30 02:49:40,730 - INFO - Processing CSV file: /home/ec2-user/environment/OMA/Database/extracted_csv/10.1.3.182/oma-aurora-pg-cluster.cluster-c7i1cctulifp.us-east-1.rds.amazonaws.com/oma-aurora-pg-cluster.cluster-c7i1cctulifp.us-east-1.rds.amazonaws.com.csv
2025-05-30 02:49:40,730 - INFO - Found 2 objects for conversion
2025-05-30 02:49:40,731 - INFO - Saved incompatible objects list to /home/ec2-user/environment/OMA/Database/incompatible.lst
2025-05-30 02:49:40,731 - INFO - Processing 1 VIEW objects
2025-05-30 02:49:40,731 - INFO - Extracting DDL for VIEW OMA.CUSTOMER_ORDER_PRODUCTS
2025-05-30 02:49:40,984 - INFO - Converting VIEW OMA.CUSTOMER_ORDER_PRODUCTS to PostgreSQL
2025-05-30 02:49:40,984 - INFO - Saved original Oracle DDL to CUSTOMER_ORDER_PRODUCTS.sql
2025-05-30 02:49:49,002 - INFO - Saved conversion results to VIEW.OMA.CUSTOMER_ORDER_PRODUCTS.sql
2025-05-30 02:49:49,003 - INFO - Processing 1 PROCEDURE objects
2025-05-30 02:49:49,003 - INFO - Extracting DDL for PROCEDURE OMA.GET_STORE_SALES_PIVOT
2025-05-30 02:49:49,142 - INFO - Converting PROCEDURE OMA.GET_STORE_SALES_PIVOT to PostgreSQL
2025-05-30 02:49:49,142 - INFO - Saved original Oracle DDL to GET_STORE_SALES_PIVOT.sql
2025-05-30 02:49:58,308 - INFO - Saved conversion results to PROCEDURE.OMA.GET_STORE_SALES_PIVOT.sql
2025-05-30 02:49:58,308 - INFO - ASCT helper completed
2025-05-30 03:48:21,297 - INFO - Starting ASCT helper
2025-05-30 03:48:21,297 - INFO - Using zip file: /home/ec2-user/environment/OMA/Database/ORACLE_AURORA_POSTGRESQL_2025-05-30T01-11-35.265Z.zip
2025-05-30 03:48:21,298 - INFO - Extracted /home/ec2-user/environment/OMA/Database/ORACLE_AURORA_POSTGRESQL_2025-05-30T01-11-35.265Z.zip to /home/ec2-user/environment/OMA/Database/extracted_csv
2025-05-30 03:48:21,299 - INFO - Found CSV file: /home/ec2-user/environment/OMA/Database/extracted_csv/10.1.3.182/oma-aurora-pg-cluster.cluster-c7i1cctulifp.us-east-1.rds.amazonaws.com/oma-aurora-pg-cluster.cluster-c7i1cctulifp.us-east-1.rds.amazonaws.com.csv
2025-05-30 03:48:21,299 - INFO - Processing CSV file: /home/ec2-user/environment/OMA/Database/extracted_csv/10.1.3.182/oma-aurora-pg-cluster.cluster-c7i1cctulifp.us-east-1.rds.amazonaws.com/oma-aurora-pg-cluster.cluster-c7i1cctulifp.us-east-1.rds.amazonaws.com.csv
2025-05-30 03:48:21,299 - INFO - Found 2 objects for conversion
2025-05-30 03:48:21,299 - INFO - Saved incompatible objects list to /home/ec2-user/environment/OMA/Database/incompatible.lst
2025-05-30 03:48:21,299 - INFO - Processing 1 VIEW objects
2025-05-30 03:48:21,299 - INFO - Extracting DDL for VIEW OMA.CUSTOMER_ORDER_PRODUCTS
2025-05-30 03:48:21,550 - INFO - Converting VIEW OMA.CUSTOMER_ORDER_PRODUCTS to PostgreSQL
2025-05-30 03:48:21,550 - INFO - Saved original Oracle DDL to CUSTOMER_ORDER_PRODUCTS.sql
2025-05-30 03:48:30,216 - INFO - Saved conversion results to VIEW.OMA.CUSTOMER_ORDER_PRODUCTS.sql
2025-05-30 03:48:30,216 - INFO - Processing 1 PROCEDURE objects
2025-05-30 03:48:30,216 - INFO - Extracting DDL for PROCEDURE OMA.GET_STORE_SALES_PIVOT
2025-05-30 03:48:30,359 - INFO - Converting PROCEDURE OMA.GET_STORE_SALES_PIVOT to PostgreSQL
2025-05-30 03:48:30,359 - INFO - Saved original Oracle DDL to GET_STORE_SALES_PIVOT.sql
2025-05-30 03:48:42,122 - INFO - Saved conversion results to PROCEDURE.OMA.GET_STORE_SALES_PIVOT.sql
2025-05-30 03:48:42,122 - INFO - Deploying converted objects to PostgreSQL
2025-05-30 03:48:42,122 - INFO - Starting deployment with dependency handling
2025-05-30 03:48:42,123 - INFO - Found 2 SQL files to deploy to PostgreSQL
2025-05-30 03:48:42,356 - INFO - Deployment summary: 2/2 files successfully executed
2025-05-30 03:48:42,356 - INFO - ASCT helper completed
2025-05-30 03:56:35,934 - INFO - Running in deploy-only mode
2025-05-30 03:56:35,934 - ERROR - PostgreSQL connection variables not set
2025-05-30 04:06:25,060 - INFO - Running in deploy-only mode
2025-05-30 04:06:25,061 - INFO - Starting deployment with dependency handling
2025-05-30 04:06:25,061 - INFO - Found 2 SQL files to deploy to PostgreSQL
2025-05-30 04:06:25,438 - INFO - Deployment summary: 2/2 files successfully executed
