2025-06-20 12:44:10 - INFO - [GenSQLTransformTarget.py:94] - Logging initialized. Log file: /Users/changik/workspace/sample-oracle-modernization-accelerator/jpetstore-6/logs/application/GenSQLTransformTarget/Find_ParentClasses.log
2025-06-20 12:44:10 - DEBUG - [GenSQLTransformTarget.py:95] - Debug logging enabled
2025-06-20 12:44:10 - INFO - [GenSQLTransformTarget.py:447] - 

2025-06-20 12:44:10 - INFO - [GenSQLTransformTarget.py:448] - ====================================================================================================
2025-06-20 12:44:10 - INFO - [GenSQLTransformTarget.py:449] - Program started
2025-06-20 12:44:10 - INFO - [GenSQLTransformTarget.py:450] - ====================================================================================================
2025-06-20 12:44:10 - INFO - [GenSQLTransformTarget.py:451] - TRANSFORM_RELATED_CLASS: ['_ALL_']
2025-06-20 12:44:10 - INFO - [GenSQLTransformTarget.py:452] - SOURCE_DIR: /Users/changik/workspace/SampleApp/jpetstore-6/src
2025-06-20 12:44:10 - INFO - [GenSQLTransformTarget.py:453] - APPLICATION_FOLDER: /Users/changik/workspace/sample-oracle-modernization-accelerator/jpetstore-6/application
2025-06-20 12:44:10 - INFO - [GenSQLTransformTarget.py:123] - All required environment variables are set
2025-06-20 12:44:10 - INFO - [GenSQLTransformTarget.py:131] - Created required directories: /Users/changik/workspace/sample-oracle-modernization-accelerator/jpetstore-6/logs/application/GenSQLTransformTarget
2025-06-20 12:44:10 - INFO - [GenSQLTransformTarget.py:460] - ====================================================================================================
2025-06-20 12:44:10 - INFO - [GenSQLTransformTarget.py:461] - Building class hierarchy in: /Users/changik/workspace/SampleApp/jpetstore-6/src
2025-06-20 12:44:10 - INFO - [GenSQLTransformTarget.py:462] - ====================================================================================================
2025-06-20 12:44:10 - INFO - [GenSQLTransformTarget.py:254] - Starting to search for class hierarchy in: /Users/changik/workspace/SampleApp/jpetstore-6/src
2025-06-20 12:44:10 - DEBUG - [GenSQLTransformTarget.py:266] - Analyzing file: /Users/changik/workspace/SampleApp/jpetstore-6/src/test/java/org/mybatis/jpetstore/ScreenTransitionIT.java
2025-06-20 12:44:10 - DEBUG - [GenSQLTransformTarget.py:267] - Package: org.mybatis.jpetstore
2025-06-20 12:44:10 - DEBUG - [GenSQLTransformTarget.py:266] - Analyzing file: /Users/changik/workspace/SampleApp/jpetstore-6/src/test/java/org/mybatis/jpetstore/web/actions/AccountActionBeanTest.java
2025-06-20 12:44:10 - DEBUG - [GenSQLTransformTarget.py:267] - Package: org.mybatis.jpetstore.web.actions
2025-06-20 12:44:10 - DEBUG - [GenSQLTransformTarget.py:266] - Analyzing file: /Users/changik/workspace/SampleApp/jpetstore-6/src/test/java/org/mybatis/jpetstore/web/actions/OrderActionBeanTest.java
2025-06-20 12:44:10 - DEBUG - [GenSQLTransformTarget.py:267] - Package: org.mybatis.jpetstore.web.actions
2025-06-20 12:44:10 - DEBUG - [GenSQLTransformTarget.py:266] - Analyzing file: /Users/changik/workspace/SampleApp/jpetstore-6/src/test/java/org/mybatis/jpetstore/web/actions/CatalogActionBeanTest.java
2025-06-20 12:44:10 - DEBUG - [GenSQLTransformTarget.py:267] - Package: org.mybatis.jpetstore.web.actions
2025-06-20 12:44:10 - DEBUG - [GenSQLTransformTarget.py:266] - Analyzing file: /Users/changik/workspace/SampleApp/jpetstore-6/src/test/java/org/mybatis/jpetstore/mapper/OrderMapperTest.java
2025-06-20 12:44:10 - DEBUG - [GenSQLTransformTarget.py:267] - Package: org.mybatis.jpetstore.mapper
2025-06-20 12:44:10 - DEBUG - [GenSQLTransformTarget.py:266] - Analyzing file: /Users/changik/workspace/SampleApp/jpetstore-6/src/test/java/org/mybatis/jpetstore/mapper/LineItemMapperTest.java
2025-06-20 12:44:10 - DEBUG - [GenSQLTransformTarget.py:267] - Package: org.mybatis.jpetstore.mapper
2025-06-20 12:44:10 - DEBUG - [GenSQLTransformTarget.py:266] - Analyzing file: /Users/changik/workspace/SampleApp/jpetstore-6/src/test/java/org/mybatis/jpetstore/mapper/ProductMapperTest.java
2025-06-20 12:44:10 - DEBUG - [GenSQLTransformTarget.py:267] - Package: org.mybatis.jpetstore.mapper
2025-06-20 12:44:10 - DEBUG - [GenSQLTransformTarget.py:266] - Analyzing file: /Users/changik/workspace/SampleApp/jpetstore-6/src/test/java/org/mybatis/jpetstore/mapper/AccountMapperTest.java
2025-06-20 12:44:10 - DEBUG - [GenSQLTransformTarget.py:267] - Package: org.mybatis.jpetstore.mapper
2025-06-20 12:44:10 - DEBUG - [GenSQLTransformTarget.py:266] - Analyzing file: /Users/changik/workspace/SampleApp/jpetstore-6/src/test/java/org/mybatis/jpetstore/mapper/CategoryMapperTest.java
2025-06-20 12:44:10 - DEBUG - [GenSQLTransformTarget.py:267] - Package: org.mybatis.jpetstore.mapper
2025-06-20 12:44:10 - DEBUG - [GenSQLTransformTarget.py:266] - Analyzing file: /Users/changik/workspace/SampleApp/jpetstore-6/src/test/java/org/mybatis/jpetstore/mapper/MapperTestContext.java
2025-06-20 12:44:10 - DEBUG - [GenSQLTransformTarget.py:267] - Package: org.mybatis.jpetstore.mapper
2025-06-20 12:44:10 - DEBUG - [GenSQLTransformTarget.py:266] - Analyzing file: /Users/changik/workspace/SampleApp/jpetstore-6/src/test/java/org/mybatis/jpetstore/mapper/SequenceMapperTest.java
2025-06-20 12:44:10 - DEBUG - [GenSQLTransformTarget.py:267] - Package: org.mybatis.jpetstore.mapper
2025-06-20 12:44:10 - DEBUG - [GenSQLTransformTarget.py:266] - Analyzing file: /Users/changik/workspace/SampleApp/jpetstore-6/src/test/java/org/mybatis/jpetstore/mapper/ItemMapperTest.java
2025-06-20 12:44:10 - DEBUG - [GenSQLTransformTarget.py:267] - Package: org.mybatis.jpetstore.mapper
2025-06-20 12:44:10 - DEBUG - [GenSQLTransformTarget.py:266] - Analyzing file: /Users/changik/workspace/SampleApp/jpetstore-6/src/test/java/org/mybatis/jpetstore/service/OrderServiceTest.java
2025-06-20 12:44:10 - DEBUG - [GenSQLTransformTarget.py:267] - Package: org.mybatis.jpetstore.service
2025-06-20 12:44:10 - DEBUG - [GenSQLTransformTarget.py:266] - Analyzing file: /Users/changik/workspace/SampleApp/jpetstore-6/src/test/java/org/mybatis/jpetstore/service/AccountServiceTest.java
2025-06-20 12:44:10 - DEBUG - [GenSQLTransformTarget.py:267] - Package: org.mybatis.jpetstore.service
2025-06-20 12:44:10 - DEBUG - [GenSQLTransformTarget.py:266] - Analyzing file: /Users/changik/workspace/SampleApp/jpetstore-6/src/test/java/org/mybatis/jpetstore/service/CatalogServiceTest.java
2025-06-20 12:44:10 - DEBUG - [GenSQLTransformTarget.py:267] - Package: org.mybatis.jpetstore.service
2025-06-20 12:44:10 - DEBUG - [GenSQLTransformTarget.py:266] - Analyzing file: /Users/changik/workspace/SampleApp/jpetstore-6/src/test/java/org/mybatis/jpetstore/domain/CartTest.java
2025-06-20 12:44:10 - DEBUG - [GenSQLTransformTarget.py:267] - Package: org.mybatis.jpetstore.domain
2025-06-20 12:44:10 - DEBUG - [GenSQLTransformTarget.py:266] - Analyzing file: /Users/changik/workspace/SampleApp/jpetstore-6/src/test/java/org/mybatis/jpetstore/domain/OrderTest.java
2025-06-20 12:44:10 - DEBUG - [GenSQLTransformTarget.py:267] - Package: org.mybatis.jpetstore.domain
2025-06-20 12:44:10 - DEBUG - [GenSQLTransformTarget.py:266] - Analyzing file: /Users/changik/workspace/SampleApp/jpetstore-6/src/main/java/org/mybatis/jpetstore/web/actions/CartActionBean.java
2025-06-20 12:44:10 - DEBUG - [GenSQLTransformTarget.py:267] - Package: org.mybatis.jpetstore.web.actions
2025-06-20 12:44:10 - DEBUG - [GenSQLTransformTarget.py:274] - Class found: CartActionBean
2025-06-20 12:44:10 - DEBUG - [GenSQLTransformTarget.py:277] - Inheritance relationship: CartActionBean -> ['AbstractActionBean']
2025-06-20 12:44:10 - DEBUG - [GenSQLTransformTarget.py:266] - Analyzing file: /Users/changik/workspace/SampleApp/jpetstore-6/src/main/java/org/mybatis/jpetstore/web/actions/OrderActionBean.java
2025-06-20 12:44:10 - DEBUG - [GenSQLTransformTarget.py:267] - Package: org.mybatis.jpetstore.web.actions
2025-06-20 12:44:10 - DEBUG - [GenSQLTransformTarget.py:274] - Class found: OrderActionBean
2025-06-20 12:44:10 - DEBUG - [GenSQLTransformTarget.py:277] - Inheritance relationship: OrderActionBean -> ['AbstractActionBean']
2025-06-20 12:44:10 - DEBUG - [GenSQLTransformTarget.py:266] - Analyzing file: /Users/changik/workspace/SampleApp/jpetstore-6/src/main/java/org/mybatis/jpetstore/web/actions/AbstractActionBean.java
2025-06-20 12:44:10 - DEBUG - [GenSQLTransformTarget.py:267] - Package: org.mybatis.jpetstore.web.actions
2025-06-20 12:44:10 - DEBUG - [GenSQLTransformTarget.py:274] - Class found: AbstractActionBean
2025-06-20 12:44:10 - DEBUG - [GenSQLTransformTarget.py:285] - Interface implementation: AbstractActionBean -> ['ActionBean', 'Serializable']
2025-06-20 12:44:10 - DEBUG - [GenSQLTransformTarget.py:266] - Analyzing file: /Users/changik/workspace/SampleApp/jpetstore-6/src/main/java/org/mybatis/jpetstore/web/actions/CatalogActionBean.java
2025-06-20 12:44:10 - DEBUG - [GenSQLTransformTarget.py:267] - Package: org.mybatis.jpetstore.web.actions
2025-06-20 12:44:10 - DEBUG - [GenSQLTransformTarget.py:274] - Class found: CatalogActionBean
2025-06-20 12:44:10 - DEBUG - [GenSQLTransformTarget.py:277] - Inheritance relationship: CatalogActionBean -> ['AbstractActionBean']
2025-06-20 12:44:10 - DEBUG - [GenSQLTransformTarget.py:266] - Analyzing file: /Users/changik/workspace/SampleApp/jpetstore-6/src/main/java/org/mybatis/jpetstore/web/actions/AccountActionBean.java
2025-06-20 12:44:10 - DEBUG - [GenSQLTransformTarget.py:267] - Package: org.mybatis.jpetstore.web.actions
2025-06-20 12:44:10 - DEBUG - [GenSQLTransformTarget.py:274] - Class found: AccountActionBean
2025-06-20 12:44:10 - DEBUG - [GenSQLTransformTarget.py:277] - Inheritance relationship: AccountActionBean -> ['AbstractActionBean']
2025-06-20 12:44:10 - DEBUG - [GenSQLTransformTarget.py:266] - Analyzing file: /Users/changik/workspace/SampleApp/jpetstore-6/src/main/java/org/mybatis/jpetstore/mapper/CategoryMapper.java
2025-06-20 12:44:10 - DEBUG - [GenSQLTransformTarget.py:267] - Package: org.mybatis.jpetstore.mapper
2025-06-20 12:44:10 - DEBUG - [GenSQLTransformTarget.py:266] - Analyzing file: /Users/changik/workspace/SampleApp/jpetstore-6/src/main/java/org/mybatis/jpetstore/mapper/ItemSalesMapper.java
2025-06-20 12:44:10 - DEBUG - [GenSQLTransformTarget.py:267] - Package: org.mybatis.jpetstore.mapper
2025-06-20 12:44:10 - DEBUG - [GenSQLTransformTarget.py:266] - Analyzing file: /Users/changik/workspace/SampleApp/jpetstore-6/src/main/java/org/mybatis/jpetstore/mapper/LineItemMapper.java
2025-06-20 12:44:10 - DEBUG - [GenSQLTransformTarget.py:267] - Package: org.mybatis.jpetstore.mapper
2025-06-20 12:44:10 - DEBUG - [GenSQLTransformTarget.py:266] - Analyzing file: /Users/changik/workspace/SampleApp/jpetstore-6/src/main/java/org/mybatis/jpetstore/mapper/ItemMapper.java
2025-06-20 12:44:10 - DEBUG - [GenSQLTransformTarget.py:267] - Package: org.mybatis.jpetstore.mapper
2025-06-20 12:44:10 - DEBUG - [GenSQLTransformTarget.py:266] - Analyzing file: /Users/changik/workspace/SampleApp/jpetstore-6/src/main/java/org/mybatis/jpetstore/mapper/OrderMapper.java
2025-06-20 12:44:10 - DEBUG - [GenSQLTransformTarget.py:267] - Package: org.mybatis.jpetstore.mapper
2025-06-20 12:44:10 - DEBUG - [GenSQLTransformTarget.py:266] - Analyzing file: /Users/changik/workspace/SampleApp/jpetstore-6/src/main/java/org/mybatis/jpetstore/mapper/GasPriceMapper.java
2025-06-20 12:44:10 - DEBUG - [GenSQLTransformTarget.py:267] - Package: org.mybatis.jpetstore.mapper
2025-06-20 12:44:10 - DEBUG - [GenSQLTransformTarget.py:266] - Analyzing file: /Users/changik/workspace/SampleApp/jpetstore-6/src/main/java/org/mybatis/jpetstore/mapper/BrickMapper.java
2025-06-20 12:44:10 - DEBUG - [GenSQLTransformTarget.py:267] - Package: org.mybatis.jpetstore.mapper
2025-06-20 12:44:10 - DEBUG - [GenSQLTransformTarget.py:266] - Analyzing file: /Users/changik/workspace/SampleApp/jpetstore-6/src/main/java/org/mybatis/jpetstore/mapper/AccountMapper.java
2025-06-20 12:44:10 - DEBUG - [GenSQLTransformTarget.py:267] - Package: org.mybatis.jpetstore.mapper
2025-06-20 12:44:10 - DEBUG - [GenSQLTransformTarget.py:266] - Analyzing file: /Users/changik/workspace/SampleApp/jpetstore-6/src/main/java/org/mybatis/jpetstore/mapper/SequenceMapper.java
2025-06-20 12:44:10 - DEBUG - [GenSQLTransformTarget.py:267] - Package: org.mybatis.jpetstore.mapper
2025-06-20 12:44:10 - DEBUG - [GenSQLTransformTarget.py:266] - Analyzing file: /Users/changik/workspace/SampleApp/jpetstore-6/src/main/java/org/mybatis/jpetstore/mapper/ProductMapper.java
2025-06-20 12:44:10 - DEBUG - [GenSQLTransformTarget.py:267] - Package: org.mybatis.jpetstore.mapper
2025-06-20 12:44:10 - DEBUG - [GenSQLTransformTarget.py:266] - Analyzing file: /Users/changik/workspace/SampleApp/jpetstore-6/src/main/java/org/mybatis/jpetstore/service/AccountService.java
2025-06-20 12:44:10 - DEBUG - [GenSQLTransformTarget.py:267] - Package: org.mybatis.jpetstore.service
2025-06-20 12:44:10 - DEBUG - [GenSQLTransformTarget.py:266] - Analyzing file: /Users/changik/workspace/SampleApp/jpetstore-6/src/main/java/org/mybatis/jpetstore/service/OrderService.java
2025-06-20 12:44:10 - DEBUG - [GenSQLTransformTarget.py:267] - Package: org.mybatis.jpetstore.service
2025-06-20 12:44:10 - DEBUG - [GenSQLTransformTarget.py:266] - Analyzing file: /Users/changik/workspace/SampleApp/jpetstore-6/src/main/java/org/mybatis/jpetstore/service/CatalogService.java
2025-06-20 12:44:10 - DEBUG - [GenSQLTransformTarget.py:267] - Package: org.mybatis.jpetstore.service
2025-06-20 12:44:10 - DEBUG - [GenSQLTransformTarget.py:266] - Analyzing file: /Users/changik/workspace/SampleApp/jpetstore-6/src/main/java/org/mybatis/jpetstore/domain/Order.java
2025-06-20 12:44:10 - DEBUG - [GenSQLTransformTarget.py:267] - Package: org.mybatis.jpetstore.domain
2025-06-20 12:44:10 - DEBUG - [GenSQLTransformTarget.py:274] - Class found: Order
2025-06-20 12:44:10 - DEBUG - [GenSQLTransformTarget.py:285] - Interface implementation: Order -> ['Serializable']
2025-06-20 12:44:10 - DEBUG - [GenSQLTransformTarget.py:266] - Analyzing file: /Users/changik/workspace/SampleApp/jpetstore-6/src/main/java/org/mybatis/jpetstore/domain/Sequence.java
2025-06-20 12:44:10 - DEBUG - [GenSQLTransformTarget.py:267] - Package: org.mybatis.jpetstore.domain
2025-06-20 12:44:10 - DEBUG - [GenSQLTransformTarget.py:274] - Class found: Sequence
2025-06-20 12:44:10 - DEBUG - [GenSQLTransformTarget.py:285] - Interface implementation: Sequence -> ['Serializable']
2025-06-20 12:44:10 - DEBUG - [GenSQLTransformTarget.py:266] - Analyzing file: /Users/changik/workspace/SampleApp/jpetstore-6/src/main/java/org/mybatis/jpetstore/domain/Product.java
2025-06-20 12:44:10 - DEBUG - [GenSQLTransformTarget.py:267] - Package: org.mybatis.jpetstore.domain
2025-06-20 12:44:10 - DEBUG - [GenSQLTransformTarget.py:274] - Class found: Product
2025-06-20 12:44:10 - DEBUG - [GenSQLTransformTarget.py:285] - Interface implementation: Product -> ['Serializable']
2025-06-20 12:44:10 - DEBUG - [GenSQLTransformTarget.py:266] - Analyzing file: /Users/changik/workspace/SampleApp/jpetstore-6/src/main/java/org/mybatis/jpetstore/domain/LineItem.java
2025-06-20 12:44:10 - DEBUG - [GenSQLTransformTarget.py:267] - Package: org.mybatis.jpetstore.domain
2025-06-20 12:44:10 - DEBUG - [GenSQLTransformTarget.py:274] - Class found: LineItem
2025-06-20 12:44:10 - DEBUG - [GenSQLTransformTarget.py:285] - Interface implementation: LineItem -> ['Serializable']
2025-06-20 12:44:10 - DEBUG - [GenSQLTransformTarget.py:266] - Analyzing file: /Users/changik/workspace/SampleApp/jpetstore-6/src/main/java/org/mybatis/jpetstore/domain/Category.java
2025-06-20 12:44:10 - DEBUG - [GenSQLTransformTarget.py:267] - Package: org.mybatis.jpetstore.domain
2025-06-20 12:44:10 - DEBUG - [GenSQLTransformTarget.py:274] - Class found: Category
2025-06-20 12:44:10 - DEBUG - [GenSQLTransformTarget.py:285] - Interface implementation: Category -> ['Serializable']
2025-06-20 12:44:10 - DEBUG - [GenSQLTransformTarget.py:266] - Analyzing file: /Users/changik/workspace/SampleApp/jpetstore-6/src/main/java/org/mybatis/jpetstore/domain/CartItem.java
2025-06-20 12:44:10 - DEBUG - [GenSQLTransformTarget.py:267] - Package: org.mybatis.jpetstore.domain
2025-06-20 12:44:10 - DEBUG - [GenSQLTransformTarget.py:274] - Class found: CartItem
2025-06-20 12:44:10 - DEBUG - [GenSQLTransformTarget.py:285] - Interface implementation: CartItem -> ['Serializable']
2025-06-20 12:44:10 - DEBUG - [GenSQLTransformTarget.py:266] - Analyzing file: /Users/changik/workspace/SampleApp/jpetstore-6/src/main/java/org/mybatis/jpetstore/domain/Account.java
2025-06-20 12:44:10 - DEBUG - [GenSQLTransformTarget.py:267] - Package: org.mybatis.jpetstore.domain
2025-06-20 12:44:10 - DEBUG - [GenSQLTransformTarget.py:274] - Class found: Account
2025-06-20 12:44:10 - DEBUG - [GenSQLTransformTarget.py:285] - Interface implementation: Account -> ['Serializable']
2025-06-20 12:44:10 - DEBUG - [GenSQLTransformTarget.py:266] - Analyzing file: /Users/changik/workspace/SampleApp/jpetstore-6/src/main/java/org/mybatis/jpetstore/domain/ItemSalesRatioDTO.java
2025-06-20 12:44:10 - DEBUG - [GenSQLTransformTarget.py:267] - Package: org.mybatis.jpetstore.domain
2025-06-20 12:44:10 - DEBUG - [GenSQLTransformTarget.py:274] - Class found: ItemSalesRatioDTO
2025-06-20 12:44:10 - DEBUG - [GenSQLTransformTarget.py:285] - Interface implementation: ItemSalesRatioDTO -> ['Serializable']
2025-06-20 12:44:10 - DEBUG - [GenSQLTransformTarget.py:266] - Analyzing file: /Users/changik/workspace/SampleApp/jpetstore-6/src/main/java/org/mybatis/jpetstore/domain/BrickDTO.java
2025-06-20 12:44:10 - DEBUG - [GenSQLTransformTarget.py:267] - Package: org.mybatis.jpetstore.domain
2025-06-20 12:44:10 - DEBUG - [GenSQLTransformTarget.py:274] - Class found: BrickDTO
2025-06-20 12:44:10 - DEBUG - [GenSQLTransformTarget.py:285] - Interface implementation: BrickDTO -> ['Serializable']
2025-06-20 12:44:10 - DEBUG - [GenSQLTransformTarget.py:266] - Analyzing file: /Users/changik/workspace/SampleApp/jpetstore-6/src/main/java/org/mybatis/jpetstore/domain/GasPricePeriodDTO.java
2025-06-20 12:44:10 - DEBUG - [GenSQLTransformTarget.py:267] - Package: org.mybatis.jpetstore.domain
2025-06-20 12:44:10 - DEBUG - [GenSQLTransformTarget.py:274] - Class found: GasPricePeriodDTO
2025-06-20 12:44:10 - DEBUG - [GenSQLTransformTarget.py:285] - Interface implementation: GasPricePeriodDTO -> ['Serializable']
2025-06-20 12:44:10 - DEBUG - [GenSQLTransformTarget.py:266] - Analyzing file: /Users/changik/workspace/SampleApp/jpetstore-6/src/main/java/org/mybatis/jpetstore/domain/Cart.java
2025-06-20 12:44:10 - DEBUG - [GenSQLTransformTarget.py:267] - Package: org.mybatis.jpetstore.domain
2025-06-20 12:44:10 - DEBUG - [GenSQLTransformTarget.py:274] - Class found: Cart
2025-06-20 12:44:10 - DEBUG - [GenSQLTransformTarget.py:285] - Interface implementation: Cart -> ['Serializable']
2025-06-20 12:44:10 - DEBUG - [GenSQLTransformTarget.py:266] - Analyzing file: /Users/changik/workspace/SampleApp/jpetstore-6/src/main/java/org/mybatis/jpetstore/domain/Item.java
2025-06-20 12:44:10 - DEBUG - [GenSQLTransformTarget.py:267] - Package: org.mybatis.jpetstore.domain
2025-06-20 12:44:10 - DEBUG - [GenSQLTransformTarget.py:274] - Class found: Item
2025-06-20 12:44:10 - DEBUG - [GenSQLTransformTarget.py:285] - Interface implementation: Item -> ['Serializable']
2025-06-20 12:44:10 - INFO - [GenSQLTransformTarget.py:293] - Class hierarchy structure built
2025-06-20 12:44:10 - DEBUG - [GenSQLTransformTarget.py:294] - Total 17 class relationships found
2025-06-20 12:44:10 - DEBUG - [GenSQLTransformTarget.py:192] - 클래스 계층 구조:
2025-06-20 12:44:10 - DEBUG - [GenSQLTransformTarget.py:195] - └── ActionBean
2025-06-20 12:44:10 - DEBUG - [GenSQLTransformTarget.py:195] -     └── AbstractActionBean
2025-06-20 12:44:10 - DEBUG - [GenSQLTransformTarget.py:195] -         ├── AccountActionBean
2025-06-20 12:44:10 - DEBUG - [GenSQLTransformTarget.py:195] -         ├── CartActionBean
2025-06-20 12:44:10 - DEBUG - [GenSQLTransformTarget.py:195] -         ├── CatalogActionBean
2025-06-20 12:44:10 - DEBUG - [GenSQLTransformTarget.py:195] -         └── OrderActionBean
2025-06-20 12:44:10 - DEBUG - [GenSQLTransformTarget.py:192] - 클래스 계층 구조:
2025-06-20 12:44:10 - DEBUG - [GenSQLTransformTarget.py:195] - └── Serializable
2025-06-20 12:44:10 - DEBUG - [GenSQLTransformTarget.py:195] -     ├── AbstractActionBean
2025-06-20 12:44:10 - DEBUG - [GenSQLTransformTarget.py:195] -     │   ├── AccountActionBean
2025-06-20 12:44:10 - DEBUG - [GenSQLTransformTarget.py:195] -     │   ├── CartActionBean
2025-06-20 12:44:10 - DEBUG - [GenSQLTransformTarget.py:195] -     │   ├── CatalogActionBean
2025-06-20 12:44:10 - DEBUG - [GenSQLTransformTarget.py:195] -     │   └── OrderActionBean
2025-06-20 12:44:10 - DEBUG - [GenSQLTransformTarget.py:195] -     ├── Account
2025-06-20 12:44:10 - DEBUG - [GenSQLTransformTarget.py:195] -     ├── BrickDTO
2025-06-20 12:44:10 - DEBUG - [GenSQLTransformTarget.py:195] -     ├── Cart
2025-06-20 12:44:10 - DEBUG - [GenSQLTransformTarget.py:195] -     ├── CartItem
2025-06-20 12:44:10 - DEBUG - [GenSQLTransformTarget.py:195] -     ├── Category
2025-06-20 12:44:10 - DEBUG - [GenSQLTransformTarget.py:195] -     ├── GasPricePeriodDTO
2025-06-20 12:44:10 - DEBUG - [GenSQLTransformTarget.py:195] -     ├── Item
2025-06-20 12:44:10 - DEBUG - [GenSQLTransformTarget.py:195] -     ├── ItemSalesRatioDTO
2025-06-20 12:44:10 - DEBUG - [GenSQLTransformTarget.py:195] -     ├── LineItem
2025-06-20 12:44:10 - DEBUG - [GenSQLTransformTarget.py:195] -     ├── Order
2025-06-20 12:44:10 - DEBUG - [GenSQLTransformTarget.py:195] -     ├── Product
2025-06-20 12:44:10 - DEBUG - [GenSQLTransformTarget.py:195] -     └── Sequence
2025-06-20 12:44:10 - INFO - [GenSQLTransformTarget.py:464] - 

2025-06-20 12:44:10 - INFO - [GenSQLTransformTarget.py:465] - ====================================================================================================
2025-06-20 12:44:10 - INFO - [GenSQLTransformTarget.py:480] - 

2025-06-20 12:44:10 - INFO - [GenSQLTransformTarget.py:481] - ====================================================================================================
2025-06-20 12:44:10 - INFO - [GenSQLTransformTarget.py:482] - Reading file list from: /Users/changik/workspace/sample-oracle-modernization-accelerator/jpetstore-6/application/Mapperlist.csv
2025-06-20 12:44:10 - INFO - [GenSQLTransformTarget.py:483] - ====================================================================================================
2025-06-20 12:44:10 - INFO - [GenSQLTransformTarget.py:490] - Processing 7 files
2025-06-20 12:44:10 - INFO - [GenSQLTransformTarget.py:333] - [Processing file] : OrderMapper.xml
2025-06-20 12:44:10 - INFO - [GenSQLTransformTarget.py:337] - TRANSFORM_CLASS is '_ALL_', including all XML files: OrderMapper.xml
2025-06-20 12:44:10 - DEBUG - [GenSQLTransformTarget.py:215] - Attempting to parse XML file: /Users/changik/workspace/SampleApp/jpetstore-6/src/main/resources/org/mybatis/jpetstore/mapper/OrderMapper.xml
2025-06-20 12:44:10 - DEBUG - [GenSQLTransformTarget.py:220] - Extracted namespace: org.mybatis.jpetstore.mapper.OrderMapper
2025-06-20 12:44:10 - INFO - [GenSQLTransformTarget.py:333] - [Processing file] : SequenceMapper.xml
2025-06-20 12:44:10 - INFO - [GenSQLTransformTarget.py:337] - TRANSFORM_CLASS is '_ALL_', including all XML files: SequenceMapper.xml
2025-06-20 12:44:10 - DEBUG - [GenSQLTransformTarget.py:215] - Attempting to parse XML file: /Users/changik/workspace/SampleApp/jpetstore-6/src/main/resources/org/mybatis/jpetstore/mapper/SequenceMapper.xml
2025-06-20 12:44:10 - DEBUG - [GenSQLTransformTarget.py:220] - Extracted namespace: org.mybatis.jpetstore.mapper.SequenceMapper
2025-06-20 12:44:10 - INFO - [GenSQLTransformTarget.py:333] - [Processing file] : AccountMapper.xml
2025-06-20 12:44:10 - INFO - [GenSQLTransformTarget.py:337] - TRANSFORM_CLASS is '_ALL_', including all XML files: AccountMapper.xml
2025-06-20 12:44:10 - DEBUG - [GenSQLTransformTarget.py:215] - Attempting to parse XML file: /Users/changik/workspace/SampleApp/jpetstore-6/src/main/resources/org/mybatis/jpetstore/mapper/AccountMapper.xml
2025-06-20 12:44:10 - DEBUG - [GenSQLTransformTarget.py:220] - Extracted namespace: org.mybatis.jpetstore.mapper.AccountMapper
2025-06-20 12:44:10 - INFO - [GenSQLTransformTarget.py:333] - [Processing file] : ProductMapper.xml
2025-06-20 12:44:10 - INFO - [GenSQLTransformTarget.py:337] - TRANSFORM_CLASS is '_ALL_', including all XML files: ProductMapper.xml
2025-06-20 12:44:10 - DEBUG - [GenSQLTransformTarget.py:215] - Attempting to parse XML file: /Users/changik/workspace/SampleApp/jpetstore-6/src/main/resources/org/mybatis/jpetstore/mapper/ProductMapper.xml
2025-06-20 12:44:10 - DEBUG - [GenSQLTransformTarget.py:220] - Extracted namespace: org.mybatis.jpetstore.mapper.ProductMapper
2025-06-20 12:44:10 - INFO - [GenSQLTransformTarget.py:333] - [Processing file] : ItemMapper.xml
2025-06-20 12:44:10 - INFO - [GenSQLTransformTarget.py:337] - TRANSFORM_CLASS is '_ALL_', including all XML files: ItemMapper.xml
2025-06-20 12:44:10 - DEBUG - [GenSQLTransformTarget.py:215] - Attempting to parse XML file: /Users/changik/workspace/SampleApp/jpetstore-6/src/main/resources/org/mybatis/jpetstore/mapper/ItemMapper.xml
2025-06-20 12:44:10 - DEBUG - [GenSQLTransformTarget.py:220] - Extracted namespace: org.mybatis.jpetstore.mapper.ItemMapper
2025-06-20 12:44:10 - INFO - [GenSQLTransformTarget.py:333] - [Processing file] : CategoryMapper.xml
2025-06-20 12:44:10 - INFO - [GenSQLTransformTarget.py:337] - TRANSFORM_CLASS is '_ALL_', including all XML files: CategoryMapper.xml
2025-06-20 12:44:10 - DEBUG - [GenSQLTransformTarget.py:215] - Attempting to parse XML file: /Users/changik/workspace/SampleApp/jpetstore-6/src/main/resources/org/mybatis/jpetstore/mapper/CategoryMapper.xml
2025-06-20 12:44:10 - DEBUG - [GenSQLTransformTarget.py:220] - Extracted namespace: org.mybatis.jpetstore.mapper.CategoryMapper
2025-06-20 12:44:10 - INFO - [GenSQLTransformTarget.py:333] - [Processing file] : LineItemMapper.xml
2025-06-20 12:44:10 - INFO - [GenSQLTransformTarget.py:337] - TRANSFORM_CLASS is '_ALL_', including all XML files: LineItemMapper.xml
2025-06-20 12:44:10 - DEBUG - [GenSQLTransformTarget.py:215] - Attempting to parse XML file: /Users/changik/workspace/SampleApp/jpetstore-6/src/main/resources/org/mybatis/jpetstore/mapper/LineItemMapper.xml
2025-06-20 12:44:10 - DEBUG - [GenSQLTransformTarget.py:220] - Extracted namespace: org.mybatis.jpetstore.mapper.LineItemMapper
2025-06-20 12:44:10 - INFO - [GenSQLTransformTarget.py:398] - Writing results to CSV file: /Users/changik/workspace/sample-oracle-modernization-accelerator/jpetstore-6/application/MapperAndJndi.csv
2025-06-20 12:44:10 - DEBUG - [GenSQLTransformTarget.py:429] - Writing row: [1, '/Users/changik/workspace/SampleApp/jpetstore-6/src/main/resources/org/mybatis/jpetstore/mapper/OrderMapper.xml', 'org.mybatis.jpetstore.mapper.OrderMapper', 'OrderMapper', '', 'Y']
2025-06-20 12:44:10 - DEBUG - [GenSQLTransformTarget.py:429] - Writing row: [2, '/Users/changik/workspace/SampleApp/jpetstore-6/src/main/resources/org/mybatis/jpetstore/mapper/SequenceMapper.xml', 'org.mybatis.jpetstore.mapper.SequenceMapper', 'SequenceMapper', '', 'Y']
2025-06-20 12:44:10 - DEBUG - [GenSQLTransformTarget.py:429] - Writing row: [3, '/Users/changik/workspace/SampleApp/jpetstore-6/src/main/resources/org/mybatis/jpetstore/mapper/AccountMapper.xml', 'org.mybatis.jpetstore.mapper.AccountMapper', 'AccountMapper', '', 'Y']
2025-06-20 12:44:10 - DEBUG - [GenSQLTransformTarget.py:429] - Writing row: [4, '/Users/changik/workspace/SampleApp/jpetstore-6/src/main/resources/org/mybatis/jpetstore/mapper/ProductMapper.xml', 'org.mybatis.jpetstore.mapper.ProductMapper', 'ProductMapper', '', 'Y']
2025-06-20 12:44:10 - DEBUG - [GenSQLTransformTarget.py:429] - Writing row: [5, '/Users/changik/workspace/SampleApp/jpetstore-6/src/main/resources/org/mybatis/jpetstore/mapper/ItemMapper.xml', 'org.mybatis.jpetstore.mapper.ItemMapper', 'ItemMapper', '', 'Y']
2025-06-20 12:44:10 - DEBUG - [GenSQLTransformTarget.py:429] - Writing row: [6, '/Users/changik/workspace/SampleApp/jpetstore-6/src/main/resources/org/mybatis/jpetstore/mapper/CategoryMapper.xml', 'org.mybatis.jpetstore.mapper.CategoryMapper', 'CategoryMapper', '', 'Y']
2025-06-20 12:44:10 - DEBUG - [GenSQLTransformTarget.py:429] - Writing row: [7, '/Users/changik/workspace/SampleApp/jpetstore-6/src/main/resources/org/mybatis/jpetstore/mapper/LineItemMapper.xml', 'org.mybatis.jpetstore.mapper.LineItemMapper', 'LineItemMapper', '', 'Y']
2025-06-20 12:44:10 - INFO - [GenSQLTransformTarget.py:435] - All results saved to CSV file: /Users/changik/workspace/sample-oracle-modernization-accelerator/jpetstore-6/application/MapperAndJndi.csv
2025-06-20 12:44:10 - INFO - [GenSQLTransformTarget.py:436] - Total 7 items saved to /Users/changik/workspace/sample-oracle-modernization-accelerator/jpetstore-6/application/MapperAndJndi.csv
2025-06-20 12:44:10 - INFO - [GenSQLTransformTarget.py:398] - Writing results to CSV file: /Users/changik/workspace/sample-oracle-modernization-accelerator/jpetstore-6/application/transform/SQLTransformTarget.csv
2025-06-20 12:44:10 - DEBUG - [GenSQLTransformTarget.py:429] - Writing row: [1, '/Users/changik/workspace/SampleApp/jpetstore-6/src/main/resources/org/mybatis/jpetstore/mapper/OrderMapper.xml', 'org.mybatis.jpetstore.mapper.OrderMapper', 'OrderMapper', '', 'Y']
2025-06-20 12:44:10 - DEBUG - [GenSQLTransformTarget.py:429] - Writing row: [2, '/Users/changik/workspace/SampleApp/jpetstore-6/src/main/resources/org/mybatis/jpetstore/mapper/SequenceMapper.xml', 'org.mybatis.jpetstore.mapper.SequenceMapper', 'SequenceMapper', '', 'Y']
2025-06-20 12:44:10 - DEBUG - [GenSQLTransformTarget.py:429] - Writing row: [3, '/Users/changik/workspace/SampleApp/jpetstore-6/src/main/resources/org/mybatis/jpetstore/mapper/AccountMapper.xml', 'org.mybatis.jpetstore.mapper.AccountMapper', 'AccountMapper', '', 'Y']
2025-06-20 12:44:10 - DEBUG - [GenSQLTransformTarget.py:429] - Writing row: [4, '/Users/changik/workspace/SampleApp/jpetstore-6/src/main/resources/org/mybatis/jpetstore/mapper/ProductMapper.xml', 'org.mybatis.jpetstore.mapper.ProductMapper', 'ProductMapper', '', 'Y']
2025-06-20 12:44:10 - DEBUG - [GenSQLTransformTarget.py:429] - Writing row: [5, '/Users/changik/workspace/SampleApp/jpetstore-6/src/main/resources/org/mybatis/jpetstore/mapper/ItemMapper.xml', 'org.mybatis.jpetstore.mapper.ItemMapper', 'ItemMapper', '', 'Y']
2025-06-20 12:44:10 - DEBUG - [GenSQLTransformTarget.py:429] - Writing row: [6, '/Users/changik/workspace/SampleApp/jpetstore-6/src/main/resources/org/mybatis/jpetstore/mapper/CategoryMapper.xml', 'org.mybatis.jpetstore.mapper.CategoryMapper', 'CategoryMapper', '', 'Y']
2025-06-20 12:44:10 - DEBUG - [GenSQLTransformTarget.py:429] - Writing row: [7, '/Users/changik/workspace/SampleApp/jpetstore-6/src/main/resources/org/mybatis/jpetstore/mapper/LineItemMapper.xml', 'org.mybatis.jpetstore.mapper.LineItemMapper', 'LineItemMapper', '', 'Y']
2025-06-20 12:44:10 - INFO - [GenSQLTransformTarget.py:435] - Transformation targets saved to CSV file: /Users/changik/workspace/sample-oracle-modernization-accelerator/jpetstore-6/application/transform/SQLTransformTarget.csv
2025-06-20 12:44:10 - INFO - [GenSQLTransformTarget.py:436] - Total 7 items saved to /Users/changik/workspace/sample-oracle-modernization-accelerator/jpetstore-6/application/transform/SQLTransformTarget.csv
2025-06-20 12:44:10 - INFO - [GenSQLTransformTarget.py:504] - Total 7 files processed
2025-06-20 12:44:10 - INFO - [GenSQLTransformTarget.py:508] - ====================================================================================================
2025-06-20 12:44:10 - INFO - [GenSQLTransformTarget.py:509] - Program ended
