I understand you need expert assistance with converting Oracle SQL-based MyBatis mapper files to PostgreSQL-compatible versions. Let me help you execute this task following the detailed process you've outlined.[0m[0m
[0m[0m
First, let's check if the status file exists and what state we're in:[0m[0m
[0m[0m
[1mTool validation failed: [0m
[38;5;9mFailed to validate tool parameters: '/home/ec2-user/environment/OMA/Application/jpetstore-6/Transform/logs/mapper/AccountMapper_orcl/status.txt' does not exist
[39m[0m[0m
[0m[0m
I see the status file doesn't exist yet. Let's create it and initialize all steps to "Not Started":[0m[0m
[0m[0m
[38;5;13m🛠️  Using tool: fs_write[38;5;2m (trusted)[39m[39m
 ⋮ 
 ● Path: [38;5;10m/home/ec2-user/environment/OMA/Application/jpetstore-6/Transform/logs/mapper/AccountMapper_orcl/status.txt[0m

[48;2;40;67;43m[39m+    1[39m:[39m[48;2;24;38;30m [38;2;192;197;206mStep 1: Not Started[K
[0m[48;2;40;67;43m[39m+    2[39m:[39m[48;2;24;38;30m [38;2;192;197;206mStep 2: Not Started[K
[0m[48;2;40;67;43m[39m+    3[39m:[39m[48;2;24;38;30m [38;2;192;197;206mStep 3: Not Started[K
[0m[48;2;40;67;43m[39m+    4[39m:[39m[48;2;24;38;30m [38;2;192;197;206mStep 4: Not Started[K
[0m[K
Creating: [38;5;10m/home/ec2-user/environment/OMA/Application/jpetstore-6/Transform/logs/mapper/AccountMapper_orcl/status.txt[0m

 ⋮ 
[38;5;10m[1m ● Completed in 0.0s[39m
Now let's begin with Step 1 - generating a list of mapper files to be converted:[0m[0m
[0m[0m
[38;5;13m🛠️  Using tool: fs_write[38;5;2m (trusted)[39m[39m
 ⋮ 
 ● Path: [38;5;10mApplication/jpetstore-6/Transform/logs/mapper/AccountMapper_orcl/status.txt[0m

[48;2;79;40;40m[39m- 1   [39m:[39m[48;2;36;25;28m [38;2;192;197;206mStep 1: Not Started[K
[0m[48;2;40;67;43m[39m+    1[39m:[39m[48;2;24;38;30m [38;2;192;197;206mStep 1: In Progress[K
[0m[48;2;43;48;59m[39m  2, 2[39m:[39m[48;2;43;48;59m [38;2;192;197;206mStep 2: Not Started[K
[0m[48;2;43;48;59m[39m  3, 3[39m:[39m[48;2;43;48;59m [38;2;192;197;206mStep 3: Not Started[K
[0m[48;2;43;48;59m[39m  4, 4[39m:[39m[48;2;43;48;59m [38;2;192;197;206mStep 4: Not Started[K
[0m[K
Updating: [38;5;10mApplication/jpetstore-6/Transform/logs/mapper/AccountMapper_orcl/status.txt[0m

 ⋮ 
[38;5;10m[1m ● Completed in 0.1s[39m
[0m[0m
[0m[0m
[38;5;13m🛠️  Using tool: execute_bash[38;5;2m (trusted)[39m[39m
 ⋮ 
 ● I will run the following shell command: 
[38;5;10mmkdir -p /home/ec2-user/environment/OMA/Application/jpetstore-6/Transform/logs/mapper/AccountMapper_orcl/extract /home/ec2-user/environment/OMA/Application/jpetstore-6/Transform/logs/mapper/AccountMapper_orcl/transform
[0m ⋮ 
 ↳ [38;5;12mPurpose: [0mCreating required directories if they don't exist


 ⋮ 
[38;5;10m[1m ● Completed in 0.2s[39m
[0m[0m
[0m[0m
[38;5;13m🛠️  Using tool: fs_read[38;5;2m (trusted)[39m[39m
 ⋮ 
 ● Reading directory: [38;5;10m/home/ec2-user/environment/OMA/Application/jpetstore-6/Transform/logs/mapper/AccountMapper_orcl/extract[0m with maximum depth of 0Reading: [38;5;10mApplication/jpetstore-6/Transform/logs/mapper/AccountMapper_orcl/extract[0m

 ⋮ 
[38;5;10m[1m ● Completed in 0.1s[39m
[0m[0m
[0m[0m
[38;5;13m🛠️  Using tool: execute_bash[38;5;2m (trusted)[39m[39m
 ⋮ 
 ● I will run the following shell command: 
[38;5;10mcd /home/ec2-user/environment/OMA/Application/jpetstore-6/Transform/logs/mapper/AccountMapper_orcl/extract && ls *_orcl*.xml | sort > ../file_list.txt
[0m ⋮ 
 ↳ [38;5;12mPurpose: [0mGenerate list of mapper files to be converted


 ⋮ 
[38;5;10m[1m ● Completed in 0.3s[39m
[0m[0m
[0m[0m
[38;5;13m🛠️  Using tool: fs_read[38;5;2m (trusted)[39m[39m
 ⋮ 
 ● Reading file: [38;5;10m/home/ec2-user/environment/OMA/Application/jpetstore-6/Transform/logs/mapper/AccountMapper_orcl/file_list.txt[0m, all lines
 ⋮ 
[38;5;10m[1m ● Completed in 0.0s[39m
[0m[0m
[0m[0m
[38;5;13m🛠️  Using tool: fs_write[38;5;2m (trusted)[39m[39m
 ⋮ 
 ● Path: [38;5;10mApplication/jpetstore-6/Transform/logs/mapper/AccountMapper_orcl/status.txt[0m

[48;2;79;40;40m[39m- 1   [39m:[39m[48;2;36;25;28m [38;2;192;197;206mStep 1: In Progress[K
[0m[48;2;79;40;40m[39m- 2   [39m:[39m[48;2;36;25;28m [38;2;192;197;206mStep 2: Not Started[K
[0m[48;2;40;67;43m[39m+    1[39m:[39m[48;2;24;38;30m [38;2;192;197;206mStep 1: Completed[K
[0m[48;2;40;67;43m[39m+    2[39m:[39m[48;2;24;38;30m [38;2;192;197;206mStep 2: In Progress[K
[0m[48;2;43;48;59m[39m  3, 3[39m:[39m[48;2;43;48;59m [38;2;192;197;206mStep 3: Not Started[K
[0m[48;2;43;48;59m[39m  4, 4[39m:[39m[48;2;43;48;59m [38;2;192;197;206mStep 4: Not Started[K
[0m[K
Updating: [38;5;10mApplication/jpetstore-6/Transform/logs/mapper/AccountMapper_orcl/status.txt[0m

 ⋮ 
[38;5;10m[1m ● Completed in 0.0s[39m
Now let's proceed with Step 2 - analyzing SQL for Oracle-specific features:[0m[0m
[0m[0m
[38;5;13m🛠️  Using tool: fs_write[38;5;2m (trusted)[39m[39m
 ⋮ 
 ● Path: [38;5;10m/home/ec2-user/environment/OMA/Application/jpetstore-6/Transform/logs/mapper/AccountMapper_orcl/sql_analysis.txt[0m

[48;2;40;67;43m[39m+    1[39m:[39m[48;2;24;38;30m [38;2;192;197;206mSQL Analysis Results:[K
[0m[K
Creating: [38;5;10m/home/ec2-user/environment/OMA/Application/jpetstore-6/Transform/logs/mapper/AccountMapper_orcl/sql_analysis.txt[0m

 ⋮ 
[38;5;10m[1m ● Completed in 0.0s[39m
[0m[0m
[0m[0m
[38;5;13m🛠️  Using tool: fs_read[38;5;2m (trusted)[39m[39m
 ⋮ 
 ● Reading file: [38;5;10m/home/ec2-user/environment/OMA/Application/jpetstore-6/Transform/logs/mapper/AccountMapper_orcl/extract/AccountMapper_orcl-01-select-getAccountByUsername.xml[0m, all lines
 ⋮ 
[38;5;10m[1m ● Completed in 0.0s[39m
[0m[0m
[0m[0m
[38;5;13m🛠️  Using tool: fs_read[38;5;2m (trusted)[39m[39m
 ⋮ 
 ● Reading file: [38;5;10m/home/ec2-user/environment/OMA/Application/jpetstore-6/Transform/logs/mapper/AccountMapper_orcl/extract/AccountMapper_orcl-02-select-getAccountByUsernameAndPassword.xml[0m, all lines
 ⋮ 
[38;5;10m[1m ● Completed in 0.0s[39m
[0m[0m
[0m[0m
[38;5;13m🛠️  Using tool: fs_read[38;5;2m (trusted)[39m[39m
 ⋮ 
 ● Reading file: [38;5;10m/home/ec2-user/environment/OMA/Application/jpetstore-6/Transform/logs/mapper/AccountMapper_orcl/extract/AccountMapper_orcl-03-update-updateAccount.xml[0m, all lines
 ⋮ 
[38;5;10m[1m ● Completed in 0.0s[39m
[0m[0m
[0m[0m
[38;5;13m🛠️  Using tool: fs_read[38;5;2m (trusted)[39m[39m
 ⋮ 
 ● Reading file: [38;5;10m/home/ec2-user/environment/OMA/Application/jpetstore-6/Transform/logs/mapper/AccountMapper_orcl/extract/AccountMapper_orcl-04-insert-insertAccount.xml[0m, all lines
 ⋮ 
[38;5;10m[1m ● Completed in 0.0s[39m
[0m[0m
[0m[0m
[38;5;13m🛠️  Using tool: fs_read[38;5;2m (trusted)[39m[39m
 ⋮ 
 ● Reading file: [38;5;10m/home/ec2-user/environment/OMA/Application/jpetstore-6/Transform/logs/mapper/AccountMapper_orcl/extract/AccountMapper_orcl-05-update-updateProfile.xml[0m, all lines
 ⋮ 
[38;5;10m[1m ● Completed in 0.0s[39m
[0m[0m
[0m[0m
[38;5;13m🛠️  Using tool: fs_read[38;5;2m (trusted)[39m[39m
 ⋮ 
 ● Reading file: [38;5;10m/home/ec2-user/environment/OMA/Application/jpetstore-6/Transform/logs/mapper/AccountMapper_orcl/extract/AccountMapper_orcl-06-insert-insertProfile.xml[0m, all lines
 ⋮ 
[38;5;10m[1m ● Completed in 0.0s[39m
[0m[0m
[0m[0m
[38;5;13m🛠️  Using tool: fs_read[38;5;2m (trusted)[39m[39m
 ⋮ 
 ● Reading file: [38;5;10m/home/ec2-user/environment/OMA/Application/jpetstore-6/Transform/logs/mapper/AccountMapper_orcl/extract/AccountMapper_orcl-07-update-updateSignon.xml[0m, all lines
 ⋮ 
[38;5;10m[1m ● Completed in 0.0s[39m
[0m[0m
[0m[0m
[38;5;13m🛠️  Using tool: fs_read[38;5;2m (trusted)[39m[39m
 ⋮ 
 ● Reading file: [38;5;10m/home/ec2-user/environment/OMA/Application/jpetstore-6/Transform/logs/mapper/AccountMapper_orcl/extract/AccountMapper_orcl-08-insert-insertSignon.xml[0m, all lines
 ⋮ 
[38;5;10m[1m ● Completed in 0.0s[39m
[0m[0m
[0m[0m
[38;5;13m🛠️  Using tool: fs_write[38;5;2m (trusted)[39m[39m
 ⋮ 
 ● Path: [38;5;10mApplication/jpetstore-6/Transform/logs/mapper/AccountMapper_orcl/sql_analysis.txt[0m

[48;2;43;48;59m[39m  1,  1[39m:[39m[48;2;43;48;59m [38;2;192;197;206mSQL Analysis Results:[K
[0m[48;2;40;67;43m[39m+     2[39m:[39m[48;2;24;38;30m [K
[0m[48;2;40;67;43m[39m+     3[39m:[39m[48;2;24;38;30m [38;2;192;197;206m1. getAccountByUsername:[K
[0m[48;2;40;67;43m[39m+     4[39m:[39m[48;2;24;38;30m [38;2;192;197;206m  - Type: SELECT query[K
[0m[48;2;40;67;43m[39m+     5[39m:[39m[48;2;24;38;30m [38;2;192;197;206m  - Contains: Multi-table join with column aliases[K
[0m[48;2;40;67;43m[39m+     6[39m:[39m[48;2;24;38;30m [38;2;192;197;206m  - Oracle-specific features: None[K
[0m[48;2;40;67;43m[39m+     7[39m:[39m[48;2;24;38;30m [38;2;192;197;206m  - Conversion needed: No[K
[0m[48;2;40;67;43m[39m+     8[39m:[39m[48;2;24;38;30m [K
[0m[48;2;40;67;43m[39m+     9[39m:[39m[48;2;24;38;30m [38;2;192;197;206m2. getAccountByUsernameAndPassword:[K
[0m[48;2;40;67;43m[39m+    10[39m:[39m[48;2;24;38;30m [38;2;192;197;206m  - Type: SELECT query[K
[0m[48;2;40;67;43m[39m+    11[39m:[39m[48;2;24;38;30m [38;2;192;197;206m  - Contains: Multi-table join with column aliases[K
[0m[48;2;40;67;43m[39m+    12[39m:[39m[48;2;24;38;30m [38;2;192;197;206m  - Oracle-specific features: None[K
[0m[48;2;40;67;43m[39m+    13[39m:[39m[48;2;24;38;30m [38;2;192;197;206m  - Conversion needed: No[K
[0m[48;2;40;67;43m[39m+    14[39m:[39m[48;2;24;38;30m [K
[0m[48;2;40;67;43m[39m+    15[39m:[39m[48;2;24;38;30m [38;2;192;197;206m3. updateAccount:[K
[0m[48;2;40;67;43m[39m+    16[39m:[39m[48;2;24;38;30m [38;2;192;197;206m  - Type: UPDATE query[K
[0m[48;2;40;67;43m[39m+    17[39m:[39m[48;2;24;38;30m [38;2;192;197;206m  - Contains: Standard UPDATE with parameter binding[K
[0m[48;2;40;67;43m[39m+    18[39m:[39m[48;2;24;38;30m [38;2;192;197;206m  - Oracle-specific features: None[K
[0m[48;2;40;67;43m[39m+    19[39m:[39m[48;2;24;38;30m [38;2;192;197;206m  - Conversion needed: No[K
[0m[48;2;40;67;43m[39m+    20[39m:[39m[48;2;24;38;30m [K
[0m[48;2;40;67;43m[39m+    21[39m:[39m[48;2;24;38;30m [38;2;192;197;206m4. insertAccount:[K
[0m[48;2;40;67;43m[39m+    22[39m:[39m[48;2;24;38;30m [38;2;192;197;206m  - Type: INSERT query[K
[0m[48;2;40;67;43m[39m+    23[39m:[39m[48;2;24;38;30m [38;2;192;197;206m  - Contains: Standard INSERT with parameter binding[K
[0m[48;2;40;67;43m[39m+    24[39m:[39m[48;2;24;38;30m [38;2;192;197;206m  - Oracle-specific features: None[K
[0m[48;2;40;67;43m[39m+    25[39m:[39m[48;2;24;38;30m [38;2;192;197;206m  - Conversion needed: No[K
[0m[48;2;40;67;43m[39m+    26[39m:[39m[48;2;24;38;30m [K
[0m[48;2;40;67;43m[39m+    27[39m:[39m[48;2;24;38;30m [38;2;192;197;206m5. updateProfile:[K
[0m[48;2;40;67;43m[39m+    28[39m:[39m[48;2;24;38;30m [38;2;192;197;206m  - Type: UPDATE query[K
[0m[48;2;40;67;43m[39m+    29[39m:[39m[48;2;24;38;30m [38;2;192;197;206m  - Contains: MyBatis bind variables for boolean conversion[K
[0m[48;2;40;67;43m[39m+    30[39m:[39m[48;2;24;38;30m [38;2;192;197;206m  - Oracle-specific features: None[K
[0m[48;2;40;67;43m[39m+    31[39m:[39m[48;2;24;38;30m [38;2;192;197;206m  - Conversion needed: No[K
[0m[48;2;40;67;43m[39m+    32[39m:[39m[48;2;24;38;30m [K
[0m[48;2;40;67;43m[39m+    33[39m:[39m[48;2;24;38;30m [38;2;192;197;206m6. insertProfile:[K
[0m[48;2;40;67;43m[39m+    34[39m:[39m[48;2;24;38;30m [38;2;192;197;206m  - Type: INSERT query[K
[0m[48;2;40;67;43m[39m+    35[39m:[39m[48;2;24;38;30m [38;2;192;197;206m  - Contains: MyBatis bind variables for boolean conversion[K
[0m[48;2;40;67;43m[39m+    36[39m:[39m[48;2;24;38;30m [38;2;192;197;206m  - Oracle-specific features: None[K
[0m[48;2;40;67;43m[39m+    37[39m:[39m[48;2;24;38;30m [38;2;192;197;206m  - Conversion needed: No[K
[0m[48;2;40;67;43m[39m+    38[39m:[39m[48;2;24;38;30m [K
[0m[48;2;40;67;43m[39m+    39[39m:[39m[48;2;24;38;30m [38;2;192;197;206m7. updateSignon:[K
[0m[48;2;40;67;43m[39m+    40[39m:[39m[48;2;24;38;30m [38;2;192;197;206m  - Type: UPDATE query[K
[0m[48;2;40;67;43m[39m+    41[39m:[39m[48;2;24;38;30m [38;2;192;197;206m  - Contains: Simple UPDATE with parameter binding[K
[0m[48;2;40;67;43m[39m+    42[39m:[39m[48;2;24;38;30m [38;2;192;197;206m  - Oracle-specific features: None[K
[0m[48;2;40;67;43m[39m+    43[39m:[39m[48;2;24;38;30m [38;2;192;197;206m  - Conversion needed: No[K
[0m[48;2;40;67;43m[39m+    44[39m:[39m[48;2;24;38;30m [K
[0m[48;2;40;67;43m[39m+    45[39m:[39m[48;2;24;38;30m [38;2;192;197;206m8. insertSignon:[K
[0m[48;2;40;67;43m[39m+    46[39m:[39m[48;2;24;38;30m [38;2;192;197;206m  - Type: INSERT query[K
[0m[48;2;40;67;43m[39m+    47[39m:[39m[48;2;24;38;30m [38;2;192;197;206m  - Contains: Simple INSERT with parameter binding[K
[0m[48;2;40;67;43m[39m+    48[39m:[39m[48;2;24;38;30m [38;2;192;197;206m  - Oracle-specific features: None[K
[0m[48;2;40;67;43m[39m+    49[39m:[39m[48;2;24;38;30m [38;2;192;197;206m  - Conversion needed: No[K
[0m[K
Updating: [38;5;10mApplication/jpetstore-6/Transform/logs/mapper/AccountMapper_orcl/sql_analysis.txt[0m

 ⋮ 
[38;5;10m[1m ● Completed in 0.0s[39m
[0m[0m
[0m[0m
[38;5;13m🛠️  Using tool: fs_write[38;5;2m (trusted)[39m[39m
 ⋮ 
 ● Path: [38;5;10mApplication/jpetstore-6/Transform/logs/mapper/AccountMapper_orcl/status.txt[0m

[48;2;43;48;59m[39m  1, 1[39m:[39m[48;2;43;48;59m [38;2;192;197;206mStep 1: Completed[K
[0m[48;2;79;40;40m[39m- 2   [39m:[39m[48;2;36;25;28m [38;2;192;197;206mStep 2: In Progress[K
[0m[48;2;79;40;40m[39m- 3   [39m:[39m[48;2;36;25;28m [38;2;192;197;206mStep 3: Not Started[K
[0m[48;2;40;67;43m[39m+    2[39m:[39m[48;2;24;38;30m [38;2;192;197;206mStep 2: Completed[K
[0m[48;2;40;67;43m[39m+    3[39m:[39m[48;2;24;38;30m [38;2;192;197;206mStep 3: In Progress[K
[0m[48;2;43;48;59m[39m  4, 4[39m:[39m[48;2;43;48;59m [38;2;192;197;206mStep 4: Not Started[K
[0m[K
Updating: [38;5;10mApplication/jpetstore-6/Transform/logs/mapper/AccountMapper_orcl/status.txt[0m

 ⋮ 
[38;5;10m[1m ● Completed in 0.0s[39m
Now let's proceed with Step 3 - performing the Oracle to PostgreSQL conversion for each file:[0m[0m
[0m[0m
[38;5;13m🛠️  Using tool: fs_write[38;5;2m (trusted)[39m[39m
 ⋮ 
 ● Path: [38;5;10m/home/ec2-user/environment/OMA/Application/jpetstore-6/Transform/logs/mapper/AccountMapper_orcl/transform/AccountMapper_pg-01-select-getAccountByUsername.xml[0m

[48;2;40;67;43m[39m+     1[39m:[39m[48;2;24;38;30m [38;2;192;197;206m<?[38;2;191;97;106mxml[38;2;192;197;206m [38;2;208;135;112mversion[38;2;192;197;206m=[38;2;192;197;206m"[38;2;163;190;140m1.0[38;2;192;197;206m"[38;2;192;197;206m [38;2;208;135;112mencoding[38;2;192;197;206m=[38;2;192;197;206m"[38;2;163;190;140mUTF-8[38;2;192;197;206m"[38;2;192;197;206m?>[K
[0m[48;2;40;67;43m[39m+     2[39m:[39m[48;2;24;38;30m [38;2;192;197;206m<![38;2;180;142;173mDOCTYPE[38;2;192;197;206m [38;2;191;97;106mmapper[38;2;192;197;206m PUBLIC "-//mybatis.org//DTD Mapper 3.0//EN"[K
[0m[48;2;40;67;43m[39m+     3[39m:[39m[48;2;24;38;30m [38;2;192;197;206m"http://mybatis.org/dtd/mybatis-3-mapper.dtd"[38;2;192;197;206m>[K
[0m[48;2;40;67;43m[39m+     4[39m:[39m[48;2;24;38;30m [38;2;192;197;206m<[38;2;191;97;106mmapper[38;2;192;197;206m [38;2;208;135;112mnamespace[38;2;192;197;206m=[38;2;192;197;206m"[38;2;163;190;140morg.mybatis.jpetstore.mapper.AccountMapper[38;2;192;197;206m"[38;2;192;197;206m>[K
[0m[48;2;40;67;43m[39m+     5[39m:[39m[48;2;24;38;30m [38;2;101;115;126m<!--[38;2;101;115;126m 2025-05-29 Amazon Q Developer : Converted from Oracle to PostgreSQL [38;2;101;115;126m-->[K
[0m[48;2;40;67;43m[39m+     6[39m:[39m[48;2;24;38;30m [38;2;101;115;126m<!--[K
[0m[48;2;40;67;43m[39m+     7[39m:[39m[48;2;24;38;30m [38;2;101;115;126m  <cache />[K
[0m[48;2;40;67;43m[39m+     8[39m:[39m[48;2;24;38;30m [38;2;101;115;126m-->[K
[0m[48;2;40;67;43m[39m+     9[39m:[39m[48;2;24;38;30m [38;2;192;197;206m<[38;2;191;97;106mselect[38;2;192;197;206m [38;2;208;135;112mid[38;2;192;197;206m=[38;2;192;197;206m"[38;2;163;190;140mgetAccountByUsername[38;2;192;197;206m"[38;2;192;197;206m [38;2;208;135;112mresultType[38;2;192;197;206m=[38;2;192;197;206m"[38;2;163;190;140mAccount[38;2;192;197;206m"[38;2;192;197;206m>[K
[0m[48;2;40;67;43m[39m+    10[39m:[39m[48;2;24;38;30m [38;2;192;197;206m    SELECT[K
[0m[48;2;40;67;43m[39m+    11[39m:[39m[48;2;24;38;30m [38;2;192;197;206m          SIGNON.USERNAME,[K
[0m[48;2;40;67;43m[39m+    12[39m:[39m[48;2;24;38;30m [38;2;192;197;206m          ACCOUNT.EMAIL,[K
[0m[48;2;40;67;43m[39m+    13[39m:[39m[48;2;24;38;30m [38;2;192;197;206m          ACCOUNT.FIRSTNAME,[K
[0m[48;2;40;67;43m[39m+    14[39m:[39m[48;2;24;38;30m [38;2;192;197;206m          ACCOUNT.LASTNAME,[K
[0m[48;2;40;67;43m[39m+    15[39m:[39m[48;2;24;38;30m [38;2;192;197;206m          ACCOUNT.STATUS,[K
[0m[48;2;40;67;43m[39m+    16[39m:[39m[48;2;24;38;30m [38;2;192;197;206m          ACCOUNT.ADDR1 AS address1,[K
[0m[48;2;40;67;43m[39m+    17[39m:[39m[48;2;24;38;30m [38;2;192;197;206m          ACCOUNT.ADDR2 AS address2,[K
[0m[48;2;40;67;43m[39m+    18[39m:[39m[48;2;24;38;30m [38;2;192;197;206m          ACCOUNT.CITY,[K
[0m[48;2;40;67;43m[39m+    19[39m:[39m[48;2;24;38;30m [38;2;192;197;206m          ACCOUNT.STATE,[K
[0m[48;2;40;67;43m[39m+    20[39m:[39m[48;2;24;38;30m [38;2;192;197;206m          ACCOUNT.ZIP,[K
[0m[48;2;40;67;43m[39m+    21[39m:[39m[48;2;24;38;30m [38;2;192;197;206m          ACCOUNT.COUNTRY,[K
[0m[48;2;40;67;43m[39m+    22[39m:[39m[48;2;24;38;30m [38;2;192;197;206m          ACCOUNT.PHONE,[K
[0m[48;2;40;67;43m[39m+    23[39m:[39m[48;2;24;38;30m [38;2;192;197;206m          PROFILE.LANGPREF AS languagePreference,[K
[0m[48;2;40;67;43m[39m+    24[39m:[39m[48;2;24;38;30m [38;2;192;197;206m          PROFILE.FAVCATEGORY AS favouriteCategoryId,[K
[0m[48;2;40;67;43m[39m+    25[39m:[39m[48;2;24;38;30m [38;2;192;197;206m          PROFILE.MYLISTOPT AS listOption,[K
[0m[48;2;40;67;43m[39m+    26[39m:[39m[48;2;24;38;30m [38;2;192;197;206m          PROFILE.BANNEROPT AS bannerOption,[K
[0m[48;2;40;67;43m[39m+    27[39m:[39m[48;2;24;38;30m [38;2;192;197;206m          BANNERDATA.BANNERNAME[K
[0m[48;2;40;67;43m[39m+    28[39m:[39m[48;2;24;38;30m [38;2;192;197;206m    FROM ACCOUNT, PROFILE, SIGNON, BANNERDATA[K
[0m[48;2;40;67;43m[39m+    29[39m:[39m[48;2;24;38;30m [38;2;192;197;206m    WHERE ACCOUNT.USERID = #{username}[K
[0m[48;2;40;67;43m[39m+    30[39m:[39m[48;2;24;38;30m [38;2;192;197;206m      AND SIGNON.USERNAME = ACCOUNT.USERID[K
[0m[48;2;40;67;43m[39m+    31[39m:[39m[48;2;24;38;30m [38;2;192;197;206m      AND PROFILE.USERID = ACCOUNT.USERID[K
[0m[48;2;40;67;43m[39m+    32[39m:[39m[48;2;24;38;30m [38;2;192;197;206m      AND PROFILE.FAVCATEGORY = BANNERDATA.FAVCATEGORY[K
[0m[48;2;40;67;43m[39m+    33[39m:[39m[48;2;24;38;30m [38;2;192;197;206m  [38;2;192;197;206m</[38;2;191;97;106mselect[38;2;192;197;206m>[K
[0m[48;2;40;67;43m[39m+    34[39m:[39m[48;2;24;38;30m [38;2;192;197;206m</[38;2;191;97;106mmapper[38;2;192;197;206m>[K
[0m[K
Creating: [38;5;10m/home/ec2-user/environment/OMA/Application/jpetstore-6/Transform/logs/mapper/AccountMapper_orcl/transform/AccountMapper_pg-01-select-getAccountByUsername.xml[0m

 ⋮ 
[38;5;10m[1m ● Completed in 0.0s[39m
[0m[0m
[0m[0m
[38;5;13m🛠️  Using tool: fs_write[38;5;2m (trusted)[39m[39m
 ⋮ 
 ● Path: [38;5;10m/home/ec2-user/environment/OMA/Application/jpetstore-6/Transform/logs/mapper/AccountMapper_orcl/transform/AccountMapper_pg-02-select-getAccountByUsernameAndPassword.xml[0m

[48;2;40;67;43m[39m+     1[39m:[39m[48;2;24;38;30m [38;2;192;197;206m<?[38;2;191;97;106mxml[38;2;192;197;206m [38;2;208;135;112mversion[38;2;192;197;206m=[38;2;192;197;206m"[38;2;163;190;140m1.0[38;2;192;197;206m"[38;2;192;197;206m [38;2;208;135;112mencoding[38;2;192;197;206m=[38;2;192;197;206m"[38;2;163;190;140mUTF-8[38;2;192;197;206m"[38;2;192;197;206m?>[K
[0m[48;2;40;67;43m[39m+     2[39m:[39m[48;2;24;38;30m [38;2;192;197;206m<![38;2;180;142;173mDOCTYPE[38;2;192;197;206m [38;2;191;97;106mmapper[38;2;192;197;206m PUBLIC "-//mybatis.org//DTD Mapper 3.0//EN"[K
[0m[48;2;40;67;43m[39m+     3[39m:[39m[48;2;24;38;30m [38;2;192;197;206m"http://mybatis.org/dtd/mybatis-3-mapper.dtd"[38;2;192;197;206m>[K
[0m[48;2;40;67;43m[39m+     4[39m:[39m[48;2;24;38;30m [38;2;192;197;206m<[38;2;191;97;106mmapper[38;2;192;197;206m [38;2;208;135;112mnamespace[38;2;192;197;206m=[38;2;192;197;206m"[38;2;163;190;140morg.mybatis.jpetstore.mapper.AccountMapper[38;2;192;197;206m"[38;2;192;197;206m>[K
[0m[48;2;40;67;43m[39m+     5[39m:[39m[48;2;24;38;30m [38;2;101;115;126m<!--[38;2;101;115;126m 2025-05-29 Amazon Q Developer : Converted from Oracle to PostgreSQL [38;2;101;115;126m-->[K
[0m[48;2;40;67;43m[39m+     6[39m:[39m[48;2;24;38;30m [38;2;101;115;126m<!--[K
[0m[48;2;40;67;43m[39m+     7[39m:[39m[48;2;24;38;30m [38;2;101;115;126m  <cache />[K
[0m[48;2;40;67;43m[39m+     8[39m:[39m[48;2;24;38;30m [38;2;101;115;126m-->[K
[0m[48;2;40;67;43m[39m+     9[39m:[39m[48;2;24;38;30m [38;2;192;197;206m<[38;2;191;97;106mselect[38;2;192;197;206m [38;2;208;135;112mid[38;2;192;197;206m=[38;2;192;197;206m"[38;2;163;190;140mgetAccountByUsernameAndPassword[38;2;192;197;206m"[38;2;192;197;206m [38;2;208;135;112mresultType[38;2;192;197;206m=[38;2;192;197;206m"[38;2;163;190;140mAccount[38;2;192;197;206m"[38;2;192;197;206m>[K
[0m[48;2;40;67;43m[39m+    10[39m:[39m[48;2;24;38;30m [38;2;192;197;206m    SELECT[K
[0m[48;2;40;67;43m[39m+    11[39m:[39m[48;2;24;38;30m [38;2;192;197;206m      SIGNON.USERNAME,[K
[0m[48;2;40;67;43m[39m+    12[39m:[39m[48;2;24;38;30m [38;2;192;197;206m      ACCOUNT.EMAIL,[K
[0m[48;2;40;67;43m[39m+    13[39m:[39m[48;2;24;38;30m [38;2;192;197;206m      ACCOUNT.FIRSTNAME,[K
[0m[48;2;40;67;43m[39m+    14[39m:[39m[48;2;24;38;30m [38;2;192;197;206m      ACCOUNT.LASTNAME,[K
[0m[48;2;40;67;43m[39m+    15[39m:[39m[48;2;24;38;30m [38;2;192;197;206m      ACCOUNT.STATUS,[K
[0m[48;2;40;67;43m[39m+    16[39m:[39m[48;2;24;38;30m [38;2;192;197;206m      ACCOUNT.ADDR1 AS address1,[K
[0m[48;2;40;67;43m[39m+    17[39m:[39m[48;2;24;38;30m [38;2;192;197;206m      ACCOUNT.ADDR2 AS address2,[K
[0m[48;2;40;67;43m[39m+    18[39m:[39m[48;2;24;38;30m [38;2;192;197;206m      ACCOUNT.CITY,[K
[0m[48;2;40;67;43m[39m+    19[39m:[39m[48;2;24;38;30m [38;2;192;197;206m      ACCOUNT.STATE,[K
[0m[48;2;40;67;43m[39m+    20[39m:[39m[48;2;24;38;30m [38;2;192;197;206m      ACCOUNT.ZIP,[K
[0m[48;2;40;67;43m[39m+    21[39m:[39m[48;2;24;38;30m [38;2;192;197;206m      ACCOUNT.COUNTRY,[K
[0m[48;2;40;67;43m[39m+    22[39m:[39m[48;2;24;38;30m [38;2;192;197;206m      ACCOUNT.PHONE,[K
[0m[48;2;40;67;43m[39m+    23[39m:[39m[48;2;24;38;30m [38;2;192;197;206m      PROFILE.LANGPREF AS languagePreference,[K
[0m[48;2;40;67;43m[39m+    24[39m:[39m[48;2;24;38;30m [38;2;192;197;206m      PROFILE.FAVCATEGORY AS favouriteCategoryId,[K
[0m[48;2;40;67;43m[39m+    25[39m:[39m[48;2;24;38;30m [38;2;192;197;206m      PROFILE.MYLISTOPT AS listOption,[K
[0m[48;2;40;67;43m[39m+    26[39m:[39m[48;2;24;38;30m [38;2;192;197;206m      PROFILE.BANNEROPT AS bannerOption,[K
[0m[48;2;40;67;43m[39m+    27[39m:[39m[48;2;24;38;30m [38;2;192;197;206m      BANNERDATA.BANNERNAME[K
[0m[48;2;40;67;43m[39m+    28[39m:[39m[48;2;24;38;30m [38;2;192;197;206m    FROM ACCOUNT, PROFILE, SIGNON, BANNERDATA[K
[0m[48;2;40;67;43m[39m+    29[39m:[39m[48;2;24;38;30m [38;2;192;197;206m    WHERE ACCOUNT.USERID = #{param1}[K
[0m[48;2;40;67;43m[39m+    30[39m:[39m[48;2;24;38;30m [38;2;192;197;206m      AND SIGNON.PASSWORD = #{param2}[K
[0m[48;2;40;67;43m[39m+    31[39m:[39m[48;2;24;38;30m [38;2;192;197;206m      AND SIGNON.USERNAME = ACCOUNT.USERID[K
[0m[48;2;40;67;43m[39m+    32[39m:[39m[48;2;24;38;30m [38;2;192;197;206m      AND PROFILE.USERID = ACCOUNT.USERID[K
[0m[48;2;40;67;43m[39m+    33[39m:[39m[48;2;24;38;30m [38;2;192;197;206m      AND PROFILE.FAVCATEGORY = BANNERDATA.FAVCATEGORY[K
[0m[48;2;40;67;43m[39m+    34[39m:[39m[48;2;24;38;30m [38;2;192;197;206m  [38;2;192;197;206m</[38;2;191;97;106mselect[38;2;192;197;206m>[K
[0m[48;2;40;67;43m[39m+    35[39m:[39m[48;2;24;38;30m [38;2;192;197;206m</[38;2;191;97;106mmapper[38;2;192;197;206m>[K
[0m[K
Creating: [38;5;10m/home/ec2-user/environment/OMA/Application/jpetstore-6/Transform/logs/mapper/AccountMapper_orcl/transform/AccountMapper_pg-02-select-getAccountByUsernameAndPassword.xml[0m

 ⋮ 
[38;5;10m[1m ● Completed in 0.0s[39m
[0m[0m
[0m[0m
[38;5;13m🛠️  Using tool: fs_write[38;5;2m (trusted)[39m[39m
 ⋮ 
 ● Path: [38;5;10m/home/ec2-user/environment/OMA/Application/jpetstore-6/Transform/logs/mapper/AccountMapper_orcl/transform/AccountMapper_pg-03-update-updateAccount.xml[0m

[48;2;40;67;43m[39m+     1[39m:[39m[48;2;24;38;30m [38;2;192;197;206m<?[38;2;191;97;106mxml[38;2;192;197;206m [38;2;208;135;112mversion[38;2;192;197;206m=[38;2;192;197;206m"[38;2;163;190;140m1.0[38;2;192;197;206m"[38;2;192;197;206m [38;2;208;135;112mencoding[38;2;192;197;206m=[38;2;192;197;206m"[38;2;163;190;140mUTF-8[38;2;192;197;206m"[38;2;192;197;206m?>[K
[0m[48;2;40;67;43m[39m+     2[39m:[39m[48;2;24;38;30m [38;2;192;197;206m<![38;2;180;142;173mDOCTYPE[38;2;192;197;206m [38;2;191;97;106mmapper[38;2;192;197;206m PUBLIC "-//mybatis.org//DTD Mapper 3.0//EN"[K
[0m[48;2;40;67;43m[39m+     3[39m:[39m[48;2;24;38;30m [38;2;192;197;206m"http://mybatis.org/dtd/mybatis-3-mapper.dtd"[38;2;192;197;206m>[K
[0m[48;2;40;67;43m[39m+     4[39m:[39m[48;2;24;38;30m [38;2;192;197;206m<[38;2;191;97;106mmapper[38;2;192;197;206m [38;2;208;135;112mnamespace[38;2;192;197;206m=[38;2;192;197;206m"[38;2;163;190;140morg.mybatis.jpetstore.mapper.AccountMapper[38;2;192;197;206m"[38;2;192;197;206m>[K
[0m[48;2;40;67;43m[39m+     5[39m:[39m[48;2;24;38;30m [38;2;101;115;126m<!--[38;2;101;115;126m 2025-05-29 Amazon Q Developer : Converted from Oracle to PostgreSQL [38;2;101;115;126m-->[K
[0m[48;2;40;67;43m[39m+     6[39m:[39m[48;2;24;38;30m [38;2;101;115;126m<!--[K
[0m[48;2;40;67;43m[39m+     7[39m:[39m[48;2;24;38;30m [38;2;101;115;126m  <cache />[K
[0m[48;2;40;67;43m[39m+     8[39m:[39m[48;2;24;38;30m [38;2;101;115;126m-->[K
[0m[48;2;40;67;43m[39m+     9[39m:[39m[48;2;24;38;30m [38;2;192;197;206m<[38;2;191;97;106mupdate[38;2;192;197;206m [38;2;208;135;112mid[38;2;192;197;206m=[38;2;192;197;206m"[38;2;163;190;140mupdateAccount[38;2;192;197;206m"[38;2;192;197;206m [38;2;208;135;112mparameterType[38;2;192;197;206m=[38;2;192;197;206m"[38;2;163;190;140mAccount[38;2;192;197;206m"[38;2;192;197;206m>[K
[0m[48;2;40;67;43m[39m+    10[39m:[39m[48;2;24;38;30m [38;2;192;197;206m    UPDATE ACCOUNT SET[K
[0m[48;2;40;67;43m[39m+    11[39m:[39m[48;2;24;38;30m [38;2;192;197;206m      EMAIL = #{email},[K
[0m[48;2;40;67;43m[39m+    12[39m:[39m[48;2;24;38;30m [38;2;192;197;206m      FIRSTNAME = #{firstName},[K
[0m[48;2;40;67;43m[39m+    13[39m:[39m[48;2;24;38;30m [38;2;192;197;206m      LASTNAME = #{lastName},[K
[0m[48;2;40;67;43m[39m+    14[39m:[39m[48;2;24;38;30m [38;2;192;197;206m      STATUS = #{status},[K
[0m[48;2;40;67;43m[39m+    15[39m:[39m[48;2;24;38;30m [38;2;192;197;206m      ADDR1 = #{address1},[K
[0m[48;2;40;67;43m[39m+    16[39m:[39m[48;2;24;38;30m [38;2;192;197;206m      ADDR2 = #{address2,jdbcType=VARCHAR},[K
[0m[48;2;40;67;43m[39m+    17[39m:[39m[48;2;24;38;30m [38;2;192;197;206m      CITY = #{city},[K
[0m[48;2;40;67;43m[39m+    18[39m:[39m[48;2;24;38;30m [38;2;192;197;206m      STATE = #{state},[K
[0m[48;2;40;67;43m[39m+    19[39m:[39m[48;2;24;38;30m [38;2;192;197;206m      ZIP = #{zip},[K
[0m[48;2;40;67;43m[39m+    20[39m:[39m[48;2;24;38;30m [38;2;192;197;206m      COUNTRY = #{country},[K
[0m[48;2;40;67;43m[39m+    21[39m:[39m[48;2;24;38;30m [38;2;192;197;206m      PHONE = #{phone}[K
[0m[48;2;40;67;43m[39m+    22[39m:[39m[48;2;24;38;30m [38;2;192;197;206m    WHERE USERID = #{username}[K
[0m[48;2;40;67;43m[39m+    23[39m:[39m[48;2;24;38;30m [38;2;192;197;206m  [38;2;192;197;206m</[38;2;191;97;106mupdate[38;2;192;197;206m>[K
[0m[48;2;40;67;43m[39m+    24[39m:[39m[48;2;24;38;30m [38;2;192;197;206m</[38;2;191;97;106mmapper[38;2;192;197;206m>[K
[0m[K
Creating: [38;5;10m/home/ec2-user/environment/OMA/Application/jpetstore-6/Transform/logs/mapper/AccountMapper_orcl/transform/AccountMapper_pg-03-update-updateAccount.xml[0m

 ⋮ 
[38;5;10m[1m ● Completed in 0.0s[39m
[0m[0m
[0m[0m
[38;5;13m🛠️  Using tool: fs_write[38;5;2m (trusted)[39m[39m
 ⋮ 
 ● Path: [38;5;10m/home/ec2-user/environment/OMA/Application/jpetstore-6/Transform/logs/mapper/AccountMapper_orcl/transform/AccountMapper_pg-04-insert-insertAccount.xml[0m

[48;2;40;67;43m[39m+     1[39m:[39m[48;2;24;38;30m [38;2;192;197;206m<?[38;2;191;97;106mxml[38;2;192;197;206m [38;2;208;135;112mversion[38;2;192;197;206m=[38;2;192;197;206m"[38;2;163;190;140m1.0[38;2;192;197;206m"[38;2;192;197;206m [38;2;208;135;112mencoding[38;2;192;197;206m=[38;2;192;197;206m"[38;2;163;190;140mUTF-8[38;2;192;197;206m"[38;2;192;197;206m?>[K
[0m[48;2;40;67;43m[39m+     2[39m:[39m[48;2;24;38;30m [38;2;192;197;206m<![38;2;180;142;173mDOCTYPE[38;2;192;197;206m [38;2;191;97;106mmapper[38;2;192;197;206m PUBLIC "-//mybatis.org//DTD Mapper 3.0//EN"[K
[0m[48;2;40;67;43m[39m+     3[39m:[39m[48;2;24;38;30m [38;2;192;197;206m"http://mybatis.org/dtd/mybatis-3-mapper.dtd"[38;2;192;197;206m>[K
[0m[48;2;40;67;43m[39m+     4[39m:[39m[48;2;24;38;30m [38;2;192;197;206m<[38;2;191;97;106mmapper[38;2;192;197;206m [38;2;208;135;112mnamespace[38;2;192;197;206m=[38;2;192;197;206m"[38;2;163;190;140morg.mybatis.jpetstore.mapper.AccountMapper[38;2;192;197;206m"[38;2;192;197;206m>[K
[0m[48;2;40;67;43m[39m+     5[39m:[39m[48;2;24;38;30m [38;2;101;115;126m<!--[38;2;101;115;126m 2025-05-29 Amazon Q Developer : Converted from Oracle to PostgreSQL [38;2;101;115;126m-->[K
[0m[48;2;40;67;43m[39m+     6[39m:[39m[48;2;24;38;30m [38;2;101;115;126m<!--[K
[0m[48;2;40;67;43m[39m+     7[39m:[39m[48;2;24;38;30m [38;2;101;115;126m  <cache />[K
[0m[48;2;40;67;43m[39m+     8[39m:[39m[48;2;24;38;30m [38;2;101;115;126m-->[K
[0m[48;2;40;67;43m[39m+     9[39m:[39m[48;2;24;38;30m [38;2;192;197;206m<[38;2;191;97;106minsert[38;2;192;197;206m [38;2;208;135;112mid[38;2;192;197;206m=[38;2;192;197;206m"[38;2;163;190;140minsertAccount[38;2;192;197;206m"[38;2;192;197;206m [38;2;208;135;112mparameterType[38;2;192;197;206m=[38;2;192;197;206m"[38;2;163;190;140mAccount[38;2;192;197;206m"[38;2;192;197;206m>[K
[0m[48;2;40;67;43m[39m+    10[39m:[39m[48;2;24;38;30m [38;2;192;197;206m    INSERT INTO ACCOUNT[K
[0m[48;2;40;67;43m[39m+    11[39m:[39m[48;2;24;38;30m [38;2;192;197;206m      (EMAIL, FIRSTNAME, LASTNAME, STATUS, ADDR1, ADDR2, CITY, STATE, ZIP, COUNTRY, PHONE, USERID)[K
[0m[48;2;40;67;43m[39m+    12[39m:[39m[48;2;24;38;30m [38;2;192;197;206m    VALUES[K
[0m[48;2;40;67;43m[39m+    13[39m:[39m[48;2;24;38;30m [38;2;192;197;206m      (#{email}, #{firstName}, #{lastName}, #{status}, #{address1}, #{address2,jdbcType=VARCHAR}, #{city}, #{state}, #{zip}, #{country}, #{phone}, #{username})[K
[0m[48;2;40;67;43m[39m+    14[39m:[39m[48;2;24;38;30m [38;2;192;197;206m  [38;2;192;197;206m</[38;2;191;97;106minsert[38;2;192;197;206m>[K
[0m[48;2;40;67;43m[39m+    15[39m:[39m[48;2;24;38;30m [38;2;192;197;206m</[38;2;191;97;106mmapper[38;2;192;197;206m>[K
[0m[K
Creating: [38;5;10m/home/ec2-user/environment/OMA/Application/jpetstore-6/Transform/logs/mapper/AccountMapper_orcl/transform/AccountMapper_pg-04-insert-insertAccount.xml[0m

 ⋮ 
[38;5;10m[1m ● Completed in 0.0s[39m
[0m[0m
[0m[0m
[38;5;13m🛠️  Using tool: fs_write[38;5;2m (trusted)[39m[39m
 ⋮ 
 ● Path: [38;5;10m/home/ec2-user/environment/OMA/Application/jpetstore-6/Transform/logs/mapper/AccountMapper_orcl/transform/AccountMapper_pg-05-update-updateProfile.xml[0m

[48;2;40;67;43m[39m+     1[39m:[39m[48;2;24;38;30m [38;2;192;197;206m<?[38;2;191;97;106mxml[38;2;192;197;206m [38;2;208;135;112mversion[38;2;192;197;206m=[38;2;192;197;206m"[38;2;163;190;140m1.0[38;2;192;197;206m"[38;2;192;197;206m [38;2;208;135;112mencoding[38;2;192;197;206m=[38;2;192;197;206m"[38;2;163;190;140mUTF-8[38;2;192;197;206m"[38;2;192;197;206m?>[K
[0m[48;2;40;67;43m[39m+     2[39m:[39m[48;2;24;38;30m [38;2;192;197;206m<![38;2;180;142;173mDOCTYPE[38;2;192;197;206m [38;2;191;97;106mmapper[38;2;192;197;206m PUBLIC "-//mybatis.org//DTD Mapper 3.0//EN"[K
[0m[48;2;40;67;43m[39m+     3[39m:[39m[48;2;24;38;30m [38;2;192;197;206m"http://mybatis.org/dtd/mybatis-3-mapper.dtd"[38;2;192;197;206m>[K
[0m[48;2;40;67;43m[39m+     4[39m:[39m[48;2;24;38;30m [38;2;192;197;206m<[38;2;191;97;106mmapper[38;2;192;197;206m [38;2;208;135;112mnamespace[38;2;192;197;206m=[38;2;192;197;206m"[38;2;163;190;140morg.mybatis.jpetstore.mapper.AccountMapper[38;2;192;197;206m"[38;2;192;197;206m>[K
[0m[48;2;40;67;43m[39m+     5[39m:[39m[48;2;24;38;30m [38;2;101;115;126m<!--[38;2;101;115;126m 2025-05-29 Amazon Q Developer : Converted from Oracle to PostgreSQL [38;2;101;115;126m-->[K
[0m[48;2;40;67;43m[39m+     6[39m:[39m[48;2;24;38;30m [38;2;101;115;126m<!--[K
[0m[48;2;40;67;43m[39m+     7[39m:[39m[48;2;24;38;30m [38;2;101;115;126m  <cache />[K
[0m[48;2;40;67;43m[39m+     8[39m:[39m[48;2;24;38;30m [38;2;101;115;126m-->[K
[0m[48;2;40;67;43m[39m+     9[39m:[39m[48;2;24;38;30m [38;2;192;197;206m<[38;2;191;97;106mupdate[38;2;192;197;206m [38;2;208;135;112mid[38;2;192;197;206m=[38;2;192;197;206m"[38;2;163;190;140mupdateProfile[38;2;192;197;206m"[38;2;192;197;206m [38;2;208;135;112mparameterType[38;2;192;197;206m=[38;2;192;197;206m"[38;2;163;190;140mAccount[38;2;192;197;206m"[38;2;192;197;206m>[K
[0m[48;2;40;67;43m[39m+    10[39m:[39m[48;2;24;38;30m [38;2;192;197;206m    [38;2;192;197;206m<[38;2;191;97;106mbind[38;2;192;197;206m [38;2;208;135;112mname[38;2;192;197;206m=[38;2;192;197;206m"[38;2;163;190;140mlistOptionValue[38;2;192;197;206m"[38;2;192;197;206m [38;2;208;135;112mvalue[38;2;192;197;206m=[38;2;192;197;206m"[38;2;163;190;140m_parameter.isListOption() ? 1 : 0[38;2;192;197;206m"[38;2;192;197;206m [38;2;192;197;206m/>[K
[0m[48;2;40;67;43m[39m+    11[39m:[39m[48;2;24;38;30m [38;2;192;197;206m    [38;2;192;197;206m<[38;2;191;97;106mbind[38;2;192;197;206m [38;2;208;135;112mname[38;2;192;197;206m=[38;2;192;197;206m"[38;2;163;190;140mbannerOptionValue[38;2;192;197;206m"[38;2;192;197;206m [38;2;208;135;112mvalue[38;2;192;197;206m=[38;2;192;197;206m"[38;2;163;190;140m_parameter.isBannerOption() ? 1 : 0[38;2;192;197;206m"[38;2;192;197;206m [38;2;192;197;206m/>[K
[0m[48;2;40;67;43m[39m+    12[39m:[39m[48;2;24;38;30m [K
[0m[48;2;40;67;43m[39m+    13[39m:[39m[48;2;24;38;30m [38;2;192;197;206m    UPDATE PROFILE SET[K
[0m[48;2;40;67;43m[39m+    14[39m:[39m[48;2;24;38;30m [38;2;192;197;206m    LANGPREF = #{languagePreference},[K
[0m[48;2;40;67;43m[39m+    15[39m:[39m[48;2;24;38;30m [38;2;192;197;206m    FAVCATEGORY = #{favouriteCategoryId},[K
[0m[48;2;40;67;43m[39m+    16[39m:[39m[48;2;24;38;30m [38;2;192;197;206m    MYLISTOPT = #{listOptionValue},[K
[0m[48;2;40;67;43m[39m+    17[39m:[39m[48;2;24;38;30m [38;2;192;197;206m    BANNEROPT = #{bannerOptionValue}[K
[0m[48;2;40;67;43m[39m+    18[39m:[39m[48;2;24;38;30m [38;2;192;197;206m    WHERE USERID = #{username}[K
[0m[48;2;40;67;43m[39m+    19[39m:[39m[48;2;24;38;30m [38;2;192;197;206m  [38;2;192;197;206m</[38;2;191;97;106mupdate[38;2;192;197;206m>[K
[0m[48;2;40;67;43m[39m+    20[39m:[39m[48;2;24;38;30m [38;2;192;197;206m</[38;2;191;97;106mmapper[38;2;192;197;206m>[K
[0m[K
Creating: [38;5;10m/home/ec2-user/environment/OMA/Application/jpetstore-6/Transform/logs/mapper/AccountMapper_orcl/transform/AccountMapper_pg-05-update-updateProfile.xml[0m

 ⋮ 
[38;5;10m[1m ● Completed in 0.0s[39m
[0m[0m
[0m[0m
[38;5;13m🛠️  Using tool: fs_write[38;5;2m (trusted)[39m[39m
 ⋮ 
 ● Path: [38;5;10m/home/ec2-user/environment/OMA/Application/jpetstore-6/Transform/logs/mapper/AccountMapper_orcl/transform/AccountMapper_pg-06-insert-insertProfile.xml[0m

[48;2;40;67;43m[39m+     1[39m:[39m[48;2;24;38;30m [38;2;192;197;206m<?[38;2;191;97;106mxml[38;2;192;197;206m [38;2;208;135;112mversion[38;2;192;197;206m=[38;2;192;197;206m"[38;2;163;190;140m1.0[38;2;192;197;206m"[38;2;192;197;206m [38;2;208;135;112mencoding[38;2;192;197;206m=[38;2;192;197;206m"[38;2;163;190;140mUTF-8[38;2;192;197;206m"[38;2;192;197;206m?>[K
[0m[48;2;40;67;43m[39m+     2[39m:[39m[48;2;24;38;30m [38;2;192;197;206m<![38;2;180;142;173mDOCTYPE[38;2;192;197;206m [38;2;191;97;106mmapper[38;2;192;197;206m PUBLIC "-//mybatis.org//DTD Mapper 3.0//EN"[K
[0m[48;2;40;67;43m[39m+     3[39m:[39m[48;2;24;38;30m [38;2;192;197;206m"http://mybatis.org/dtd/mybatis-3-mapper.dtd"[38;2;192;197;206m>[K
[0m[48;2;40;67;43m[39m+     4[39m:[39m[48;2;24;38;30m [38;2;192;197;206m<[38;2;191;97;106mmapper[38;2;192;197;206m [38;2;208;135;112mnamespace[38;2;192;197;206m=[38;2;192;197;206m"[38;2;163;190;140morg.mybatis.jpetstore.mapper.AccountMapper[38;2;192;197;206m"[38;2;192;197;206m>[K
[0m[48;2;40;67;43m[39m+     5[39m:[39m[48;2;24;38;30m [38;2;101;115;126m<!--[38;2;101;115;126m 2025-05-29 Amazon Q Developer : Converted from Oracle to PostgreSQL [38;2;101;115;126m-->[K
[0m[48;2;40;67;43m[39m+     6[39m:[39m[48;2;24;38;30m [38;2;101;115;126m<!--[K
[0m[48;2;40;67;43m[39m+     7[39m:[39m[48;2;24;38;30m [38;2;101;115;126m  <cache />[K
[0m[48;2;40;67;43m[39m+     8[39m:[39m[48;2;24;38;30m [38;2;101;115;126m-->[K
[0m[48;2;40;67;43m[39m+     9[39m:[39m[48;2;24;38;30m [38;2;192;197;206m<[38;2;191;97;106minsert[38;2;192;197;206m [38;2;208;135;112mid[38;2;192;197;206m=[38;2;192;197;206m"[38;2;163;190;140minsertProfile[38;2;192;197;206m"[38;2;192;197;206m [38;2;208;135;112mparameterType[38;2;192;197;206m=[38;2;192;197;206m"[38;2;163;190;140mAccount[38;2;192;197;206m"[38;2;192;197;206m>[K
[0m[48;2;40;67;43m[39m+    10[39m:[39m[48;2;24;38;30m [38;2;192;197;206m    [38;2;192;197;206m<[38;2;191;97;106mbind[38;2;192;197;206m [38;2;208;135;112mname[38;2;192;197;206m=[38;2;192;197;206m"[38;2;163;190;140mlistOptionValue[38;2;192;197;206m"[38;2;192;197;206m [38;2;208;135;112mvalue[38;2;192;197;206m=[38;2;192;197;206m"[38;2;163;190;140m_parameter.isListOption() ? 1 : 0[38;2;192;197;206m"[38;2;192;197;206m [38;2;192;197;206m/>[K
[0m[48;2;40;67;43m[39m+    11[39m:[39m[48;2;24;38;30m [38;2;192;197;206m    [38;2;192;197;206m<[38;2;191;97;106mbind[38;2;192;197;206m [38;2;208;135;112mname[38;2;192;197;206m=[38;2;192;197;206m"[38;2;163;190;140mbannerOptionValue[38;2;192;197;206m"[38;2;192;197;206m [38;2;208;135;112mvalue[38;2;192;197;206m=[38;2;192;197;206m"[38;2;163;190;140m_parameter.isBannerOption() ? 1 : 0[38;2;192;197;206m"[38;2;192;197;206m [38;2;192;197;206m/>[K
[0m[48;2;40;67;43m[39m+    12[39m:[39m[48;2;24;38;30m [K
[0m[48;2;40;67;43m[39m+    13[39m:[39m[48;2;24;38;30m [38;2;192;197;206m    INSERT INTO PROFILE (LANGPREF, FAVCATEGORY, MYLISTOPT, BANNEROPT, USERID)[K
[0m[48;2;40;67;43m[39m+    14[39m:[39m[48;2;24;38;30m [38;2;192;197;206m    VALUES (#{languagePreference}, #{favouriteCategoryId}, #{listOptionValue}, #{bannerOptionValue}, #{username})[K
[0m[48;2;40;67;43m[39m+    15[39m:[39m[48;2;24;38;30m [38;2;192;197;206m  [38;2;192;197;206m</[38;2;191;97;106minsert[38;2;192;197;206m>[K
[0m[48;2;40;67;43m[39m+    16[39m:[39m[48;2;24;38;30m [38;2;192;197;206m</[38;2;191;97;106mmapper[38;2;192;197;206m>[K
[0m[K
Creating: [38;5;10m/home/ec2-user/environment/OMA/Application/jpetstore-6/Transform/logs/mapper/AccountMapper_orcl/transform/AccountMapper_pg-06-insert-insertProfile.xml[0m

 ⋮ 
[38;5;10m[1m ● Completed in 0.0s[39m
[0m[0m
[0m[0m
[38;5;13m🛠️  Using tool: fs_write[38;5;2m (trusted)[39m[39m
 ⋮ 
 ● Path: [38;5;10m/home/ec2-user/environment/OMA/Application/jpetstore-6/Transform/logs/mapper/AccountMapper_orcl/transform/AccountMapper_pg-07-update-updateSignon.xml[0m

[48;2;40;67;43m[39m+     1[39m:[39m[48;2;24;38;30m [38;2;192;197;206m<?[38;2;191;97;106mxml[38;2;192;197;206m [38;2;208;135;112mversion[38;2;192;197;206m=[38;2;192;197;206m"[38;2;163;190;140m1.0[38;2;192;197;206m"[38;2;192;197;206m [38;2;208;135;112mencoding[38;2;192;197;206m=[38;2;192;197;206m"[38;2;163;190;140mUTF-8[38;2;192;197;206m"[38;2;192;197;206m?>[K
[0m[48;2;40;67;43m[39m+     2[39m:[39m[48;2;24;38;30m [38;2;192;197;206m<![38;2;180;142;173mDOCTYPE[38;2;192;197;206m [38;2;191;97;106mmapper[38;2;192;197;206m PUBLIC "-//mybatis.org//DTD Mapper 3.0//EN"[K
[0m[48;2;40;67;43m[39m+     3[39m:[39m[48;2;24;38;30m [38;2;192;197;206m"http://mybatis.org/dtd/mybatis-3-mapper.dtd"[38;2;192;197;206m>[K
[0m[48;2;40;67;43m[39m+     4[39m:[39m[48;2;24;38;30m [38;2;192;197;206m<[38;2;191;97;106mmapper[38;2;192;197;206m [38;2;208;135;112mnamespace[38;2;192;197;206m=[38;2;192;197;206m"[38;2;163;190;140morg.mybatis.jpetstore.mapper.AccountMapper[38;2;192;197;206m"[38;2;192;197;206m>[K
[0m[48;2;40;67;43m[39m+     5[39m:[39m[48;2;24;38;30m [38;2;101;115;126m<!--[38;2;101;115;126m 2025-05-29 Amazon Q Developer : Converted from Oracle to PostgreSQL [38;2;101;115;126m-->[K
[0m[48;2;40;67;43m[39m+     6[39m:[39m[48;2;24;38;30m [38;2;101;115;126m<!--[K
[0m[48;2;40;67;43m[39m+     7[39m:[39m[48;2;24;38;30m [38;2;101;115;126m  <cache />[K
[0m[48;2;40;67;43m[39m+     8[39m:[39m[48;2;24;38;30m [38;2;101;115;126m-->[K
[0m[48;2;40;67;43m[39m+     9[39m:[39m[48;2;24;38;30m [38;2;192;197;206m<[38;2;191;97;106mupdate[38;2;192;197;206m [38;2;208;135;112mid[38;2;192;197;206m=[38;2;192;197;206m"[38;2;163;190;140mupdateSignon[38;2;192;197;206m"[38;2;192;197;206m [38;2;208;135;112mparameterType[38;2;192;197;206m=[38;2;192;197;206m"[38;2;163;190;140mAccount[38;2;192;197;206m"[38;2;192;197;206m>[K
[0m[48;2;40;67;43m[39m+    10[39m:[39m[48;2;24;38;30m [38;2;192;197;206m    UPDATE SIGNON SET PASSWORD = #{password}[K
[0m[48;2;40;67;43m[39m+    11[39m:[39m[48;2;24;38;30m [38;2;192;197;206m    WHERE USERNAME = #{username}[K
[0m[48;2;40;67;43m[39m+    12[39m:[39m[48;2;24;38;30m [38;2;192;197;206m  [38;2;192;197;206m</[38;2;191;97;106mupdate[38;2;192;197;206m>[K
[0m[48;2;40;67;43m[39m+    13[39m:[39m[48;2;24;38;30m [38;2;192;197;206m</[38;2;191;97;106mmapper[38;2;192;197;206m>[K
[0m[K
Creating: [38;5;10m/home/ec2-user/environment/OMA/Application/jpetstore-6/Transform/logs/mapper/AccountMapper_orcl/transform/AccountMapper_pg-07-update-updateSignon.xml[0m

 ⋮ 
[38;5;10m[1m ● Completed in 0.1s[39m
[0m[0m
[0m[0m
[38;5;13m🛠️  Using tool: fs_write[38;5;2m (trusted)[39m[39m
 ⋮ 
 ● Path: [38;5;10m/home/ec2-user/environment/OMA/Application/jpetstore-6/Transform/logs/mapper/AccountMapper_orcl/transform/AccountMapper_pg-08-insert-insertSignon.xml[0m

[48;2;40;67;43m[39m+     1[39m:[39m[48;2;24;38;30m [38;2;192;197;206m<?[38;2;191;97;106mxml[38;2;192;197;206m [38;2;208;135;112mversion[38;2;192;197;206m=[38;2;192;197;206m"[38;2;163;190;140m1.0[38;2;192;197;206m"[38;2;192;197;206m [38;2;208;135;112mencoding[38;2;192;197;206m=[38;2;192;197;206m"[38;2;163;190;140mUTF-8[38;2;192;197;206m"[38;2;192;197;206m?>[K
[0m[48;2;40;67;43m[39m+     2[39m:[39m[48;2;24;38;30m [38;2;192;197;206m<![38;2;180;142;173mDOCTYPE[38;2;192;197;206m [38;2;191;97;106mmapper[38;2;192;197;206m PUBLIC "-//mybatis.org//DTD Mapper 3.0//EN"[K
[0m[48;2;40;67;43m[39m+     3[39m:[39m[48;2;24;38;30m [38;2;192;197;206m"http://mybatis.org/dtd/mybatis-3-mapper.dtd"[38;2;192;197;206m>[K
[0m[48;2;40;67;43m[39m+     4[39m:[39m[48;2;24;38;30m [38;2;192;197;206m<[38;2;191;97;106mmapper[38;2;192;197;206m [38;2;208;135;112mnamespace[38;2;192;197;206m=[38;2;192;197;206m"[38;2;163;190;140morg.mybatis.jpetstore.mapper.AccountMapper[38;2;192;197;206m"[38;2;192;197;206m>[K
[0m[48;2;40;67;43m[39m+     5[39m:[39m[48;2;24;38;30m [38;2;101;115;126m<!--[38;2;101;115;126m 2025-05-29 Amazon Q Developer : Converted from Oracle to PostgreSQL [38;2;101;115;126m-->[K
[0m[48;2;40;67;43m[39m+     6[39m:[39m[48;2;24;38;30m [38;2;101;115;126m<!--[K
[0m[48;2;40;67;43m[39m+     7[39m:[39m[48;2;24;38;30m [38;2;101;115;126m  <cache />[K
[0m[48;2;40;67;43m[39m+     8[39m:[39m[48;2;24;38;30m [38;2;101;115;126m-->[K
[0m[48;2;40;67;43m[39m+     9[39m:[39m[48;2;24;38;30m [38;2;192;197;206m<[38;2;191;97;106minsert[38;2;192;197;206m [38;2;208;135;112mid[38;2;192;197;206m=[38;2;192;197;206m"[38;2;163;190;140minsertSignon[38;2;192;197;206m"[38;2;192;197;206m [38;2;208;135;112mparameterType[38;2;192;197;206m=[38;2;192;197;206m"[38;2;163;190;140mAccount[38;2;192;197;206m"[38;2;192;197;206m>[K
[0m[48;2;40;67;43m[39m+    10[39m:[39m[48;2;24;38;30m [38;2;192;197;206m    INSERT INTO SIGNON (PASSWORD,USERNAME)[K
[0m[48;2;40;67;43m[39m+    11[39m:[39m[48;2;24;38;30m [38;2;192;197;206m    VALUES (#{password}, #{username})[K
[0m[48;2;40;67;43m[39m+    12[39m:[39m[48;2;24;38;30m [38;2;192;197;206m  [38;2;192;197;206m</[38;2;191;97;106minsert[38;2;192;197;206m>[K
[0m[48;2;40;67;43m[39m+    13[39m:[39m[48;2;24;38;30m [38;2;192;197;206m</[38;2;191;97;106mmapper[38;2;192;197;206m>[K
[0m[K
Creating: [38;5;10m/home/ec2-user/environment/OMA/Application/jpetstore-6/Transform/logs/mapper/AccountMapper_orcl/transform/AccountMapper_pg-08-insert-insertSignon.xml[0m

 ⋮ 
[38;5;10m[1m ● Completed in 0.0s[39m
[0m[0m
[0m[0m
[38;5;13m🛠️  Using tool: fs_write[38;5;2m (trusted)[39m[39m
 ⋮ 
 ● Path: [38;5;10m/home/ec2-user/environment/OMA/Application/jpetstore-6/Transform/logs/mapper/AccountMapper_orcl/conversion_summary.txt[0m

[48;2;40;67;43m[39m+     1[39m:[39m[48;2;24;38;30m [38;2;192;197;206mConversion Summary:[K
[0m[48;2;40;67;43m[39m+     2[39m:[39m[48;2;24;38;30m [K
[0m[48;2;40;67;43m[39m+     3[39m:[39m[48;2;24;38;30m [38;2;192;197;206mFiles processed: 8[K
[0m[48;2;40;67;43m[39m+     4[39m:[39m[48;2;24;38;30m [38;2;192;197;206mFiles successfully converted: 8[K
[0m[48;2;40;67;43m[39m+     5[39m:[39m[48;2;24;38;30m [38;2;192;197;206mFiles with errors: 0[K
[0m[48;2;40;67;43m[39m+     6[39m:[39m[48;2;24;38;30m [K
[0m[48;2;40;67;43m[39m+     7[39m:[39m[48;2;24;38;30m [38;2;192;197;206mConversion details:[K
[0m[48;2;40;67;43m[39m+     8[39m:[39m[48;2;24;38;30m [38;2;192;197;206m1. AccountMapper_orcl-01-select-getAccountByUsername.xml → AccountMapper_pg-01-select-getAccountByUsername.xml[K
[0m[48;2;40;67;43m[39m+     9[39m:[39m[48;2;24;38;30m [38;2;192;197;206m   - No Oracle-specific features found[K
[0m[48;2;40;67;43m[39m+    10[39m:[39m[48;2;24;38;30m [38;2;192;197;206m   - Added conversion comment[K
[0m[48;2;40;67;43m[39m+    11[39m:[39m[48;2;24;38;30m [K
[0m[48;2;40;67;43m[39m+    12[39m:[39m[48;2;24;38;30m [38;2;192;197;206m2. AccountMapper_orcl-02-select-getAccountByUsernameAndPassword.xml → AccountMapper_pg-02-select-getAccountByUsernameAndPassword.xml[K
[0m[48;2;40;67;43m[39m+    13[39m:[39m[48;2;24;38;30m [38;2;192;197;206m   - No Oracle-specific features found[K
[0m[48;2;40;67;43m[39m+    14[39m:[39m[48;2;24;38;30m [38;2;192;197;206m   - Added conversion comment[K
[0m[48;2;40;67;43m[39m+    15[39m:[39m[48;2;24;38;30m [K
[0m[48;2;40;67;43m[39m+    16[39m:[39m[48;2;24;38;30m [38;2;192;197;206m3. AccountMapper_orcl-03-update-updateAccount.xml → AccountMapper_pg-03-update-updateAccount.xml[K
[0m[48;2;40;67;43m[39m+    17[39m:[39m[48;2;24;38;30m [38;2;192;197;206m   - No Oracle-specific features found[K
[0m[48;2;40;67;43m[39m+    18[39m:[39m[48;2;24;38;30m [38;2;192;197;206m   - Added conversion comment[K
[0m[48;2;40;67;43m[39m+    19[39m:[39m[48;2;24;38;30m [K
[0m[48;2;40;67;43m[39m+    20[39m:[39m[48;2;24;38;30m [38;2;192;197;206m4. AccountMapper_orcl-04-insert-insertAccount.xml → AccountMapper_pg-04-insert-insertAccount.xml[K
[0m[48;2;40;67;43m[39m+    21[39m:[39m[48;2;24;38;30m [38;2;192;197;206m   - No Oracle-specific features found[K
[0m[48;2;40;67;43m[39m+    22[39m:[39m[48;2;24;38;30m [38;2;192;197;206m   - Added conversion comment[K
[0m[48;2;40;67;43m[39m+    23[39m:[39m[48;2;24;38;30m [K
[0m[48;2;40;67;43m[39m+    24[39m:[39m[48;2;24;38;30m [38;2;192;197;206m5. AccountMapper_orcl-05-update-updateProfile.xml → AccountMapper_pg-05-update-updateProfile.xml[K
[0m[48;2;40;67;43m[39m+    25[39m:[39m[48;2;24;38;30m [38;2;192;197;206m   - No Oracle-specific features found[K
[0m[48;2;40;67;43m[39m+    26[39m:[39m[48;2;24;38;30m [38;2;192;197;206m   - Preserved MyBatis bind variables[K
[0m[48;2;40;67;43m[39m+    27[39m:[39m[48;2;24;38;30m [38;2;192;197;206m   - Added conversion comment[K
[0m[48;2;40;67;43m[39m+    28[39m:[39m[48;2;24;38;30m [K
[0m[48;2;40;67;43m[39m+    29[39m:[39m[48;2;24;38;30m [38;2;192;197;206m6. AccountMapper_orcl-06-insert-insertProfile.xml → AccountMapper_pg-06-insert-insertProfile.xml[K
[0m[48;2;40;67;43m[39m+    30[39m:[39m[48;2;24;38;30m [38;2;192;197;206m   - No Oracle-specific features found[K
[0m[48;2;40;67;43m[39m+    31[39m:[39m[48;2;24;38;30m [38;2;192;197;206m   - Preserved MyBatis bind variables[K
[0m[48;2;40;67;43m[39m+    32[39m:[39m[48;2;24;38;30m [38;2;192;197;206m   - Added conversion comment[K
[0m[48;2;40;67;43m[39m+    33[39m:[39m[48;2;24;38;30m [K
[0m[48;2;40;67;43m[39m+    34[39m:[39m[48;2;24;38;30m [38;2;192;197;206m7. AccountMapper_orcl-07-update-updateSignon.xml → AccountMapper_pg-07-update-updateSignon.xml[K
[0m[48;2;40;67;43m[39m+    35[39m:[39m[48;2;24;38;30m [38;2;192;197;206m   - No Oracle-specific features found[K
[0m[48;2;40;67;43m[39m+    36[39m:[39m[48;2;24;38;30m [38;2;192;197;206m   - Added conversion comment[K
[0m[48;2;40;67;43m[39m+    37[39m:[39m[48;2;24;38;30m [K
[0m[48;2;40;67;43m[39m+    38[39m:[39m[48;2;24;38;30m [38;2;192;197;206m8. AccountMapper_orcl-08-insert-insertSignon.xml → AccountMapper_pg-08-insert-insertSignon.xml[K
[0m[48;2;40;67;43m[39m+    39[39m:[39m[48;2;24;38;30m [38;2;192;197;206m   - No Oracle-specific features found[K
[0m[48;2;40;67;43m[39m+    40[39m:[39m[48;2;24;38;30m [38;2;192;197;206m   - Added conversion comment[K
[0m[48;2;40;67;43m[39m+    41[39m:[39m[48;2;24;38;30m [K
[0m[48;2;40;67;43m[39m+    42[39m:[39m[48;2;24;38;30m [38;2;192;197;206mNotes:[K
[0m[48;2;40;67;43m[39m+    43[39m:[39m[48;2;24;38;30m [38;2;192;197;206m- All files were standard SQL that required no syntax changes for PostgreSQL compatibility[K
[0m[48;2;40;67;43m[39m+    44[39m:[39m[48;2;24;38;30m [38;2;192;197;206m- Added appropriate conversion comments to all files[K
[0m[48;2;40;67;43m[39m+    45[39m:[39m[48;2;24;38;30m [38;2;192;197;206m- Maintained original XML structure and formatting[K
[0m[48;2;40;67;43m[39m+    46[39m:[39m[48;2;24;38;30m [38;2;192;197;206m- Preserved all MyBatis dynamic SQL features[K
[0m[K
Creating: [38;5;10m/home/ec2-user/environment/OMA/Application/jpetstore-6/Transform/logs/mapper/AccountMapper_orcl/conversion_summary.txt[0m

 ⋮ 
[38;5;10m[1m ● Completed in 0.0s[39m
[0m[0m
[0m[0m
[38;5;13m🛠️  Using tool: fs_write[38;5;2m (trusted)[39m[39m
 ⋮ 
 ● Path: [38;5;10mApplication/jpetstore-6/Transform/logs/mapper/AccountMapper_orcl/status.txt[0m

[48;2;43;48;59m[39m  1, 1[39m:[39m[48;2;43;48;59m [38;2;192;197;206mStep 1: Completed[K
[0m[48;2;43;48;59m[39m  2, 2[39m:[39m[48;2;43;48;59m [38;2;192;197;206mStep 2: Completed[K
[0m[48;2;79;40;40m[39m- 3   [39m:[39m[48;2;36;25;28m [38;2;192;197;206mStep 3: In Progress[K
[0m[48;2;79;40;40m[39m- 4   [39m:[39m[48;2;36;25;28m [38;2;192;197;206mStep 4: Not Started[K
[0m[48;2;40;67;43m[39m+    3[39m:[39m[48;2;24;38;30m [38;2;192;197;206mStep 3: Completed[K
[0m[48;2;40;67;43m[39m+    4[39m:[39m[48;2;24;38;30m [38;2;192;197;206mStep 4: In Progress[K
[0m[K
Updating: [38;5;10mApplication/jpetstore-6/Transform/logs/mapper/AccountMapper_orcl/status.txt[0m

 ⋮ 
[38;5;10m[1m ● Completed in 0.1s[39m
[0m[0m
[0m[0m
[38;5;13m🛠️  Using tool: execute_bash[38;5;2m (trusted)[39m[39m
 ⋮ 
 ● I will run the following shell command: 
[38;5;10mcd /home/ec2-user/environment/OMA/Application/jpetstore-6/Transform/logs/mapper/AccountMapper_orcl/transform && for file in *.xml; do echo "Validating $file"; xmllint --noout "$file" 2>&1; done
[0m ⋮ 
 ↳ [38;5;12mPurpose: [0mValidate XML files using xmllint

Validating AccountMapper_pg-01-select-getAccountByUsername.xml
Validating AccountMapper_pg-02-select-getAccountByUsernameAndPassword.xml
Validating AccountMapper_pg-03-update-updateAccount.xml
Validating AccountMapper_pg-04-insert-insertAccount.xml
Validating AccountMapper_pg-05-update-updateProfile.xml
Validating AccountMapper_pg-06-insert-insertProfile.xml
Validating AccountMapper_pg-07-update-updateSignon.xml
Validating AccountMapper_pg-08-insert-insertSignon.xml

 ⋮ 
[38;5;10m[1m ● Completed in 0.12s[39m
[0m[0m
[0m[0m
[38;5;13m🛠️  Using tool: fs_write[38;5;2m (trusted)[39m[39m
 ⋮ 
 ● Path: [38;5;10mApplication/jpetstore-6/Transform/logs/mapper/AccountMapper_orcl/status.txt[0m

[48;2;43;48;59m[39m  1, 1[39m:[39m[48;2;43;48;59m [38;2;192;197;206mStep 1: Completed[K
[0m[48;2;43;48;59m[39m  2, 2[39m:[39m[48;2;43;48;59m [38;2;192;197;206mStep 2: Completed[K
[0m[48;2;43;48;59m[39m  3, 3[39m:[39m[48;2;43;48;59m [38;2;192;197;206mStep 3: Completed[K
[0m[48;2;79;40;40m[39m- 4   [39m:[39m[48;2;36;25;28m [38;2;192;197;206mStep 4: In Progress[K
[0m[48;2;40;67;43m[39m+    4[39m:[39m[48;2;24;38;30m [38;2;192;197;206mStep 4: Completed[K
[0m[K
Updating: [38;5;10mApplication/jpetstore-6/Transform/logs/mapper/AccountMapper_orcl/status.txt[0m

 ⋮ 
[38;5;10m[1m ● Completed in 0.0s[39m
I've successfully completed the Oracle to PostgreSQL MyBatis mapper conversion process for the AccountMapper files. Here's a summary of what was accomplished:[0m[0m
[0m[0m
1. [1mStep 1: Generated list of mapper files[22m[0m[0m
   • Found 8 Oracle mapper files in the extract directory[0m[0m
   • Created file_list.txt with all files to be processed[0m[0m
[0m[0m
2. [1mStep 2: Analyzed SQL for Oracle-specific features[22m[0m[0m
   • Examined all 8 mapper files for Oracle-specific syntax[0m[0m
   • Created sql_analysis.txt with detailed findings[0m[0m
   • Found that all queries were standard SQL with no Oracle-specific features requiring conversion[0m[0m
[0m[0m
3. [1mStep 3: Performed Oracle to PostgreSQL conversion[22m[0m[0m
   • Converted all 8 mapper files to PostgreSQL-compatible versions[0m[0m
   • Added appropriate conversion comments to each file[0m[0m
   • Preserved all MyBatis dynamic SQL features including bind variables[0m[0m
   • Created conversion_summary.txt documenting the process[0m[0m
[0m[0m
4. [1mStep 4: Validated converted XML files[22m[0m[0m
   • Used xmllint to verify XML syntax correctness[0m[0m
   • All files passed validation with no errors[0m[0m
[0m[0m
The conversion was straightforward as the original mapper files didn't contain any Oracle-specific SQL features that required syntax changes for PostgreSQL compatibility. All files maintained their original structure and functionality while being properly 
documented with conversion comments.[0m[0m
[0m[0m
All files are now available in the transform directory with the "_pg" suffix instead of "_orcl", and the status.txt file shows all steps as completed.[0m[0m
