I'll help you with the Oracle to PostgreSQL MyBatis mapper conversion task. Let's start by setting up the environment and following the steps outlined in your detailed instructions.[0m[0m
[0m[0m
First, let's check if the status file exists and what state it's in:[0m[0m
[0m[0m
[1mTool validation failed: [0m
[38;5;9mFailed to validate tool parameters: '/home/ec2-user/environment/OMA/Application/jpetstore-6/Transform/logs/mapper/CategoryMapper_orcl/status.txt' does not exist
[39mI see the status file doesn't exist yet. Let's create the directory structure first and then initialize the status file:[0m[0m
[0m[0m
[38;5;13m🛠️  Using tool: execute_bash[38;5;2m (trusted)[39m[39m
 ⋮ 
 ● I will run the following shell command: 
[38;5;10mmkdir -p /home/ec2-user/environment/OMA/Application/jpetstore-6/Transform/logs/mapper/CategoryMapper_orcl/extract /home/ec2-user/environment/OMA/Application/jpetstore-6/Transform/logs/mapper/CategoryMapper_orcl/transform
[0m ⋮ 
 ↳ [38;5;12mPurpose: [0mCreating directory structure for the conversion process


 ⋮ 
[38;5;10m[1m ● Completed in 0.2s[39m
[0m[0m
[0m[0m
[38;5;13m🛠️  Using tool: fs_write[38;5;2m (trusted)[39m[39m
 ⋮ 
 ● Path: [38;5;10m/home/ec2-user/environment/OMA/Application/jpetstore-6/Transform/logs/mapper/CategoryMapper_orcl/status.txt[0m

[48;2;40;67;43m[39m+    1[39m:[39m[48;2;24;38;30m [38;2;192;197;206mStep 1: Not Started[K
[0m[48;2;40;67;43m[39m+    2[39m:[39m[48;2;24;38;30m [38;2;192;197;206mStep 2: Not Started[K
[0m[48;2;40;67;43m[39m+    3[39m:[39m[48;2;24;38;30m [38;2;192;197;206mStep 3: Not Started[K
[0m[48;2;40;67;43m[39m+    4[39m:[39m[48;2;24;38;30m [38;2;192;197;206mStep 4: Not Started[K
[0m[K
Creating: [38;5;10m/home/ec2-user/environment/OMA/Application/jpetstore-6/Transform/logs/mapper/CategoryMapper_orcl/status.txt[0m

 ⋮ 
[38;5;10m[1m ● Completed in 0.0s[39m
Now let's start with Step 1 - generating a list of mapper files to be converted:[0m[0m
[0m[0m
[38;5;13m🛠️  Using tool: fs_write[38;5;2m (trusted)[39m[39m
 ⋮ 
 ● Path: [38;5;10mApplication/jpetstore-6/Transform/logs/mapper/CategoryMapper_orcl/status.txt[0m

[48;2;79;40;40m[39m- 1   [39m:[39m[48;2;36;25;28m [38;2;192;197;206mStep 1: Not Started[K
[0m[48;2;40;67;43m[39m+    1[39m:[39m[48;2;24;38;30m [38;2;192;197;206mStep 1: In Progress[K
[0m[K
Updating: [38;5;10mApplication/jpetstore-6/Transform/logs/mapper/CategoryMapper_orcl/status.txt[0m

 ⋮ 
[38;5;10m[1m ● Completed in 0.1s[39m
[0m[0m
[0m[0m
[38;5;13m🛠️  Using tool: execute_bash[38;5;2m (trusted)[39m[39m
 ⋮ 
 ● I will run the following shell command: 
[38;5;10mls -la /home/ec2-user/environment/OMA/Application/jpetstore-6/Transform/logs/mapper/CategoryMapper_orcl/extract/
[0m ⋮ 
 ↳ [38;5;12mPurpose: [0mChecking if there are any Oracle mapper files in the extract directory

total 8
drwxrwxr-x. 2 ec2-user ec2-user 116 May 29 19:10 .
drwxrwxr-x. 4 ec2-user ec2-user  56 May 29 19:10 ..
-rw-rw-r--. 1 ec2-user ec2-user 466 May 29 19:10 CategoryMapper_orcl-01-select-getCategory.xml
-rw-rw-r--. 1 ec2-user ec2-user 429 May 29 19:10 CategoryMapper_orcl-02-select-getCategoryList.xml

 ⋮ 
[38;5;10m[1m ● Completed in 0.2s[39m
[0m[0m
[0m[0m
[38;5;13m🛠️  Using tool: fs_write[38;5;2m (trusted)[39m[39m
 ⋮ 
 ● Path: [38;5;10m/home/ec2-user/environment/OMA/Application/jpetstore-6/Transform/logs/mapper/CategoryMapper_orcl/file_list.txt[0m

[48;2;40;67;43m[39m+    1[39m:[39m[48;2;24;38;30m [38;2;192;197;206mCategoryMapper_orcl-01-select-getCategory.xml[K
[0m[48;2;40;67;43m[39m+    2[39m:[39m[48;2;24;38;30m [38;2;192;197;206mCategoryMapper_orcl-02-select-getCategoryList.xml[K
[0m[K
Creating: [38;5;10m/home/ec2-user/environment/OMA/Application/jpetstore-6/Transform/logs/mapper/CategoryMapper_orcl/file_list.txt[0m

 ⋮ 
[38;5;10m[1m ● Completed in 0.0s[39m
[0m[0m
[0m[0m
[38;5;13m🛠️  Using tool: fs_write[38;5;2m (trusted)[39m[39m
 ⋮ 
 ● Path: [38;5;10mApplication/jpetstore-6/Transform/logs/mapper/CategoryMapper_orcl/status.txt[0m

[48;2;79;40;40m[39m- 1   [39m:[39m[48;2;36;25;28m [38;2;192;197;206mStep 1: In Progress[K
[0m[48;2;40;67;43m[39m+    1[39m:[39m[48;2;24;38;30m [38;2;192;197;206mStep 1: Completed[K
[0m[K
Updating: [38;5;10mApplication/jpetstore-6/Transform/logs/mapper/CategoryMapper_orcl/status.txt[0m

 ⋮ 
[38;5;10m[1m ● Completed in 0.0s[39m
[0m[0m
[0m[0m
[38;5;13m🛠️  Using tool: fs_write[38;5;2m (trusted)[39m[39m
 ⋮ 
 ● Path: [38;5;10mApplication/jpetstore-6/Transform/logs/mapper/CategoryMapper_orcl/status.txt[0m

[48;2;79;40;40m[39m- 2   [39m:[39m[48;2;36;25;28m [38;2;192;197;206mStep 2: Not Started[K
[0m[48;2;40;67;43m[39m+    2[39m:[39m[48;2;24;38;30m [38;2;192;197;206mStep 2: In Progress[K
[0m[K
Updating: [38;5;10mApplication/jpetstore-6/Transform/logs/mapper/CategoryMapper_orcl/status.txt[0m

 ⋮ 
[38;5;10m[1m ● Completed in 0.0s[39m
[0m[0m
[0m[0m
[38;5;13m🛠️  Using tool: fs_read[38;5;2m (trusted)[39m[39m
 ⋮ 
 ● Reading file: [38;5;10m/home/ec2-user/environment/OMA/Application/jpetstore-6/Transform/logs/mapper/CategoryMapper_orcl/extract/CategoryMapper_orcl-01-select-getCategory.xml[0m, all lines
 ⋮ 
[38;5;10m[1m ● Completed in 0.0s[39m
[0m[0m
[0m[0m
[38;5;13m🛠️  Using tool: fs_read[38;5;2m (trusted)[39m[39m
 ⋮ 
 ● Reading file: [38;5;10m/home/ec2-user/environment/OMA/Application/jpetstore-6/Transform/logs/mapper/CategoryMapper_orcl/extract/CategoryMapper_orcl-02-select-getCategoryList.xml[0m, all lines
 ⋮ 
[38;5;10m[1m ● Completed in 0.0s[39m
[0m[0m
[0m[0m
[38;5;13m🛠️  Using tool: fs_write[38;5;2m (trusted)[39m[39m
 ⋮ 
 ● Path: [38;5;10m/home/ec2-user/environment/OMA/Application/jpetstore-6/Transform/logs/mapper/CategoryMapper_orcl/sql_analysis.txt[0m

[48;2;40;67;43m[39m+     1[39m:[39m[48;2;24;38;30m [38;2;192;197;206mSQL Analysis Results:[K
[0m[48;2;40;67;43m[39m+     2[39m:[39m[48;2;24;38;30m [38;2;192;197;206m1. getCategory:[K
[0m[48;2;40;67;43m[39m+     3[39m:[39m[48;2;24;38;30m [38;2;192;197;206m  - Type: SELECT query[K
[0m[48;2;40;67;43m[39m+     4[39m:[39m[48;2;24;38;30m [38;2;192;197;206m  - Contains: Simple SELECT with WHERE clause[K
[0m[48;2;40;67;43m[39m+     5[39m:[39m[48;2;24;38;30m [38;2;192;197;206m  - Oracle-specific features: None[K
[0m[48;2;40;67;43m[39m+     6[39m:[39m[48;2;24;38;30m [38;2;192;197;206m  - Conversion needed: No[K
[0m[48;2;40;67;43m[39m+     7[39m:[39m[48;2;24;38;30m [K
[0m[48;2;40;67;43m[39m+     8[39m:[39m[48;2;24;38;30m [38;2;192;197;206m2. getCategoryList:[K
[0m[48;2;40;67;43m[39m+     9[39m:[39m[48;2;24;38;30m [38;2;192;197;206m  - Type: SELECT query[K
[0m[48;2;40;67;43m[39m+    10[39m:[39m[48;2;24;38;30m [38;2;192;197;206m  - Contains: Simple SELECT without WHERE clause[K
[0m[48;2;40;67;43m[39m+    11[39m:[39m[48;2;24;38;30m [38;2;192;197;206m  - Oracle-specific features: None[K
[0m[48;2;40;67;43m[39m+    12[39m:[39m[48;2;24;38;30m [38;2;192;197;206m  - Conversion needed: No[K
[0m[K
Creating: [38;5;10m/home/ec2-user/environment/OMA/Application/jpetstore-6/Transform/logs/mapper/CategoryMapper_orcl/sql_analysis.txt[0m

 ⋮ 
[38;5;10m[1m ● Completed in 0.0s[39m
[0m[0m
[0m[0m
[38;5;13m🛠️  Using tool: fs_write[38;5;2m (trusted)[39m[39m
 ⋮ 
 ● Path: [38;5;10mApplication/jpetstore-6/Transform/logs/mapper/CategoryMapper_orcl/status.txt[0m

[48;2;79;40;40m[39m- 2   [39m:[39m[48;2;36;25;28m [38;2;192;197;206mStep 2: In Progress[K
[0m[48;2;40;67;43m[39m+    2[39m:[39m[48;2;24;38;30m [38;2;192;197;206mStep 2: Completed[K
[0m[K
Updating: [38;5;10mApplication/jpetstore-6/Transform/logs/mapper/CategoryMapper_orcl/status.txt[0m

 ⋮ 
[38;5;10m[1m ● Completed in 0.0s[39m
[0m[0m
[0m[0m
[38;5;13m🛠️  Using tool: fs_write[38;5;2m (trusted)[39m[39m
 ⋮ 
 ● Path: [38;5;10mApplication/jpetstore-6/Transform/logs/mapper/CategoryMapper_orcl/status.txt[0m

[48;2;79;40;40m[39m- 3   [39m:[39m[48;2;36;25;28m [38;2;192;197;206mStep 3: Not Started[K
[0m[48;2;40;67;43m[39m+    3[39m:[39m[48;2;24;38;30m [38;2;192;197;206mStep 3: In Progress[K
[0m[K
Updating: [38;5;10mApplication/jpetstore-6/Transform/logs/mapper/CategoryMapper_orcl/status.txt[0m

 ⋮ 
[38;5;10m[1m ● Completed in 0.0s[39m
[0m[0m
[0m[0m
[38;5;13m🛠️  Using tool: fs_write[38;5;2m (trusted)[39m[39m
 ⋮ 
 ● Path: [38;5;10m/home/ec2-user/environment/OMA/Application/jpetstore-6/Transform/logs/mapper/CategoryMapper_orcl/transform/CategoryMapper_pg-01-select-getCategory.xml[0m

[48;2;40;67;43m[39m+     1[39m:[39m[48;2;24;38;30m [38;2;192;197;206m<?[38;2;191;97;106mxml[38;2;192;197;206m [38;2;208;135;112mversion[38;2;192;197;206m=[38;2;192;197;206m"[38;2;163;190;140m1.0[38;2;192;197;206m"[38;2;192;197;206m [38;2;208;135;112mencoding[38;2;192;197;206m=[38;2;192;197;206m"[38;2;163;190;140mUTF-8[38;2;192;197;206m"[38;2;192;197;206m?>[K
[0m[48;2;40;67;43m[39m+     2[39m:[39m[48;2;24;38;30m [38;2;192;197;206m<![38;2;180;142;173mDOCTYPE[38;2;192;197;206m [38;2;191;97;106mmapper[38;2;192;197;206m PUBLIC "-//mybatis.org//DTD Mapper 3.0//EN"[K
[0m[48;2;40;67;43m[39m+     3[39m:[39m[48;2;24;38;30m [38;2;192;197;206m"http://mybatis.org/dtd/mybatis-3-mapper.dtd"[38;2;192;197;206m>[K
[0m[48;2;40;67;43m[39m+     4[39m:[39m[48;2;24;38;30m [38;2;192;197;206m<[38;2;191;97;106mmapper[38;2;192;197;206m [38;2;208;135;112mnamespace[38;2;192;197;206m=[38;2;192;197;206m"[38;2;163;190;140morg.mybatis.jpetstore.mapper.CategoryMapper[38;2;192;197;206m"[38;2;192;197;206m>[K
[0m[48;2;40;67;43m[39m+     5[39m:[39m[48;2;24;38;30m [38;2;101;115;126m<!--[38;2;101;115;126m 2025-05-29 Amazon Q Developer: Converted from Oracle to PostgreSQL [38;2;101;115;126m-->[K
[0m[48;2;40;67;43m[39m+     6[39m:[39m[48;2;24;38;30m [38;2;101;115;126m<!--[K
[0m[48;2;40;67;43m[39m+     7[39m:[39m[48;2;24;38;30m [38;2;101;115;126m  <cache />[K
[0m[48;2;40;67;43m[39m+     8[39m:[39m[48;2;24;38;30m [38;2;101;115;126m-->[K
[0m[48;2;40;67;43m[39m+     9[39m:[39m[48;2;24;38;30m [38;2;192;197;206m<[38;2;191;97;106mselect[38;2;192;197;206m [38;2;208;135;112mid[38;2;192;197;206m=[38;2;192;197;206m"[38;2;163;190;140mgetCategory[38;2;192;197;206m"[38;2;192;197;206m [38;2;208;135;112mresultType[38;2;192;197;206m=[38;2;192;197;206m"[38;2;163;190;140mCategory[38;2;192;197;206m"[38;2;192;197;206m>[K
[0m[48;2;40;67;43m[39m+    10[39m:[39m[48;2;24;38;30m [38;2;192;197;206m    SELECT[K
[0m[48;2;40;67;43m[39m+    11[39m:[39m[48;2;24;38;30m [38;2;192;197;206m      CATEGORY.CATID AS categoryId,[K
[0m[48;2;40;67;43m[39m+    12[39m:[39m[48;2;24;38;30m [38;2;192;197;206m      CATEGORY.NAME,[K
[0m[48;2;40;67;43m[39m+    13[39m:[39m[48;2;24;38;30m [38;2;192;197;206m      CATEGORY.DESCN AS description[K
[0m[48;2;40;67;43m[39m+    14[39m:[39m[48;2;24;38;30m [38;2;192;197;206m    FROM CATEGORY[K
[0m[48;2;40;67;43m[39m+    15[39m:[39m[48;2;24;38;30m [38;2;192;197;206m    WHERE CATEGORY.CATID = #{categoryId}[K
[0m[48;2;40;67;43m[39m+    16[39m:[39m[48;2;24;38;30m [38;2;192;197;206m  [38;2;192;197;206m</[38;2;191;97;106mselect[38;2;192;197;206m>[K
[0m[48;2;40;67;43m[39m+    17[39m:[39m[48;2;24;38;30m [38;2;192;197;206m</[38;2;191;97;106mmapper[38;2;192;197;206m>[K
[0m[K
Creating: [38;5;10m/home/ec2-user/environment/OMA/Application/jpetstore-6/Transform/logs/mapper/CategoryMapper_orcl/transform/CategoryMapper_pg-01-select-getCategory.xml[0m

 ⋮ 
[38;5;10m[1m ● Completed in 0.0s[39m
[0m[0m
[0m[0m
[38;5;13m🛠️  Using tool: fs_write[38;5;2m (trusted)[39m[39m
 ⋮ 
 ● Path: [38;5;10m/home/ec2-user/environment/OMA/Application/jpetstore-6/Transform/logs/mapper/CategoryMapper_orcl/transform/CategoryMapper_pg-02-select-getCategoryList.xml[0m

[48;2;40;67;43m[39m+     1[39m:[39m[48;2;24;38;30m [38;2;192;197;206m<?[38;2;191;97;106mxml[38;2;192;197;206m [38;2;208;135;112mversion[38;2;192;197;206m=[38;2;192;197;206m"[38;2;163;190;140m1.0[38;2;192;197;206m"[38;2;192;197;206m [38;2;208;135;112mencoding[38;2;192;197;206m=[38;2;192;197;206m"[38;2;163;190;140mUTF-8[38;2;192;197;206m"[38;2;192;197;206m?>[K
[0m[48;2;40;67;43m[39m+     2[39m:[39m[48;2;24;38;30m [38;2;192;197;206m<![38;2;180;142;173mDOCTYPE[38;2;192;197;206m [38;2;191;97;106mmapper[38;2;192;197;206m PUBLIC "-//mybatis.org//DTD Mapper 3.0//EN"[K
[0m[48;2;40;67;43m[39m+     3[39m:[39m[48;2;24;38;30m [38;2;192;197;206m"http://mybatis.org/dtd/mybatis-3-mapper.dtd"[38;2;192;197;206m>[K
[0m[48;2;40;67;43m[39m+     4[39m:[39m[48;2;24;38;30m [38;2;192;197;206m<[38;2;191;97;106mmapper[38;2;192;197;206m [38;2;208;135;112mnamespace[38;2;192;197;206m=[38;2;192;197;206m"[38;2;163;190;140morg.mybatis.jpetstore.mapper.CategoryMapper[38;2;192;197;206m"[38;2;192;197;206m>[K
[0m[48;2;40;67;43m[39m+     5[39m:[39m[48;2;24;38;30m [38;2;101;115;126m<!--[38;2;101;115;126m 2025-05-29 Amazon Q Developer: Converted from Oracle to PostgreSQL [38;2;101;115;126m-->[K
[0m[48;2;40;67;43m[39m+     6[39m:[39m[48;2;24;38;30m [38;2;101;115;126m<!--[K
[0m[48;2;40;67;43m[39m+     7[39m:[39m[48;2;24;38;30m [38;2;101;115;126m  <cache />[K
[0m[48;2;40;67;43m[39m+     8[39m:[39m[48;2;24;38;30m [38;2;101;115;126m-->[K
[0m[48;2;40;67;43m[39m+     9[39m:[39m[48;2;24;38;30m [38;2;192;197;206m<[38;2;191;97;106mselect[38;2;192;197;206m [38;2;208;135;112mid[38;2;192;197;206m=[38;2;192;197;206m"[38;2;163;190;140mgetCategoryList[38;2;192;197;206m"[38;2;192;197;206m [38;2;208;135;112mresultType[38;2;192;197;206m=[38;2;192;197;206m"[38;2;163;190;140mCategory[38;2;192;197;206m"[38;2;192;197;206m>[K
[0m[48;2;40;67;43m[39m+    10[39m:[39m[48;2;24;38;30m [38;2;192;197;206m    SELECT[K
[0m[48;2;40;67;43m[39m+    11[39m:[39m[48;2;24;38;30m [38;2;192;197;206m      CATEGORY.CATID AS categoryId,[K
[0m[48;2;40;67;43m[39m+    12[39m:[39m[48;2;24;38;30m [38;2;192;197;206m      CATEGORY.NAME,[K
[0m[48;2;40;67;43m[39m+    13[39m:[39m[48;2;24;38;30m [38;2;192;197;206m      CATEGORY.DESCN AS description[K
[0m[48;2;40;67;43m[39m+    14[39m:[39m[48;2;24;38;30m [38;2;192;197;206m    FROM CATEGORY[K
[0m[48;2;40;67;43m[39m+    15[39m:[39m[48;2;24;38;30m [38;2;192;197;206m  [38;2;192;197;206m</[38;2;191;97;106mselect[38;2;192;197;206m>[K
[0m[48;2;40;67;43m[39m+    16[39m:[39m[48;2;24;38;30m [38;2;192;197;206m</[38;2;191;97;106mmapper[38;2;192;197;206m>[K
[0m[K
Creating: [38;5;10m/home/ec2-user/environment/OMA/Application/jpetstore-6/Transform/logs/mapper/CategoryMapper_orcl/transform/CategoryMapper_pg-02-select-getCategoryList.xml[0m

 ⋮ 
[38;5;10m[1m ● Completed in 0.0s[39m
[0m[0m
[0m[0m
[38;5;13m🛠️  Using tool: fs_write[38;5;2m (trusted)[39m[39m
 ⋮ 
 ● Path: [38;5;10m/home/ec2-user/environment/OMA/Application/jpetstore-6/Transform/logs/mapper/CategoryMapper_orcl/conversion_summary.txt[0m

[48;2;40;67;43m[39m+     1[39m:[39m[48;2;24;38;30m [38;2;192;197;206mConversion Summary:[K
[0m[48;2;40;67;43m[39m+     2[39m:[39m[48;2;24;38;30m [K
[0m[48;2;40;67;43m[39m+     3[39m:[39m[48;2;24;38;30m [38;2;192;197;206mFiles Processed: 2[K
[0m[48;2;40;67;43m[39m+     4[39m:[39m[48;2;24;38;30m [38;2;192;197;206mFiles Successfully Converted: 2[K
[0m[48;2;40;67;43m[39m+     5[39m:[39m[48;2;24;38;30m [38;2;192;197;206mFiles with Errors: 0[K
[0m[48;2;40;67;43m[39m+     6[39m:[39m[48;2;24;38;30m [K
[0m[48;2;40;67;43m[39m+     7[39m:[39m[48;2;24;38;30m [38;2;192;197;206mConversion Details:[K
[0m[48;2;40;67;43m[39m+     8[39m:[39m[48;2;24;38;30m [38;2;192;197;206m1. CategoryMapper_orcl-01-select-getCategory.xml → CategoryMapper_pg-01-select-getCategory.xml[K
[0m[48;2;40;67;43m[39m+     9[39m:[39m[48;2;24;38;30m [38;2;192;197;206m   - No Oracle-specific features found[K
[0m[48;2;40;67;43m[39m+    10[39m:[39m[48;2;24;38;30m [38;2;192;197;206m   - Added conversion comment[K
[0m[48;2;40;67;43m[39m+    11[39m:[39m[48;2;24;38;30m [K
[0m[48;2;40;67;43m[39m+    12[39m:[39m[48;2;24;38;30m [38;2;192;197;206m2. CategoryMapper_orcl-02-select-getCategoryList.xml → CategoryMapper_pg-02-select-getCategoryList.xml[K
[0m[48;2;40;67;43m[39m+    13[39m:[39m[48;2;24;38;30m [38;2;192;197;206m   - No Oracle-specific features found[K
[0m[48;2;40;67;43m[39m+    14[39m:[39m[48;2;24;38;30m [38;2;192;197;206m   - Added conversion comment[K
[0m[48;2;40;67;43m[39m+    15[39m:[39m[48;2;24;38;30m [K
[0m[48;2;40;67;43m[39m+    16[39m:[39m[48;2;24;38;30m [38;2;192;197;206mNotes:[K
[0m[48;2;40;67;43m[39m+    17[39m:[39m[48;2;24;38;30m [38;2;192;197;206m- Both files contained simple SELECT queries with no Oracle-specific syntax[K
[0m[48;2;40;67;43m[39m+    18[39m:[39m[48;2;24;38;30m [38;2;192;197;206m- No data type conversions were needed[K
[0m[48;2;40;67;43m[39m+    19[39m:[39m[48;2;24;38;30m [38;2;192;197;206m- No sequence handling was required[K
[0m[48;2;40;67;43m[39m+    20[39m:[39m[48;2;24;38;30m [38;2;192;197;206m- No pagination conversion was needed[K
[0m[48;2;40;67;43m[39m+    21[39m:[39m[48;2;24;38;30m [38;2;192;197;206m- No PL/SQL blocks were present[K
[0m[K
Creating: [38;5;10m/home/ec2-user/environment/OMA/Application/jpetstore-6/Transform/logs/mapper/CategoryMapper_orcl/conversion_summary.txt[0m

 ⋮ 
[38;5;10m[1m ● Completed in 0.0s[39m
[0m[0m
[0m[0m
[38;5;13m🛠️  Using tool: fs_write[38;5;2m (trusted)[39m[39m
 ⋮ 
 ● Path: [38;5;10mApplication/jpetstore-6/Transform/logs/mapper/CategoryMapper_orcl/status.txt[0m

[48;2;79;40;40m[39m- 3   [39m:[39m[48;2;36;25;28m [38;2;192;197;206mStep 3: In Progress[K
[0m[48;2;40;67;43m[39m+    3[39m:[39m[48;2;24;38;30m [38;2;192;197;206mStep 3: Completed[K
[0m[K
Updating: [38;5;10mApplication/jpetstore-6/Transform/logs/mapper/CategoryMapper_orcl/status.txt[0m

 ⋮ 
[38;5;10m[1m ● Completed in 0.0s[39m
[0m[0m
[0m[0m
[38;5;13m🛠️  Using tool: fs_write[38;5;2m (trusted)[39m[39m
 ⋮ 
 ● Path: [38;5;10mApplication/jpetstore-6/Transform/logs/mapper/CategoryMapper_orcl/status.txt[0m

[48;2;79;40;40m[39m- 4   [39m:[39m[48;2;36;25;28m [38;2;192;197;206mStep 4: Not Started[K
[0m[48;2;40;67;43m[39m+    4[39m:[39m[48;2;24;38;30m [38;2;192;197;206mStep 4: In Progress[K
[0m[K
Updating: [38;5;10mApplication/jpetstore-6/Transform/logs/mapper/CategoryMapper_orcl/status.txt[0m

 ⋮ 
[38;5;10m[1m ● Completed in 0.0s[39m
[0m[0m
[0m[0m
[38;5;13m🛠️  Using tool: execute_bash[38;5;2m (trusted)[39m[39m
 ⋮ 
 ● I will run the following shell command: 
[38;5;10mxmllint --noout /home/ec2-user/environment/OMA/Application/jpetstore-6/Transform/logs/mapper/CategoryMapper_orcl/transform/CategoryMapper_pg-01-select-getCategory.xml 2>&1 && echo "Validation successful for CategoryMapper_pg-01-select-getCategory.xml" || echo "Validation failed for CategoryMapper_pg-01-select-getCategory.xml"
[0m ⋮ 
 ↳ [38;5;12mPurpose: [0mValidating the converted XML files using xmllint

Validation successful for CategoryMapper_pg-01-select-getCategory.xml

 ⋮ 
[38;5;10m[1m ● Completed in 0.3s[39m
[0m[0m
[0m[0m
[38;5;13m🛠️  Using tool: execute_bash[38;5;2m (trusted)[39m[39m
 ⋮ 
 ● I will run the following shell command: 
[38;5;10mxmllint --noout /home/ec2-user/environment/OMA/Application/jpetstore-6/Transform/logs/mapper/CategoryMapper_orcl/transform/CategoryMapper_pg-02-select-getCategoryList.xml 2>&1 && echo "Validation successful for CategoryMapper_pg-02-select-getCategoryList.xml" || echo "Validation failed for CategoryMapper_pg-02-select-getCategoryList.xml"
[0m ⋮ 
 ↳ [38;5;12mPurpose: [0mValidating the second converted XML file using xmllint

Validation successful for CategoryMapper_pg-02-select-getCategoryList.xml

 ⋮ 
[38;5;10m[1m ● Completed in 0.3s[39m
[0m[0m
[0m[0m
[38;5;13m🛠️  Using tool: fs_write[38;5;2m (trusted)[39m[39m
 ⋮ 
 ● Path: [38;5;10mApplication/jpetstore-6/Transform/logs/mapper/CategoryMapper_orcl/status.txt[0m

[48;2;79;40;40m[39m- 4   [39m:[39m[48;2;36;25;28m [38;2;192;197;206mStep 4: In Progress[K
[0m[48;2;40;67;43m[39m+    4[39m:[39m[48;2;24;38;30m [38;2;192;197;206mStep 4: Completed[K
[0m[K
Updating: [38;5;10mApplication/jpetstore-6/Transform/logs/mapper/CategoryMapper_orcl/status.txt[0m

 ⋮ 
[38;5;10m[1m ● Completed in 0.0s[39m
I've completed the Oracle to PostgreSQL conversion process for the CategoryMapper files. Here's a summary of what was done:[0m[0m
[0m[0m
[38;5;13m[1m## Conversion Process Summary[0m[0m
[0m[0m
1. [1mEnvironment Setup[22m[0m[0m
   • Created the required directory structure[0m[0m
   • Initialized the status tracking file[0m[0m
[0m[0m
2. [1mStep 1: Generated list of mapper files[22m[0m[0m
   • Found 2 Oracle mapper files:[0m[0m
     • CategoryMapper_orcl-01-select-getCategory.xml[0m[0m
     • CategoryMapper_orcl-02-select-getCategoryList.xml[0m[0m
   • Created file_list.txt with these filenames[0m[0m
[0m[0m
3. [1mStep 2: Analyzed SQL for Oracle-specific features[22m[0m[0m
   • Examined both files for Oracle-specific syntax[0m[0m
   • Found no Oracle-specific features in either file[0m[0m
   • Created sql_analysis.txt with the findings[0m[0m
[0m[0m
4. [1mStep 3: Performed Oracle to PostgreSQL conversion[22m[0m[0m
   • Converted both files to PostgreSQL format[0m[0m
   • Added conversion comments with today's date[0m[0m
   • No syntax changes were needed as the queries were database-agnostic[0m[0m
   • Created conversion_summary.txt with details[0m[0m
[0m[0m
5. [1mStep 4: Validated the converted XML files[22m[0m[0m
   • Used xmllint to validate both converted files[0m[0m
   • Both files passed validation successfully[0m[0m
[0m[0m
[38;5;13m[1m## Technical Details[0m[0m
[0m[0m
The CategoryMapper files contained simple SELECT queries that didn't require any Oracle-to-PostgreSQL specific conversions. The queries were already compatible with PostgreSQL syntax. I added the standard conversion comment to document the change:[0m[0m
[0m[0m
[1mxml
[0m[38;5;10m<!-- 2025-05-29 Amazon Q Developer: Converted from Oracle to PostgreSQL -->
[0m[0m[0m
[0m[0m
All files were successfully processed and validated, and the status file has been updated to show all steps as completed.[0m[0m
[0m[0m
Would you like me to explain any specific part of the conversion process in more detail?[0m[0m
