I understand you need expert assistance with converting Oracle SQL-based MyBatis mapper files to PostgreSQL-compatible versions. Let me help you execute this task following the detailed process you've outlined.[0m[0m
[0m[0m
First, let's check if the status file exists and determine where we need to start:[0m[0m
[0m[0m
[1mTool validation failed: [0m
[38;5;9mFailed to validate tool parameters: '/home/ec2-user/environment/OMA/Application/jpetstore-6/Transform/logs/mapper/ItemMapper_orcl/status.txt' does not exist
[39mThe status file doesn't exist yet. Let's create the directory structure first and then initialize the status file:[0m[0m
[0m[0m
[38;5;13m🛠️  Using tool: execute_bash[38;5;2m (trusted)[39m[39m
 ⋮ 
 ● I will run the following shell command: 
[38;5;10mmkdir -p /home/ec2-user/environment/OMA/Application/jpetstore-6/Transform/logs/mapper/ItemMapper_orcl/extract /home/ec2-user/environment/OMA/Application/jpetstore-6/Transform/logs/mapper/ItemMapper_orcl/transform
[0m ⋮ 
 ↳ [38;5;12mPurpose: [0mCreating required directory structure


 ⋮ 
[38;5;10m[1m ● Completed in 0.2s[39m
[0m[0m
[0m[0m
[38;5;13m🛠️  Using tool: fs_write[38;5;2m (trusted)[39m[39m
 ⋮ 
 ● Path: [38;5;10m/home/ec2-user/environment/OMA/Application/jpetstore-6/Transform/logs/mapper/ItemMapper_orcl/status.txt[0m

[48;2;40;67;43m[39m+    1[39m:[39m[48;2;24;38;30m [38;2;192;197;206mStep 1: Not Started[K
[0m[48;2;40;67;43m[39m+    2[39m:[39m[48;2;24;38;30m [38;2;192;197;206mStep 2: Not Started[K
[0m[48;2;40;67;43m[39m+    3[39m:[39m[48;2;24;38;30m [38;2;192;197;206mStep 3: Not Started[K
[0m[48;2;40;67;43m[39m+    4[39m:[39m[48;2;24;38;30m [38;2;192;197;206mStep 4: Not Started[K
[0m[K
Creating: [38;5;10m/home/ec2-user/environment/OMA/Application/jpetstore-6/Transform/logs/mapper/ItemMapper_orcl/status.txt[0m

 ⋮ 
[38;5;10m[1m ● Completed in 0.0s[39m
[0m[0m
[0m[0m
Now let's start with Step 1 - Generating the list of mapper files to be converted:[0m[0m
[0m[0m
[38;5;13m🛠️  Using tool: fs_write[38;5;2m (trusted)[39m[39m
 ⋮ 
 ● Path: [38;5;10mApplication/jpetstore-6/Transform/logs/mapper/ItemMapper_orcl/status.txt[0m

[48;2;79;40;40m[39m- 1   [39m:[39m[48;2;36;25;28m [38;2;192;197;206mStep 1: Not Started[K
[0m[48;2;40;67;43m[39m+    1[39m:[39m[48;2;24;38;30m [38;2;192;197;206mStep 1: In Progress[K
[0m[K
Updating: [38;5;10mApplication/jpetstore-6/Transform/logs/mapper/ItemMapper_orcl/status.txt[0m

 ⋮ 
[38;5;10m[1m ● Completed in 0.1s[39m
[0m[0m
[0m[0m
[38;5;13m🛠️  Using tool: execute_bash[38;5;2m (trusted)[39m[39m
 ⋮ 
 ● I will run the following shell command: 
[38;5;10mls -la /home/ec2-user/environment/OMA/Application/jpetstore-6/Transform/logs/mapper/ItemMapper_orcl/extract/
[0m ⋮ 
 ↳ [38;5;12mPurpose: [0mChecking for Oracle mapper files in extract directory

total 32
drwxrwxr-x. 2 ec2-user ec2-user 16384 May 29 19:06 .
drwxrwxr-x. 4 ec2-user ec2-user    56 May 29 19:07 ..
-rw-rw-r--. 1 ec2-user ec2-user   849 May 29 19:06 ItemMapper_orcl-01-select-getItemListByProduct.xml
-rw-rw-r--. 1 ec2-user ec2-user   920 May 29 19:06 ItemMapper_orcl-02-select-getItem.xml
-rw-rw-r--. 1 ec2-user ec2-user   375 May 29 19:06 ItemMapper_orcl-03-select-getInventoryQuantity.xml
-rw-rw-r--. 1 ec2-user ec2-user   354 May 29 19:06 ItemMapper_orcl-04-update-updateInventoryQuantity.xml

 ⋮ 
[38;5;10m[1m ● Completed in 0.3s[39m
[0m[0m
[0m[0m
[38;5;13m🛠️  Using tool: execute_bash[38;5;2m (trusted)[39m[39m
 ⋮ 
 ● I will run the following shell command: 
[38;5;10mcd /home/ec2-user/environment/OMA/Application/jpetstore-6/Transform/logs/mapper/ItemMapper_orcl/extract/ && ls *_orcl*.xml | sort > ../file_list.txt
[0m ⋮ 
 ↳ [38;5;12mPurpose: [0mGenerating list of Oracle mapper files


 ⋮ 
[38;5;10m[1m ● Completed in 0.3s[39m
[0m[0m
[0m[0m
[38;5;13m🛠️  Using tool: fs_read[38;5;2m (trusted)[39m[39m
 ⋮ 
 ● Reading file: [38;5;10m/home/ec2-user/environment/OMA/Application/jpetstore-6/Transform/logs/mapper/ItemMapper_orcl/file_list.txt[0m, all lines
 ⋮ 
[38;5;10m[1m ● Completed in 0.0s[39m
[0m[0m
[0m[0m
[38;5;13m🛠️  Using tool: fs_write[38;5;2m (trusted)[39m[39m
 ⋮ 
 ● Path: [38;5;10mApplication/jpetstore-6/Transform/logs/mapper/ItemMapper_orcl/status.txt[0m

[48;2;79;40;40m[39m- 1   [39m:[39m[48;2;36;25;28m [38;2;192;197;206mStep 1: In Progress[K
[0m[48;2;40;67;43m[39m+    1[39m:[39m[48;2;24;38;30m [38;2;192;197;206mStep 1: Completed[K
[0m[K
Updating: [38;5;10mApplication/jpetstore-6/Transform/logs/mapper/ItemMapper_orcl/status.txt[0m

 ⋮ 
[38;5;10m[1m ● Completed in 0.0s[39m
[0m[0m
[0m[0m
[38;5;13m🛠️  Using tool: fs_write[38;5;2m (trusted)[39m[39m
 ⋮ 
 ● Path: [38;5;10mApplication/jpetstore-6/Transform/logs/mapper/ItemMapper_orcl/status.txt[0m

[48;2;79;40;40m[39m- 2   [39m:[39m[48;2;36;25;28m [38;2;192;197;206mStep 2: Not Started[K
[0m[48;2;40;67;43m[39m+    2[39m:[39m[48;2;24;38;30m [38;2;192;197;206mStep 2: In Progress[K
[0m[K
Updating: [38;5;10mApplication/jpetstore-6/Transform/logs/mapper/ItemMapper_orcl/status.txt[0m

 ⋮ 
[38;5;10m[1m ● Completed in 0.0s[39m
Now let's proceed with Step 2 - Analyzing SQL for Oracle-specific features:[0m[0m
[0m[0m
[38;5;13m🛠️  Using tool: fs_read[38;5;2m (trusted)[39m[39m
 ⋮ 
 ● Reading file: [38;5;10m/home/ec2-user/environment/OMA/Application/jpetstore-6/Transform/logs/mapper/ItemMapper_orcl/extract/ItemMapper_orcl-01-select-getItemListByProduct.xml[0m, all lines
 ⋮ 
[38;5;10m[1m ● Completed in 0.0s[39m
[0m[0m
[0m[0m
[38;5;13m🛠️  Using tool: fs_read[38;5;2m (trusted)[39m[39m
 ⋮ 
 ● Reading file: [38;5;10m/home/ec2-user/environment/OMA/Application/jpetstore-6/Transform/logs/mapper/ItemMapper_orcl/extract/ItemMapper_orcl-02-select-getItem.xml[0m, all lines
 ⋮ 
[38;5;10m[1m ● Completed in 0.0s[39m
[0m[0m
[0m[0m
[38;5;13m🛠️  Using tool: fs_read[38;5;2m (trusted)[39m[39m
 ⋮ 
 ● Reading file: [38;5;10m/home/ec2-user/environment/OMA/Application/jpetstore-6/Transform/logs/mapper/ItemMapper_orcl/extract/ItemMapper_orcl-03-select-getInventoryQuantity.xml[0m, all lines
 ⋮ 
[38;5;10m[1m ● Completed in 0.0s[39m
[0m[0m
[0m[0m
[38;5;13m🛠️  Using tool: fs_read[38;5;2m (trusted)[39m[39m
 ⋮ 
 ● Reading file: [38;5;10m/home/ec2-user/environment/OMA/Application/jpetstore-6/Transform/logs/mapper/ItemMapper_orcl/extract/ItemMapper_orcl-04-update-updateInventoryQuantity.xml[0m, all lines
 ⋮ 
[38;5;10m[1m ● Completed in 0.0s[39m
[0m[0m
[0m[0m
[38;5;13m🛠️  Using tool: fs_write[38;5;2m (trusted)[39m[39m
 ⋮ 
 ● Path: [38;5;10m/home/ec2-user/environment/OMA/Application/jpetstore-6/Transform/logs/mapper/ItemMapper_orcl/sql_analysis.txt[0m

[48;2;40;67;43m[39m+     1[39m:[39m[48;2;24;38;30m [38;2;192;197;206mSQL Analysis Results:[K
[0m[48;2;40;67;43m[39m+     2[39m:[39m[48;2;24;38;30m [K
[0m[48;2;40;67;43m[39m+     3[39m:[39m[48;2;24;38;30m [38;2;192;197;206m1. getItemListByProduct:[K
[0m[48;2;40;67;43m[39m+     4[39m:[39m[48;2;24;38;30m [38;2;192;197;206m  - Type: SELECT query[K
[0m[48;2;40;67;43m[39m+     5[39m:[39m[48;2;24;38;30m [38;2;192;197;206m  - Contains: Simple join between ITEM and PRODUCT tables[K
[0m[48;2;40;67;43m[39m+     6[39m:[39m[48;2;24;38;30m [38;2;192;197;206m  - Oracle-specific features: None[K
[0m[48;2;40;67;43m[39m+     7[39m:[39m[48;2;24;38;30m [38;2;192;197;206m  - Conversion needed: No[K
[0m[48;2;40;67;43m[39m+     8[39m:[39m[48;2;24;38;30m [K
[0m[48;2;40;67;43m[39m+     9[39m:[39m[48;2;24;38;30m [38;2;192;197;206m2. getItem:[K
[0m[48;2;40;67;43m[39m+    10[39m:[39m[48;2;24;38;30m [38;2;192;197;206m  - Type: SELECT query[K
[0m[48;2;40;67;43m[39m+    11[39m:[39m[48;2;24;38;30m [38;2;192;197;206m  - Contains: Join between ITEM, INVENTORY, and PRODUCT tables[K
[0m[48;2;40;67;43m[39m+    12[39m:[39m[48;2;24;38;30m [38;2;192;197;206m  - Oracle-specific features: None[K
[0m[48;2;40;67;43m[39m+    13[39m:[39m[48;2;24;38;30m [38;2;192;197;206m  - Conversion needed: No[K
[0m[48;2;40;67;43m[39m+    14[39m:[39m[48;2;24;38;30m [K
[0m[48;2;40;67;43m[39m+    15[39m:[39m[48;2;24;38;30m [38;2;192;197;206m3. getInventoryQuantity:[K
[0m[48;2;40;67;43m[39m+    16[39m:[39m[48;2;24;38;30m [38;2;192;197;206m  - Type: SELECT query[K
[0m[48;2;40;67;43m[39m+    17[39m:[39m[48;2;24;38;30m [38;2;192;197;206m  - Contains: Simple select from INVENTORY table[K
[0m[48;2;40;67;43m[39m+    18[39m:[39m[48;2;24;38;30m [38;2;192;197;206m  - Oracle-specific features: None[K
[0m[48;2;40;67;43m[39m+    19[39m:[39m[48;2;24;38;30m [38;2;192;197;206m  - Conversion needed: No[K
[0m[48;2;40;67;43m[39m+    20[39m:[39m[48;2;24;38;30m [K
[0m[48;2;40;67;43m[39m+    21[39m:[39m[48;2;24;38;30m [38;2;192;197;206m4. updateInventoryQuantity:[K
[0m[48;2;40;67;43m[39m+    22[39m:[39m[48;2;24;38;30m [38;2;192;197;206m  - Type: UPDATE query[K
[0m[48;2;40;67;43m[39m+    23[39m:[39m[48;2;24;38;30m [38;2;192;197;206m  - Contains: Simple update to INVENTORY table[K
[0m[48;2;40;67;43m[39m+    24[39m:[39m[48;2;24;38;30m [38;2;192;197;206m  - Oracle-specific features: None[K
[0m[48;2;40;67;43m[39m+    25[39m:[39m[48;2;24;38;30m [38;2;192;197;206m  - Conversion needed: No[K
[0m[K
Creating: [38;5;10m/home/ec2-user/environment/OMA/Application/jpetstore-6/Transform/logs/mapper/ItemMapper_orcl/sql_analysis.txt[0m

 ⋮ 
[38;5;10m[1m ● Completed in 0.0s[39m
[0m[0m
[0m[0m
[38;5;13m🛠️  Using tool: fs_write[38;5;2m (trusted)[39m[39m
 ⋮ 
 ● Path: [38;5;10mApplication/jpetstore-6/Transform/logs/mapper/ItemMapper_orcl/status.txt[0m

[48;2;79;40;40m[39m- 2   [39m:[39m[48;2;36;25;28m [38;2;192;197;206mStep 2: In Progress[K
[0m[48;2;40;67;43m[39m+    2[39m:[39m[48;2;24;38;30m [38;2;192;197;206mStep 2: Completed[K
[0m[K
Updating: [38;5;10mApplication/jpetstore-6/Transform/logs/mapper/ItemMapper_orcl/status.txt[0m

 ⋮ 
[38;5;10m[1m ● Completed in 0.0s[39m
[0m[0m
[0m[0m
[38;5;13m🛠️  Using tool: fs_write[38;5;2m (trusted)[39m[39m
 ⋮ 
 ● Path: [38;5;10mApplication/jpetstore-6/Transform/logs/mapper/ItemMapper_orcl/status.txt[0m

[48;2;79;40;40m[39m- 3   [39m:[39m[48;2;36;25;28m [38;2;192;197;206mStep 3: Not Started[K
[0m[48;2;40;67;43m[39m+    3[39m:[39m[48;2;24;38;30m [38;2;192;197;206mStep 3: In Progress[K
[0m[K
Updating: [38;5;10mApplication/jpetstore-6/Transform/logs/mapper/ItemMapper_orcl/status.txt[0m

 ⋮ 
[38;5;10m[1m ● Completed in 0.0s[39m
[0m[0m
[0m[0m
[38;5;13m🛠️  Using tool: fs_write[38;5;2m (trusted)[39m[39m
 ⋮ 
 ● Path: [38;5;10m/home/ec2-user/environment/OMA/Application/jpetstore-6/Transform/logs/mapper/ItemMapper_orcl/transform/ItemMapper_pg-01-select-getItemListByProduct.xml[0m

[48;2;40;67;43m[39m+     1[39m:[39m[48;2;24;38;30m [38;2;192;197;206m<?[38;2;191;97;106mxml[38;2;192;197;206m [38;2;208;135;112mversion[38;2;192;197;206m=[38;2;192;197;206m"[38;2;163;190;140m1.0[38;2;192;197;206m"[38;2;192;197;206m [38;2;208;135;112mencoding[38;2;192;197;206m=[38;2;192;197;206m"[38;2;163;190;140mUTF-8[38;2;192;197;206m"[38;2;192;197;206m?>[K
[0m[48;2;40;67;43m[39m+     2[39m:[39m[48;2;24;38;30m [38;2;192;197;206m<![38;2;180;142;173mDOCTYPE[38;2;192;197;206m [38;2;191;97;106mmapper[38;2;192;197;206m PUBLIC "-//mybatis.org//DTD Mapper 3.0//EN"[K
[0m[48;2;40;67;43m[39m+     3[39m:[39m[48;2;24;38;30m [38;2;192;197;206m"http://mybatis.org/dtd/mybatis-3-mapper.dtd"[38;2;192;197;206m>[K
[0m[48;2;40;67;43m[39m+     4[39m:[39m[48;2;24;38;30m [38;2;192;197;206m<[38;2;191;97;106mmapper[38;2;192;197;206m [38;2;208;135;112mnamespace[38;2;192;197;206m=[38;2;192;197;206m"[38;2;163;190;140morg.mybatis.jpetstore.mapper.ItemMapper[38;2;192;197;206m"[38;2;192;197;206m>[K
[0m[48;2;40;67;43m[39m+     5[39m:[39m[48;2;24;38;30m [K
[0m[48;2;40;67;43m[39m+     6[39m:[39m[48;2;24;38;30m [38;2;101;115;126m<!--[38;2;101;115;126m 2025-05-29 Amazon Q Developer : Converted from Oracle to PostgreSQL [38;2;101;115;126m-->[K
[0m[48;2;40;67;43m[39m+     7[39m:[39m[48;2;24;38;30m [38;2;192;197;206m<[38;2;191;97;106mselect[38;2;192;197;206m [38;2;208;135;112mid[38;2;192;197;206m=[38;2;192;197;206m"[38;2;163;190;140mgetItemListByProduct[38;2;192;197;206m"[38;2;192;197;206m [38;2;208;135;112mresultType[38;2;192;197;206m=[38;2;192;197;206m"[38;2;163;190;140mItem[38;2;192;197;206m"[38;2;192;197;206m>[K
[0m[48;2;40;67;43m[39m+     8[39m:[39m[48;2;24;38;30m [38;2;192;197;206m    SELECT[K
[0m[48;2;40;67;43m[39m+     9[39m:[39m[48;2;24;38;30m [38;2;192;197;206m      ITEM.ITEMID,[K
[0m[48;2;40;67;43m[39m+    10[39m:[39m[48;2;24;38;30m [38;2;192;197;206m      ITEM.LISTPRICE,[K
[0m[48;2;40;67;43m[39m+    11[39m:[39m[48;2;24;38;30m [38;2;192;197;206m      ITEM.UNITCOST,[K
[0m[48;2;40;67;43m[39m+    12[39m:[39m[48;2;24;38;30m [38;2;192;197;206m      ITEM.SUPPLIER AS supplierId,[K
[0m[48;2;40;67;43m[39m+    13[39m:[39m[48;2;24;38;30m [38;2;192;197;206m      ITEM.PRODUCTID AS "product.productId",[K
[0m[48;2;40;67;43m[39m+    14[39m:[39m[48;2;24;38;30m [38;2;192;197;206m      PRODUCT.NAME AS "product.name",[K
[0m[48;2;40;67;43m[39m+    15[39m:[39m[48;2;24;38;30m [38;2;192;197;206m      PRODUCT.DESCN AS "product.description",[K
[0m[48;2;40;67;43m[39m+    16[39m:[39m[48;2;24;38;30m [38;2;192;197;206m      PRODUCT.CATEGORY AS "product.categoryId",[K
[0m[48;2;40;67;43m[39m+    17[39m:[39m[48;2;24;38;30m [38;2;192;197;206m      ITEM.STATUS,[K
[0m[48;2;40;67;43m[39m+    18[39m:[39m[48;2;24;38;30m [38;2;192;197;206m      ITEM.ATTR1 AS attribute1,[K
[0m[48;2;40;67;43m[39m+    19[39m:[39m[48;2;24;38;30m [38;2;192;197;206m      ITEM.ATTR2 AS attribute2,[K
[0m[48;2;40;67;43m[39m+    20[39m:[39m[48;2;24;38;30m [38;2;192;197;206m      ITEM.ATTR3 AS attribute3,[K
[0m[48;2;40;67;43m[39m+    21[39m:[39m[48;2;24;38;30m [38;2;192;197;206m      ITEM.ATTR4 AS attribute4,[K
[0m[48;2;40;67;43m[39m+    22[39m:[39m[48;2;24;38;30m [38;2;192;197;206m      ITEM.ATTR5 AS attribute5[K
[0m[48;2;40;67;43m[39m+    23[39m:[39m[48;2;24;38;30m [38;2;192;197;206m    FROM ITEM, PRODUCT[K
[0m[48;2;40;67;43m[39m+    24[39m:[39m[48;2;24;38;30m [38;2;192;197;206m    WHERE PRODUCT.PRODUCTID = ITEM.PRODUCTID[K
[0m[48;2;40;67;43m[39m+    25[39m:[39m[48;2;24;38;30m [38;2;192;197;206m    AND ITEM.PRODUCTID = #{value}[K
[0m[48;2;40;67;43m[39m+    26[39m:[39m[48;2;24;38;30m [38;2;192;197;206m  [38;2;192;197;206m</[38;2;191;97;106mselect[38;2;192;197;206m>[K
[0m[48;2;40;67;43m[39m+    27[39m:[39m[48;2;24;38;30m [38;2;192;197;206m</[38;2;191;97;106mmapper[38;2;192;197;206m>[K
[0m[K
Creating: [38;5;10m/home/ec2-user/environment/OMA/Application/jpetstore-6/Transform/logs/mapper/ItemMapper_orcl/transform/ItemMapper_pg-01-select-getItemListByProduct.xml[0m

 ⋮ 
[38;5;10m[1m ● Completed in 0.0s[39m
[0m[0m
[0m[0m
[38;5;13m🛠️  Using tool: fs_write[38;5;2m (trusted)[39m[39m
 ⋮ 
 ● Path: [38;5;10m/home/ec2-user/environment/OMA/Application/jpetstore-6/Transform/logs/mapper/ItemMapper_orcl/transform/ItemMapper_pg-02-select-getItem.xml[0m

[48;2;40;67;43m[39m+     1[39m:[39m[48;2;24;38;30m [38;2;192;197;206m<?[38;2;191;97;106mxml[38;2;192;197;206m [38;2;208;135;112mversion[38;2;192;197;206m=[38;2;192;197;206m"[38;2;163;190;140m1.0[38;2;192;197;206m"[38;2;192;197;206m [38;2;208;135;112mencoding[38;2;192;197;206m=[38;2;192;197;206m"[38;2;163;190;140mUTF-8[38;2;192;197;206m"[38;2;192;197;206m?>[K
[0m[48;2;40;67;43m[39m+     2[39m:[39m[48;2;24;38;30m [38;2;192;197;206m<![38;2;180;142;173mDOCTYPE[38;2;192;197;206m [38;2;191;97;106mmapper[38;2;192;197;206m PUBLIC "-//mybatis.org//DTD Mapper 3.0//EN"[K
[0m[48;2;40;67;43m[39m+     3[39m:[39m[48;2;24;38;30m [38;2;192;197;206m"http://mybatis.org/dtd/mybatis-3-mapper.dtd"[38;2;192;197;206m>[K
[0m[48;2;40;67;43m[39m+     4[39m:[39m[48;2;24;38;30m [38;2;192;197;206m<[38;2;191;97;106mmapper[38;2;192;197;206m [38;2;208;135;112mnamespace[38;2;192;197;206m=[38;2;192;197;206m"[38;2;163;190;140morg.mybatis.jpetstore.mapper.ItemMapper[38;2;192;197;206m"[38;2;192;197;206m>[K
[0m[48;2;40;67;43m[39m+     5[39m:[39m[48;2;24;38;30m [K
[0m[48;2;40;67;43m[39m+     6[39m:[39m[48;2;24;38;30m [38;2;101;115;126m<!--[38;2;101;115;126m 2025-05-29 Amazon Q Developer : Converted from Oracle to PostgreSQL [38;2;101;115;126m-->[K
[0m[48;2;40;67;43m[39m+     7[39m:[39m[48;2;24;38;30m [38;2;192;197;206m<[38;2;191;97;106mselect[38;2;192;197;206m [38;2;208;135;112mid[38;2;192;197;206m=[38;2;192;197;206m"[38;2;163;190;140mgetItem[38;2;192;197;206m"[38;2;192;197;206m [38;2;208;135;112mresultType[38;2;192;197;206m=[38;2;192;197;206m"[38;2;163;190;140mItem[38;2;192;197;206m"[38;2;192;197;206m>[K
[0m[48;2;40;67;43m[39m+     8[39m:[39m[48;2;24;38;30m [38;2;192;197;206m    SELECT[K
[0m[48;2;40;67;43m[39m+     9[39m:[39m[48;2;24;38;30m [38;2;192;197;206m      ITEM.ITEMID,[K
[0m[48;2;40;67;43m[39m+    10[39m:[39m[48;2;24;38;30m [38;2;192;197;206m      ITEM.LISTPRICE,[K
[0m[48;2;40;67;43m[39m+    11[39m:[39m[48;2;24;38;30m [38;2;192;197;206m      ITEM.UNITCOST,[K
[0m[48;2;40;67;43m[39m+    12[39m:[39m[48;2;24;38;30m [38;2;192;197;206m      ITEM.SUPPLIER AS supplierId,[K
[0m[48;2;40;67;43m[39m+    13[39m:[39m[48;2;24;38;30m [38;2;192;197;206m      ITEM.PRODUCTID AS "product.productId",[K
[0m[48;2;40;67;43m[39m+    14[39m:[39m[48;2;24;38;30m [38;2;192;197;206m      PRODUCT.NAME AS "product.name",[K
[0m[48;2;40;67;43m[39m+    15[39m:[39m[48;2;24;38;30m [38;2;192;197;206m      PRODUCT.DESCN AS "product.description",[K
[0m[48;2;40;67;43m[39m+    16[39m:[39m[48;2;24;38;30m [38;2;192;197;206m      PRODUCT.CATEGORY AS "product.categoryId",[K
[0m[48;2;40;67;43m[39m+    17[39m:[39m[48;2;24;38;30m [38;2;192;197;206m      ITEM.STATUS,[K
[0m[48;2;40;67;43m[39m+    18[39m:[39m[48;2;24;38;30m [38;2;192;197;206m      ITEM.ATTR1 AS attribute1,[K
[0m[48;2;40;67;43m[39m+    19[39m:[39m[48;2;24;38;30m [38;2;192;197;206m      ITEM.ATTR2 AS attribute2,[K
[0m[48;2;40;67;43m[39m+    20[39m:[39m[48;2;24;38;30m [38;2;192;197;206m      ITEM.ATTR3 AS attribute3,[K
[0m[48;2;40;67;43m[39m+    21[39m:[39m[48;2;24;38;30m [38;2;192;197;206m      ITEM.ATTR4 AS attribute4,[K
[0m[48;2;40;67;43m[39m+    22[39m:[39m[48;2;24;38;30m [38;2;192;197;206m      ITEM.ATTR5 AS attribute5,[K
[0m[48;2;40;67;43m[39m+    23[39m:[39m[48;2;24;38;30m [38;2;192;197;206m      INVENTORY.QTY AS quantity[K
[0m[48;2;40;67;43m[39m+    24[39m:[39m[48;2;24;38;30m [38;2;192;197;206m    FROM ITEM, INVENTORY, PRODUCT[K
[0m[48;2;40;67;43m[39m+    25[39m:[39m[48;2;24;38;30m [38;2;192;197;206m    WHERE PRODUCT.PRODUCTID = ITEM.PRODUCTID[K
[0m[48;2;40;67;43m[39m+    26[39m:[39m[48;2;24;38;30m [38;2;192;197;206m      AND ITEM.ITEMID = INVENTORY.ITEMID[K
[0m[48;2;40;67;43m[39m+    27[39m:[39m[48;2;24;38;30m [38;2;192;197;206m      AND ITEM.ITEMID = #{value}[K
[0m[48;2;40;67;43m[39m+    28[39m:[39m[48;2;24;38;30m [38;2;192;197;206m  [38;2;192;197;206m</[38;2;191;97;106mselect[38;2;192;197;206m>[K
[0m[48;2;40;67;43m[39m+    29[39m:[39m[48;2;24;38;30m [38;2;192;197;206m</[38;2;191;97;106mmapper[38;2;192;197;206m>[K
[0m[K
Creating: [38;5;10m/home/ec2-user/environment/OMA/Application/jpetstore-6/Transform/logs/mapper/ItemMapper_orcl/transform/ItemMapper_pg-02-select-getItem.xml[0m

 ⋮ 
[38;5;10m[1m ● Completed in 0.0s[39m
[0m[0m
[0m[0m
[38;5;13m🛠️  Using tool: fs_write[38;5;2m (trusted)[39m[39m
 ⋮ 
 ● Path: [38;5;10m/home/ec2-user/environment/OMA/Application/jpetstore-6/Transform/logs/mapper/ItemMapper_orcl/transform/ItemMapper_pg-03-select-getInventoryQuantity.xml[0m

[48;2;40;67;43m[39m+     1[39m:[39m[48;2;24;38;30m [38;2;192;197;206m<?[38;2;191;97;106mxml[38;2;192;197;206m [38;2;208;135;112mversion[38;2;192;197;206m=[38;2;192;197;206m"[38;2;163;190;140m1.0[38;2;192;197;206m"[38;2;192;197;206m [38;2;208;135;112mencoding[38;2;192;197;206m=[38;2;192;197;206m"[38;2;163;190;140mUTF-8[38;2;192;197;206m"[38;2;192;197;206m?>[K
[0m[48;2;40;67;43m[39m+     2[39m:[39m[48;2;24;38;30m [38;2;192;197;206m<![38;2;180;142;173mDOCTYPE[38;2;192;197;206m [38;2;191;97;106mmapper[38;2;192;197;206m PUBLIC "-//mybatis.org//DTD Mapper 3.0//EN"[K
[0m[48;2;40;67;43m[39m+     3[39m:[39m[48;2;24;38;30m [38;2;192;197;206m"http://mybatis.org/dtd/mybatis-3-mapper.dtd"[38;2;192;197;206m>[K
[0m[48;2;40;67;43m[39m+     4[39m:[39m[48;2;24;38;30m [38;2;192;197;206m<[38;2;191;97;106mmapper[38;2;192;197;206m [38;2;208;135;112mnamespace[38;2;192;197;206m=[38;2;192;197;206m"[38;2;163;190;140morg.mybatis.jpetstore.mapper.ItemMapper[38;2;192;197;206m"[38;2;192;197;206m>[K
[0m[48;2;40;67;43m[39m+     5[39m:[39m[48;2;24;38;30m [K
[0m[48;2;40;67;43m[39m+     6[39m:[39m[48;2;24;38;30m [38;2;101;115;126m<!--[38;2;101;115;126m 2025-05-29 Amazon Q Developer : Converted from Oracle to PostgreSQL [38;2;101;115;126m-->[K
[0m[48;2;40;67;43m[39m+     7[39m:[39m[48;2;24;38;30m [38;2;192;197;206m<[38;2;191;97;106mselect[38;2;192;197;206m [38;2;208;135;112mid[38;2;192;197;206m=[38;2;192;197;206m"[38;2;163;190;140mgetInventoryQuantity[38;2;192;197;206m"[38;2;192;197;206m [38;2;208;135;112mresultType[38;2;192;197;206m=[38;2;192;197;206m"[38;2;163;190;140mint[38;2;192;197;206m"[38;2;192;197;206m>[K
[0m[48;2;40;67;43m[39m+     8[39m:[39m[48;2;24;38;30m [38;2;192;197;206m    SELECT INVENTORY.QTY AS value[K
[0m[48;2;40;67;43m[39m+     9[39m:[39m[48;2;24;38;30m [38;2;192;197;206m    FROM INVENTORY[K
[0m[48;2;40;67;43m[39m+    10[39m:[39m[48;2;24;38;30m [38;2;192;197;206m    WHERE INVENTORY.ITEMID = #{itemId}[K
[0m[48;2;40;67;43m[39m+    11[39m:[39m[48;2;24;38;30m [38;2;192;197;206m  [38;2;192;197;206m</[38;2;191;97;106mselect[38;2;192;197;206m>[K
[0m[48;2;40;67;43m[39m+    12[39m:[39m[48;2;24;38;30m [38;2;192;197;206m</[38;2;191;97;106mmapper[38;2;192;197;206m>[K
[0m[K
Creating: [38;5;10m/home/ec2-user/environment/OMA/Application/jpetstore-6/Transform/logs/mapper/ItemMapper_orcl/transform/ItemMapper_pg-03-select-getInventoryQuantity.xml[0m

 ⋮ 
[38;5;10m[1m ● Completed in 0.0s[39m
[0m[0m
[0m[0m
[38;5;13m🛠️  Using tool: fs_write[38;5;2m (trusted)[39m[39m
 ⋮ 
 ● Path: [38;5;10m/home/ec2-user/environment/OMA/Application/jpetstore-6/Transform/logs/mapper/ItemMapper_orcl/transform/ItemMapper_pg-04-update-updateInventoryQuantity.xml[0m

[48;2;40;67;43m[39m+     1[39m:[39m[48;2;24;38;30m [38;2;192;197;206m<?[38;2;191;97;106mxml[38;2;192;197;206m [38;2;208;135;112mversion[38;2;192;197;206m=[38;2;192;197;206m"[38;2;163;190;140m1.0[38;2;192;197;206m"[38;2;192;197;206m [38;2;208;135;112mencoding[38;2;192;197;206m=[38;2;192;197;206m"[38;2;163;190;140mUTF-8[38;2;192;197;206m"[38;2;192;197;206m?>[K
[0m[48;2;40;67;43m[39m+     2[39m:[39m[48;2;24;38;30m [38;2;192;197;206m<![38;2;180;142;173mDOCTYPE[38;2;192;197;206m [38;2;191;97;106mmapper[38;2;192;197;206m PUBLIC "-//mybatis.org//DTD Mapper 3.0//EN"[K
[0m[48;2;40;67;43m[39m+     3[39m:[39m[48;2;24;38;30m [38;2;192;197;206m"http://mybatis.org/dtd/mybatis-3-mapper.dtd"[38;2;192;197;206m>[K
[0m[48;2;40;67;43m[39m+     4[39m:[39m[48;2;24;38;30m [38;2;192;197;206m<[38;2;191;97;106mmapper[38;2;192;197;206m [38;2;208;135;112mnamespace[38;2;192;197;206m=[38;2;192;197;206m"[38;2;163;190;140morg.mybatis.jpetstore.mapper.ItemMapper[38;2;192;197;206m"[38;2;192;197;206m>[K
[0m[48;2;40;67;43m[39m+     5[39m:[39m[48;2;24;38;30m [K
[0m[48;2;40;67;43m[39m+     6[39m:[39m[48;2;24;38;30m [38;2;101;115;126m<!--[38;2;101;115;126m 2025-05-29 Amazon Q Developer : Converted from Oracle to PostgreSQL [38;2;101;115;126m-->[K
[0m[48;2;40;67;43m[39m+     7[39m:[39m[48;2;24;38;30m [38;2;192;197;206m<[38;2;191;97;106mupdate[38;2;192;197;206m [38;2;208;135;112mid[38;2;192;197;206m=[38;2;192;197;206m"[38;2;163;190;140mupdateInventoryQuantity[38;2;192;197;206m"[38;2;192;197;206m>[K
[0m[48;2;40;67;43m[39m+     8[39m:[39m[48;2;24;38;30m [38;2;192;197;206m    UPDATE INVENTORY SET[K
[0m[48;2;40;67;43m[39m+     9[39m:[39m[48;2;24;38;30m [38;2;192;197;206m      QTY = QTY - #{increment}[K
[0m[48;2;40;67;43m[39m+    10[39m:[39m[48;2;24;38;30m [38;2;192;197;206m    WHERE ITEMID = #{itemId}[K
[0m[48;2;40;67;43m[39m+    11[39m:[39m[48;2;24;38;30m [38;2;192;197;206m  [38;2;192;197;206m</[38;2;191;97;106mupdate[38;2;192;197;206m>[K
[0m[48;2;40;67;43m[39m+    12[39m:[39m[48;2;24;38;30m [38;2;192;197;206m</[38;2;191;97;106mmapper[38;2;192;197;206m>[K
[0m[K
Creating: [38;5;10m/home/ec2-user/environment/OMA/Application/jpetstore-6/Transform/logs/mapper/ItemMapper_orcl/transform/ItemMapper_pg-04-update-updateInventoryQuantity.xml[0m

 ⋮ 
[38;5;10m[1m ● Completed in 0.0s[39m
[0m[0m
[0m[0m
[38;5;13m🛠️  Using tool: fs_write[38;5;2m (trusted)[39m[39m
 ⋮ 
 ● Path: [38;5;10m/home/ec2-user/environment/OMA/Application/jpetstore-6/Transform/logs/mapper/ItemMapper_orcl/conversion_summary.txt[0m

[48;2;40;67;43m[39m+     1[39m:[39m[48;2;24;38;30m [38;2;192;197;206mConversion Summary:[K
[0m[48;2;40;67;43m[39m+     2[39m:[39m[48;2;24;38;30m [K
[0m[48;2;40;67;43m[39m+     3[39m:[39m[48;2;24;38;30m [38;2;192;197;206mDate: 2025-05-29[K
[0m[48;2;40;67;43m[39m+     4[39m:[39m[48;2;24;38;30m [38;2;192;197;206mFiles Processed: 4[K
[0m[48;2;40;67;43m[39m+     5[39m:[39m[48;2;24;38;30m [38;2;192;197;206mFiles Successfully Converted: 4[K
[0m[48;2;40;67;43m[39m+     6[39m:[39m[48;2;24;38;30m [38;2;192;197;206mFiles with Errors: 0[K
[0m[48;2;40;67;43m[39m+     7[39m:[39m[48;2;24;38;30m [K
[0m[48;2;40;67;43m[39m+     8[39m:[39m[48;2;24;38;30m [38;2;192;197;206mConversion Details:[K
[0m[48;2;40;67;43m[39m+     9[39m:[39m[48;2;24;38;30m [38;2;192;197;206m1. ItemMapper_orcl-01-select-getItemListByProduct.xml → ItemMapper_pg-01-select-getItemListByProduct.xml[K
[0m[48;2;40;67;43m[39m+    10[39m:[39m[48;2;24;38;30m [38;2;192;197;206m   - No Oracle-specific features found[K
[0m[48;2;40;67;43m[39m+    11[39m:[39m[48;2;24;38;30m [38;2;192;197;206m   - Added conversion comment[K
[0m[48;2;40;67;43m[39m+    12[39m:[39m[48;2;24;38;30m [K
[0m[48;2;40;67;43m[39m+    13[39m:[39m[48;2;24;38;30m [38;2;192;197;206m2. ItemMapper_orcl-02-select-getItem.xml → ItemMapper_pg-02-select-getItem.xml[K
[0m[48;2;40;67;43m[39m+    14[39m:[39m[48;2;24;38;30m [38;2;192;197;206m   - No Oracle-specific features found[K
[0m[48;2;40;67;43m[39m+    15[39m:[39m[48;2;24;38;30m [38;2;192;197;206m   - Added conversion comment[K
[0m[48;2;40;67;43m[39m+    16[39m:[39m[48;2;24;38;30m [K
[0m[48;2;40;67;43m[39m+    17[39m:[39m[48;2;24;38;30m [38;2;192;197;206m3. ItemMapper_orcl-03-select-getInventoryQuantity.xml → ItemMapper_pg-03-select-getInventoryQuantity.xml[K
[0m[48;2;40;67;43m[39m+    18[39m:[39m[48;2;24;38;30m [38;2;192;197;206m   - No Oracle-specific features found[K
[0m[48;2;40;67;43m[39m+    19[39m:[39m[48;2;24;38;30m [38;2;192;197;206m   - Added conversion comment[K
[0m[48;2;40;67;43m[39m+    20[39m:[39m[48;2;24;38;30m [K
[0m[48;2;40;67;43m[39m+    21[39m:[39m[48;2;24;38;30m [38;2;192;197;206m4. ItemMapper_orcl-04-update-updateInventoryQuantity.xml → ItemMapper_pg-04-update-updateInventoryQuantity.xml[K
[0m[48;2;40;67;43m[39m+    22[39m:[39m[48;2;24;38;30m [38;2;192;197;206m   - No Oracle-specific features found[K
[0m[48;2;40;67;43m[39m+    23[39m:[39m[48;2;24;38;30m [38;2;192;197;206m   - Added conversion comment[K
[0m[48;2;40;67;43m[39m+    24[39m:[39m[48;2;24;38;30m [K
[0m[48;2;40;67;43m[39m+    25[39m:[39m[48;2;24;38;30m [38;2;192;197;206mNotes:[K
[0m[48;2;40;67;43m[39m+    26[39m:[39m[48;2;24;38;30m [38;2;192;197;206m- All queries were standard SQL compatible with both Oracle and PostgreSQL[K
[0m[48;2;40;67;43m[39m+    27[39m:[39m[48;2;24;38;30m [38;2;192;197;206m- No Oracle-specific syntax requiring conversion was found[K
[0m[48;2;40;67;43m[39m+    28[39m:[39m[48;2;24;38;30m [38;2;192;197;206m- Added standard conversion comments to all files for documentation purposes[K
[0m[K
Creating: [38;5;10m/home/ec2-user/environment/OMA/Application/jpetstore-6/Transform/logs/mapper/ItemMapper_orcl/conversion_summary.txt[0m

 ⋮ 
[38;5;10m[1m ● Completed in 0.0s[39m
[0m[0m
[0m[0m
[38;5;13m🛠️  Using tool: fs_write[38;5;2m (trusted)[39m[39m
 ⋮ 
 ● Path: [38;5;10mApplication/jpetstore-6/Transform/logs/mapper/ItemMapper_orcl/status.txt[0m

[48;2;79;40;40m[39m- 3   [39m:[39m[48;2;36;25;28m [38;2;192;197;206mStep 3: In Progress[K
[0m[48;2;40;67;43m[39m+    3[39m:[39m[48;2;24;38;30m [38;2;192;197;206mStep 3: Completed[K
[0m[K
Updating: [38;5;10mApplication/jpetstore-6/Transform/logs/mapper/ItemMapper_orcl/status.txt[0m

 ⋮ 
[38;5;10m[1m ● Completed in 0.0s[39m
[0m[0m
[0m[0m
[38;5;13m🛠️  Using tool: fs_write[38;5;2m (trusted)[39m[39m
 ⋮ 
 ● Path: [38;5;10mApplication/jpetstore-6/Transform/logs/mapper/ItemMapper_orcl/status.txt[0m

[48;2;79;40;40m[39m- 4   [39m:[39m[48;2;36;25;28m [38;2;192;197;206mStep 4: Not Started[K
[0m[48;2;40;67;43m[39m+    4[39m:[39m[48;2;24;38;30m [38;2;192;197;206mStep 4: In Progress[K
[0m[K
Updating: [38;5;10mApplication/jpetstore-6/Transform/logs/mapper/ItemMapper_orcl/status.txt[0m

 ⋮ 
[38;5;10m[1m ● Completed in 0.0s[39m
[0m[0m
[0m[0m
[38;5;13m🛠️  Using tool: execute_bash[38;5;2m (trusted)[39m[39m
 ⋮ 
 ● I will run the following shell command: 
[38;5;10mcd /home/ec2-user/environment/OMA/Application/jpetstore-6/Transform/logs/mapper/ItemMapper_orcl/transform/ && for file in *_pg*.xml; do echo "Validating $file"; xmllint --noout "$file" 2>&1; done
[0m ⋮ 
 ↳ [38;5;12mPurpose: [0mValidating converted XML files with xmllint

Validating ItemMapper_pg-01-select-getItemListByProduct.xml
Validating ItemMapper_pg-02-select-getItem.xml
Validating ItemMapper_pg-03-select-getInventoryQuantity.xml
Validating ItemMapper_pg-04-update-updateInventoryQuantity.xml

 ⋮ 
[38;5;10m[1m ● Completed in 0.7s[39m
[0m[0m
[0m[0m
[38;5;13m🛠️  Using tool: fs_write[38;5;2m (trusted)[39m[39m
 ⋮ 
 ● Path: [38;5;10mApplication/jpetstore-6/Transform/logs/mapper/ItemMapper_orcl/status.txt[0m

[48;2;79;40;40m[39m- 4   [39m:[39m[48;2;36;25;28m [38;2;192;197;206mStep 4: In Progress[K
[0m[48;2;40;67;43m[39m+    4[39m:[39m[48;2;24;38;30m [38;2;192;197;206mStep 4: Completed[K
[0m[K
Updating: [38;5;10mApplication/jpetstore-6/Transform/logs/mapper/ItemMapper_orcl/status.txt[0m

 ⋮ 
[38;5;10m[1m ● Completed in 0.0s[39m
I've successfully completed all the required steps for converting the Oracle SQL-based MyBatis mapper files to PostgreSQL-compatible versions. Here's a summary of what was accomplished:[0m[0m
[0m[0m
[38;5;13m[1m## Step 1: Generated list of mapper files to be converted[0m[0m
• Created the necessary directory structure[0m[0m
• Found 4 Oracle mapper files in the extract directory[0m[0m
• Generated file_list.txt with the sorted list of files[0m[0m
[0m[0m
[38;5;13m[1m## Step 2: Analyzed SQL for Oracle-specific features[0m[0m
• Examined all 4 mapper files for Oracle-specific SQL syntax[0m[0m
• Created sql_analysis.txt with detailed findings[0m[0m
• Determined that none of the files contained Oracle-specific features requiring conversion[0m[0m
[0m[0m
[38;5;13m[1m## Step 3: Performed Oracle to PostgreSQL conversion[0m[0m
• Converted all 4 mapper files to PostgreSQL-compatible versions[0m[0m
• Added appropriate conversion comments to each file[0m[0m
• Created a conversion_summary.txt file documenting the process[0m[0m
• All files were successfully converted without issues[0m[0m
[0m[0m
[38;5;13m[1m## Step 4: Validated converted XML files[0m[0m
• Used xmllint to verify XML syntax correctness[0m[0m
• All 4 converted files passed validation without errors[0m[0m
[0m[0m
[38;5;13m[1m### Key Observations:[0m[0m
• The original mapper files contained standard SQL that is compatible with both Oracle and PostgreSQL[0m[0m
• No Oracle-specific syntax requiring conversion was found[0m[0m
• Added standard conversion comments to all files for documentation purposes[0m[0m
• All XML files are well-formed and syntactically correct[0m[0m
[0m[0m
The conversion process is now complete, and all PostgreSQL-compatible mapper files are available in the transform directory. The status file has been updated to reflect the completion of all steps.[0m[0m
