I understand you need expert assistance with converting Oracle SQL-based MyBatis mapper files to PostgreSQL-compatible versions. Let me help you execute this task following the detailed process you've outlined.[0m[0m
[0m[0m
First, let's check if the status file exists and determine where we need to start in the conversion process.[0m[0m
[0m[0m
[1mTool validation failed: [0m
[38;5;9mFailed to validate tool parameters: '/home/ec2-user/environment/OMA/Application/jpetstore-6/Transform/logs/mapper/LineItemMapper_orcl/status.txt' does not exist
[39mThe status file doesn't exist yet. Let's create the directory structure first and then initialize the status file.[0m[0m
[0m[0m
[38;5;13m🛠️  Using tool: execute_bash[38;5;2m (trusted)[39m[39m
 ⋮ 
 ● I will run the following shell command: 
[38;5;10mmkdir -p /home/ec2-user/environment/OMA/Application/jpetstore-6/Transform/logs/mapper/LineItemMapper_orcl/{extract,transform}
[0m ⋮ 
 ↳ [38;5;12mPurpose: [0mCreating directory structure for the conversion process


 ⋮ 
[38;5;10m[1m ● Completed in 0.2s[39m
[0m[0m
[0m[0m
[38;5;13m🛠️  Using tool: fs_write[38;5;2m (trusted)[39m[39m
 ⋮ 
 ● Path: [38;5;10m/home/ec2-user/environment/OMA/Application/jpetstore-6/Transform/logs/mapper/LineItemMapper_orcl/status.txt[0m

[48;2;40;67;43m[39m+    1[39m:[39m[48;2;24;38;30m [38;2;192;197;206mStep 1: Not Started[K
[0m[48;2;40;67;43m[39m+    2[39m:[39m[48;2;24;38;30m [38;2;192;197;206mStep 2: Not Started[K
[0m[48;2;40;67;43m[39m+    3[39m:[39m[48;2;24;38;30m [38;2;192;197;206mStep 3: Not Started[K
[0m[48;2;40;67;43m[39m+    4[39m:[39m[48;2;24;38;30m [38;2;192;197;206mStep 4: Not Started[K
[0m[K
Creating: [38;5;10m/home/ec2-user/environment/OMA/Application/jpetstore-6/Transform/logs/mapper/LineItemMapper_orcl/status.txt[0m

 ⋮ 
[38;5;10m[1m ● Completed in 0.0s[39m
Now let's start with Step 1: Generate list of mapper files to be converted.[0m[0m
[0m[0m
[38;5;13m🛠️  Using tool: fs_write[38;5;2m (trusted)[39m[39m
 ⋮ 
 ● Path: [38;5;10mApplication/jpetstore-6/Transform/logs/mapper/LineItemMapper_orcl/status.txt[0m

[48;2;79;40;40m[39m- 1   [39m:[39m[48;2;36;25;28m [38;2;192;197;206mStep 1: Not Started[K
[0m[48;2;40;67;43m[39m+    1[39m:[39m[48;2;24;38;30m [38;2;192;197;206mStep 1: In Progress[K
[0m[K
Updating: [38;5;10mApplication/jpetstore-6/Transform/logs/mapper/LineItemMapper_orcl/status.txt[0m

 ⋮ 
[38;5;10m[1m ● Completed in 0.1s[39m
[0m[0m
[0m[0m
[38;5;13m🛠️  Using tool: execute_bash[38;5;2m (trusted)[39m[39m
 ⋮ 
 ● I will run the following shell command: 
[38;5;10mls -la /home/ec2-user/environment/OMA/Application/jpetstore-6/Transform/logs/mapper/LineItemMapper_orcl/extract/
[0m ⋮ 
 ↳ [38;5;12mPurpose: [0mChecking if there are any Oracle mapper files in the extract directory

total 8
drwxrwxr-x. 2 ec2-user ec2-user 125 May 29 19:13 .
drwxrwxr-x. 4 ec2-user ec2-user  56 May 29 19:13 ..
-rw-rw-r--. 1 ec2-user ec2-user 497 May 29 19:13 LineItemMapper_orcl-01-select-getLineItemsByOrderId.xml
-rw-rw-r--. 1 ec2-user ec2-user 414 May 29 19:13 LineItemMapper_orcl-02-insert-insertLineItem.xml

 ⋮ 
[38;5;10m[1m ● Completed in 0.2s[39m
[0m[0m
[0m[0m
[38;5;13m🛠️  Using tool: fs_write[38;5;2m (trusted)[39m[39m
 ⋮ 
 ● Path: [38;5;10m/home/ec2-user/environment/OMA/Application/jpetstore-6/Transform/logs/mapper/LineItemMapper_orcl/file_list.txt[0m

[48;2;40;67;43m[39m+    1[39m:[39m[48;2;24;38;30m [38;2;192;197;206mLineItemMapper_orcl-01-select-getLineItemsByOrderId.xml[K
[0m[48;2;40;67;43m[39m+    2[39m:[39m[48;2;24;38;30m [38;2;192;197;206mLineItemMapper_orcl-02-insert-insertLineItem.xml[K
[0m[K
Creating: [38;5;10m/home/ec2-user/environment/OMA/Application/jpetstore-6/Transform/logs/mapper/LineItemMapper_orcl/file_list.txt[0m

 ⋮ 
[38;5;10m[1m ● Completed in 0.0s[39m
[0m[0m
[0m[0m
[38;5;13m🛠️  Using tool: fs_write[38;5;2m (trusted)[39m[39m
 ⋮ 
 ● Path: [38;5;10mApplication/jpetstore-6/Transform/logs/mapper/LineItemMapper_orcl/status.txt[0m

[48;2;79;40;40m[39m- 1   [39m:[39m[48;2;36;25;28m [38;2;192;197;206mStep 1: In Progress[K
[0m[48;2;40;67;43m[39m+    1[39m:[39m[48;2;24;38;30m [38;2;192;197;206mStep 1: Completed[K
[0m[K
Updating: [38;5;10mApplication/jpetstore-6/Transform/logs/mapper/LineItemMapper_orcl/status.txt[0m

 ⋮ 
[38;5;10m[1m ● Completed in 0.0s[39m
[0m[0m
[0m[0m
[38;5;13m🛠️  Using tool: fs_write[38;5;2m (trusted)[39m[39m
 ⋮ 
 ● Path: [38;5;10mApplication/jpetstore-6/Transform/logs/mapper/LineItemMapper_orcl/status.txt[0m

[48;2;79;40;40m[39m- 2   [39m:[39m[48;2;36;25;28m [38;2;192;197;206mStep 2: Not Started[K
[0m[48;2;40;67;43m[39m+    2[39m:[39m[48;2;24;38;30m [38;2;192;197;206mStep 2: In Progress[K
[0m[K
Updating: [38;5;10mApplication/jpetstore-6/Transform/logs/mapper/LineItemMapper_orcl/status.txt[0m

 ⋮ 
[38;5;10m[1m ● Completed in 0.0s[39m
[0m[0m
[0m[0m
[38;5;13m🛠️  Using tool: fs_read[38;5;2m (trusted)[39m[39m
 ⋮ 
 ● Reading file: [38;5;10m/home/ec2-user/environment/OMA/Application/jpetstore-6/Transform/logs/mapper/LineItemMapper_orcl/extract/LineItemMapper_orcl-01-select-getLineItemsByOrderId.xml[0m, all lines
 ⋮ 
[38;5;10m[1m ● Completed in 0.0s[39m
[0m[0m
[0m[0m
[38;5;13m🛠️  Using tool: fs_read[38;5;2m (trusted)[39m[39m
 ⋮ 
 ● Reading file: [38;5;10m/home/ec2-user/environment/OMA/Application/jpetstore-6/Transform/logs/mapper/LineItemMapper_orcl/extract/LineItemMapper_orcl-02-insert-insertLineItem.xml[0m, all lines
 ⋮ 
[38;5;10m[1m ● Completed in 0.0s[39m
[0m[0m
[0m[0m
[38;5;13m🛠️  Using tool: fs_write[38;5;2m (trusted)[39m[39m
 ⋮ 
 ● Path: [38;5;10m/home/ec2-user/environment/OMA/Application/jpetstore-6/Transform/logs/mapper/LineItemMapper_orcl/sql_analysis.txt[0m

[48;2;40;67;43m[39m+     1[39m:[39m[48;2;24;38;30m [38;2;192;197;206mSQL Analysis Results:[K
[0m[48;2;40;67;43m[39m+     2[39m:[39m[48;2;24;38;30m [38;2;192;197;206m1. getLineItemsByOrderId:[K
[0m[48;2;40;67;43m[39m+     3[39m:[39m[48;2;24;38;30m [38;2;192;197;206m  - Type: SELECT query[K
[0m[48;2;40;67;43m[39m+     4[39m:[39m[48;2;24;38;30m [38;2;192;197;206m  - Contains: Simple SELECT with WHERE clause[K
[0m[48;2;40;67;43m[39m+     5[39m:[39m[48;2;24;38;30m [38;2;192;197;206m  - Oracle-specific features: None[K
[0m[48;2;40;67;43m[39m+     6[39m:[39m[48;2;24;38;30m [38;2;192;197;206m  - Conversion needed: No[K
[0m[48;2;40;67;43m[39m+     7[39m:[39m[48;2;24;38;30m [K
[0m[48;2;40;67;43m[39m+     8[39m:[39m[48;2;24;38;30m [38;2;192;197;206m2. insertLineItem:[K
[0m[48;2;40;67;43m[39m+     9[39m:[39m[48;2;24;38;30m [38;2;192;197;206m  - Type: INSERT query[K
[0m[48;2;40;67;43m[39m+    10[39m:[39m[48;2;24;38;30m [38;2;192;197;206m  - Contains: Simple INSERT with VALUES[K
[0m[48;2;40;67;43m[39m+    11[39m:[39m[48;2;24;38;30m [38;2;192;197;206m  - Oracle-specific features: None[K
[0m[48;2;40;67;43m[39m+    12[39m:[39m[48;2;24;38;30m [38;2;192;197;206m  - Conversion needed: No[K
[0m[K
Creating: [38;5;10m/home/ec2-user/environment/OMA/Application/jpetstore-6/Transform/logs/mapper/LineItemMapper_orcl/sql_analysis.txt[0m

 ⋮ 
[38;5;10m[1m ● Completed in 0.0s[39m
[0m[0m
[0m[0m
[38;5;13m🛠️  Using tool: fs_write[38;5;2m (trusted)[39m[39m
 ⋮ 
 ● Path: [38;5;10mApplication/jpetstore-6/Transform/logs/mapper/LineItemMapper_orcl/status.txt[0m

[48;2;79;40;40m[39m- 2   [39m:[39m[48;2;36;25;28m [38;2;192;197;206mStep 2: In Progress[K
[0m[48;2;40;67;43m[39m+    2[39m:[39m[48;2;24;38;30m [38;2;192;197;206mStep 2: Completed[K
[0m[K
Updating: [38;5;10mApplication/jpetstore-6/Transform/logs/mapper/LineItemMapper_orcl/status.txt[0m

 ⋮ 
[38;5;10m[1m ● Completed in 0.0s[39m
[0m[0m
[0m[0m
[38;5;13m🛠️  Using tool: fs_write[38;5;2m (trusted)[39m[39m
 ⋮ 
 ● Path: [38;5;10mApplication/jpetstore-6/Transform/logs/mapper/LineItemMapper_orcl/status.txt[0m

[48;2;79;40;40m[39m- 3   [39m:[39m[48;2;36;25;28m [38;2;192;197;206mStep 3: Not Started[K
[0m[48;2;40;67;43m[39m+    3[39m:[39m[48;2;24;38;30m [38;2;192;197;206mStep 3: In Progress[K
[0m[K
Updating: [38;5;10mApplication/jpetstore-6/Transform/logs/mapper/LineItemMapper_orcl/status.txt[0m

 ⋮ 
[38;5;10m[1m ● Completed in 0.0s[39m
[0m[0m
[0m[0m
[38;5;13m🛠️  Using tool: fs_write[38;5;2m (trusted)[39m[39m
 ⋮ 
 ● Path: [38;5;10m/home/ec2-user/environment/OMA/Application/jpetstore-6/Transform/logs/mapper/LineItemMapper_orcl/transform/LineItemMapper_pg-01-select-getLineItemsByOrderId.xml[0m

[48;2;40;67;43m[39m+     1[39m:[39m[48;2;24;38;30m [38;2;192;197;206m<?[38;2;191;97;106mxml[38;2;192;197;206m [38;2;208;135;112mversion[38;2;192;197;206m=[38;2;192;197;206m"[38;2;163;190;140m1.0[38;2;192;197;206m"[38;2;192;197;206m [38;2;208;135;112mencoding[38;2;192;197;206m=[38;2;192;197;206m"[38;2;163;190;140mUTF-8[38;2;192;197;206m"[38;2;192;197;206m?>[K
[0m[48;2;40;67;43m[39m+     2[39m:[39m[48;2;24;38;30m [38;2;192;197;206m<![38;2;180;142;173mDOCTYPE[38;2;192;197;206m [38;2;191;97;106mmapper[38;2;192;197;206m PUBLIC "-//mybatis.org//DTD Mapper 3.0//EN"[K
[0m[48;2;40;67;43m[39m+     3[39m:[39m[48;2;24;38;30m [38;2;192;197;206m"http://mybatis.org/dtd/mybatis-3-mapper.dtd"[38;2;192;197;206m>[K
[0m[48;2;40;67;43m[39m+     4[39m:[39m[48;2;24;38;30m [38;2;192;197;206m<[38;2;191;97;106mmapper[38;2;192;197;206m [38;2;208;135;112mnamespace[38;2;192;197;206m=[38;2;192;197;206m"[38;2;163;190;140morg.mybatis.jpetstore.mapper.LineItemMapper[38;2;192;197;206m"[38;2;192;197;206m>[K
[0m[48;2;40;67;43m[39m+     5[39m:[39m[48;2;24;38;30m [K
[0m[48;2;40;67;43m[39m+     6[39m:[39m[48;2;24;38;30m [38;2;101;115;126m<!--[38;2;101;115;126m 2025-05-29 Amazon Q Developer: Converted from Oracle to PostgreSQL [38;2;101;115;126m-->[K
[0m[48;2;40;67;43m[39m+     7[39m:[39m[48;2;24;38;30m [38;2;192;197;206m<[38;2;191;97;106mselect[38;2;192;197;206m [38;2;208;135;112mid[38;2;192;197;206m=[38;2;192;197;206m"[38;2;163;190;140mgetLineItemsByOrderId[38;2;192;197;206m"[38;2;192;197;206m [38;2;208;135;112mresultType[38;2;192;197;206m=[38;2;192;197;206m"[38;2;163;190;140mLineItem[38;2;192;197;206m"[38;2;192;197;206m>[K
[0m[48;2;40;67;43m[39m+     8[39m:[39m[48;2;24;38;30m [38;2;192;197;206m    SELECT[K
[0m[48;2;40;67;43m[39m+     9[39m:[39m[48;2;24;38;30m [38;2;192;197;206m      LINEITEM.ORDERID,[K
[0m[48;2;40;67;43m[39m+    10[39m:[39m[48;2;24;38;30m [38;2;192;197;206m      LINEITEM.LINENUM AS lineNumber,[K
[0m[48;2;40;67;43m[39m+    11[39m:[39m[48;2;24;38;30m [38;2;192;197;206m      LINEITEM.ITEMID,[K
[0m[48;2;40;67;43m[39m+    12[39m:[39m[48;2;24;38;30m [38;2;192;197;206m      LINEITEM.QUANTITY,[K
[0m[48;2;40;67;43m[39m+    13[39m:[39m[48;2;24;38;30m [38;2;192;197;206m      LINEITEM.UNITPRICE[K
[0m[48;2;40;67;43m[39m+    14[39m:[39m[48;2;24;38;30m [38;2;192;197;206m    FROM LINEITEM[K
[0m[48;2;40;67;43m[39m+    15[39m:[39m[48;2;24;38;30m [38;2;192;197;206m    WHERE LINEITEM.ORDERID = #{orderId}[K
[0m[48;2;40;67;43m[39m+    16[39m:[39m[48;2;24;38;30m [38;2;192;197;206m  [38;2;192;197;206m</[38;2;191;97;106mselect[38;2;192;197;206m>[K
[0m[48;2;40;67;43m[39m+    17[39m:[39m[48;2;24;38;30m [38;2;192;197;206m</[38;2;191;97;106mmapper[38;2;192;197;206m>[K
[0m[K
Creating: [38;5;10m/home/ec2-user/environment/OMA/Application/jpetstore-6/Transform/logs/mapper/LineItemMapper_orcl/transform/LineItemMapper_pg-01-select-getLineItemsByOrderId.xml[0m

 ⋮ 
[38;5;10m[1m ● Completed in 0.0s[39m
[0m[0m
[0m[0m
[38;5;13m🛠️  Using tool: fs_write[38;5;2m (trusted)[39m[39m
 ⋮ 
 ● Path: [38;5;10m/home/ec2-user/environment/OMA/Application/jpetstore-6/Transform/logs/mapper/LineItemMapper_orcl/transform/LineItemMapper_pg-02-insert-insertLineItem.xml[0m

[48;2;40;67;43m[39m+     1[39m:[39m[48;2;24;38;30m [38;2;192;197;206m<?[38;2;191;97;106mxml[38;2;192;197;206m [38;2;208;135;112mversion[38;2;192;197;206m=[38;2;192;197;206m"[38;2;163;190;140m1.0[38;2;192;197;206m"[38;2;192;197;206m [38;2;208;135;112mencoding[38;2;192;197;206m=[38;2;192;197;206m"[38;2;163;190;140mUTF-8[38;2;192;197;206m"[38;2;192;197;206m?>[K
[0m[48;2;40;67;43m[39m+     2[39m:[39m[48;2;24;38;30m [38;2;192;197;206m<![38;2;180;142;173mDOCTYPE[38;2;192;197;206m [38;2;191;97;106mmapper[38;2;192;197;206m PUBLIC "-//mybatis.org//DTD Mapper 3.0//EN"[K
[0m[48;2;40;67;43m[39m+     3[39m:[39m[48;2;24;38;30m [38;2;192;197;206m"http://mybatis.org/dtd/mybatis-3-mapper.dtd"[38;2;192;197;206m>[K
[0m[48;2;40;67;43m[39m+     4[39m:[39m[48;2;24;38;30m [38;2;192;197;206m<[38;2;191;97;106mmapper[38;2;192;197;206m [38;2;208;135;112mnamespace[38;2;192;197;206m=[38;2;192;197;206m"[38;2;163;190;140morg.mybatis.jpetstore.mapper.LineItemMapper[38;2;192;197;206m"[38;2;192;197;206m>[K
[0m[48;2;40;67;43m[39m+     5[39m:[39m[48;2;24;38;30m [K
[0m[48;2;40;67;43m[39m+     6[39m:[39m[48;2;24;38;30m [38;2;101;115;126m<!--[38;2;101;115;126m 2025-05-29 Amazon Q Developer: Converted from Oracle to PostgreSQL [38;2;101;115;126m-->[K
[0m[48;2;40;67;43m[39m+     7[39m:[39m[48;2;24;38;30m [38;2;192;197;206m<[38;2;191;97;106minsert[38;2;192;197;206m [38;2;208;135;112mid[38;2;192;197;206m=[38;2;192;197;206m"[38;2;163;190;140minsertLineItem[38;2;192;197;206m"[38;2;192;197;206m>[K
[0m[48;2;40;67;43m[39m+     8[39m:[39m[48;2;24;38;30m [38;2;192;197;206m    INSERT INTO LINEITEM (ORDERID, LINENUM, ITEMID, QUANTITY, UNITPRICE)[K
[0m[48;2;40;67;43m[39m+     9[39m:[39m[48;2;24;38;30m [38;2;192;197;206m    VALUES (#{orderId}, #{lineNumber}, #{itemId}, #{quantity}, #{unitPrice})[K
[0m[48;2;40;67;43m[39m+    10[39m:[39m[48;2;24;38;30m [38;2;192;197;206m  [38;2;192;197;206m</[38;2;191;97;106minsert[38;2;192;197;206m>[K
[0m[48;2;40;67;43m[39m+    11[39m:[39m[48;2;24;38;30m [38;2;192;197;206m</[38;2;191;97;106mmapper[38;2;192;197;206m>[K
[0m[K
Creating: [38;5;10m/home/ec2-user/environment/OMA/Application/jpetstore-6/Transform/logs/mapper/LineItemMapper_orcl/transform/LineItemMapper_pg-02-insert-insertLineItem.xml[0m

 ⋮ 
[38;5;10m[1m ● Completed in 0.0s[39m
[0m[0m
[0m[0m
[38;5;13m🛠️  Using tool: fs_write[38;5;2m (trusted)[39m[39m
 ⋮ 
 ● Path: [38;5;10m/home/ec2-user/environment/OMA/Application/jpetstore-6/Transform/logs/mapper/LineItemMapper_orcl/conversion_summary.txt[0m

[48;2;40;67;43m[39m+     1[39m:[39m[48;2;24;38;30m [38;2;192;197;206mConversion Summary:[K
[0m[48;2;40;67;43m[39m+     2[39m:[39m[48;2;24;38;30m [K
[0m[48;2;40;67;43m[39m+     3[39m:[39m[48;2;24;38;30m [38;2;192;197;206mFiles Processed:[K
[0m[48;2;40;67;43m[39m+     4[39m:[39m[48;2;24;38;30m [38;2;192;197;206m1. LineItemMapper_orcl-01-select-getLineItemsByOrderId.xml → LineItemMapper_pg-01-select-getLineItemsByOrderId.xml[K
[0m[48;2;40;67;43m[39m+     5[39m:[39m[48;2;24;38;30m [38;2;192;197;206m2. LineItemMapper_orcl-02-insert-insertLineItem.xml → LineItemMapper_pg-02-insert-insertLineItem.xml[K
[0m[48;2;40;67;43m[39m+     6[39m:[39m[48;2;24;38;30m [K
[0m[48;2;40;67;43m[39m+     7[39m:[39m[48;2;24;38;30m [38;2;192;197;206mConversion Details:[K
[0m[48;2;40;67;43m[39m+     8[39m:[39m[48;2;24;38;30m [38;2;192;197;206m- Both files contained standard SQL that required no syntax changes for PostgreSQL compatibility[K
[0m[48;2;40;67;43m[39m+     9[39m:[39m[48;2;24;38;30m [38;2;192;197;206m- Added conversion comments to document the process[K
[0m[48;2;40;67;43m[39m+    10[39m:[39m[48;2;24;38;30m [38;2;192;197;206m- Maintained original query structure and variable binding syntax[K
[0m[48;2;40;67;43m[39m+    11[39m:[39m[48;2;24;38;30m [38;2;192;197;206m- No Oracle-specific features were detected in the source files[K
[0m[48;2;40;67;43m[39m+    12[39m:[39m[48;2;24;38;30m [K
[0m[48;2;40;67;43m[39m+    13[39m:[39m[48;2;24;38;30m [38;2;192;197;206mConversion Status: Completed Successfully[K
[0m[K
Creating: [38;5;10m/home/ec2-user/environment/OMA/Application/jpetstore-6/Transform/logs/mapper/LineItemMapper_orcl/conversion_summary.txt[0m

 ⋮ 
[38;5;10m[1m ● Completed in 0.0s[39m
[0m[0m
[0m[0m
[38;5;13m🛠️  Using tool: fs_write[38;5;2m (trusted)[39m[39m
 ⋮ 
 ● Path: [38;5;10mApplication/jpetstore-6/Transform/logs/mapper/LineItemMapper_orcl/status.txt[0m

[48;2;79;40;40m[39m- 3   [39m:[39m[48;2;36;25;28m [38;2;192;197;206mStep 3: In Progress[K
[0m[48;2;40;67;43m[39m+    3[39m:[39m[48;2;24;38;30m [38;2;192;197;206mStep 3: Completed[K
[0m[K
Updating: [38;5;10mApplication/jpetstore-6/Transform/logs/mapper/LineItemMapper_orcl/status.txt[0m

 ⋮ 
[38;5;10m[1m ● Completed in 0.0s[39m
[0m[0m
[0m[0m
[38;5;13m🛠️  Using tool: fs_write[38;5;2m (trusted)[39m[39m
 ⋮ 
 ● Path: [38;5;10mApplication/jpetstore-6/Transform/logs/mapper/LineItemMapper_orcl/status.txt[0m

[48;2;79;40;40m[39m- 4   [39m:[39m[48;2;36;25;28m [38;2;192;197;206mStep 4: Not Started[K
[0m[48;2;40;67;43m[39m+    4[39m:[39m[48;2;24;38;30m [38;2;192;197;206mStep 4: In Progress[K
[0m[K
Updating: [38;5;10mApplication/jpetstore-6/Transform/logs/mapper/LineItemMapper_orcl/status.txt[0m

 ⋮ 
[38;5;10m[1m ● Completed in 0.0s[39m
[0m[0m
[0m[0m
[38;5;13m🛠️  Using tool: execute_bash[38;5;2m (trusted)[39m[39m
 ⋮ 
 ● I will run the following shell command: 
[38;5;10mxmllint --noout /home/ec2-user/environment/OMA/Application/jpetstore-6/Transform/logs/mapper/LineItemMapper_orcl/transform/LineItemMapper_pg-01-select-getLineItemsByOrderId.xml 2>&1
[0m ⋮ 
 ↳ [38;5;12mPurpose: [0mValidating XML files with xmllint


 ⋮ 
[38;5;10m[1m ● Completed in 0.3s[39m
[0m[0m
[0m[0m
[38;5;13m🛠️  Using tool: execute_bash[38;5;2m (trusted)[39m[39m
 ⋮ 
 ● I will run the following shell command: 
[38;5;10mxmllint --noout /home/ec2-user/environment/OMA/Application/jpetstore-6/Transform/logs/mapper/LineItemMapper_orcl/transform/LineItemMapper_pg-02-insert-insertLineItem.xml 2>&1
[0m ⋮ 
 ↳ [38;5;12mPurpose: [0mValidating XML files with xmllint


 ⋮ 
[38;5;10m[1m ● Completed in 0.3s[39m
[0m[0m
[0m[0m
[38;5;13m🛠️  Using tool: fs_write[38;5;2m (trusted)[39m[39m
 ⋮ 
 ● Path: [38;5;10mApplication/jpetstore-6/Transform/logs/mapper/LineItemMapper_orcl/status.txt[0m

[48;2;79;40;40m[39m- 4   [39m:[39m[48;2;36;25;28m [38;2;192;197;206mStep 4: In Progress[K
[0m[48;2;40;67;43m[39m+    4[39m:[39m[48;2;24;38;30m [38;2;192;197;206mStep 4: Completed[K
[0m[K
Updating: [38;5;10mApplication/jpetstore-6/Transform/logs/mapper/LineItemMapper_orcl/status.txt[0m

 ⋮ 
[38;5;10m[1m ● Completed in 0.0s[39m
I've successfully completed the Oracle to PostgreSQL MyBatis mapper conversion process for the LineItemMapper files. Here's a summary of what was accomplished:[0m[0m
[0m[0m
[38;5;13m[1m## Conversion Process Summary[0m[0m
[0m[0m
1. [1mStep 1: Generated list of mapper files to be converted[22m[0m[0m
   • Created file_list.txt containing the two Oracle mapper files:[0m[0m
     • LineItemMapper_orcl-01-select-getLineItemsByOrderId.xml[0m[0m
     • LineItemMapper_orcl-02-insert-insertLineItem.xml[0m[0m
[0m[0m
2. [1mStep 2: Analyzed SQL for Oracle-specific features[22m[0m[0m
   • Created sql_analysis.txt with detailed analysis[0m[0m
   • Found that both files contained standard SQL with no Oracle-specific features[0m[0m
   • Determined that minimal conversion was needed[0m[0m
[0m[0m
3. [1mStep 3: Performed Oracle to PostgreSQL conversion[22m[0m[0m
   • Created PostgreSQL-compatible versions with [3mpg suffix[0m[0m
   • Added appropriate conversion comments[0m[0m
   • Maintained original query structure and variable binding syntax[0m[0m
   • Created conversion[23msummary.txt documenting the process[0m[0m
[0m[0m
4. [1mStep 4: Validated converted XML files[22m[0m[0m
   • Used xmllint to verify XML syntax correctness[0m[0m
   • Both files passed validation with no errors[0m[0m
[0m[0m
[38;5;13m[1m## Technical Details[0m[0m
[0m[0m
The LineItemMapper files contained simple SQL statements that are compatible with both Oracle and PostgreSQL without modification:[0m[0m
[0m[0m
1. [1mgetLineItemsByOrderId[22m: A basic SELECT query with column aliases and a simple WHERE clause[0m[0m
2. [1minsertLineItem[22m: A standard INSERT statement with VALUES clause and parameter bindings[0m[0m
[0m[0m
Since these queries didn't contain any Oracle-specific syntax (like ROWNUM, NVL, DECODE, etc.), the conversion was straightforward, requiring only the addition of documentation comments.[0m[0m
[0m[0m
All steps have been completed successfully, and the status file has been updated accordingly.[0m[0m
