I understand you need expert assistance with converting Oracle SQL-based MyBatis mapper files to PostgreSQL-compatible versions. I'll help you implement the conversion process following the detailed specifications you've provided.[0m[0m
[0m[0m
Let's start by checking the current status and setting up the environment:[0m[0m
[0m[0m
[38;5;13m🛠️  Using tool: execute_bash[38;5;2m (trusted)[39m[39m
 ⋮ 
 ● I will run the following shell command: 
[38;5;10mmkdir -p /home/ec2-user/environment/OMA/Application/jpetstore-6/Transform/logs/mapper/ProductMapper_orcl/{extract,transform}
[0m ⋮ 
 ↳ [38;5;12mPurpose: [0mCreating required directories if they don't exist


 ⋮ 
[38;5;10m[1m ● Completed in 0.3s[39m
[0m[0m
[0m[0m
[1mTool validation failed: [0m
[38;5;9mFailed to validate tool parameters: '/home/ec2-user/environment/OMA/Application/jpetstore-6/Transform/logs/mapper/ProductMapper_orcl/status.txt' does not exist
[39mLet's create the status.txt file and initialize all steps to "Not Started":[0m[0m
[0m[0m
[38;5;13m🛠️  Using tool: fs_write[38;5;2m (trusted)[39m[39m
 ⋮ 
 ● Path: [38;5;10m/home/ec2-user/environment/OMA/Application/jpetstore-6/Transform/logs/mapper/ProductMapper_orcl/status.txt[0m

[48;2;40;67;43m[39m+    1[39m:[39m[48;2;24;38;30m [38;2;192;197;206mStep 1: Not Started[K
[0m[48;2;40;67;43m[39m+    2[39m:[39m[48;2;24;38;30m [38;2;192;197;206mStep 2: Not Started[K
[0m[48;2;40;67;43m[39m+    3[39m:[39m[48;2;24;38;30m [38;2;192;197;206mStep 3: Not Started[K
[0m[48;2;40;67;43m[39m+    4[39m:[39m[48;2;24;38;30m [38;2;192;197;206mStep 4: Not Started[K
[0m[K
Creating: [38;5;10m/home/ec2-user/environment/OMA/Application/jpetstore-6/Transform/logs/mapper/ProductMapper_orcl/status.txt[0m

 ⋮ 
[38;5;10m[1m ● Completed in 0.0s[39m
Now let's proceed with Step 1 - generating a list of mapper files to be converted:[0m[0m
[0m[0m
[38;5;13m🛠️  Using tool: fs_write[38;5;2m (trusted)[39m[39m
 ⋮ 
 ● Path: [38;5;10mApplication/jpetstore-6/Transform/logs/mapper/ProductMapper_orcl/status.txt[0m

[48;2;79;40;40m[39m- 1   [39m:[39m[48;2;36;25;28m [38;2;192;197;206mStep 1: Not Started[K
[0m[48;2;40;67;43m[39m+    1[39m:[39m[48;2;24;38;30m [38;2;192;197;206mStep 1: In Progress[K
[0m[K
Updating: [38;5;10mApplication/jpetstore-6/Transform/logs/mapper/ProductMapper_orcl/status.txt[0m

 ⋮ 
[38;5;10m[1m ● Completed in 0.1s[39m
[0m[0m
[0m[0m
[38;5;13m🛠️  Using tool: execute_bash[38;5;2m (trusted)[39m[39m
 ⋮ 
 ● I will run the following shell command: 
[38;5;10mls -la /home/ec2-user/environment/OMA/Application/jpetstore-6/Transform/logs/mapper/ProductMapper_orcl/extract/*_orcl*.xml 2>/dev/null || echo "No Oracle mapper files found"
[0m ⋮ 
 ↳ [38;5;12mPurpose: [0mChecking if there are any Oracle mapper files in the extract directory

-rw-rw-r--. 1 ec2-user ec2-user 469 May 29 19:03 /home/ec2-user/environment/OMA/Application/jpetstore-6/Transform/logs/mapper/ProductMapper_orcl/extract/ProductMapper_orcl-01-select-getProduct.xml
-rw-rw-r--. 1 ec2-user ec2-user 478 May 29 19:03 /home/ec2-user/environment/OMA/Application/jpetstore-6/Transform/logs/mapper/ProductMapper_orcl/extract/ProductMapper_orcl-02-select-getProductListByCategory.xml
-rw-rw-r--. 1 ec2-user ec2-user 477 May 29 19:03 /home/ec2-user/environment/OMA/Application/jpetstore-6/Transform/logs/mapper/ProductMapper_orcl/extract/ProductMapper_orcl-03-select-searchProductList.xml

 ⋮ 
[38;5;10m[1m ● Completed in 0.3s[39m
[0m[0m
[0m[0m
[38;5;13m🛠️  Using tool: execute_bash[38;5;2m (trusted)[39m[39m
 ⋮ 
 ● I will run the following shell command: 
[38;5;10mcd /home/ec2-user/environment/OMA/Application/jpetstore-6/Transform/logs/mapper/ProductMapper_orcl/extract && ls *_orcl*.xml | sort > ../file_list.txt
[0m ⋮ 
 ↳ [38;5;12mPurpose: [0mCreating file_list.txt with sorted Oracle mapper files


 ⋮ 
[38;5;10m[1m ● Completed in 0.3s[39m
[0m[0m
[0m[0m
[38;5;13m🛠️  Using tool: fs_read[38;5;2m (trusted)[39m[39m
 ⋮ 
 ● Reading file: [38;5;10m/home/ec2-user/environment/OMA/Application/jpetstore-6/Transform/logs/mapper/ProductMapper_orcl/file_list.txt[0m, all lines
 ⋮ 
[38;5;10m[1m ● Completed in 0.0s[39m
[0m[0m
[0m[0m
[38;5;13m🛠️  Using tool: fs_write[38;5;2m (trusted)[39m[39m
 ⋮ 
 ● Path: [38;5;10mApplication/jpetstore-6/Transform/logs/mapper/ProductMapper_orcl/status.txt[0m

[48;2;79;40;40m[39m- 1   [39m:[39m[48;2;36;25;28m [38;2;192;197;206mStep 1: In Progress[K
[0m[48;2;40;67;43m[39m+    1[39m:[39m[48;2;24;38;30m [38;2;192;197;206mStep 1: Completed[K
[0m[K
Updating: [38;5;10mApplication/jpetstore-6/Transform/logs/mapper/ProductMapper_orcl/status.txt[0m

 ⋮ 
[38;5;10m[1m ● Completed in 0.0s[39m
[0m[0m
[0m[0m
[38;5;13m🛠️  Using tool: fs_write[38;5;2m (trusted)[39m[39m
 ⋮ 
 ● Path: [38;5;10mApplication/jpetstore-6/Transform/logs/mapper/ProductMapper_orcl/status.txt[0m

[48;2;79;40;40m[39m- 2   [39m:[39m[48;2;36;25;28m [38;2;192;197;206mStep 2: Not Started[K
[0m[48;2;40;67;43m[39m+    2[39m:[39m[48;2;24;38;30m [38;2;192;197;206mStep 2: In Progress[K
[0m[K
Updating: [38;5;10mApplication/jpetstore-6/Transform/logs/mapper/ProductMapper_orcl/status.txt[0m

 ⋮ 
[38;5;10m[1m ● Completed in 0.0s[39m
[0m[0m
[0m[0m
[38;5;13m🛠️  Using tool: fs_read[38;5;2m (trusted)[39m[39m
 ⋮ 
 ● Reading file: [38;5;10m/home/ec2-user/environment/OMA/Application/jpetstore-6/Transform/logs/mapper/ProductMapper_orcl/extract/ProductMapper_orcl-01-select-getProduct.xml[0m, all lines
 ⋮ 
[38;5;10m[1m ● Completed in 0.0s[39m
[0m[0m
[0m[0m
[38;5;13m🛠️  Using tool: fs_read[38;5;2m (trusted)[39m[39m
 ⋮ 
 ● Reading file: [38;5;10m/home/ec2-user/environment/OMA/Application/jpetstore-6/Transform/logs/mapper/ProductMapper_orcl/extract/ProductMapper_orcl-02-select-getProductListByCategory.xml[0m, all lines
 ⋮ 
[38;5;10m[1m ● Completed in 0.0s[39m
[0m[0m
[0m[0m
[38;5;13m🛠️  Using tool: fs_read[38;5;2m (trusted)[39m[39m
 ⋮ 
 ● Reading file: [38;5;10m/home/ec2-user/environment/OMA/Application/jpetstore-6/Transform/logs/mapper/ProductMapper_orcl/extract/ProductMapper_orcl-03-select-searchProductList.xml[0m, all lines
 ⋮ 
[38;5;10m[1m ● Completed in 0.0s[39m
[0m[0m
[0m[0m
[38;5;13m🛠️  Using tool: fs_write[38;5;2m (trusted)[39m[39m
 ⋮ 
 ● Path: [38;5;10m/home/ec2-user/environment/OMA/Application/jpetstore-6/Transform/logs/mapper/ProductMapper_orcl/sql_analysis.txt[0m

[48;2;40;67;43m[39m+     1[39m:[39m[48;2;24;38;30m [38;2;192;197;206mSQL Analysis Results:[K
[0m[48;2;40;67;43m[39m+     2[39m:[39m[48;2;24;38;30m [K
[0m[48;2;40;67;43m[39m+     3[39m:[39m[48;2;24;38;30m [38;2;192;197;206m1. getProduct:[K
[0m[48;2;40;67;43m[39m+     4[39m:[39m[48;2;24;38;30m [38;2;192;197;206m  - Type: SELECT query[K
[0m[48;2;40;67;43m[39m+     5[39m:[39m[48;2;24;38;30m [38;2;192;197;206m  - Contains: Simple SELECT with WHERE clause[K
[0m[48;2;40;67;43m[39m+     6[39m:[39m[48;2;24;38;30m [38;2;192;197;206m  - Oracle-specific features: None[K
[0m[48;2;40;67;43m[39m+     7[39m:[39m[48;2;24;38;30m [38;2;192;197;206m  - Conversion needed: No[K
[0m[48;2;40;67;43m[39m+     8[39m:[39m[48;2;24;38;30m [K
[0m[48;2;40;67;43m[39m+     9[39m:[39m[48;2;24;38;30m [38;2;192;197;206m2. getProductListByCategory:[K
[0m[48;2;40;67;43m[39m+    10[39m:[39m[48;2;24;38;30m [38;2;192;197;206m  - Type: SELECT query[K
[0m[48;2;40;67;43m[39m+    11[39m:[39m[48;2;24;38;30m [38;2;192;197;206m  - Contains: Simple SELECT with WHERE clause[K
[0m[48;2;40;67;43m[39m+    12[39m:[39m[48;2;24;38;30m [38;2;192;197;206m  - Oracle-specific features: None[K
[0m[48;2;40;67;43m[39m+    13[39m:[39m[48;2;24;38;30m [38;2;192;197;206m  - Conversion needed: No[K
[0m[48;2;40;67;43m[39m+    14[39m:[39m[48;2;24;38;30m [K
[0m[48;2;40;67;43m[39m+    15[39m:[39m[48;2;24;38;30m [38;2;192;197;206m3. searchProductList:[K
[0m[48;2;40;67;43m[39m+    16[39m:[39m[48;2;24;38;30m [38;2;192;197;206m  - Type: SELECT query[K
[0m[48;2;40;67;43m[39m+    17[39m:[39m[48;2;24;38;30m [38;2;192;197;206m  - Contains: SELECT with LIKE operator and LOWER function[K
[0m[48;2;40;67;43m[39m+    18[39m:[39m[48;2;24;38;30m [38;2;192;197;206m  - Oracle-specific features: None[K
[0m[48;2;40;67;43m[39m+    19[39m:[39m[48;2;24;38;30m [38;2;192;197;206m  - Conversion needed: No[K
[0m[K
Creating: [38;5;10m/home/ec2-user/environment/OMA/Application/jpetstore-6/Transform/logs/mapper/ProductMapper_orcl/sql_analysis.txt[0m

 ⋮ 
[38;5;10m[1m ● Completed in 0.0s[39m
[0m[0m
[0m[0m
[38;5;13m🛠️  Using tool: fs_write[38;5;2m (trusted)[39m[39m
 ⋮ 
 ● Path: [38;5;10mApplication/jpetstore-6/Transform/logs/mapper/ProductMapper_orcl/status.txt[0m

[48;2;79;40;40m[39m- 2   [39m:[39m[48;2;36;25;28m [38;2;192;197;206mStep 2: In Progress[K
[0m[48;2;40;67;43m[39m+    2[39m:[39m[48;2;24;38;30m [38;2;192;197;206mStep 2: Completed[K
[0m[K
Updating: [38;5;10mApplication/jpetstore-6/Transform/logs/mapper/ProductMapper_orcl/status.txt[0m

 ⋮ 
[38;5;10m[1m ● Completed in 0.0s[39m
[0m[0m
[0m[0m
[38;5;13m🛠️  Using tool: fs_write[38;5;2m (trusted)[39m[39m
 ⋮ 
 ● Path: [38;5;10mApplication/jpetstore-6/Transform/logs/mapper/ProductMapper_orcl/status.txt[0m

[48;2;79;40;40m[39m- 3   [39m:[39m[48;2;36;25;28m [38;2;192;197;206mStep 3: Not Started[K
[0m[48;2;40;67;43m[39m+    3[39m:[39m[48;2;24;38;30m [38;2;192;197;206mStep 3: In Progress[K
[0m[K
Updating: [38;5;10mApplication/jpetstore-6/Transform/logs/mapper/ProductMapper_orcl/status.txt[0m

 ⋮ 
[38;5;10m[1m ● Completed in 0.0s[39m
[0m[0m
[0m[0m
[38;5;13m🛠️  Using tool: fs_write[38;5;2m (trusted)[39m[39m
 ⋮ 
 ● Path: [38;5;10m/home/ec2-user/environment/OMA/Application/jpetstore-6/Transform/logs/mapper/ProductMapper_orcl/transform/ProductMapper_pg-01-select-getProduct.xml[0m

[48;2;40;67;43m[39m+     1[39m:[39m[48;2;24;38;30m [38;2;192;197;206m<?[38;2;191;97;106mxml[38;2;192;197;206m [38;2;208;135;112mversion[38;2;192;197;206m=[38;2;192;197;206m"[38;2;163;190;140m1.0[38;2;192;197;206m"[38;2;192;197;206m [38;2;208;135;112mencoding[38;2;192;197;206m=[38;2;192;197;206m"[38;2;163;190;140mUTF-8[38;2;192;197;206m"[38;2;192;197;206m?>[K
[0m[48;2;40;67;43m[39m+     2[39m:[39m[48;2;24;38;30m [38;2;192;197;206m<![38;2;180;142;173mDOCTYPE[38;2;192;197;206m [38;2;191;97;106mmapper[38;2;192;197;206m PUBLIC "-//mybatis.org//DTD Mapper 3.0//EN"[K
[0m[48;2;40;67;43m[39m+     3[39m:[39m[48;2;24;38;30m [38;2;192;197;206m"http://mybatis.org/dtd/mybatis-3-mapper.dtd"[38;2;192;197;206m>[K
[0m[48;2;40;67;43m[39m+     4[39m:[39m[48;2;24;38;30m [38;2;192;197;206m<[38;2;191;97;106mmapper[38;2;192;197;206m [38;2;208;135;112mnamespace[38;2;192;197;206m=[38;2;192;197;206m"[38;2;163;190;140morg.mybatis.jpetstore.mapper.ProductMapper[38;2;192;197;206m"[38;2;192;197;206m>[K
[0m[48;2;40;67;43m[39m+     5[39m:[39m[48;2;24;38;30m [38;2;101;115;126m<!--[38;2;101;115;126m 2025-05-29 Amazon Q Developer : No conversion needed, SQL is PostgreSQL compatible [38;2;101;115;126m-->[K
[0m[48;2;40;67;43m[39m+     6[39m:[39m[48;2;24;38;30m [38;2;192;197;206m<[38;2;191;97;106mselect[38;2;192;197;206m [38;2;208;135;112mid[38;2;192;197;206m=[38;2;192;197;206m"[38;2;163;190;140mgetProduct[38;2;192;197;206m"[38;2;192;197;206m [38;2;208;135;112mresultType[38;2;192;197;206m=[38;2;192;197;206m"[38;2;163;190;140mProduct[38;2;192;197;206m"[38;2;192;197;206m>[K
[0m[48;2;40;67;43m[39m+     7[39m:[39m[48;2;24;38;30m [38;2;192;197;206m    SELECT[K
[0m[48;2;40;67;43m[39m+     8[39m:[39m[48;2;24;38;30m [38;2;192;197;206m      PRODUCT.PRODUCTID,[K
[0m[48;2;40;67;43m[39m+     9[39m:[39m[48;2;24;38;30m [38;2;192;197;206m      PRODUCT.NAME,[K
[0m[48;2;40;67;43m[39m+    10[39m:[39m[48;2;24;38;30m [38;2;192;197;206m      PRODUCT.DESCN AS description,[K
[0m[48;2;40;67;43m[39m+    11[39m:[39m[48;2;24;38;30m [38;2;192;197;206m      PRODUCT.CATEGORY AS categoryId[K
[0m[48;2;40;67;43m[39m+    12[39m:[39m[48;2;24;38;30m [38;2;192;197;206m    FROM PRODUCT[K
[0m[48;2;40;67;43m[39m+    13[39m:[39m[48;2;24;38;30m [38;2;192;197;206m    WHERE PRODUCT.PRODUCTID = #{productId}[K
[0m[48;2;40;67;43m[39m+    14[39m:[39m[48;2;24;38;30m [38;2;192;197;206m  [38;2;192;197;206m</[38;2;191;97;106mselect[38;2;192;197;206m>[K
[0m[48;2;40;67;43m[39m+    15[39m:[39m[48;2;24;38;30m [38;2;192;197;206m</[38;2;191;97;106mmapper[38;2;192;197;206m>[K
[0m[K
Creating: [38;5;10m/home/ec2-user/environment/OMA/Application/jpetstore-6/Transform/logs/mapper/ProductMapper_orcl/transform/ProductMapper_pg-01-select-getProduct.xml[0m

 ⋮ 
[38;5;10m[1m ● Completed in 0.0s[39m
[0m[0m
[0m[0m
[38;5;13m🛠️  Using tool: fs_write[38;5;2m (trusted)[39m[39m
 ⋮ 
 ● Path: [38;5;10m/home/ec2-user/environment/OMA/Application/jpetstore-6/Transform/logs/mapper/ProductMapper_orcl/transform/ProductMapper_pg-02-select-getProductListByCategory.xml[0m

[48;2;40;67;43m[39m+     1[39m:[39m[48;2;24;38;30m [38;2;192;197;206m<?[38;2;191;97;106mxml[38;2;192;197;206m [38;2;208;135;112mversion[38;2;192;197;206m=[38;2;192;197;206m"[38;2;163;190;140m1.0[38;2;192;197;206m"[38;2;192;197;206m [38;2;208;135;112mencoding[38;2;192;197;206m=[38;2;192;197;206m"[38;2;163;190;140mUTF-8[38;2;192;197;206m"[38;2;192;197;206m?>[K
[0m[48;2;40;67;43m[39m+     2[39m:[39m[48;2;24;38;30m [38;2;192;197;206m<![38;2;180;142;173mDOCTYPE[38;2;192;197;206m [38;2;191;97;106mmapper[38;2;192;197;206m PUBLIC "-//mybatis.org//DTD Mapper 3.0//EN"[K
[0m[48;2;40;67;43m[39m+     3[39m:[39m[48;2;24;38;30m [38;2;192;197;206m"http://mybatis.org/dtd/mybatis-3-mapper.dtd"[38;2;192;197;206m>[K
[0m[48;2;40;67;43m[39m+     4[39m:[39m[48;2;24;38;30m [38;2;192;197;206m<[38;2;191;97;106mmapper[38;2;192;197;206m [38;2;208;135;112mnamespace[38;2;192;197;206m=[38;2;192;197;206m"[38;2;163;190;140morg.mybatis.jpetstore.mapper.ProductMapper[38;2;192;197;206m"[38;2;192;197;206m>[K
[0m[48;2;40;67;43m[39m+     5[39m:[39m[48;2;24;38;30m [38;2;101;115;126m<!--[38;2;101;115;126m 2025-05-29 Amazon Q Developer : No conversion needed, SQL is PostgreSQL compatible [38;2;101;115;126m-->[K
[0m[48;2;40;67;43m[39m+     6[39m:[39m[48;2;24;38;30m [38;2;192;197;206m<[38;2;191;97;106mselect[38;2;192;197;206m [38;2;208;135;112mid[38;2;192;197;206m=[38;2;192;197;206m"[38;2;163;190;140mgetProductListByCategory[38;2;192;197;206m"[38;2;192;197;206m [38;2;208;135;112mresultType[38;2;192;197;206m=[38;2;192;197;206m"[38;2;163;190;140mProduct[38;2;192;197;206m"[38;2;192;197;206m>[K
[0m[48;2;40;67;43m[39m+     7[39m:[39m[48;2;24;38;30m [38;2;192;197;206m    SELECT[K
[0m[48;2;40;67;43m[39m+     8[39m:[39m[48;2;24;38;30m [38;2;192;197;206m      PRODUCT.PRODUCTID,[K
[0m[48;2;40;67;43m[39m+     9[39m:[39m[48;2;24;38;30m [38;2;192;197;206m      PRODUCT.NAME,[K
[0m[48;2;40;67;43m[39m+    10[39m:[39m[48;2;24;38;30m [38;2;192;197;206m      PRODUCT.DESCN AS description,[K
[0m[48;2;40;67;43m[39m+    11[39m:[39m[48;2;24;38;30m [38;2;192;197;206m      PRODUCT.CATEGORY AS categoryId[K
[0m[48;2;40;67;43m[39m+    12[39m:[39m[48;2;24;38;30m [38;2;192;197;206m    FROM PRODUCT[K
[0m[48;2;40;67;43m[39m+    13[39m:[39m[48;2;24;38;30m [38;2;192;197;206m    WHERE PRODUCT.CATEGORY = #{value}[K
[0m[48;2;40;67;43m[39m+    14[39m:[39m[48;2;24;38;30m [38;2;192;197;206m  [38;2;192;197;206m</[38;2;191;97;106mselect[38;2;192;197;206m>[K
[0m[48;2;40;67;43m[39m+    15[39m:[39m[48;2;24;38;30m [38;2;192;197;206m</[38;2;191;97;106mmapper[38;2;192;197;206m>[K
[0m[K
Creating: [38;5;10m/home/ec2-user/environment/OMA/Application/jpetstore-6/Transform/logs/mapper/ProductMapper_orcl/transform/ProductMapper_pg-02-select-getProductListByCategory.xml[0m

 ⋮ 
[38;5;10m[1m ● Completed in 0.0s[39m
[0m[0m
[0m[0m
[38;5;13m🛠️  Using tool: fs_write[38;5;2m (trusted)[39m[39m
 ⋮ 
 ● Path: [38;5;10m/home/ec2-user/environment/OMA/Application/jpetstore-6/Transform/logs/mapper/ProductMapper_orcl/transform/ProductMapper_pg-03-select-searchProductList.xml[0m

[48;2;40;67;43m[39m+     1[39m:[39m[48;2;24;38;30m [38;2;192;197;206m<?[38;2;191;97;106mxml[38;2;192;197;206m [38;2;208;135;112mversion[38;2;192;197;206m=[38;2;192;197;206m"[38;2;163;190;140m1.0[38;2;192;197;206m"[38;2;192;197;206m [38;2;208;135;112mencoding[38;2;192;197;206m=[38;2;192;197;206m"[38;2;163;190;140mUTF-8[38;2;192;197;206m"[38;2;192;197;206m?>[K
[0m[48;2;40;67;43m[39m+     2[39m:[39m[48;2;24;38;30m [38;2;192;197;206m<![38;2;180;142;173mDOCTYPE[38;2;192;197;206m [38;2;191;97;106mmapper[38;2;192;197;206m PUBLIC "-//mybatis.org//DTD Mapper 3.0//EN"[K
[0m[48;2;40;67;43m[39m+     3[39m:[39m[48;2;24;38;30m [38;2;192;197;206m"http://mybatis.org/dtd/mybatis-3-mapper.dtd"[38;2;192;197;206m>[K
[0m[48;2;40;67;43m[39m+     4[39m:[39m[48;2;24;38;30m [38;2;192;197;206m<[38;2;191;97;106mmapper[38;2;192;197;206m [38;2;208;135;112mnamespace[38;2;192;197;206m=[38;2;192;197;206m"[38;2;163;190;140morg.mybatis.jpetstore.mapper.ProductMapper[38;2;192;197;206m"[38;2;192;197;206m>[K
[0m[48;2;40;67;43m[39m+     5[39m:[39m[48;2;24;38;30m [38;2;101;115;126m<!--[38;2;101;115;126m 2025-05-29 Amazon Q Developer : No conversion needed, SQL is PostgreSQL compatible [38;2;101;115;126m-->[K
[0m[48;2;40;67;43m[39m+     6[39m:[39m[48;2;24;38;30m [38;2;192;197;206m<[38;2;191;97;106mselect[38;2;192;197;206m [38;2;208;135;112mid[38;2;192;197;206m=[38;2;192;197;206m"[38;2;163;190;140msearchProductList[38;2;192;197;206m"[38;2;192;197;206m [38;2;208;135;112mresultType[38;2;192;197;206m=[38;2;192;197;206m"[38;2;163;190;140mProduct[38;2;192;197;206m"[38;2;192;197;206m>[K
[0m[48;2;40;67;43m[39m+     7[39m:[39m[48;2;24;38;30m [38;2;192;197;206m    SELECT[K
[0m[48;2;40;67;43m[39m+     8[39m:[39m[48;2;24;38;30m [38;2;192;197;206m      PRODUCT.PRODUCTID,[K
[0m[48;2;40;67;43m[39m+     9[39m:[39m[48;2;24;38;30m [38;2;192;197;206m      PRODUCT.NAME,[K
[0m[48;2;40;67;43m[39m+    10[39m:[39m[48;2;24;38;30m [38;2;192;197;206m      PRODUCT.DESCN AS description,[K
[0m[48;2;40;67;43m[39m+    11[39m:[39m[48;2;24;38;30m [38;2;192;197;206m      PRODUCT.CATEGORY AS categoryId[K
[0m[48;2;40;67;43m[39m+    12[39m:[39m[48;2;24;38;30m [38;2;192;197;206m    FROM PRODUCT[K
[0m[48;2;40;67;43m[39m+    13[39m:[39m[48;2;24;38;30m [38;2;192;197;206m    WHERE LOWER(PRODUCT.NAME) LIKE #{value}[K
[0m[48;2;40;67;43m[39m+    14[39m:[39m[48;2;24;38;30m [38;2;192;197;206m  [38;2;192;197;206m</[38;2;191;97;106mselect[38;2;192;197;206m>[K
[0m[48;2;40;67;43m[39m+    15[39m:[39m[48;2;24;38;30m [38;2;192;197;206m</[38;2;191;97;106mmapper[38;2;192;197;206m>[K
[0m[K
Creating: [38;5;10m/home/ec2-user/environment/OMA/Application/jpetstore-6/Transform/logs/mapper/ProductMapper_orcl/transform/ProductMapper_pg-03-select-searchProductList.xml[0m

 ⋮ 
[38;5;10m[1m ● Completed in 0.0s[39m
[0m[0m
[0m[0m
[38;5;13m🛠️  Using tool: fs_write[38;5;2m (trusted)[39m[39m
 ⋮ 
 ● Path: [38;5;10m/home/ec2-user/environment/OMA/Application/jpetstore-6/Transform/logs/mapper/ProductMapper_orcl/conversion_summary.txt[0m

[48;2;40;67;43m[39m+     1[39m:[39m[48;2;24;38;30m [38;2;192;197;206mConversion Summary:[K
[0m[48;2;40;67;43m[39m+     2[39m:[39m[48;2;24;38;30m [K
[0m[48;2;40;67;43m[39m+     3[39m:[39m[48;2;24;38;30m [38;2;192;197;206mFiles processed: 3[K
[0m[48;2;40;67;43m[39m+     4[39m:[39m[48;2;24;38;30m [38;2;192;197;206mFiles converted: 3[K
[0m[48;2;40;67;43m[39m+     5[39m:[39m[48;2;24;38;30m [38;2;192;197;206mConversion success rate: 100%[K
[0m[48;2;40;67;43m[39m+     6[39m:[39m[48;2;24;38;30m [K
[0m[48;2;40;67;43m[39m+     7[39m:[39m[48;2;24;38;30m [38;2;192;197;206mConversion details:[K
[0m[48;2;40;67;43m[39m+     8[39m:[39m[48;2;24;38;30m [38;2;192;197;206m1. ProductMapper_orcl-01-select-getProduct.xml → ProductMapper_pg-01-select-getProduct.xml[K
[0m[48;2;40;67;43m[39m+     9[39m:[39m[48;2;24;38;30m [38;2;192;197;206m   - No Oracle-specific features found, SQL is PostgreSQL compatible[K
[0m[48;2;40;67;43m[39m+    10[39m:[39m[48;2;24;38;30m [K
[0m[48;2;40;67;43m[39m+    11[39m:[39m[48;2;24;38;30m [38;2;192;197;206m2. ProductMapper_orcl-02-select-getProductListByCategory.xml → ProductMapper_pg-02-select-getProductListByCategory.xml[K
[0m[48;2;40;67;43m[39m+    12[39m:[39m[48;2;24;38;30m [38;2;192;197;206m   - No Oracle-specific features found, SQL is PostgreSQL compatible[K
[0m[48;2;40;67;43m[39m+    13[39m:[39m[48;2;24;38;30m [K
[0m[48;2;40;67;43m[39m+    14[39m:[39m[48;2;24;38;30m [38;2;192;197;206m3. ProductMapper_orcl-03-select-searchProductList.xml → ProductMapper_pg-03-select-searchProductList.xml[K
[0m[48;2;40;67;43m[39m+    15[39m:[39m[48;2;24;38;30m [38;2;192;197;206m   - No Oracle-specific features found, SQL is PostgreSQL compatible[K
[0m[48;2;40;67;43m[39m+    16[39m:[39m[48;2;24;38;30m [K
[0m[48;2;40;67;43m[39m+    17[39m:[39m[48;2;24;38;30m [38;2;192;197;206mNotes:[K
[0m[48;2;40;67;43m[39m+    18[39m:[39m[48;2;24;38;30m [38;2;192;197;206m- All queries were simple SELECT statements with standard SQL syntax[K
[0m[48;2;40;67;43m[39m+    19[39m:[39m[48;2;24;38;30m [38;2;192;197;206m- No Oracle-specific functions or syntax were found[K
[0m[48;2;40;67;43m[39m+    20[39m:[39m[48;2;24;38;30m [38;2;192;197;206m- No PL/SQL blocks were present[K
[0m[48;2;40;67;43m[39m+    21[39m:[39m[48;2;24;38;30m [38;2;192;197;206m- No pagination using ROWNUM was found[K
[0m[48;2;40;67;43m[39m+    22[39m:[39m[48;2;24;38;30m [38;2;192;197;206m- No sequence operations were found[K
[0m[48;2;40;67;43m[39m+    23[39m:[39m[48;2;24;38;30m [38;2;192;197;206m- All converted files include appropriate comments with conversion date[K
[0m[K
Creating: [38;5;10m/home/ec2-user/environment/OMA/Application/jpetstore-6/Transform/logs/mapper/ProductMapper_orcl/conversion_summary.txt[0m

 ⋮ 
[38;5;10m[1m ● Completed in 0.1s[39m
[0m[0m
[0m[0m
[38;5;13m🛠️  Using tool: fs_write[38;5;2m (trusted)[39m[39m
 ⋮ 
 ● Path: [38;5;10mApplication/jpetstore-6/Transform/logs/mapper/ProductMapper_orcl/status.txt[0m

[48;2;79;40;40m[39m- 3   [39m:[39m[48;2;36;25;28m [38;2;192;197;206mStep 3: In Progress[K
[0m[48;2;40;67;43m[39m+    3[39m:[39m[48;2;24;38;30m [38;2;192;197;206mStep 3: Completed[K
[0m[K
Updating: [38;5;10mApplication/jpetstore-6/Transform/logs/mapper/ProductMapper_orcl/status.txt[0m

 ⋮ 
[38;5;10m[1m ● Completed in 0.0s[39m
[0m[0m
[0m[0m
[38;5;13m🛠️  Using tool: fs_write[38;5;2m (trusted)[39m[39m
 ⋮ 
 ● Path: [38;5;10mApplication/jpetstore-6/Transform/logs/mapper/ProductMapper_orcl/status.txt[0m

[48;2;79;40;40m[39m- 4   [39m:[39m[48;2;36;25;28m [38;2;192;197;206mStep 4: Not Started[K
[0m[48;2;40;67;43m[39m+    4[39m:[39m[48;2;24;38;30m [38;2;192;197;206mStep 4: In Progress[K
[0m[K
Updating: [38;5;10mApplication/jpetstore-6/Transform/logs/mapper/ProductMapper_orcl/status.txt[0m

 ⋮ 
[38;5;10m[1m ● Completed in 0.0s[39m
[0m[0m
[0m[0m
[38;5;13m🛠️  Using tool: execute_bash[38;5;2m (trusted)[39m[39m
 ⋮ 
 ● I will run the following shell command: 
[38;5;10mfor file in /home/ec2-user/environment/OMA/Application/jpetstore-6/Transform/logs/mapper/ProductMapper_orcl/transform/*_pg*.xml; do xmllint --noout "$file" 2>&1; done
[0m ⋮ 
 ↳ [38;5;12mPurpose: [0mValidating converted XML files with xmllint


 ⋮ 
[38;5;10m[1m ● Completed in 0.5s[39m
[0m[0m
[0m[0m
[38;5;13m🛠️  Using tool: fs_write[38;5;2m (trusted)[39m[39m
 ⋮ 
 ● Path: [38;5;10mApplication/jpetstore-6/Transform/logs/mapper/ProductMapper_orcl/status.txt[0m

[48;2;79;40;40m[39m- 4   [39m:[39m[48;2;36;25;28m [38;2;192;197;206mStep 4: In Progress[K
[0m[48;2;40;67;43m[39m+    4[39m:[39m[48;2;24;38;30m [38;2;192;197;206mStep 4: Completed[K
[0m[K
Updating: [38;5;10mApplication/jpetstore-6/Transform/logs/mapper/ProductMapper_orcl/status.txt[0m

 ⋮ 
[38;5;10m[1m ● Completed in 0.0s[39m
I've completed the Oracle to PostgreSQL MyBatis mapper conversion process for the ProductMapper files. Here's a summary of what was accomplished:[0m[0m
[0m[0m
[38;5;13m[1m## Conversion Process Summary[0m[0m
[0m[0m
1. [1mEnvironment Setup[22m[0m[0m
   • Created required directories[0m[0m
   • Initialized status tracking file[0m[0m
[0m[0m
2. [1mStep 1: Generated list of mapper files[22m[0m[0m
   • Found 3 Oracle mapper files:[0m[0m
     • ProductMapper_orcl-01-select-getProduct.xml[0m[0m
     • ProductMapper_orcl-02-select-getProductListByCategory.xml[0m[0m
     • ProductMapper_orcl-03-select-searchProductList.xml[0m[0m
   • Created file_list.txt with sorted filenames[0m[0m
[0m[0m
3. [1mStep 2: Analyzed SQL for Oracle-specific features[22m[0m[0m
   • Examined each file for Oracle-specific SQL syntax[0m[0m
   • Created sql_analysis.txt with findings[0m[0m
   • No Oracle-specific features were found in any of the files[0m[0m
[0m[0m
4. [1mStep 3: Performed Oracle to PostgreSQL conversion[22m[0m[0m
   • Created PostgreSQL-compatible versions of all files[0m[0m
   • Added appropriate comments with conversion date[0m[0m
   • No actual SQL changes were needed as the queries were already PostgreSQL compatible[0m[0m
   • Created conversion_summary.txt with details[0m[0m
[0m[0m
5. [1mStep 4: Validated converted XML files[22m[0m[0m
   • Used xmllint to verify XML syntax correctness[0m[0m
   • All files passed validation with no errors[0m[0m
[0m[0m
[38;5;13m[1m## Technical Analysis[0m[0m
[0m[0m
The ProductMapper files contained simple SELECT queries that are compatible with both Oracle and PostgreSQL without modification. The queries use:[0m[0m
• Standard SELECT statements with column aliases[0m[0m
• Simple WHERE clauses with equality and LIKE operators[0m[0m
• Standard SQL functions (LOWER)[0m[0m
• No Oracle-specific features like ROWNUM, NVL, DECODE, etc.[0m[0m
[0m[0m
All converted files maintain the original MyBatis mapper structure while adding appropriate comments to document the conversion process.[0m[0m
[0m[0m
The conversion process is now complete, with all steps marked as "Completed" in the status.txt file.[0m[0m
