I understand you need expert assistance with converting Oracle SQL-based MyBatis mapper files to PostgreSQL-compatible versions. I'll help you execute the conversion process following the detailed steps you've outlined.[0m[0m
[0m[0m
Let's start by checking if a status file exists and determining where we need to begin:[0m[0m
[0m[0m
[1mTool validation failed: [0m
[38;5;9mFailed to validate tool parameters: '/home/ec2-user/environment/OMA/Application/jpetstore-6/Transform/logs/mapper/SequenceMapper_orcl/status.txt' does not exist
[39mThe status file doesn't exist yet. Let's first check if the directory structure exists:[0m[0m
[0m[0m
[38;5;13m🛠️  Using tool: execute_bash[38;5;2m (trusted)[39m[39m
 ⋮ 
 ● I will run the following shell command: 
[38;5;10mmkdir -p /home/ec2-user/environment/OMA/Application/jpetstore-6/Transform/logs/mapper/SequenceMapper_orcl/{extract,transform}
[0m ⋮ 
 ↳ [38;5;12mPurpose: [0mCreating required directory structure


 ⋮ 
[38;5;10m[1m ● Completed in 0.2s[39m
Now I'll create the status file with all steps marked as "Not Started":[0m[0m
[0m[0m
[38;5;13m🛠️  Using tool: fs_write[38;5;2m (trusted)[39m[39m
 ⋮ 
 ● Path: [38;5;10m/home/ec2-user/environment/OMA/Application/jpetstore-6/Transform/logs/mapper/SequenceMapper_orcl/status.txt[0m

[48;2;40;67;43m[39m+    1[39m:[39m[48;2;24;38;30m [38;2;192;197;206mStep 1: Not Started[K
[0m[48;2;40;67;43m[39m+    2[39m:[39m[48;2;24;38;30m [38;2;192;197;206mStep 2: Not Started[K
[0m[48;2;40;67;43m[39m+    3[39m:[39m[48;2;24;38;30m [38;2;192;197;206mStep 3: Not Started[K
[0m[48;2;40;67;43m[39m+    4[39m:[39m[48;2;24;38;30m [38;2;192;197;206mStep 4: Not Started[K
[0m[K
Creating: [38;5;10m/home/ec2-user/environment/OMA/Application/jpetstore-6/Transform/logs/mapper/SequenceMapper_orcl/status.txt[0m

 ⋮ 
[38;5;10m[1m ● Completed in 0.0s[39m
Let's begin with Step 1: Generate list of mapper files to be converted.[0m[0m
[0m[0m
[38;5;13m🛠️  Using tool: fs_write[38;5;2m (trusted)[39m[39m
 ⋮ 
 ● Path: [38;5;10mApplication/jpetstore-6/Transform/logs/mapper/SequenceMapper_orcl/status.txt[0m

[48;2;79;40;40m[39m- 1   [39m:[39m[48;2;36;25;28m [38;2;192;197;206mStep 1: Not Started[K
[0m[48;2;40;67;43m[39m+    1[39m:[39m[48;2;24;38;30m [38;2;192;197;206mStep 1: In Progress[K
[0m[K
Updating: [38;5;10mApplication/jpetstore-6/Transform/logs/mapper/SequenceMapper_orcl/status.txt[0m

 ⋮ 
[38;5;10m[1m ● Completed in 0.1s[39m
[0m[0m
[0m[0m
[38;5;13m🛠️  Using tool: execute_bash[38;5;2m (trusted)[39m[39m
 ⋮ 
 ● I will run the following shell command: 
[38;5;10mls -la /home/ec2-user/environment/OMA/Application/jpetstore-6/Transform/logs/mapper/SequenceMapper_orcl/extract/
[0m ⋮ 
 ↳ [38;5;12mPurpose: [0mChecking if any Oracle mapper files exist in the extract directory

total 8
drwxrwxr-x. 2 ec2-user ec2-user 115 May 29 18:55 .
drwxrwxr-x. 4 ec2-user ec2-user  56 May 29 18:55 ..
-rw-rw-r--. 1 ec2-user ec2-user 368 May 29 18:55 SequenceMapper_orcl-01-select-getSequence.xml
-rw-rw-r--. 1 ec2-user ec2-user 336 May 29 18:55 SequenceMapper_orcl-02-update-updateSequence.xml

 ⋮ 
[38;5;10m[1m ● Completed in 0.2s[39m
[0m[0m
[0m[0m
[38;5;13m🛠️  Using tool: execute_bash[38;5;2m (trusted)[39m[39m
 ⋮ 
 ● I will run the following shell command: 
[38;5;10mcd /home/ec2-user/environment/OMA/Application/jpetstore-6/Transform/logs/mapper/SequenceMapper_orcl/extract/ && ls *_orcl*.xml | sort > ../file_list.txt
[0m ⋮ 
 ↳ [38;5;12mPurpose: [0mGenerating list of Oracle mapper files to be converted


 ⋮ 
[38;5;10m[1m ● Completed in 0.3s[39m
[0m[0m
[0m[0m
[38;5;13m🛠️  Using tool: fs_read[38;5;2m (trusted)[39m[39m
 ⋮ 
 ● Reading file: [38;5;10m/home/ec2-user/environment/OMA/Application/jpetstore-6/Transform/logs/mapper/SequenceMapper_orcl/file_list.txt[0m, all lines
 ⋮ 
[38;5;10m[1m ● Completed in 0.0s[39m
[0m[0m
[0m[0m
[38;5;13m🛠️  Using tool: fs_write[38;5;2m (trusted)[39m[39m
 ⋮ 
 ● Path: [38;5;10mApplication/jpetstore-6/Transform/logs/mapper/SequenceMapper_orcl/status.txt[0m

[48;2;79;40;40m[39m- 1   [39m:[39m[48;2;36;25;28m [38;2;192;197;206mStep 1: In Progress[K
[0m[48;2;40;67;43m[39m+    1[39m:[39m[48;2;24;38;30m [38;2;192;197;206mStep 1: Completed[K
[0m[K
Updating: [38;5;10mApplication/jpetstore-6/Transform/logs/mapper/SequenceMapper_orcl/status.txt[0m

 ⋮ 
[38;5;10m[1m ● Completed in 0.0s[39m
[0m[0m
[0m[0m
[38;5;13m🛠️  Using tool: fs_write[38;5;2m (trusted)[39m[39m
 ⋮ 
 ● Path: [38;5;10mApplication/jpetstore-6/Transform/logs/mapper/SequenceMapper_orcl/status.txt[0m

[48;2;79;40;40m[39m- 2   [39m:[39m[48;2;36;25;28m [38;2;192;197;206mStep 2: Not Started[K
[0m[48;2;40;67;43m[39m+    2[39m:[39m[48;2;24;38;30m [38;2;192;197;206mStep 2: In Progress[K
[0m[K
Updating: [38;5;10mApplication/jpetstore-6/Transform/logs/mapper/SequenceMapper_orcl/status.txt[0m

 ⋮ 
[38;5;10m[1m ● Completed in 0.0s[39m
[0m[0m
[0m[0m
[38;5;13m🛠️  Using tool: fs_read[38;5;2m (trusted)[39m[39m
 ⋮ 
 ● Reading file: [38;5;10m/home/ec2-user/environment/OMA/Application/jpetstore-6/Transform/logs/mapper/SequenceMapper_orcl/extract/SequenceMapper_orcl-01-select-getSequence.xml[0m, all lines
 ⋮ 
[38;5;10m[1m ● Completed in 0.0s[39m
[0m[0m
[0m[0m
[38;5;13m🛠️  Using tool: fs_read[38;5;2m (trusted)[39m[39m
 ⋮ 
 ● Reading file: [38;5;10m/home/ec2-user/environment/OMA/Application/jpetstore-6/Transform/logs/mapper/SequenceMapper_orcl/extract/SequenceMapper_orcl-02-update-updateSequence.xml[0m, all lines
 ⋮ 
[38;5;10m[1m ● Completed in 0.0s[39m
[0m[0m
[0m[0m
[38;5;13m🛠️  Using tool: fs_write[38;5;2m (trusted)[39m[39m
 ⋮ 
 ● Path: [38;5;10m/home/ec2-user/environment/OMA/Application/jpetstore-6/Transform/logs/mapper/SequenceMapper_orcl/sql_analysis.txt[0m

[48;2;40;67;43m[39m+     1[39m:[39m[48;2;24;38;30m [38;2;192;197;206mSQL Analysis Results:[K
[0m[48;2;40;67;43m[39m+     2[39m:[39m[48;2;24;38;30m [K
[0m[48;2;40;67;43m[39m+     3[39m:[39m[48;2;24;38;30m [38;2;192;197;206m1. getSequence:[K
[0m[48;2;40;67;43m[39m+     4[39m:[39m[48;2;24;38;30m [38;2;192;197;206m  - Type: SELECT query[K
[0m[48;2;40;67;43m[39m+     5[39m:[39m[48;2;24;38;30m [38;2;192;197;206m  - Contains: Simple SELECT from SEQUENCE table with WHERE clause[K
[0m[48;2;40;67;43m[39m+     6[39m:[39m[48;2;24;38;30m [38;2;192;197;206m  - Oracle-specific features: None[K
[0m[48;2;40;67;43m[39m+     7[39m:[39m[48;2;24;38;30m [38;2;192;197;206m  - Conversion needed: No[K
[0m[48;2;40;67;43m[39m+     8[39m:[39m[48;2;24;38;30m [K
[0m[48;2;40;67;43m[39m+     9[39m:[39m[48;2;24;38;30m [38;2;192;197;206m2. updateSequence:[K
[0m[48;2;40;67;43m[39m+    10[39m:[39m[48;2;24;38;30m [38;2;192;197;206m  - Type: UPDATE query[K
[0m[48;2;40;67;43m[39m+    11[39m:[39m[48;2;24;38;30m [38;2;192;197;206m  - Contains: Simple UPDATE to SEQUENCE table with WHERE clause[K
[0m[48;2;40;67;43m[39m+    12[39m:[39m[48;2;24;38;30m [38;2;192;197;206m  - Oracle-specific features: None[K
[0m[48;2;40;67;43m[39m+    13[39m:[39m[48;2;24;38;30m [38;2;192;197;206m  - Conversion needed: No[K
[0m[K
Creating: [38;5;10m/home/ec2-user/environment/OMA/Application/jpetstore-6/Transform/logs/mapper/SequenceMapper_orcl/sql_analysis.txt[0m

 ⋮ 
[38;5;10m[1m ● Completed in 0.0s[39m
[0m[0m
[0m[0m
[38;5;13m🛠️  Using tool: fs_write[38;5;2m (trusted)[39m[39m
 ⋮ 
 ● Path: [38;5;10mApplication/jpetstore-6/Transform/logs/mapper/SequenceMapper_orcl/status.txt[0m

[48;2;79;40;40m[39m- 2   [39m:[39m[48;2;36;25;28m [38;2;192;197;206mStep 2: In Progress[K
[0m[48;2;40;67;43m[39m+    2[39m:[39m[48;2;24;38;30m [38;2;192;197;206mStep 2: Completed[K
[0m[K
Updating: [38;5;10mApplication/jpetstore-6/Transform/logs/mapper/SequenceMapper_orcl/status.txt[0m

 ⋮ 
[38;5;10m[1m ● Completed in 0.0s[39m
[0m[0m
[0m[0m
[38;5;13m🛠️  Using tool: fs_write[38;5;2m (trusted)[39m[39m
 ⋮ 
 ● Path: [38;5;10mApplication/jpetstore-6/Transform/logs/mapper/SequenceMapper_orcl/status.txt[0m

[48;2;79;40;40m[39m- 3   [39m:[39m[48;2;36;25;28m [38;2;192;197;206mStep 3: Not Started[K
[0m[48;2;40;67;43m[39m+    3[39m:[39m[48;2;24;38;30m [38;2;192;197;206mStep 3: In Progress[K
[0m[K
Updating: [38;5;10mApplication/jpetstore-6/Transform/logs/mapper/SequenceMapper_orcl/status.txt[0m

 ⋮ 
[38;5;10m[1m ● Completed in 0.0s[39m
[0m[0m
[0m[0m
[38;5;13m🛠️  Using tool: fs_write[38;5;2m (trusted)[39m[39m
 ⋮ 
 ● Path: [38;5;10m/home/ec2-user/environment/OMA/Application/jpetstore-6/Transform/logs/mapper/SequenceMapper_orcl/transform/SequenceMapper_pg-01-select-getSequence.xml[0m

[48;2;40;67;43m[39m+     1[39m:[39m[48;2;24;38;30m [38;2;192;197;206m<?[38;2;191;97;106mxml[38;2;192;197;206m [38;2;208;135;112mversion[38;2;192;197;206m=[38;2;192;197;206m"[38;2;163;190;140m1.0[38;2;192;197;206m"[38;2;192;197;206m [38;2;208;135;112mencoding[38;2;192;197;206m=[38;2;192;197;206m"[38;2;163;190;140mUTF-8[38;2;192;197;206m"[38;2;192;197;206m?>[K
[0m[48;2;40;67;43m[39m+     2[39m:[39m[48;2;24;38;30m [38;2;192;197;206m<![38;2;180;142;173mDOCTYPE[38;2;192;197;206m [38;2;191;97;106mmapper[38;2;192;197;206m PUBLIC "-//mybatis.org//DTD Mapper 3.0//EN"[K
[0m[48;2;40;67;43m[39m+     3[39m:[39m[48;2;24;38;30m [38;2;192;197;206m"http://mybatis.org/dtd/mybatis-3-mapper.dtd"[38;2;192;197;206m>[K
[0m[48;2;40;67;43m[39m+     4[39m:[39m[48;2;24;38;30m [38;2;192;197;206m<[38;2;191;97;106mmapper[38;2;192;197;206m [38;2;208;135;112mnamespace[38;2;192;197;206m=[38;2;192;197;206m"[38;2;163;190;140morg.mybatis.jpetstore.mapper.SequenceMapper[38;2;192;197;206m"[38;2;192;197;206m>[K
[0m[48;2;40;67;43m[39m+     5[39m:[39m[48;2;24;38;30m [38;2;101;115;126m<!--[38;2;101;115;126m 2025-05-29 Amazon Q Developer : No conversion needed, SQL is PostgreSQL compatible [38;2;101;115;126m-->[K
[0m[48;2;40;67;43m[39m+     6[39m:[39m[48;2;24;38;30m [38;2;192;197;206m<[38;2;191;97;106mselect[38;2;192;197;206m [38;2;208;135;112mid[38;2;192;197;206m=[38;2;192;197;206m"[38;2;163;190;140mgetSequence[38;2;192;197;206m"[38;2;192;197;206m [38;2;208;135;112mresultType[38;2;192;197;206m=[38;2;192;197;206m"[38;2;163;190;140mSequence[38;2;192;197;206m"[38;2;192;197;206m>[K
[0m[48;2;40;67;43m[39m+     7[39m:[39m[48;2;24;38;30m [38;2;192;197;206m    SELECT SEQUENCE.name, SEQUENCE.nextid[K
[0m[48;2;40;67;43m[39m+     8[39m:[39m[48;2;24;38;30m [38;2;192;197;206m    FROM SEQUENCE[K
[0m[48;2;40;67;43m[39m+     9[39m:[39m[48;2;24;38;30m [38;2;192;197;206m    WHERE NAME = #{name}[K
[0m[48;2;40;67;43m[39m+    10[39m:[39m[48;2;24;38;30m [38;2;192;197;206m  [38;2;192;197;206m</[38;2;191;97;106mselect[38;2;192;197;206m>[K
[0m[48;2;40;67;43m[39m+    11[39m:[39m[48;2;24;38;30m [38;2;192;197;206m</[38;2;191;97;106mmapper[38;2;192;197;206m>[K
[0m[K
Creating: [38;5;10m/home/ec2-user/environment/OMA/Application/jpetstore-6/Transform/logs/mapper/SequenceMapper_orcl/transform/SequenceMapper_pg-01-select-getSequence.xml[0m

 ⋮ 
[38;5;10m[1m ● Completed in 0.0s[39m
[0m[0m
[0m[0m
[38;5;13m🛠️  Using tool: fs_write[38;5;2m (trusted)[39m[39m
 ⋮ 
 ● Path: [38;5;10m/home/ec2-user/environment/OMA/Application/jpetstore-6/Transform/logs/mapper/SequenceMapper_orcl/transform/SequenceMapper_pg-02-update-updateSequence.xml[0m

[48;2;40;67;43m[39m+     1[39m:[39m[48;2;24;38;30m [38;2;192;197;206m<?[38;2;191;97;106mxml[38;2;192;197;206m [38;2;208;135;112mversion[38;2;192;197;206m=[38;2;192;197;206m"[38;2;163;190;140m1.0[38;2;192;197;206m"[38;2;192;197;206m [38;2;208;135;112mencoding[38;2;192;197;206m=[38;2;192;197;206m"[38;2;163;190;140mUTF-8[38;2;192;197;206m"[38;2;192;197;206m?>[K
[0m[48;2;40;67;43m[39m+     2[39m:[39m[48;2;24;38;30m [38;2;192;197;206m<![38;2;180;142;173mDOCTYPE[38;2;192;197;206m [38;2;191;97;106mmapper[38;2;192;197;206m PUBLIC "-//mybatis.org//DTD Mapper 3.0//EN"[K
[0m[48;2;40;67;43m[39m+     3[39m:[39m[48;2;24;38;30m [38;2;192;197;206m"http://mybatis.org/dtd/mybatis-3-mapper.dtd"[38;2;192;197;206m>[K
[0m[48;2;40;67;43m[39m+     4[39m:[39m[48;2;24;38;30m [38;2;192;197;206m<[38;2;191;97;106mmapper[38;2;192;197;206m [38;2;208;135;112mnamespace[38;2;192;197;206m=[38;2;192;197;206m"[38;2;163;190;140morg.mybatis.jpetstore.mapper.SequenceMapper[38;2;192;197;206m"[38;2;192;197;206m>[K
[0m[48;2;40;67;43m[39m+     5[39m:[39m[48;2;24;38;30m [38;2;101;115;126m<!--[38;2;101;115;126m 2025-05-29 Amazon Q Developer : No conversion needed, SQL is PostgreSQL compatible [38;2;101;115;126m-->[K
[0m[48;2;40;67;43m[39m+     6[39m:[39m[48;2;24;38;30m [38;2;192;197;206m<[38;2;191;97;106mupdate[38;2;192;197;206m [38;2;208;135;112mid[38;2;192;197;206m=[38;2;192;197;206m"[38;2;163;190;140mupdateSequence[38;2;192;197;206m"[38;2;192;197;206m>[K
[0m[48;2;40;67;43m[39m+     7[39m:[39m[48;2;24;38;30m [38;2;192;197;206m    UPDATE SEQUENCE[K
[0m[48;2;40;67;43m[39m+     8[39m:[39m[48;2;24;38;30m [38;2;192;197;206m    SET NEXTID = #{nextId}[K
[0m[48;2;40;67;43m[39m+     9[39m:[39m[48;2;24;38;30m [38;2;192;197;206m    WHERE NAME = #{name}[K
[0m[48;2;40;67;43m[39m+    10[39m:[39m[48;2;24;38;30m [38;2;192;197;206m  [38;2;192;197;206m</[38;2;191;97;106mupdate[38;2;192;197;206m>[K
[0m[48;2;40;67;43m[39m+    11[39m:[39m[48;2;24;38;30m [38;2;192;197;206m</[38;2;191;97;106mmapper[38;2;192;197;206m>[K
[0m[K
Creating: [38;5;10m/home/ec2-user/environment/OMA/Application/jpetstore-6/Transform/logs/mapper/SequenceMapper_orcl/transform/SequenceMapper_pg-02-update-updateSequence.xml[0m

 ⋮ 
[38;5;10m[1m ● Completed in 0.0s[39m
[0m[0m
[0m[0m
[38;5;13m🛠️  Using tool: fs_write[38;5;2m (trusted)[39m[39m
 ⋮ 
 ● Path: [38;5;10m/home/ec2-user/environment/OMA/Application/jpetstore-6/Transform/logs/mapper/SequenceMapper_orcl/conversion_summary.txt[0m

[48;2;40;67;43m[39m+     1[39m:[39m[48;2;24;38;30m [38;2;192;197;206mConversion Summary:[K
[0m[48;2;40;67;43m[39m+     2[39m:[39m[48;2;24;38;30m [K
[0m[48;2;40;67;43m[39m+     3[39m:[39m[48;2;24;38;30m [38;2;192;197;206mFiles Processed:[K
[0m[48;2;40;67;43m[39m+     4[39m:[39m[48;2;24;38;30m [38;2;192;197;206m1. SequenceMapper_orcl-01-select-getSequence.xml → SequenceMapper_pg-01-select-getSequence.xml[K
[0m[48;2;40;67;43m[39m+     5[39m:[39m[48;2;24;38;30m [38;2;192;197;206m2. SequenceMapper_orcl-02-update-updateSequence.xml → SequenceMapper_pg-02-update-updateSequence.xml[K
[0m[48;2;40;67;43m[39m+     6[39m:[39m[48;2;24;38;30m [K
[0m[48;2;40;67;43m[39m+     7[39m:[39m[48;2;24;38;30m [38;2;192;197;206mConversion Details:[K
[0m[48;2;40;67;43m[39m+     8[39m:[39m[48;2;24;38;30m [38;2;192;197;206m- Both files contained standard SQL that is compatible with both Oracle and PostgreSQL[K
[0m[48;2;40;67;43m[39m+     9[39m:[39m[48;2;24;38;30m [38;2;192;197;206m- No Oracle-specific features were detected[K
[0m[48;2;40;67;43m[39m+    10[39m:[39m[48;2;24;38;30m [38;2;192;197;206m- Added appropriate comments to indicate conversion status[K
[0m[48;2;40;67;43m[39m+    11[39m:[39m[48;2;24;38;30m [38;2;192;197;206m- Maintained original XML structure and indentation[K
[0m[48;2;40;67;43m[39m+    12[39m:[39m[48;2;24;38;30m [K
[0m[48;2;40;67;43m[39m+    13[39m:[39m[48;2;24;38;30m [38;2;192;197;206mConversion Statistics:[K
[0m[48;2;40;67;43m[39m+    14[39m:[39m[48;2;24;38;30m [38;2;192;197;206m- Total files processed: 2[K
[0m[48;2;40;67;43m[39m+    15[39m:[39m[48;2;24;38;30m [38;2;192;197;206m- Files requiring conversion: 0[K
[0m[48;2;40;67;43m[39m+    16[39m:[39m[48;2;24;38;30m [38;2;192;197;206m- Files with no changes needed: 2[K
[0m[48;2;40;67;43m[39m+    17[39m:[39m[48;2;24;38;30m [38;2;192;197;206m- Conversion success rate: 100%[K
[0m[K
Creating: [38;5;10m/home/ec2-user/environment/OMA/Application/jpetstore-6/Transform/logs/mapper/SequenceMapper_orcl/conversion_summary.txt[0m

 ⋮ 
[38;5;10m[1m ● Completed in 0.0s[39m
[0m[0m
[0m[0m
[38;5;13m🛠️  Using tool: fs_write[38;5;2m (trusted)[39m[39m
 ⋮ 
 ● Path: [38;5;10mApplication/jpetstore-6/Transform/logs/mapper/SequenceMapper_orcl/status.txt[0m

[48;2;79;40;40m[39m- 3   [39m:[39m[48;2;36;25;28m [38;2;192;197;206mStep 3: In Progress[K
[0m[48;2;40;67;43m[39m+    3[39m:[39m[48;2;24;38;30m [38;2;192;197;206mStep 3: Completed[K
[0m[K
Updating: [38;5;10mApplication/jpetstore-6/Transform/logs/mapper/SequenceMapper_orcl/status.txt[0m

 ⋮ 
[38;5;10m[1m ● Completed in 0.0s[39m
[0m[0m
[0m[0m
[38;5;13m🛠️  Using tool: fs_write[38;5;2m (trusted)[39m[39m
 ⋮ 
 ● Path: [38;5;10mApplication/jpetstore-6/Transform/logs/mapper/SequenceMapper_orcl/status.txt[0m

[48;2;79;40;40m[39m- 4   [39m:[39m[48;2;36;25;28m [38;2;192;197;206mStep 4: Not Started[K
[0m[48;2;40;67;43m[39m+    4[39m:[39m[48;2;24;38;30m [38;2;192;197;206mStep 4: In Progress[K
[0m[K
Updating: [38;5;10mApplication/jpetstore-6/Transform/logs/mapper/SequenceMapper_orcl/status.txt[0m

 ⋮ 
[38;5;10m[1m ● Completed in 0.0s[39m
[0m[0m
[0m[0m
[38;5;13m🛠️  Using tool: execute_bash[38;5;2m (trusted)[39m[39m
 ⋮ 
 ● I will run the following shell command: 
[38;5;10mfor file in /home/ec2-user/environment/OMA/Application/jpetstore-6/Transform/logs/mapper/SequenceMapper_orcl/transform/*_pg*.xml; do
  echo "Validating $file"
  xmllint --noout "$file" 2>&1
done
[0m ⋮ 
 ↳ [38;5;12mPurpose: [0mValidating converted XML files with xmllint

Validating /home/ec2-user/environment/OMA/Application/jpetstore-6/Transform/logs/mapper/SequenceMapper_orcl/transform/SequenceMapper_pg-01-select-getSequence.xml
Validating /home/ec2-user/environment/OMA/Application/jpetstore-6/Transform/logs/mapper/SequenceMapper_orcl/transform/SequenceMapper_pg-02-update-updateSequence.xml

 ⋮ 
[38;5;10m[1m ● Completed in 0.4s[39m
[0m[0m
[0m[0m
[38;5;13m🛠️  Using tool: fs_write[38;5;2m (trusted)[39m[39m
 ⋮ 
 ● Path: [38;5;10mApplication/jpetstore-6/Transform/logs/mapper/SequenceMapper_orcl/status.txt[0m

[48;2;79;40;40m[39m- 4   [39m:[39m[48;2;36;25;28m [38;2;192;197;206mStep 4: In Progress[K
[0m[48;2;40;67;43m[39m+    4[39m:[39m[48;2;24;38;30m [38;2;192;197;206mStep 4: Completed[K
[0m[K
Updating: [38;5;10mApplication/jpetstore-6/Transform/logs/mapper/SequenceMapper_orcl/status.txt[0m

 ⋮ 
[38;5;10m[1m ● Completed in 0.0s[39m
I've successfully completed all four steps of the Oracle to PostgreSQL MyBatis mapper conversion process for the SequenceMapper files. Here's a summary of what was accomplished:[0m[0m
[0m[0m
[38;5;13m[1m### Step 1: Generate list of mapper files to be converted[0m[0m
• Created the necessary directory structure[0m[0m
• Found two Oracle mapper files in the extract directory:[0m[0m
  • SequenceMapper_orcl-01-select-getSequence.xml[0m[0m
  • SequenceMapper_orcl-02-update-updateSequence.xml[0m[0m
• Generated file_list.txt with the files to be converted[0m[0m
[0m[0m
[38;5;13m[1m### Step 2: Analyze SQL for Oracle-specific features[0m[0m
• Examined both mapper files for Oracle-specific SQL syntax[0m[0m
• Created sql_analysis.txt with the following findings:[0m[0m
  • Both files contain standard SQL that is compatible with both Oracle and PostgreSQL[0m[0m
  • No Oracle-specific features were detected[0m[0m
  • No conversion needed for either file[0m[0m
[0m[0m
[38;5;13m[1m### Step 3: Perform Oracle to PostgreSQL conversion[0m[0m
• Created PostgreSQL-compatible versions of both files:[0m[0m
  • SequenceMapper_pg-01-select-getSequence.xml[0m[0m
  • SequenceMapper_pg-02-update-updateSequence.xml[0m[0m
• Added appropriate comments indicating no conversion was needed[0m[0m
• Maintained original XML structure and indentation[0m[0m
• Generated a conversion_summary.txt file with statistics[0m[0m
[0m[0m
[38;5;13m[1m### Step 4: Validate converted XML files[0m[0m
• Used xmllint to verify XML syntax correctness[0m[0m
• Both files passed validation with no errors[0m[0m
[0m[0m
All steps have been marked as "Completed" in the status.txt file. The conversion process was successful with a 100% success rate, as both files contained standard SQL that is compatible with both Oracle and PostgreSQL without 
requiring any changes.[0m[0m
