2025-05-29 18:37:59 - INFO - [AP02.GenSQLTransformTarget.py:93] - Logging initialized. Log file: /home/ec2-user/environment/OMA/Application/jpetstore-6/Assessments/logs/AP02.Find_ParentClasses.log
2025-05-29 18:37:59 - DEBUG - [AP02.GenSQLTransformTarget.py:94] - Debug logging enabled
2025-05-29 18:37:59 - INFO - [AP02.GenSQLTransformTarget.py:433] - 

2025-05-29 18:37:59 - INFO - [AP02.GenSQLTransformTarget.py:434] - ====================================================================================================
2025-05-29 18:37:59 - INFO - [AP02.GenSQLTransformTarget.py:435] - Program started
2025-05-29 18:37:59 - INFO - [AP02.GenSQLTransformTarget.py:436] - ====================================================================================================
2025-05-29 18:37:59 - INFO - [AP02.GenSQLTransformTarget.py:437] - TRANSFORM_RELATED_CLASS: ['SDefaultDao']
2025-05-29 18:37:59 - INFO - [AP02.GenSQLTransformTarget.py:438] - SOURCE_DIR: /home/ec2-user/environment/jpetstore-6/src
2025-05-29 18:37:59 - INFO - [AP02.GenSQLTransformTarget.py:439] - ASSESSMENT_FOLDER: /home/ec2-user/environment/OMA/Application/jpetstore-6/Assessments
2025-05-29 18:37:59 - INFO - [AP02.GenSQLTransformTarget.py:122] - All required environment variables are set
2025-05-29 18:37:59 - INFO - [AP02.GenSQLTransformTarget.py:130] - Created required directories: /home/ec2-user/environment/OMA/Application/jpetstore-6/Assessments/logs
2025-05-29 18:37:59 - INFO - [AP02.GenSQLTransformTarget.py:446] - ====================================================================================================
2025-05-29 18:37:59 - INFO - [AP02.GenSQLTransformTarget.py:447] - Building class hierarchy in: /home/ec2-user/environment/jpetstore-6/src
2025-05-29 18:37:59 - INFO - [AP02.GenSQLTransformTarget.py:448] - ====================================================================================================
2025-05-29 18:37:59 - INFO - [AP02.GenSQLTransformTarget.py:253] - Starting to search for class hierarchy in: /home/ec2-user/environment/jpetstore-6/src
2025-05-29 18:37:59 - DEBUG - [AP02.GenSQLTransformTarget.py:265] - Analyzing file: /home/ec2-user/environment/jpetstore-6/src/test/java/org/mybatis/jpetstore/ScreenTransitionIT.java
2025-05-29 18:37:59 - DEBUG - [AP02.GenSQLTransformTarget.py:266] - Package: org.mybatis.jpetstore
2025-05-29 18:37:59 - DEBUG - [AP02.GenSQLTransformTarget.py:265] - Analyzing file: /home/ec2-user/environment/jpetstore-6/src/test/java/org/mybatis/jpetstore/web/actions/AccountActionBeanTest.java
2025-05-29 18:37:59 - DEBUG - [AP02.GenSQLTransformTarget.py:266] - Package: org.mybatis.jpetstore.web.actions
2025-05-29 18:37:59 - DEBUG - [AP02.GenSQLTransformTarget.py:265] - Analyzing file: /home/ec2-user/environment/jpetstore-6/src/test/java/org/mybatis/jpetstore/web/actions/OrderActionBeanTest.java
2025-05-29 18:37:59 - DEBUG - [AP02.GenSQLTransformTarget.py:266] - Package: org.mybatis.jpetstore.web.actions
2025-05-29 18:37:59 - DEBUG - [AP02.GenSQLTransformTarget.py:265] - Analyzing file: /home/ec2-user/environment/jpetstore-6/src/test/java/org/mybatis/jpetstore/web/actions/CatalogActionBeanTest.java
2025-05-29 18:37:59 - DEBUG - [AP02.GenSQLTransformTarget.py:266] - Package: org.mybatis.jpetstore.web.actions
2025-05-29 18:37:59 - DEBUG - [AP02.GenSQLTransformTarget.py:265] - Analyzing file: /home/ec2-user/environment/jpetstore-6/src/test/java/org/mybatis/jpetstore/mapper/OrderMapperTest.java
2025-05-29 18:37:59 - DEBUG - [AP02.GenSQLTransformTarget.py:266] - Package: org.mybatis.jpetstore.mapper
2025-05-29 18:37:59 - DEBUG - [AP02.GenSQLTransformTarget.py:265] - Analyzing file: /home/ec2-user/environment/jpetstore-6/src/test/java/org/mybatis/jpetstore/mapper/LineItemMapperTest.java
2025-05-29 18:37:59 - DEBUG - [AP02.GenSQLTransformTarget.py:266] - Package: org.mybatis.jpetstore.mapper
2025-05-29 18:37:59 - DEBUG - [AP02.GenSQLTransformTarget.py:265] - Analyzing file: /home/ec2-user/environment/jpetstore-6/src/test/java/org/mybatis/jpetstore/mapper/ProductMapperTest.java
2025-05-29 18:37:59 - DEBUG - [AP02.GenSQLTransformTarget.py:266] - Package: org.mybatis.jpetstore.mapper
2025-05-29 18:37:59 - DEBUG - [AP02.GenSQLTransformTarget.py:265] - Analyzing file: /home/ec2-user/environment/jpetstore-6/src/test/java/org/mybatis/jpetstore/mapper/AccountMapperTest.java
2025-05-29 18:37:59 - DEBUG - [AP02.GenSQLTransformTarget.py:266] - Package: org.mybatis.jpetstore.mapper
2025-05-29 18:37:59 - DEBUG - [AP02.GenSQLTransformTarget.py:265] - Analyzing file: /home/ec2-user/environment/jpetstore-6/src/test/java/org/mybatis/jpetstore/mapper/CategoryMapperTest.java
2025-05-29 18:37:59 - DEBUG - [AP02.GenSQLTransformTarget.py:266] - Package: org.mybatis.jpetstore.mapper
2025-05-29 18:37:59 - DEBUG - [AP02.GenSQLTransformTarget.py:265] - Analyzing file: /home/ec2-user/environment/jpetstore-6/src/test/java/org/mybatis/jpetstore/mapper/MapperTestContext.java
2025-05-29 18:37:59 - DEBUG - [AP02.GenSQLTransformTarget.py:266] - Package: org.mybatis.jpetstore.mapper
2025-05-29 18:37:59 - DEBUG - [AP02.GenSQLTransformTarget.py:265] - Analyzing file: /home/ec2-user/environment/jpetstore-6/src/test/java/org/mybatis/jpetstore/mapper/SequenceMapperTest.java
2025-05-29 18:37:59 - DEBUG - [AP02.GenSQLTransformTarget.py:266] - Package: org.mybatis.jpetstore.mapper
2025-05-29 18:37:59 - DEBUG - [AP02.GenSQLTransformTarget.py:265] - Analyzing file: /home/ec2-user/environment/jpetstore-6/src/test/java/org/mybatis/jpetstore/mapper/ItemMapperTest.java
2025-05-29 18:37:59 - DEBUG - [AP02.GenSQLTransformTarget.py:266] - Package: org.mybatis.jpetstore.mapper
2025-05-29 18:37:59 - DEBUG - [AP02.GenSQLTransformTarget.py:265] - Analyzing file: /home/ec2-user/environment/jpetstore-6/src/test/java/org/mybatis/jpetstore/service/OrderServiceTest.java
2025-05-29 18:37:59 - DEBUG - [AP02.GenSQLTransformTarget.py:266] - Package: org.mybatis.jpetstore.service
2025-05-29 18:37:59 - DEBUG - [AP02.GenSQLTransformTarget.py:265] - Analyzing file: /home/ec2-user/environment/jpetstore-6/src/test/java/org/mybatis/jpetstore/service/AccountServiceTest.java
2025-05-29 18:37:59 - DEBUG - [AP02.GenSQLTransformTarget.py:266] - Package: org.mybatis.jpetstore.service
2025-05-29 18:37:59 - DEBUG - [AP02.GenSQLTransformTarget.py:265] - Analyzing file: /home/ec2-user/environment/jpetstore-6/src/test/java/org/mybatis/jpetstore/service/CatalogServiceTest.java
2025-05-29 18:37:59 - DEBUG - [AP02.GenSQLTransformTarget.py:266] - Package: org.mybatis.jpetstore.service
2025-05-29 18:37:59 - DEBUG - [AP02.GenSQLTransformTarget.py:265] - Analyzing file: /home/ec2-user/environment/jpetstore-6/src/test/java/org/mybatis/jpetstore/domain/CartTest.java
2025-05-29 18:37:59 - DEBUG - [AP02.GenSQLTransformTarget.py:266] - Package: org.mybatis.jpetstore.domain
2025-05-29 18:37:59 - DEBUG - [AP02.GenSQLTransformTarget.py:265] - Analyzing file: /home/ec2-user/environment/jpetstore-6/src/test/java/org/mybatis/jpetstore/domain/OrderTest.java
2025-05-29 18:37:59 - DEBUG - [AP02.GenSQLTransformTarget.py:266] - Package: org.mybatis.jpetstore.domain
2025-05-29 18:37:59 - DEBUG - [AP02.GenSQLTransformTarget.py:265] - Analyzing file: /home/ec2-user/environment/jpetstore-6/src/main/java/org/mybatis/jpetstore/web/actions/CartActionBean.java
2025-05-29 18:37:59 - DEBUG - [AP02.GenSQLTransformTarget.py:266] - Package: org.mybatis.jpetstore.web.actions
2025-05-29 18:37:59 - DEBUG - [AP02.GenSQLTransformTarget.py:273] - Class found: CartActionBean
2025-05-29 18:37:59 - DEBUG - [AP02.GenSQLTransformTarget.py:276] - Inheritance relationship: CartActionBean -> ['AbstractActionBean']
2025-05-29 18:37:59 - DEBUG - [AP02.GenSQLTransformTarget.py:265] - Analyzing file: /home/ec2-user/environment/jpetstore-6/src/main/java/org/mybatis/jpetstore/web/actions/OrderActionBean.java
2025-05-29 18:37:59 - DEBUG - [AP02.GenSQLTransformTarget.py:266] - Package: org.mybatis.jpetstore.web.actions
2025-05-29 18:37:59 - DEBUG - [AP02.GenSQLTransformTarget.py:273] - Class found: OrderActionBean
2025-05-29 18:37:59 - DEBUG - [AP02.GenSQLTransformTarget.py:276] - Inheritance relationship: OrderActionBean -> ['AbstractActionBean']
2025-05-29 18:37:59 - DEBUG - [AP02.GenSQLTransformTarget.py:265] - Analyzing file: /home/ec2-user/environment/jpetstore-6/src/main/java/org/mybatis/jpetstore/web/actions/AbstractActionBean.java
2025-05-29 18:37:59 - DEBUG - [AP02.GenSQLTransformTarget.py:266] - Package: org.mybatis.jpetstore.web.actions
2025-05-29 18:37:59 - DEBUG - [AP02.GenSQLTransformTarget.py:273] - Class found: AbstractActionBean
2025-05-29 18:37:59 - DEBUG - [AP02.GenSQLTransformTarget.py:284] - Interface implementation: AbstractActionBean -> ['ActionBean', 'Serializable']
2025-05-29 18:37:59 - DEBUG - [AP02.GenSQLTransformTarget.py:265] - Analyzing file: /home/ec2-user/environment/jpetstore-6/src/main/java/org/mybatis/jpetstore/web/actions/CatalogActionBean.java
2025-05-29 18:37:59 - DEBUG - [AP02.GenSQLTransformTarget.py:266] - Package: org.mybatis.jpetstore.web.actions
2025-05-29 18:37:59 - DEBUG - [AP02.GenSQLTransformTarget.py:273] - Class found: CatalogActionBean
2025-05-29 18:37:59 - DEBUG - [AP02.GenSQLTransformTarget.py:276] - Inheritance relationship: CatalogActionBean -> ['AbstractActionBean']
2025-05-29 18:37:59 - DEBUG - [AP02.GenSQLTransformTarget.py:265] - Analyzing file: /home/ec2-user/environment/jpetstore-6/src/main/java/org/mybatis/jpetstore/web/actions/AccountActionBean.java
2025-05-29 18:37:59 - DEBUG - [AP02.GenSQLTransformTarget.py:266] - Package: org.mybatis.jpetstore.web.actions
2025-05-29 18:37:59 - DEBUG - [AP02.GenSQLTransformTarget.py:273] - Class found: AccountActionBean
2025-05-29 18:37:59 - DEBUG - [AP02.GenSQLTransformTarget.py:276] - Inheritance relationship: AccountActionBean -> ['AbstractActionBean']
2025-05-29 18:37:59 - DEBUG - [AP02.GenSQLTransformTarget.py:265] - Analyzing file: /home/ec2-user/environment/jpetstore-6/src/main/java/org/mybatis/jpetstore/mapper/CategoryMapper.java
2025-05-29 18:37:59 - DEBUG - [AP02.GenSQLTransformTarget.py:266] - Package: org.mybatis.jpetstore.mapper
2025-05-29 18:37:59 - DEBUG - [AP02.GenSQLTransformTarget.py:265] - Analyzing file: /home/ec2-user/environment/jpetstore-6/src/main/java/org/mybatis/jpetstore/mapper/ItemSalesMapper.java
2025-05-29 18:37:59 - DEBUG - [AP02.GenSQLTransformTarget.py:266] - Package: org.mybatis.jpetstore.mapper
2025-05-29 18:37:59 - DEBUG - [AP02.GenSQLTransformTarget.py:265] - Analyzing file: /home/ec2-user/environment/jpetstore-6/src/main/java/org/mybatis/jpetstore/mapper/LineItemMapper.java
2025-05-29 18:37:59 - DEBUG - [AP02.GenSQLTransformTarget.py:266] - Package: org.mybatis.jpetstore.mapper
2025-05-29 18:37:59 - DEBUG - [AP02.GenSQLTransformTarget.py:265] - Analyzing file: /home/ec2-user/environment/jpetstore-6/src/main/java/org/mybatis/jpetstore/mapper/ItemMapper.java
2025-05-29 18:37:59 - DEBUG - [AP02.GenSQLTransformTarget.py:266] - Package: org.mybatis.jpetstore.mapper
2025-05-29 18:37:59 - DEBUG - [AP02.GenSQLTransformTarget.py:265] - Analyzing file: /home/ec2-user/environment/jpetstore-6/src/main/java/org/mybatis/jpetstore/mapper/OrderMapper.java
2025-05-29 18:37:59 - DEBUG - [AP02.GenSQLTransformTarget.py:266] - Package: org.mybatis.jpetstore.mapper
2025-05-29 18:37:59 - DEBUG - [AP02.GenSQLTransformTarget.py:265] - Analyzing file: /home/ec2-user/environment/jpetstore-6/src/main/java/org/mybatis/jpetstore/mapper/GasPriceMapper.java
2025-05-29 18:37:59 - DEBUG - [AP02.GenSQLTransformTarget.py:266] - Package: org.mybatis.jpetstore.mapper
2025-05-29 18:37:59 - DEBUG - [AP02.GenSQLTransformTarget.py:265] - Analyzing file: /home/ec2-user/environment/jpetstore-6/src/main/java/org/mybatis/jpetstore/mapper/BrickMapper.java
2025-05-29 18:37:59 - DEBUG - [AP02.GenSQLTransformTarget.py:266] - Package: org.mybatis.jpetstore.mapper
2025-05-29 18:37:59 - DEBUG - [AP02.GenSQLTransformTarget.py:265] - Analyzing file: /home/ec2-user/environment/jpetstore-6/src/main/java/org/mybatis/jpetstore/mapper/AccountMapper.java
2025-05-29 18:37:59 - DEBUG - [AP02.GenSQLTransformTarget.py:266] - Package: org.mybatis.jpetstore.mapper
2025-05-29 18:37:59 - DEBUG - [AP02.GenSQLTransformTarget.py:265] - Analyzing file: /home/ec2-user/environment/jpetstore-6/src/main/java/org/mybatis/jpetstore/mapper/SequenceMapper.java
2025-05-29 18:37:59 - DEBUG - [AP02.GenSQLTransformTarget.py:266] - Package: org.mybatis.jpetstore.mapper
2025-05-29 18:37:59 - DEBUG - [AP02.GenSQLTransformTarget.py:265] - Analyzing file: /home/ec2-user/environment/jpetstore-6/src/main/java/org/mybatis/jpetstore/mapper/ProductMapper.java
2025-05-29 18:37:59 - DEBUG - [AP02.GenSQLTransformTarget.py:266] - Package: org.mybatis.jpetstore.mapper
2025-05-29 18:37:59 - DEBUG - [AP02.GenSQLTransformTarget.py:265] - Analyzing file: /home/ec2-user/environment/jpetstore-6/src/main/java/org/mybatis/jpetstore/service/AccountService.java
2025-05-29 18:37:59 - DEBUG - [AP02.GenSQLTransformTarget.py:266] - Package: org.mybatis.jpetstore.service
2025-05-29 18:37:59 - DEBUG - [AP02.GenSQLTransformTarget.py:265] - Analyzing file: /home/ec2-user/environment/jpetstore-6/src/main/java/org/mybatis/jpetstore/service/OrderService.java
2025-05-29 18:37:59 - DEBUG - [AP02.GenSQLTransformTarget.py:266] - Package: org.mybatis.jpetstore.service
2025-05-29 18:37:59 - DEBUG - [AP02.GenSQLTransformTarget.py:265] - Analyzing file: /home/ec2-user/environment/jpetstore-6/src/main/java/org/mybatis/jpetstore/service/CatalogService.java
2025-05-29 18:37:59 - DEBUG - [AP02.GenSQLTransformTarget.py:266] - Package: org.mybatis.jpetstore.service
2025-05-29 18:37:59 - DEBUG - [AP02.GenSQLTransformTarget.py:265] - Analyzing file: /home/ec2-user/environment/jpetstore-6/src/main/java/org/mybatis/jpetstore/domain/Order.java
2025-05-29 18:37:59 - DEBUG - [AP02.GenSQLTransformTarget.py:266] - Package: org.mybatis.jpetstore.domain
2025-05-29 18:37:59 - DEBUG - [AP02.GenSQLTransformTarget.py:273] - Class found: Order
2025-05-29 18:37:59 - DEBUG - [AP02.GenSQLTransformTarget.py:284] - Interface implementation: Order -> ['Serializable']
2025-05-29 18:37:59 - DEBUG - [AP02.GenSQLTransformTarget.py:265] - Analyzing file: /home/ec2-user/environment/jpetstore-6/src/main/java/org/mybatis/jpetstore/domain/Sequence.java
2025-05-29 18:37:59 - DEBUG - [AP02.GenSQLTransformTarget.py:266] - Package: org.mybatis.jpetstore.domain
2025-05-29 18:37:59 - DEBUG - [AP02.GenSQLTransformTarget.py:273] - Class found: Sequence
2025-05-29 18:37:59 - DEBUG - [AP02.GenSQLTransformTarget.py:284] - Interface implementation: Sequence -> ['Serializable']
2025-05-29 18:37:59 - DEBUG - [AP02.GenSQLTransformTarget.py:265] - Analyzing file: /home/ec2-user/environment/jpetstore-6/src/main/java/org/mybatis/jpetstore/domain/Product.java
2025-05-29 18:37:59 - DEBUG - [AP02.GenSQLTransformTarget.py:266] - Package: org.mybatis.jpetstore.domain
2025-05-29 18:37:59 - DEBUG - [AP02.GenSQLTransformTarget.py:273] - Class found: Product
2025-05-29 18:37:59 - DEBUG - [AP02.GenSQLTransformTarget.py:284] - Interface implementation: Product -> ['Serializable']
2025-05-29 18:37:59 - DEBUG - [AP02.GenSQLTransformTarget.py:265] - Analyzing file: /home/ec2-user/environment/jpetstore-6/src/main/java/org/mybatis/jpetstore/domain/LineItem.java
2025-05-29 18:37:59 - DEBUG - [AP02.GenSQLTransformTarget.py:266] - Package: org.mybatis.jpetstore.domain
2025-05-29 18:37:59 - DEBUG - [AP02.GenSQLTransformTarget.py:273] - Class found: LineItem
2025-05-29 18:37:59 - DEBUG - [AP02.GenSQLTransformTarget.py:284] - Interface implementation: LineItem -> ['Serializable']
2025-05-29 18:37:59 - DEBUG - [AP02.GenSQLTransformTarget.py:265] - Analyzing file: /home/ec2-user/environment/jpetstore-6/src/main/java/org/mybatis/jpetstore/domain/Category.java
2025-05-29 18:37:59 - DEBUG - [AP02.GenSQLTransformTarget.py:266] - Package: org.mybatis.jpetstore.domain
2025-05-29 18:37:59 - DEBUG - [AP02.GenSQLTransformTarget.py:273] - Class found: Category
2025-05-29 18:37:59 - DEBUG - [AP02.GenSQLTransformTarget.py:284] - Interface implementation: Category -> ['Serializable']
2025-05-29 18:37:59 - DEBUG - [AP02.GenSQLTransformTarget.py:265] - Analyzing file: /home/ec2-user/environment/jpetstore-6/src/main/java/org/mybatis/jpetstore/domain/CartItem.java
2025-05-29 18:37:59 - DEBUG - [AP02.GenSQLTransformTarget.py:266] - Package: org.mybatis.jpetstore.domain
2025-05-29 18:37:59 - DEBUG - [AP02.GenSQLTransformTarget.py:273] - Class found: CartItem
2025-05-29 18:37:59 - DEBUG - [AP02.GenSQLTransformTarget.py:284] - Interface implementation: CartItem -> ['Serializable']
2025-05-29 18:37:59 - DEBUG - [AP02.GenSQLTransformTarget.py:265] - Analyzing file: /home/ec2-user/environment/jpetstore-6/src/main/java/org/mybatis/jpetstore/domain/Account.java
2025-05-29 18:37:59 - DEBUG - [AP02.GenSQLTransformTarget.py:266] - Package: org.mybatis.jpetstore.domain
2025-05-29 18:37:59 - DEBUG - [AP02.GenSQLTransformTarget.py:273] - Class found: Account
2025-05-29 18:37:59 - DEBUG - [AP02.GenSQLTransformTarget.py:284] - Interface implementation: Account -> ['Serializable']
2025-05-29 18:37:59 - DEBUG - [AP02.GenSQLTransformTarget.py:265] - Analyzing file: /home/ec2-user/environment/jpetstore-6/src/main/java/org/mybatis/jpetstore/domain/ItemSalesRatioDTO.java
2025-05-29 18:37:59 - DEBUG - [AP02.GenSQLTransformTarget.py:266] - Package: org.mybatis.jpetstore.domain
2025-05-29 18:37:59 - DEBUG - [AP02.GenSQLTransformTarget.py:273] - Class found: ItemSalesRatioDTO
2025-05-29 18:37:59 - DEBUG - [AP02.GenSQLTransformTarget.py:284] - Interface implementation: ItemSalesRatioDTO -> ['Serializable']
2025-05-29 18:37:59 - DEBUG - [AP02.GenSQLTransformTarget.py:265] - Analyzing file: /home/ec2-user/environment/jpetstore-6/src/main/java/org/mybatis/jpetstore/domain/BrickDTO.java
2025-05-29 18:37:59 - DEBUG - [AP02.GenSQLTransformTarget.py:266] - Package: org.mybatis.jpetstore.domain
2025-05-29 18:37:59 - DEBUG - [AP02.GenSQLTransformTarget.py:273] - Class found: BrickDTO
2025-05-29 18:37:59 - DEBUG - [AP02.GenSQLTransformTarget.py:284] - Interface implementation: BrickDTO -> ['Serializable']
2025-05-29 18:37:59 - DEBUG - [AP02.GenSQLTransformTarget.py:265] - Analyzing file: /home/ec2-user/environment/jpetstore-6/src/main/java/org/mybatis/jpetstore/domain/GasPricePeriodDTO.java
2025-05-29 18:37:59 - DEBUG - [AP02.GenSQLTransformTarget.py:266] - Package: org.mybatis.jpetstore.domain
2025-05-29 18:37:59 - DEBUG - [AP02.GenSQLTransformTarget.py:273] - Class found: GasPricePeriodDTO
2025-05-29 18:37:59 - DEBUG - [AP02.GenSQLTransformTarget.py:284] - Interface implementation: GasPricePeriodDTO -> ['Serializable']
2025-05-29 18:37:59 - DEBUG - [AP02.GenSQLTransformTarget.py:265] - Analyzing file: /home/ec2-user/environment/jpetstore-6/src/main/java/org/mybatis/jpetstore/domain/Cart.java
2025-05-29 18:37:59 - DEBUG - [AP02.GenSQLTransformTarget.py:266] - Package: org.mybatis.jpetstore.domain
2025-05-29 18:37:59 - DEBUG - [AP02.GenSQLTransformTarget.py:273] - Class found: Cart
2025-05-29 18:37:59 - DEBUG - [AP02.GenSQLTransformTarget.py:284] - Interface implementation: Cart -> ['Serializable']
2025-05-29 18:37:59 - DEBUG - [AP02.GenSQLTransformTarget.py:265] - Analyzing file: /home/ec2-user/environment/jpetstore-6/src/main/java/org/mybatis/jpetstore/domain/Item.java
2025-05-29 18:37:59 - DEBUG - [AP02.GenSQLTransformTarget.py:266] - Package: org.mybatis.jpetstore.domain
2025-05-29 18:37:59 - DEBUG - [AP02.GenSQLTransformTarget.py:273] - Class found: Item
2025-05-29 18:37:59 - DEBUG - [AP02.GenSQLTransformTarget.py:284] - Interface implementation: Item -> ['Serializable']
2025-05-29 18:37:59 - INFO - [AP02.GenSQLTransformTarget.py:292] - Class hierarchy structure built
2025-05-29 18:37:59 - DEBUG - [AP02.GenSQLTransformTarget.py:293] - Total 17 class relationships found
2025-05-29 18:37:59 - DEBUG - [AP02.GenSQLTransformTarget.py:191] - 클래스 계층 구조:
2025-05-29 18:37:59 - DEBUG - [AP02.GenSQLTransformTarget.py:194] - └── ActionBean
2025-05-29 18:37:59 - DEBUG - [AP02.GenSQLTransformTarget.py:194] -     └── AbstractActionBean
2025-05-29 18:37:59 - DEBUG - [AP02.GenSQLTransformTarget.py:194] -         ├── AccountActionBean
2025-05-29 18:37:59 - DEBUG - [AP02.GenSQLTransformTarget.py:194] -         ├── CartActionBean
2025-05-29 18:37:59 - DEBUG - [AP02.GenSQLTransformTarget.py:194] -         ├── CatalogActionBean
2025-05-29 18:37:59 - DEBUG - [AP02.GenSQLTransformTarget.py:194] -         └── OrderActionBean
2025-05-29 18:37:59 - DEBUG - [AP02.GenSQLTransformTarget.py:191] - 클래스 계층 구조:
2025-05-29 18:37:59 - DEBUG - [AP02.GenSQLTransformTarget.py:194] - └── Serializable
2025-05-29 18:37:59 - DEBUG - [AP02.GenSQLTransformTarget.py:194] -     ├── AbstractActionBean
2025-05-29 18:37:59 - DEBUG - [AP02.GenSQLTransformTarget.py:194] -     │   ├── AccountActionBean
2025-05-29 18:37:59 - DEBUG - [AP02.GenSQLTransformTarget.py:194] -     │   ├── CartActionBean
2025-05-29 18:37:59 - DEBUG - [AP02.GenSQLTransformTarget.py:194] -     │   ├── CatalogActionBean
2025-05-29 18:37:59 - DEBUG - [AP02.GenSQLTransformTarget.py:194] -     │   └── OrderActionBean
2025-05-29 18:37:59 - DEBUG - [AP02.GenSQLTransformTarget.py:194] -     ├── Account
2025-05-29 18:37:59 - DEBUG - [AP02.GenSQLTransformTarget.py:194] -     ├── BrickDTO
2025-05-29 18:37:59 - DEBUG - [AP02.GenSQLTransformTarget.py:194] -     ├── Cart
2025-05-29 18:37:59 - DEBUG - [AP02.GenSQLTransformTarget.py:194] -     ├── CartItem
2025-05-29 18:37:59 - DEBUG - [AP02.GenSQLTransformTarget.py:194] -     ├── Category
2025-05-29 18:37:59 - DEBUG - [AP02.GenSQLTransformTarget.py:194] -     ├── GasPricePeriodDTO
2025-05-29 18:37:59 - DEBUG - [AP02.GenSQLTransformTarget.py:194] -     ├── Item
2025-05-29 18:37:59 - DEBUG - [AP02.GenSQLTransformTarget.py:194] -     ├── ItemSalesRatioDTO
2025-05-29 18:37:59 - DEBUG - [AP02.GenSQLTransformTarget.py:194] -     ├── LineItem
2025-05-29 18:37:59 - DEBUG - [AP02.GenSQLTransformTarget.py:194] -     ├── Order
2025-05-29 18:37:59 - DEBUG - [AP02.GenSQLTransformTarget.py:194] -     ├── Product
2025-05-29 18:37:59 - DEBUG - [AP02.GenSQLTransformTarget.py:194] -     └── Sequence
2025-05-29 18:37:59 - INFO - [AP02.GenSQLTransformTarget.py:450] - 

2025-05-29 18:37:59 - INFO - [AP02.GenSQLTransformTarget.py:451] - ====================================================================================================
2025-05-29 18:37:59 - INFO - [AP02.GenSQLTransformTarget.py:466] - 

2025-05-29 18:37:59 - INFO - [AP02.GenSQLTransformTarget.py:467] - ====================================================================================================
2025-05-29 18:37:59 - INFO - [AP02.GenSQLTransformTarget.py:468] - Reading file list from: /home/ec2-user/environment/OMA/Application/jpetstore-6/Assessments/Mapperlist.csv
2025-05-29 18:37:59 - INFO - [AP02.GenSQLTransformTarget.py:469] - ====================================================================================================
2025-05-29 18:37:59 - INFO - [AP02.GenSQLTransformTarget.py:476] - Processing 7 files
2025-05-29 18:37:59 - INFO - [AP02.GenSQLTransformTarget.py:332] - [Processing file] : OrderMapper.xml
2025-05-29 18:37:59 - DEBUG - [AP02.GenSQLTransformTarget.py:214] - Attempting to parse XML file: /home/ec2-user/environment/jpetstore-6/src/main/resources/org/mybatis/jpetstore/mapper/OrderMapper.xml
2025-05-29 18:37:59 - DEBUG - [AP02.GenSQLTransformTarget.py:219] - Extracted namespace: org.mybatis.jpetstore.mapper.OrderMapper
2025-05-29 18:37:59 - INFO - [AP02.GenSQLTransformTarget.py:341] - Starting class candidate list: OrderMapper, org.mybatis.jpetstore.mapper.OrderMapper
2025-05-29 18:37:59 - INFO - [AP02.GenSQLTransformTarget.py:306] - [Inheritance information - Level 1] Child class: OrderMapper
2025-05-29 18:37:59 - INFO - [AP02.GenSQLTransformTarget.py:321] - Parent class: None
2025-05-29 18:37:59 - INFO - [AP02.GenSQLTransformTarget.py:306] - [Inheritance information - Level 1] Child class: org.mybatis.jpetstore.mapper.OrderMapper
2025-05-29 18:37:59 - INFO - [AP02.GenSQLTransformTarget.py:321] - Parent class: None
2025-05-29 18:37:59 - INFO - [AP02.GenSQLTransformTarget.py:353] - TRANSFORM_RELATED_CLASS(SDefaultDao) not found: OrderMapper.xml
2025-05-29 18:37:59 - INFO - [AP02.GenSQLTransformTarget.py:332] - [Processing file] : SequenceMapper.xml
2025-05-29 18:37:59 - DEBUG - [AP02.GenSQLTransformTarget.py:214] - Attempting to parse XML file: /home/ec2-user/environment/jpetstore-6/src/main/resources/org/mybatis/jpetstore/mapper/SequenceMapper.xml
2025-05-29 18:37:59 - DEBUG - [AP02.GenSQLTransformTarget.py:219] - Extracted namespace: org.mybatis.jpetstore.mapper.SequenceMapper
2025-05-29 18:37:59 - INFO - [AP02.GenSQLTransformTarget.py:341] - Starting class candidate list: SequenceMapper, org.mybatis.jpetstore.mapper.SequenceMapper
2025-05-29 18:37:59 - INFO - [AP02.GenSQLTransformTarget.py:306] - [Inheritance information - Level 1] Child class: SequenceMapper
2025-05-29 18:37:59 - INFO - [AP02.GenSQLTransformTarget.py:321] - Parent class: None
2025-05-29 18:37:59 - INFO - [AP02.GenSQLTransformTarget.py:306] - [Inheritance information - Level 1] Child class: org.mybatis.jpetstore.mapper.SequenceMapper
2025-05-29 18:37:59 - INFO - [AP02.GenSQLTransformTarget.py:321] - Parent class: None
2025-05-29 18:37:59 - INFO - [AP02.GenSQLTransformTarget.py:353] - TRANSFORM_RELATED_CLASS(SDefaultDao) not found: SequenceMapper.xml
2025-05-29 18:37:59 - INFO - [AP02.GenSQLTransformTarget.py:332] - [Processing file] : AccountMapper.xml
2025-05-29 18:37:59 - DEBUG - [AP02.GenSQLTransformTarget.py:214] - Attempting to parse XML file: /home/ec2-user/environment/jpetstore-6/src/main/resources/org/mybatis/jpetstore/mapper/AccountMapper.xml
2025-05-29 18:37:59 - DEBUG - [AP02.GenSQLTransformTarget.py:219] - Extracted namespace: org.mybatis.jpetstore.mapper.AccountMapper
2025-05-29 18:37:59 - INFO - [AP02.GenSQLTransformTarget.py:341] - Starting class candidate list: AccountMapper, org.mybatis.jpetstore.mapper.AccountMapper
2025-05-29 18:37:59 - INFO - [AP02.GenSQLTransformTarget.py:306] - [Inheritance information - Level 1] Child class: AccountMapper
2025-05-29 18:37:59 - INFO - [AP02.GenSQLTransformTarget.py:321] - Parent class: None
2025-05-29 18:37:59 - INFO - [AP02.GenSQLTransformTarget.py:306] - [Inheritance information - Level 1] Child class: org.mybatis.jpetstore.mapper.AccountMapper
2025-05-29 18:37:59 - INFO - [AP02.GenSQLTransformTarget.py:321] - Parent class: None
2025-05-29 18:37:59 - INFO - [AP02.GenSQLTransformTarget.py:353] - TRANSFORM_RELATED_CLASS(SDefaultDao) not found: AccountMapper.xml
2025-05-29 18:37:59 - INFO - [AP02.GenSQLTransformTarget.py:332] - [Processing file] : ProductMapper.xml
2025-05-29 18:37:59 - DEBUG - [AP02.GenSQLTransformTarget.py:214] - Attempting to parse XML file: /home/ec2-user/environment/jpetstore-6/src/main/resources/org/mybatis/jpetstore/mapper/ProductMapper.xml
2025-05-29 18:37:59 - DEBUG - [AP02.GenSQLTransformTarget.py:219] - Extracted namespace: org.mybatis.jpetstore.mapper.ProductMapper
2025-05-29 18:37:59 - INFO - [AP02.GenSQLTransformTarget.py:341] - Starting class candidate list: ProductMapper, org.mybatis.jpetstore.mapper.ProductMapper
2025-05-29 18:37:59 - INFO - [AP02.GenSQLTransformTarget.py:306] - [Inheritance information - Level 1] Child class: ProductMapper
2025-05-29 18:37:59 - INFO - [AP02.GenSQLTransformTarget.py:321] - Parent class: None
2025-05-29 18:37:59 - INFO - [AP02.GenSQLTransformTarget.py:306] - [Inheritance information - Level 1] Child class: org.mybatis.jpetstore.mapper.ProductMapper
2025-05-29 18:37:59 - INFO - [AP02.GenSQLTransformTarget.py:321] - Parent class: None
2025-05-29 18:37:59 - INFO - [AP02.GenSQLTransformTarget.py:353] - TRANSFORM_RELATED_CLASS(SDefaultDao) not found: ProductMapper.xml
2025-05-29 18:37:59 - INFO - [AP02.GenSQLTransformTarget.py:332] - [Processing file] : ItemMapper.xml
2025-05-29 18:37:59 - DEBUG - [AP02.GenSQLTransformTarget.py:214] - Attempting to parse XML file: /home/ec2-user/environment/jpetstore-6/src/main/resources/org/mybatis/jpetstore/mapper/ItemMapper.xml
2025-05-29 18:37:59 - DEBUG - [AP02.GenSQLTransformTarget.py:219] - Extracted namespace: org.mybatis.jpetstore.mapper.ItemMapper
2025-05-29 18:37:59 - INFO - [AP02.GenSQLTransformTarget.py:341] - Starting class candidate list: ItemMapper, org.mybatis.jpetstore.mapper.ItemMapper
2025-05-29 18:37:59 - INFO - [AP02.GenSQLTransformTarget.py:306] - [Inheritance information - Level 1] Child class: ItemMapper
2025-05-29 18:37:59 - INFO - [AP02.GenSQLTransformTarget.py:321] - Parent class: None
2025-05-29 18:37:59 - INFO - [AP02.GenSQLTransformTarget.py:306] - [Inheritance information - Level 1] Child class: org.mybatis.jpetstore.mapper.ItemMapper
2025-05-29 18:37:59 - INFO - [AP02.GenSQLTransformTarget.py:321] - Parent class: None
2025-05-29 18:37:59 - INFO - [AP02.GenSQLTransformTarget.py:353] - TRANSFORM_RELATED_CLASS(SDefaultDao) not found: ItemMapper.xml
2025-05-29 18:37:59 - INFO - [AP02.GenSQLTransformTarget.py:332] - [Processing file] : CategoryMapper.xml
2025-05-29 18:37:59 - DEBUG - [AP02.GenSQLTransformTarget.py:214] - Attempting to parse XML file: /home/ec2-user/environment/jpetstore-6/src/main/resources/org/mybatis/jpetstore/mapper/CategoryMapper.xml
2025-05-29 18:37:59 - DEBUG - [AP02.GenSQLTransformTarget.py:219] - Extracted namespace: org.mybatis.jpetstore.mapper.CategoryMapper
2025-05-29 18:37:59 - INFO - [AP02.GenSQLTransformTarget.py:341] - Starting class candidate list: CategoryMapper, org.mybatis.jpetstore.mapper.CategoryMapper
2025-05-29 18:37:59 - INFO - [AP02.GenSQLTransformTarget.py:306] - [Inheritance information - Level 1] Child class: CategoryMapper
2025-05-29 18:37:59 - INFO - [AP02.GenSQLTransformTarget.py:321] - Parent class: None
2025-05-29 18:37:59 - INFO - [AP02.GenSQLTransformTarget.py:306] - [Inheritance information - Level 1] Child class: org.mybatis.jpetstore.mapper.CategoryMapper
2025-05-29 18:37:59 - INFO - [AP02.GenSQLTransformTarget.py:321] - Parent class: None
2025-05-29 18:37:59 - INFO - [AP02.GenSQLTransformTarget.py:353] - TRANSFORM_RELATED_CLASS(SDefaultDao) not found: CategoryMapper.xml
2025-05-29 18:37:59 - INFO - [AP02.GenSQLTransformTarget.py:332] - [Processing file] : LineItemMapper.xml
2025-05-29 18:37:59 - DEBUG - [AP02.GenSQLTransformTarget.py:214] - Attempting to parse XML file: /home/ec2-user/environment/jpetstore-6/src/main/resources/org/mybatis/jpetstore/mapper/LineItemMapper.xml
2025-05-29 18:37:59 - DEBUG - [AP02.GenSQLTransformTarget.py:219] - Extracted namespace: org.mybatis.jpetstore.mapper.LineItemMapper
2025-05-29 18:37:59 - INFO - [AP02.GenSQLTransformTarget.py:341] - Starting class candidate list: LineItemMapper, org.mybatis.jpetstore.mapper.LineItemMapper
2025-05-29 18:37:59 - INFO - [AP02.GenSQLTransformTarget.py:306] - [Inheritance information - Level 1] Child class: LineItemMapper
2025-05-29 18:37:59 - INFO - [AP02.GenSQLTransformTarget.py:321] - Parent class: None
2025-05-29 18:37:59 - INFO - [AP02.GenSQLTransformTarget.py:306] - [Inheritance information - Level 1] Child class: org.mybatis.jpetstore.mapper.LineItemMapper
2025-05-29 18:37:59 - INFO - [AP02.GenSQLTransformTarget.py:321] - Parent class: None
2025-05-29 18:37:59 - INFO - [AP02.GenSQLTransformTarget.py:353] - TRANSFORM_RELATED_CLASS(SDefaultDao) not found: LineItemMapper.xml
2025-05-29 18:37:59 - INFO - [AP02.GenSQLTransformTarget.py:384] - Writing results to CSV file: /home/ec2-user/environment/OMA/Application/jpetstore-6/Assessments/MapperAndJndi.csv
2025-05-29 18:37:59 - DEBUG - [AP02.GenSQLTransformTarget.py:415] - Writing row: [1, '/home/ec2-user/environment/jpetstore-6/src/main/resources/org/mybatis/jpetstore/mapper/OrderMapper.xml', 'org.mybatis.jpetstore.mapper.OrderMapper', 'OrderMapper', '', 'N']
2025-05-29 18:37:59 - DEBUG - [AP02.GenSQLTransformTarget.py:415] - Writing row: [2, '/home/ec2-user/environment/jpetstore-6/src/main/resources/org/mybatis/jpetstore/mapper/SequenceMapper.xml', 'org.mybatis.jpetstore.mapper.SequenceMapper', 'SequenceMapper', '', 'N']
2025-05-29 18:37:59 - DEBUG - [AP02.GenSQLTransformTarget.py:415] - Writing row: [3, '/home/ec2-user/environment/jpetstore-6/src/main/resources/org/mybatis/jpetstore/mapper/AccountMapper.xml', 'org.mybatis.jpetstore.mapper.AccountMapper', 'AccountMapper', '', 'N']
2025-05-29 18:37:59 - DEBUG - [AP02.GenSQLTransformTarget.py:415] - Writing row: [4, '/home/ec2-user/environment/jpetstore-6/src/main/resources/org/mybatis/jpetstore/mapper/ProductMapper.xml', 'org.mybatis.jpetstore.mapper.ProductMapper', 'ProductMapper', '', 'N']
2025-05-29 18:37:59 - DEBUG - [AP02.GenSQLTransformTarget.py:415] - Writing row: [5, '/home/ec2-user/environment/jpetstore-6/src/main/resources/org/mybatis/jpetstore/mapper/ItemMapper.xml', 'org.mybatis.jpetstore.mapper.ItemMapper', 'ItemMapper', '', 'N']
2025-05-29 18:37:59 - DEBUG - [AP02.GenSQLTransformTarget.py:415] - Writing row: [6, '/home/ec2-user/environment/jpetstore-6/src/main/resources/org/mybatis/jpetstore/mapper/CategoryMapper.xml', 'org.mybatis.jpetstore.mapper.CategoryMapper', 'CategoryMapper', '', 'N']
2025-05-29 18:37:59 - DEBUG - [AP02.GenSQLTransformTarget.py:415] - Writing row: [7, '/home/ec2-user/environment/jpetstore-6/src/main/resources/org/mybatis/jpetstore/mapper/LineItemMapper.xml', 'org.mybatis.jpetstore.mapper.LineItemMapper', 'LineItemMapper', '', 'N']
2025-05-29 18:37:59 - INFO - [AP02.GenSQLTransformTarget.py:421] - All results saved to CSV file: /home/ec2-user/environment/OMA/Application/jpetstore-6/Assessments/MapperAndJndi.csv
2025-05-29 18:37:59 - INFO - [AP02.GenSQLTransformTarget.py:422] - Total 7 items saved to /home/ec2-user/environment/OMA/Application/jpetstore-6/Assessments/MapperAndJndi.csv
2025-05-29 18:37:59 - INFO - [AP02.GenSQLTransformTarget.py:384] - Writing results to CSV file: /home/ec2-user/environment/OMA/Application/jpetstore-6/Transform/SQLTransformTarget.csv
2025-05-29 18:37:59 - INFO - [AP02.GenSQLTransformTarget.py:421] - Transformation targets saved to CSV file: /home/ec2-user/environment/OMA/Application/jpetstore-6/Transform/SQLTransformTarget.csv
2025-05-29 18:37:59 - INFO - [AP02.GenSQLTransformTarget.py:422] - Total 0 items saved to /home/ec2-user/environment/OMA/Application/jpetstore-6/Transform/SQLTransformTarget.csv
2025-05-29 18:37:59 - INFO - [AP02.GenSQLTransformTarget.py:490] - Total 7 files processed
2025-05-29 18:37:59 - INFO - [AP02.GenSQLTransformTarget.py:494] - ====================================================================================================
2025-05-29 18:37:59 - INFO - [AP02.GenSQLTransformTarget.py:495] - Program ended
2025-05-29 18:48:26 - INFO - [AP02.GenSQLTransformTarget.py:93] - Logging initialized. Log file: /home/ec2-user/environment/OMA/Application/jpetstore-6/Assessments/logs/AP02.Find_ParentClasses.log
2025-05-29 18:48:26 - DEBUG - [AP02.GenSQLTransformTarget.py:94] - Debug logging enabled
2025-05-29 18:48:26 - INFO - [AP02.GenSQLTransformTarget.py:446] - 

2025-05-29 18:48:26 - INFO - [AP02.GenSQLTransformTarget.py:447] - ====================================================================================================
2025-05-29 18:48:26 - INFO - [AP02.GenSQLTransformTarget.py:448] - Program started
2025-05-29 18:48:26 - INFO - [AP02.GenSQLTransformTarget.py:449] - ====================================================================================================
2025-05-29 18:48:26 - INFO - [AP02.GenSQLTransformTarget.py:450] - TRANSFORM_RELATED_CLASS: ['_ALL_']
2025-05-29 18:48:26 - INFO - [AP02.GenSQLTransformTarget.py:451] - SOURCE_DIR: /home/ec2-user/environment/jpetstore-6/src
2025-05-29 18:48:26 - INFO - [AP02.GenSQLTransformTarget.py:452] - ASSESSMENT_FOLDER: /home/ec2-user/environment/OMA/Application/jpetstore-6/Assessments
2025-05-29 18:48:26 - INFO - [AP02.GenSQLTransformTarget.py:122] - All required environment variables are set
2025-05-29 18:48:26 - INFO - [AP02.GenSQLTransformTarget.py:130] - Created required directories: /home/ec2-user/environment/OMA/Application/jpetstore-6/Assessments/logs
2025-05-29 18:48:26 - INFO - [AP02.GenSQLTransformTarget.py:459] - ====================================================================================================
2025-05-29 18:48:26 - INFO - [AP02.GenSQLTransformTarget.py:460] - Building class hierarchy in: /home/ec2-user/environment/jpetstore-6/src
2025-05-29 18:48:26 - INFO - [AP02.GenSQLTransformTarget.py:461] - ====================================================================================================
2025-05-29 18:48:26 - INFO - [AP02.GenSQLTransformTarget.py:253] - Starting to search for class hierarchy in: /home/ec2-user/environment/jpetstore-6/src
2025-05-29 18:48:26 - DEBUG - [AP02.GenSQLTransformTarget.py:265] - Analyzing file: /home/ec2-user/environment/jpetstore-6/src/test/java/org/mybatis/jpetstore/ScreenTransitionIT.java
2025-05-29 18:48:26 - DEBUG - [AP02.GenSQLTransformTarget.py:266] - Package: org.mybatis.jpetstore
2025-05-29 18:48:26 - DEBUG - [AP02.GenSQLTransformTarget.py:265] - Analyzing file: /home/ec2-user/environment/jpetstore-6/src/test/java/org/mybatis/jpetstore/web/actions/AccountActionBeanTest.java
2025-05-29 18:48:26 - DEBUG - [AP02.GenSQLTransformTarget.py:266] - Package: org.mybatis.jpetstore.web.actions
2025-05-29 18:48:26 - DEBUG - [AP02.GenSQLTransformTarget.py:265] - Analyzing file: /home/ec2-user/environment/jpetstore-6/src/test/java/org/mybatis/jpetstore/web/actions/OrderActionBeanTest.java
2025-05-29 18:48:26 - DEBUG - [AP02.GenSQLTransformTarget.py:266] - Package: org.mybatis.jpetstore.web.actions
2025-05-29 18:48:26 - DEBUG - [AP02.GenSQLTransformTarget.py:265] - Analyzing file: /home/ec2-user/environment/jpetstore-6/src/test/java/org/mybatis/jpetstore/web/actions/CatalogActionBeanTest.java
2025-05-29 18:48:26 - DEBUG - [AP02.GenSQLTransformTarget.py:266] - Package: org.mybatis.jpetstore.web.actions
2025-05-29 18:48:26 - DEBUG - [AP02.GenSQLTransformTarget.py:265] - Analyzing file: /home/ec2-user/environment/jpetstore-6/src/test/java/org/mybatis/jpetstore/mapper/OrderMapperTest.java
2025-05-29 18:48:26 - DEBUG - [AP02.GenSQLTransformTarget.py:266] - Package: org.mybatis.jpetstore.mapper
2025-05-29 18:48:26 - DEBUG - [AP02.GenSQLTransformTarget.py:265] - Analyzing file: /home/ec2-user/environment/jpetstore-6/src/test/java/org/mybatis/jpetstore/mapper/LineItemMapperTest.java
2025-05-29 18:48:26 - DEBUG - [AP02.GenSQLTransformTarget.py:266] - Package: org.mybatis.jpetstore.mapper
2025-05-29 18:48:26 - DEBUG - [AP02.GenSQLTransformTarget.py:265] - Analyzing file: /home/ec2-user/environment/jpetstore-6/src/test/java/org/mybatis/jpetstore/mapper/ProductMapperTest.java
2025-05-29 18:48:26 - DEBUG - [AP02.GenSQLTransformTarget.py:266] - Package: org.mybatis.jpetstore.mapper
2025-05-29 18:48:26 - DEBUG - [AP02.GenSQLTransformTarget.py:265] - Analyzing file: /home/ec2-user/environment/jpetstore-6/src/test/java/org/mybatis/jpetstore/mapper/AccountMapperTest.java
2025-05-29 18:48:26 - DEBUG - [AP02.GenSQLTransformTarget.py:266] - Package: org.mybatis.jpetstore.mapper
2025-05-29 18:48:26 - DEBUG - [AP02.GenSQLTransformTarget.py:265] - Analyzing file: /home/ec2-user/environment/jpetstore-6/src/test/java/org/mybatis/jpetstore/mapper/CategoryMapperTest.java
2025-05-29 18:48:26 - DEBUG - [AP02.GenSQLTransformTarget.py:266] - Package: org.mybatis.jpetstore.mapper
2025-05-29 18:48:26 - DEBUG - [AP02.GenSQLTransformTarget.py:265] - Analyzing file: /home/ec2-user/environment/jpetstore-6/src/test/java/org/mybatis/jpetstore/mapper/MapperTestContext.java
2025-05-29 18:48:26 - DEBUG - [AP02.GenSQLTransformTarget.py:266] - Package: org.mybatis.jpetstore.mapper
2025-05-29 18:48:26 - DEBUG - [AP02.GenSQLTransformTarget.py:265] - Analyzing file: /home/ec2-user/environment/jpetstore-6/src/test/java/org/mybatis/jpetstore/mapper/SequenceMapperTest.java
2025-05-29 18:48:26 - DEBUG - [AP02.GenSQLTransformTarget.py:266] - Package: org.mybatis.jpetstore.mapper
2025-05-29 18:48:26 - DEBUG - [AP02.GenSQLTransformTarget.py:265] - Analyzing file: /home/ec2-user/environment/jpetstore-6/src/test/java/org/mybatis/jpetstore/mapper/ItemMapperTest.java
2025-05-29 18:48:26 - DEBUG - [AP02.GenSQLTransformTarget.py:266] - Package: org.mybatis.jpetstore.mapper
2025-05-29 18:48:26 - DEBUG - [AP02.GenSQLTransformTarget.py:265] - Analyzing file: /home/ec2-user/environment/jpetstore-6/src/test/java/org/mybatis/jpetstore/service/OrderServiceTest.java
2025-05-29 18:48:26 - DEBUG - [AP02.GenSQLTransformTarget.py:266] - Package: org.mybatis.jpetstore.service
2025-05-29 18:48:26 - DEBUG - [AP02.GenSQLTransformTarget.py:265] - Analyzing file: /home/ec2-user/environment/jpetstore-6/src/test/java/org/mybatis/jpetstore/service/AccountServiceTest.java
2025-05-29 18:48:26 - DEBUG - [AP02.GenSQLTransformTarget.py:266] - Package: org.mybatis.jpetstore.service
2025-05-29 18:48:26 - DEBUG - [AP02.GenSQLTransformTarget.py:265] - Analyzing file: /home/ec2-user/environment/jpetstore-6/src/test/java/org/mybatis/jpetstore/service/CatalogServiceTest.java
2025-05-29 18:48:26 - DEBUG - [AP02.GenSQLTransformTarget.py:266] - Package: org.mybatis.jpetstore.service
2025-05-29 18:48:26 - DEBUG - [AP02.GenSQLTransformTarget.py:265] - Analyzing file: /home/ec2-user/environment/jpetstore-6/src/test/java/org/mybatis/jpetstore/domain/CartTest.java
2025-05-29 18:48:26 - DEBUG - [AP02.GenSQLTransformTarget.py:266] - Package: org.mybatis.jpetstore.domain
2025-05-29 18:48:26 - DEBUG - [AP02.GenSQLTransformTarget.py:265] - Analyzing file: /home/ec2-user/environment/jpetstore-6/src/test/java/org/mybatis/jpetstore/domain/OrderTest.java
2025-05-29 18:48:26 - DEBUG - [AP02.GenSQLTransformTarget.py:266] - Package: org.mybatis.jpetstore.domain
2025-05-29 18:48:26 - DEBUG - [AP02.GenSQLTransformTarget.py:265] - Analyzing file: /home/ec2-user/environment/jpetstore-6/src/main/java/org/mybatis/jpetstore/web/actions/CartActionBean.java
2025-05-29 18:48:26 - DEBUG - [AP02.GenSQLTransformTarget.py:266] - Package: org.mybatis.jpetstore.web.actions
2025-05-29 18:48:26 - DEBUG - [AP02.GenSQLTransformTarget.py:273] - Class found: CartActionBean
2025-05-29 18:48:26 - DEBUG - [AP02.GenSQLTransformTarget.py:276] - Inheritance relationship: CartActionBean -> ['AbstractActionBean']
2025-05-29 18:48:26 - DEBUG - [AP02.GenSQLTransformTarget.py:265] - Analyzing file: /home/ec2-user/environment/jpetstore-6/src/main/java/org/mybatis/jpetstore/web/actions/OrderActionBean.java
2025-05-29 18:48:26 - DEBUG - [AP02.GenSQLTransformTarget.py:266] - Package: org.mybatis.jpetstore.web.actions
2025-05-29 18:48:26 - DEBUG - [AP02.GenSQLTransformTarget.py:273] - Class found: OrderActionBean
2025-05-29 18:48:26 - DEBUG - [AP02.GenSQLTransformTarget.py:276] - Inheritance relationship: OrderActionBean -> ['AbstractActionBean']
2025-05-29 18:48:26 - DEBUG - [AP02.GenSQLTransformTarget.py:265] - Analyzing file: /home/ec2-user/environment/jpetstore-6/src/main/java/org/mybatis/jpetstore/web/actions/AbstractActionBean.java
2025-05-29 18:48:26 - DEBUG - [AP02.GenSQLTransformTarget.py:266] - Package: org.mybatis.jpetstore.web.actions
2025-05-29 18:48:26 - DEBUG - [AP02.GenSQLTransformTarget.py:273] - Class found: AbstractActionBean
2025-05-29 18:48:26 - DEBUG - [AP02.GenSQLTransformTarget.py:284] - Interface implementation: AbstractActionBean -> ['ActionBean', 'Serializable']
2025-05-29 18:48:26 - DEBUG - [AP02.GenSQLTransformTarget.py:265] - Analyzing file: /home/ec2-user/environment/jpetstore-6/src/main/java/org/mybatis/jpetstore/web/actions/CatalogActionBean.java
2025-05-29 18:48:26 - DEBUG - [AP02.GenSQLTransformTarget.py:266] - Package: org.mybatis.jpetstore.web.actions
2025-05-29 18:48:26 - DEBUG - [AP02.GenSQLTransformTarget.py:273] - Class found: CatalogActionBean
2025-05-29 18:48:26 - DEBUG - [AP02.GenSQLTransformTarget.py:276] - Inheritance relationship: CatalogActionBean -> ['AbstractActionBean']
2025-05-29 18:48:26 - DEBUG - [AP02.GenSQLTransformTarget.py:265] - Analyzing file: /home/ec2-user/environment/jpetstore-6/src/main/java/org/mybatis/jpetstore/web/actions/AccountActionBean.java
2025-05-29 18:48:26 - DEBUG - [AP02.GenSQLTransformTarget.py:266] - Package: org.mybatis.jpetstore.web.actions
2025-05-29 18:48:26 - DEBUG - [AP02.GenSQLTransformTarget.py:273] - Class found: AccountActionBean
2025-05-29 18:48:26 - DEBUG - [AP02.GenSQLTransformTarget.py:276] - Inheritance relationship: AccountActionBean -> ['AbstractActionBean']
2025-05-29 18:48:26 - DEBUG - [AP02.GenSQLTransformTarget.py:265] - Analyzing file: /home/ec2-user/environment/jpetstore-6/src/main/java/org/mybatis/jpetstore/mapper/CategoryMapper.java
2025-05-29 18:48:26 - DEBUG - [AP02.GenSQLTransformTarget.py:266] - Package: org.mybatis.jpetstore.mapper
2025-05-29 18:48:26 - DEBUG - [AP02.GenSQLTransformTarget.py:265] - Analyzing file: /home/ec2-user/environment/jpetstore-6/src/main/java/org/mybatis/jpetstore/mapper/ItemSalesMapper.java
2025-05-29 18:48:26 - DEBUG - [AP02.GenSQLTransformTarget.py:266] - Package: org.mybatis.jpetstore.mapper
2025-05-29 18:48:26 - DEBUG - [AP02.GenSQLTransformTarget.py:265] - Analyzing file: /home/ec2-user/environment/jpetstore-6/src/main/java/org/mybatis/jpetstore/mapper/LineItemMapper.java
2025-05-29 18:48:26 - DEBUG - [AP02.GenSQLTransformTarget.py:266] - Package: org.mybatis.jpetstore.mapper
2025-05-29 18:48:26 - DEBUG - [AP02.GenSQLTransformTarget.py:265] - Analyzing file: /home/ec2-user/environment/jpetstore-6/src/main/java/org/mybatis/jpetstore/mapper/ItemMapper.java
2025-05-29 18:48:26 - DEBUG - [AP02.GenSQLTransformTarget.py:266] - Package: org.mybatis.jpetstore.mapper
2025-05-29 18:48:26 - DEBUG - [AP02.GenSQLTransformTarget.py:265] - Analyzing file: /home/ec2-user/environment/jpetstore-6/src/main/java/org/mybatis/jpetstore/mapper/OrderMapper.java
2025-05-29 18:48:26 - DEBUG - [AP02.GenSQLTransformTarget.py:266] - Package: org.mybatis.jpetstore.mapper
2025-05-29 18:48:26 - DEBUG - [AP02.GenSQLTransformTarget.py:265] - Analyzing file: /home/ec2-user/environment/jpetstore-6/src/main/java/org/mybatis/jpetstore/mapper/GasPriceMapper.java
2025-05-29 18:48:26 - DEBUG - [AP02.GenSQLTransformTarget.py:266] - Package: org.mybatis.jpetstore.mapper
2025-05-29 18:48:26 - DEBUG - [AP02.GenSQLTransformTarget.py:265] - Analyzing file: /home/ec2-user/environment/jpetstore-6/src/main/java/org/mybatis/jpetstore/mapper/BrickMapper.java
2025-05-29 18:48:26 - DEBUG - [AP02.GenSQLTransformTarget.py:266] - Package: org.mybatis.jpetstore.mapper
2025-05-29 18:48:26 - DEBUG - [AP02.GenSQLTransformTarget.py:265] - Analyzing file: /home/ec2-user/environment/jpetstore-6/src/main/java/org/mybatis/jpetstore/mapper/AccountMapper.java
2025-05-29 18:48:26 - DEBUG - [AP02.GenSQLTransformTarget.py:266] - Package: org.mybatis.jpetstore.mapper
2025-05-29 18:48:26 - DEBUG - [AP02.GenSQLTransformTarget.py:265] - Analyzing file: /home/ec2-user/environment/jpetstore-6/src/main/java/org/mybatis/jpetstore/mapper/SequenceMapper.java
2025-05-29 18:48:26 - DEBUG - [AP02.GenSQLTransformTarget.py:266] - Package: org.mybatis.jpetstore.mapper
2025-05-29 18:48:26 - DEBUG - [AP02.GenSQLTransformTarget.py:265] - Analyzing file: /home/ec2-user/environment/jpetstore-6/src/main/java/org/mybatis/jpetstore/mapper/ProductMapper.java
2025-05-29 18:48:26 - DEBUG - [AP02.GenSQLTransformTarget.py:266] - Package: org.mybatis.jpetstore.mapper
2025-05-29 18:48:26 - DEBUG - [AP02.GenSQLTransformTarget.py:265] - Analyzing file: /home/ec2-user/environment/jpetstore-6/src/main/java/org/mybatis/jpetstore/service/AccountService.java
2025-05-29 18:48:26 - DEBUG - [AP02.GenSQLTransformTarget.py:266] - Package: org.mybatis.jpetstore.service
2025-05-29 18:48:26 - DEBUG - [AP02.GenSQLTransformTarget.py:265] - Analyzing file: /home/ec2-user/environment/jpetstore-6/src/main/java/org/mybatis/jpetstore/service/OrderService.java
2025-05-29 18:48:26 - DEBUG - [AP02.GenSQLTransformTarget.py:266] - Package: org.mybatis.jpetstore.service
2025-05-29 18:48:26 - DEBUG - [AP02.GenSQLTransformTarget.py:265] - Analyzing file: /home/ec2-user/environment/jpetstore-6/src/main/java/org/mybatis/jpetstore/service/CatalogService.java
2025-05-29 18:48:26 - DEBUG - [AP02.GenSQLTransformTarget.py:266] - Package: org.mybatis.jpetstore.service
2025-05-29 18:48:26 - DEBUG - [AP02.GenSQLTransformTarget.py:265] - Analyzing file: /home/ec2-user/environment/jpetstore-6/src/main/java/org/mybatis/jpetstore/domain/Order.java
2025-05-29 18:48:26 - DEBUG - [AP02.GenSQLTransformTarget.py:266] - Package: org.mybatis.jpetstore.domain
2025-05-29 18:48:26 - DEBUG - [AP02.GenSQLTransformTarget.py:273] - Class found: Order
2025-05-29 18:48:26 - DEBUG - [AP02.GenSQLTransformTarget.py:284] - Interface implementation: Order -> ['Serializable']
2025-05-29 18:48:26 - DEBUG - [AP02.GenSQLTransformTarget.py:265] - Analyzing file: /home/ec2-user/environment/jpetstore-6/src/main/java/org/mybatis/jpetstore/domain/Sequence.java
2025-05-29 18:48:26 - DEBUG - [AP02.GenSQLTransformTarget.py:266] - Package: org.mybatis.jpetstore.domain
2025-05-29 18:48:26 - DEBUG - [AP02.GenSQLTransformTarget.py:273] - Class found: Sequence
2025-05-29 18:48:26 - DEBUG - [AP02.GenSQLTransformTarget.py:284] - Interface implementation: Sequence -> ['Serializable']
2025-05-29 18:48:26 - DEBUG - [AP02.GenSQLTransformTarget.py:265] - Analyzing file: /home/ec2-user/environment/jpetstore-6/src/main/java/org/mybatis/jpetstore/domain/Product.java
2025-05-29 18:48:26 - DEBUG - [AP02.GenSQLTransformTarget.py:266] - Package: org.mybatis.jpetstore.domain
2025-05-29 18:48:26 - DEBUG - [AP02.GenSQLTransformTarget.py:273] - Class found: Product
2025-05-29 18:48:26 - DEBUG - [AP02.GenSQLTransformTarget.py:284] - Interface implementation: Product -> ['Serializable']
2025-05-29 18:48:26 - DEBUG - [AP02.GenSQLTransformTarget.py:265] - Analyzing file: /home/ec2-user/environment/jpetstore-6/src/main/java/org/mybatis/jpetstore/domain/LineItem.java
2025-05-29 18:48:26 - DEBUG - [AP02.GenSQLTransformTarget.py:266] - Package: org.mybatis.jpetstore.domain
2025-05-29 18:48:26 - DEBUG - [AP02.GenSQLTransformTarget.py:273] - Class found: LineItem
2025-05-29 18:48:26 - DEBUG - [AP02.GenSQLTransformTarget.py:284] - Interface implementation: LineItem -> ['Serializable']
2025-05-29 18:48:26 - DEBUG - [AP02.GenSQLTransformTarget.py:265] - Analyzing file: /home/ec2-user/environment/jpetstore-6/src/main/java/org/mybatis/jpetstore/domain/Category.java
2025-05-29 18:48:26 - DEBUG - [AP02.GenSQLTransformTarget.py:266] - Package: org.mybatis.jpetstore.domain
2025-05-29 18:48:26 - DEBUG - [AP02.GenSQLTransformTarget.py:273] - Class found: Category
2025-05-29 18:48:26 - DEBUG - [AP02.GenSQLTransformTarget.py:284] - Interface implementation: Category -> ['Serializable']
2025-05-29 18:48:26 - DEBUG - [AP02.GenSQLTransformTarget.py:265] - Analyzing file: /home/ec2-user/environment/jpetstore-6/src/main/java/org/mybatis/jpetstore/domain/CartItem.java
2025-05-29 18:48:26 - DEBUG - [AP02.GenSQLTransformTarget.py:266] - Package: org.mybatis.jpetstore.domain
2025-05-29 18:48:26 - DEBUG - [AP02.GenSQLTransformTarget.py:273] - Class found: CartItem
2025-05-29 18:48:26 - DEBUG - [AP02.GenSQLTransformTarget.py:284] - Interface implementation: CartItem -> ['Serializable']
2025-05-29 18:48:26 - DEBUG - [AP02.GenSQLTransformTarget.py:265] - Analyzing file: /home/ec2-user/environment/jpetstore-6/src/main/java/org/mybatis/jpetstore/domain/Account.java
2025-05-29 18:48:26 - DEBUG - [AP02.GenSQLTransformTarget.py:266] - Package: org.mybatis.jpetstore.domain
2025-05-29 18:48:26 - DEBUG - [AP02.GenSQLTransformTarget.py:273] - Class found: Account
2025-05-29 18:48:26 - DEBUG - [AP02.GenSQLTransformTarget.py:284] - Interface implementation: Account -> ['Serializable']
2025-05-29 18:48:26 - DEBUG - [AP02.GenSQLTransformTarget.py:265] - Analyzing file: /home/ec2-user/environment/jpetstore-6/src/main/java/org/mybatis/jpetstore/domain/ItemSalesRatioDTO.java
2025-05-29 18:48:26 - DEBUG - [AP02.GenSQLTransformTarget.py:266] - Package: org.mybatis.jpetstore.domain
2025-05-29 18:48:26 - DEBUG - [AP02.GenSQLTransformTarget.py:273] - Class found: ItemSalesRatioDTO
2025-05-29 18:48:26 - DEBUG - [AP02.GenSQLTransformTarget.py:284] - Interface implementation: ItemSalesRatioDTO -> ['Serializable']
2025-05-29 18:48:26 - DEBUG - [AP02.GenSQLTransformTarget.py:265] - Analyzing file: /home/ec2-user/environment/jpetstore-6/src/main/java/org/mybatis/jpetstore/domain/BrickDTO.java
2025-05-29 18:48:26 - DEBUG - [AP02.GenSQLTransformTarget.py:266] - Package: org.mybatis.jpetstore.domain
2025-05-29 18:48:26 - DEBUG - [AP02.GenSQLTransformTarget.py:273] - Class found: BrickDTO
2025-05-29 18:48:26 - DEBUG - [AP02.GenSQLTransformTarget.py:284] - Interface implementation: BrickDTO -> ['Serializable']
2025-05-29 18:48:26 - DEBUG - [AP02.GenSQLTransformTarget.py:265] - Analyzing file: /home/ec2-user/environment/jpetstore-6/src/main/java/org/mybatis/jpetstore/domain/GasPricePeriodDTO.java
2025-05-29 18:48:26 - DEBUG - [AP02.GenSQLTransformTarget.py:266] - Package: org.mybatis.jpetstore.domain
2025-05-29 18:48:26 - DEBUG - [AP02.GenSQLTransformTarget.py:273] - Class found: GasPricePeriodDTO
2025-05-29 18:48:26 - DEBUG - [AP02.GenSQLTransformTarget.py:284] - Interface implementation: GasPricePeriodDTO -> ['Serializable']
2025-05-29 18:48:26 - DEBUG - [AP02.GenSQLTransformTarget.py:265] - Analyzing file: /home/ec2-user/environment/jpetstore-6/src/main/java/org/mybatis/jpetstore/domain/Cart.java
2025-05-29 18:48:26 - DEBUG - [AP02.GenSQLTransformTarget.py:266] - Package: org.mybatis.jpetstore.domain
2025-05-29 18:48:26 - DEBUG - [AP02.GenSQLTransformTarget.py:273] - Class found: Cart
2025-05-29 18:48:26 - DEBUG - [AP02.GenSQLTransformTarget.py:284] - Interface implementation: Cart -> ['Serializable']
2025-05-29 18:48:26 - DEBUG - [AP02.GenSQLTransformTarget.py:265] - Analyzing file: /home/ec2-user/environment/jpetstore-6/src/main/java/org/mybatis/jpetstore/domain/Item.java
2025-05-29 18:48:26 - DEBUG - [AP02.GenSQLTransformTarget.py:266] - Package: org.mybatis.jpetstore.domain
2025-05-29 18:48:26 - DEBUG - [AP02.GenSQLTransformTarget.py:273] - Class found: Item
2025-05-29 18:48:26 - DEBUG - [AP02.GenSQLTransformTarget.py:284] - Interface implementation: Item -> ['Serializable']
2025-05-29 18:48:26 - INFO - [AP02.GenSQLTransformTarget.py:292] - Class hierarchy structure built
2025-05-29 18:48:26 - DEBUG - [AP02.GenSQLTransformTarget.py:293] - Total 17 class relationships found
2025-05-29 18:48:26 - DEBUG - [AP02.GenSQLTransformTarget.py:191] - 클래스 계층 구조:
2025-05-29 18:48:26 - DEBUG - [AP02.GenSQLTransformTarget.py:194] - └── ActionBean
2025-05-29 18:48:26 - DEBUG - [AP02.GenSQLTransformTarget.py:194] -     └── AbstractActionBean
2025-05-29 18:48:26 - DEBUG - [AP02.GenSQLTransformTarget.py:194] -         ├── AccountActionBean
2025-05-29 18:48:26 - DEBUG - [AP02.GenSQLTransformTarget.py:194] -         ├── CartActionBean
2025-05-29 18:48:26 - DEBUG - [AP02.GenSQLTransformTarget.py:194] -         ├── CatalogActionBean
2025-05-29 18:48:26 - DEBUG - [AP02.GenSQLTransformTarget.py:194] -         └── OrderActionBean
2025-05-29 18:48:26 - DEBUG - [AP02.GenSQLTransformTarget.py:191] - 클래스 계층 구조:
2025-05-29 18:48:26 - DEBUG - [AP02.GenSQLTransformTarget.py:194] - └── Serializable
2025-05-29 18:48:26 - DEBUG - [AP02.GenSQLTransformTarget.py:194] -     ├── AbstractActionBean
2025-05-29 18:48:26 - DEBUG - [AP02.GenSQLTransformTarget.py:194] -     │   ├── AccountActionBean
2025-05-29 18:48:26 - DEBUG - [AP02.GenSQLTransformTarget.py:194] -     │   ├── CartActionBean
2025-05-29 18:48:26 - DEBUG - [AP02.GenSQLTransformTarget.py:194] -     │   ├── CatalogActionBean
2025-05-29 18:48:26 - DEBUG - [AP02.GenSQLTransformTarget.py:194] -     │   └── OrderActionBean
2025-05-29 18:48:26 - DEBUG - [AP02.GenSQLTransformTarget.py:194] -     ├── Account
2025-05-29 18:48:26 - DEBUG - [AP02.GenSQLTransformTarget.py:194] -     ├── BrickDTO
2025-05-29 18:48:26 - DEBUG - [AP02.GenSQLTransformTarget.py:194] -     ├── Cart
2025-05-29 18:48:26 - DEBUG - [AP02.GenSQLTransformTarget.py:194] -     ├── CartItem
2025-05-29 18:48:26 - DEBUG - [AP02.GenSQLTransformTarget.py:194] -     ├── Category
2025-05-29 18:48:26 - DEBUG - [AP02.GenSQLTransformTarget.py:194] -     ├── GasPricePeriodDTO
2025-05-29 18:48:26 - DEBUG - [AP02.GenSQLTransformTarget.py:194] -     ├── Item
2025-05-29 18:48:26 - DEBUG - [AP02.GenSQLTransformTarget.py:194] -     ├── ItemSalesRatioDTO
2025-05-29 18:48:26 - DEBUG - [AP02.GenSQLTransformTarget.py:194] -     ├── LineItem
2025-05-29 18:48:26 - DEBUG - [AP02.GenSQLTransformTarget.py:194] -     ├── Order
2025-05-29 18:48:26 - DEBUG - [AP02.GenSQLTransformTarget.py:194] -     ├── Product
2025-05-29 18:48:26 - DEBUG - [AP02.GenSQLTransformTarget.py:194] -     └── Sequence
2025-05-29 18:48:26 - INFO - [AP02.GenSQLTransformTarget.py:463] - 

2025-05-29 18:48:26 - INFO - [AP02.GenSQLTransformTarget.py:464] - ====================================================================================================
2025-05-29 18:48:26 - INFO - [AP02.GenSQLTransformTarget.py:479] - 

2025-05-29 18:48:26 - INFO - [AP02.GenSQLTransformTarget.py:480] - ====================================================================================================
2025-05-29 18:48:26 - INFO - [AP02.GenSQLTransformTarget.py:481] - Reading file list from: /home/ec2-user/environment/OMA/Application/jpetstore-6/Assessments/Mapperlist.csv
2025-05-29 18:48:26 - INFO - [AP02.GenSQLTransformTarget.py:482] - ====================================================================================================
2025-05-29 18:48:26 - INFO - [AP02.GenSQLTransformTarget.py:489] - Processing 7 files
2025-05-29 18:48:26 - INFO - [AP02.GenSQLTransformTarget.py:332] - [Processing file] : OrderMapper.xml
2025-05-29 18:48:26 - INFO - [AP02.GenSQLTransformTarget.py:336] - TRANSFORM_CLASS is '_ALL_', including all XML files: OrderMapper.xml
2025-05-29 18:48:26 - DEBUG - [AP02.GenSQLTransformTarget.py:214] - Attempting to parse XML file: /home/ec2-user/environment/jpetstore-6/src/main/resources/org/mybatis/jpetstore/mapper/OrderMapper.xml
2025-05-29 18:48:26 - DEBUG - [AP02.GenSQLTransformTarget.py:219] - Extracted namespace: org.mybatis.jpetstore.mapper.OrderMapper
2025-05-29 18:48:26 - INFO - [AP02.GenSQLTransformTarget.py:332] - [Processing file] : SequenceMapper.xml
2025-05-29 18:48:26 - INFO - [AP02.GenSQLTransformTarget.py:336] - TRANSFORM_CLASS is '_ALL_', including all XML files: SequenceMapper.xml
2025-05-29 18:48:26 - DEBUG - [AP02.GenSQLTransformTarget.py:214] - Attempting to parse XML file: /home/ec2-user/environment/jpetstore-6/src/main/resources/org/mybatis/jpetstore/mapper/SequenceMapper.xml
2025-05-29 18:48:26 - DEBUG - [AP02.GenSQLTransformTarget.py:219] - Extracted namespace: org.mybatis.jpetstore.mapper.SequenceMapper
2025-05-29 18:48:26 - INFO - [AP02.GenSQLTransformTarget.py:332] - [Processing file] : AccountMapper.xml
2025-05-29 18:48:26 - INFO - [AP02.GenSQLTransformTarget.py:336] - TRANSFORM_CLASS is '_ALL_', including all XML files: AccountMapper.xml
2025-05-29 18:48:26 - DEBUG - [AP02.GenSQLTransformTarget.py:214] - Attempting to parse XML file: /home/ec2-user/environment/jpetstore-6/src/main/resources/org/mybatis/jpetstore/mapper/AccountMapper.xml
2025-05-29 18:48:26 - DEBUG - [AP02.GenSQLTransformTarget.py:219] - Extracted namespace: org.mybatis.jpetstore.mapper.AccountMapper
2025-05-29 18:48:26 - INFO - [AP02.GenSQLTransformTarget.py:332] - [Processing file] : ProductMapper.xml
2025-05-29 18:48:26 - INFO - [AP02.GenSQLTransformTarget.py:336] - TRANSFORM_CLASS is '_ALL_', including all XML files: ProductMapper.xml
2025-05-29 18:48:26 - DEBUG - [AP02.GenSQLTransformTarget.py:214] - Attempting to parse XML file: /home/ec2-user/environment/jpetstore-6/src/main/resources/org/mybatis/jpetstore/mapper/ProductMapper.xml
2025-05-29 18:48:26 - DEBUG - [AP02.GenSQLTransformTarget.py:219] - Extracted namespace: org.mybatis.jpetstore.mapper.ProductMapper
2025-05-29 18:48:26 - INFO - [AP02.GenSQLTransformTarget.py:332] - [Processing file] : ItemMapper.xml
2025-05-29 18:48:26 - INFO - [AP02.GenSQLTransformTarget.py:336] - TRANSFORM_CLASS is '_ALL_', including all XML files: ItemMapper.xml
2025-05-29 18:48:26 - DEBUG - [AP02.GenSQLTransformTarget.py:214] - Attempting to parse XML file: /home/ec2-user/environment/jpetstore-6/src/main/resources/org/mybatis/jpetstore/mapper/ItemMapper.xml
2025-05-29 18:48:26 - DEBUG - [AP02.GenSQLTransformTarget.py:219] - Extracted namespace: org.mybatis.jpetstore.mapper.ItemMapper
2025-05-29 18:48:26 - INFO - [AP02.GenSQLTransformTarget.py:332] - [Processing file] : CategoryMapper.xml
2025-05-29 18:48:26 - INFO - [AP02.GenSQLTransformTarget.py:336] - TRANSFORM_CLASS is '_ALL_', including all XML files: CategoryMapper.xml
2025-05-29 18:48:26 - DEBUG - [AP02.GenSQLTransformTarget.py:214] - Attempting to parse XML file: /home/ec2-user/environment/jpetstore-6/src/main/resources/org/mybatis/jpetstore/mapper/CategoryMapper.xml
2025-05-29 18:48:26 - DEBUG - [AP02.GenSQLTransformTarget.py:219] - Extracted namespace: org.mybatis.jpetstore.mapper.CategoryMapper
2025-05-29 18:48:26 - INFO - [AP02.GenSQLTransformTarget.py:332] - [Processing file] : LineItemMapper.xml
2025-05-29 18:48:26 - INFO - [AP02.GenSQLTransformTarget.py:336] - TRANSFORM_CLASS is '_ALL_', including all XML files: LineItemMapper.xml
2025-05-29 18:48:26 - DEBUG - [AP02.GenSQLTransformTarget.py:214] - Attempting to parse XML file: /home/ec2-user/environment/jpetstore-6/src/main/resources/org/mybatis/jpetstore/mapper/LineItemMapper.xml
2025-05-29 18:48:26 - DEBUG - [AP02.GenSQLTransformTarget.py:219] - Extracted namespace: org.mybatis.jpetstore.mapper.LineItemMapper
2025-05-29 18:48:26 - INFO - [AP02.GenSQLTransformTarget.py:397] - Writing results to CSV file: /home/ec2-user/environment/OMA/Application/jpetstore-6/Assessments/MapperAndJndi.csv
2025-05-29 18:48:26 - DEBUG - [AP02.GenSQLTransformTarget.py:428] - Writing row: [1, '/home/ec2-user/environment/jpetstore-6/src/main/resources/org/mybatis/jpetstore/mapper/OrderMapper.xml', 'org.mybatis.jpetstore.mapper.OrderMapper', 'OrderMapper', '', 'Y']
2025-05-29 18:48:26 - DEBUG - [AP02.GenSQLTransformTarget.py:428] - Writing row: [2, '/home/ec2-user/environment/jpetstore-6/src/main/resources/org/mybatis/jpetstore/mapper/SequenceMapper.xml', 'org.mybatis.jpetstore.mapper.SequenceMapper', 'SequenceMapper', '', 'Y']
2025-05-29 18:48:26 - DEBUG - [AP02.GenSQLTransformTarget.py:428] - Writing row: [3, '/home/ec2-user/environment/jpetstore-6/src/main/resources/org/mybatis/jpetstore/mapper/AccountMapper.xml', 'org.mybatis.jpetstore.mapper.AccountMapper', 'AccountMapper', '', 'Y']
2025-05-29 18:48:26 - DEBUG - [AP02.GenSQLTransformTarget.py:428] - Writing row: [4, '/home/ec2-user/environment/jpetstore-6/src/main/resources/org/mybatis/jpetstore/mapper/ProductMapper.xml', 'org.mybatis.jpetstore.mapper.ProductMapper', 'ProductMapper', '', 'Y']
2025-05-29 18:48:26 - DEBUG - [AP02.GenSQLTransformTarget.py:428] - Writing row: [5, '/home/ec2-user/environment/jpetstore-6/src/main/resources/org/mybatis/jpetstore/mapper/ItemMapper.xml', 'org.mybatis.jpetstore.mapper.ItemMapper', 'ItemMapper', '', 'Y']
2025-05-29 18:48:26 - DEBUG - [AP02.GenSQLTransformTarget.py:428] - Writing row: [6, '/home/ec2-user/environment/jpetstore-6/src/main/resources/org/mybatis/jpetstore/mapper/CategoryMapper.xml', 'org.mybatis.jpetstore.mapper.CategoryMapper', 'CategoryMapper', '', 'Y']
2025-05-29 18:48:26 - DEBUG - [AP02.GenSQLTransformTarget.py:428] - Writing row: [7, '/home/ec2-user/environment/jpetstore-6/src/main/resources/org/mybatis/jpetstore/mapper/LineItemMapper.xml', 'org.mybatis.jpetstore.mapper.LineItemMapper', 'LineItemMapper', '', 'Y']
2025-05-29 18:48:26 - INFO - [AP02.GenSQLTransformTarget.py:434] - All results saved to CSV file: /home/ec2-user/environment/OMA/Application/jpetstore-6/Assessments/MapperAndJndi.csv
2025-05-29 18:48:26 - INFO - [AP02.GenSQLTransformTarget.py:435] - Total 7 items saved to /home/ec2-user/environment/OMA/Application/jpetstore-6/Assessments/MapperAndJndi.csv
2025-05-29 18:48:26 - INFO - [AP02.GenSQLTransformTarget.py:397] - Writing results to CSV file: /home/ec2-user/environment/OMA/Application/jpetstore-6/Transform/SQLTransformTarget.csv
2025-05-29 18:48:26 - DEBUG - [AP02.GenSQLTransformTarget.py:428] - Writing row: [1, '/home/ec2-user/environment/jpetstore-6/src/main/resources/org/mybatis/jpetstore/mapper/OrderMapper.xml', 'org.mybatis.jpetstore.mapper.OrderMapper', 'OrderMapper', '', 'Y']
2025-05-29 18:48:26 - DEBUG - [AP02.GenSQLTransformTarget.py:428] - Writing row: [2, '/home/ec2-user/environment/jpetstore-6/src/main/resources/org/mybatis/jpetstore/mapper/SequenceMapper.xml', 'org.mybatis.jpetstore.mapper.SequenceMapper', 'SequenceMapper', '', 'Y']
2025-05-29 18:48:26 - DEBUG - [AP02.GenSQLTransformTarget.py:428] - Writing row: [3, '/home/ec2-user/environment/jpetstore-6/src/main/resources/org/mybatis/jpetstore/mapper/AccountMapper.xml', 'org.mybatis.jpetstore.mapper.AccountMapper', 'AccountMapper', '', 'Y']
2025-05-29 18:48:26 - DEBUG - [AP02.GenSQLTransformTarget.py:428] - Writing row: [4, '/home/ec2-user/environment/jpetstore-6/src/main/resources/org/mybatis/jpetstore/mapper/ProductMapper.xml', 'org.mybatis.jpetstore.mapper.ProductMapper', 'ProductMapper', '', 'Y']
2025-05-29 18:48:26 - DEBUG - [AP02.GenSQLTransformTarget.py:428] - Writing row: [5, '/home/ec2-user/environment/jpetstore-6/src/main/resources/org/mybatis/jpetstore/mapper/ItemMapper.xml', 'org.mybatis.jpetstore.mapper.ItemMapper', 'ItemMapper', '', 'Y']
2025-05-29 18:48:26 - DEBUG - [AP02.GenSQLTransformTarget.py:428] - Writing row: [6, '/home/ec2-user/environment/jpetstore-6/src/main/resources/org/mybatis/jpetstore/mapper/CategoryMapper.xml', 'org.mybatis.jpetstore.mapper.CategoryMapper', 'CategoryMapper', '', 'Y']
2025-05-29 18:48:26 - DEBUG - [AP02.GenSQLTransformTarget.py:428] - Writing row: [7, '/home/ec2-user/environment/jpetstore-6/src/main/resources/org/mybatis/jpetstore/mapper/LineItemMapper.xml', 'org.mybatis.jpetstore.mapper.LineItemMapper', 'LineItemMapper', '', 'Y']
2025-05-29 18:48:26 - INFO - [AP02.GenSQLTransformTarget.py:434] - Transformation targets saved to CSV file: /home/ec2-user/environment/OMA/Application/jpetstore-6/Transform/SQLTransformTarget.csv
2025-05-29 18:48:26 - INFO - [AP02.GenSQLTransformTarget.py:435] - Total 7 items saved to /home/ec2-user/environment/OMA/Application/jpetstore-6/Transform/SQLTransformTarget.csv
2025-05-29 18:48:26 - INFO - [AP02.GenSQLTransformTarget.py:503] - Total 7 files processed
2025-05-29 18:48:26 - INFO - [AP02.GenSQLTransformTarget.py:507] - ====================================================================================================
2025-05-29 18:48:26 - INFO - [AP02.GenSQLTransformTarget.py:508] - Program ended
