/Users/changik/workspace/sample-oracle-modernization-accelerator/jpetstore-6/logs/application/SQLTransformTarget/mapper/AccountMapper_orcl/transform/AccountMapper_pg-05-update-updateProfile.xml
/Users/changik/workspace/sample-oracle-modernization-accelerator/jpetstore-6/logs/application/SQLTransformTarget/mapper/AccountMapper_orcl/transform/AccountMapper_pg-03-update-updateAccount.xml
/Users/changik/workspace/sample-oracle-modernization-accelerator/jpetstore-6/logs/application/SQLTransformTarget/mapper/AccountMapper_orcl/transform/AccountMapper_pg-07-update-updateSignon.xml
/Users/changik/workspace/sample-oracle-modernization-accelerator/jpetstore-6/logs/application/SQLTransformTarget/mapper/AccountMapper_orcl/transform/AccountMapper_pg-04-insert-insertAccount.xml
/Users/changik/workspace/sample-oracle-modernization-accelerator/jpetstore-6/logs/application/SQLTransformTarget/mapper/AccountMapper_orcl/transform/AccountMapper_pg-02-select-getAccountByUsernameAndPassword.xml
/Users/changik/workspace/sample-oracle-modernization-accelerator/jpetstore-6/logs/application/SQLTransformTarget/mapper/AccountMapper_orcl/transform/AccountMapper_pg-08-insert-insertSignon.xml
/Users/changik/workspace/sample-oracle-modernization-accelerator/jpetstore-6/logs/application/SQLTransformTarget/mapper/AccountMapper_orcl/transform/AccountMapper_pg-06-insert-insertProfile.xml
/Users/changik/workspace/sample-oracle-modernization-accelerator/jpetstore-6/logs/application/SQLTransformTarget/mapper/AccountMapper_orcl/transform/AccountMapper_pg-01-select-getAccountByUsername.xml
/Users/changik/workspace/sample-oracle-modernization-accelerator/jpetstore-6/logs/application/SQLTransformTarget/mapper/OrderMapper_orcl/transform/OrderMapper_pg-01-select-getOrder.xml
/Users/changik/workspace/sample-oracle-modernization-accelerator/jpetstore-6/logs/application/SQLTransformTarget/mapper/OrderMapper_orcl/transform/OrderMapper_pg-03-insert-insertOrder.xml
/Users/changik/workspace/sample-oracle-modernization-accelerator/jpetstore-6/logs/application/SQLTransformTarget/mapper/OrderMapper_orcl/transform/OrderMapper_pg-02-select-getOrdersByUsername.xml
/Users/changik/workspace/sample-oracle-modernization-accelerator/jpetstore-6/logs/application/SQLTransformTarget/mapper/OrderMapper_orcl/transform/OrderMapper_pg-04-insert-insertOrderStatus.xml
/Users/changik/workspace/sample-oracle-modernization-accelerator/jpetstore-6/logs/application/SQLTransformTarget/mapper/ItemMapper_orcl/transform/ItemMapper_pg-01-select-getItemListByProduct.xml
/Users/changik/workspace/sample-oracle-modernization-accelerator/jpetstore-6/logs/application/SQLTransformTarget/mapper/ItemMapper_orcl/transform/ItemMapper_pg-02-select-getItem.xml
/Users/changik/workspace/sample-oracle-modernization-accelerator/jpetstore-6/logs/application/SQLTransformTarget/mapper/ItemMapper_orcl/transform/ItemMapper_pg-04-update-updateInventoryQuantity.xml
/Users/changik/workspace/sample-oracle-modernization-accelerator/jpetstore-6/logs/application/SQLTransformTarget/mapper/ItemMapper_orcl/transform/ItemMapper_pg-03-select-getInventoryQuantity.xml
/Users/changik/workspace/sample-oracle-modernization-accelerator/jpetstore-6/logs/application/SQLTransformTarget/mapper/LineItemMapper_orcl/transform/LineItemMapper_pg-01-select-getLineItemsByOrderId.xml
/Users/changik/workspace/sample-oracle-modernization-accelerator/jpetstore-6/logs/application/SQLTransformTarget/mapper/LineItemMapper_orcl/transform/LineItemMapper_pg-02-insert-insertLineItem.xml
/Users/changik/workspace/sample-oracle-modernization-accelerator/jpetstore-6/logs/application/SQLTransformTarget/mapper/CategoryMapper_orcl/transform/CategoryMapper_pg-01-select-getCategory.xml
/Users/changik/workspace/sample-oracle-modernization-accelerator/jpetstore-6/logs/application/SQLTransformTarget/mapper/CategoryMapper_orcl/transform/CategoryMapper_pg-02-select-getCategoryList.xml
/Users/changik/workspace/sample-oracle-modernization-accelerator/jpetstore-6/logs/application/SQLTransformTarget/mapper/ProductMapper_orcl/transform/ProductMapper_pg-03-select-searchProductList.xml
/Users/changik/workspace/sample-oracle-modernization-accelerator/jpetstore-6/logs/application/SQLTransformTarget/mapper/ProductMapper_orcl/transform/ProductMapper_pg-02-select-getProductListByCategory.xml
/Users/changik/workspace/sample-oracle-modernization-accelerator/jpetstore-6/logs/application/SQLTransformTarget/mapper/ProductMapper_orcl/transform/ProductMapper_pg-01-select-getProduct.xml
/Users/changik/workspace/sample-oracle-modernization-accelerator/jpetstore-6/logs/application/SQLTransformTarget/mapper/SequenceMapper_orcl/transform/SequenceMapper_pg-02-update-updateSequence.xml
/Users/changik/workspace/sample-oracle-modernization-accelerator/jpetstore-6/logs/application/SQLTransformTarget/mapper/SequenceMapper_orcl/transform/SequenceMapper_pg-01-select-getSequence.xml
