I understand you want me to convert Oracle MyBatis SQL mapper files to PostgreSQL-compatible versions. I'll process each file individually following the detailed conversion rules you've 
provided.[0m[0m
[0m[0m
Let me start with Step 1 - generating the list of mapper files to be converted.[0m[0m
[0m[0m
[1mTool validation failed: [0m
[38;5;9mFailed to validate tool parameters: The provided path must exist in order to replace or insert contents into it
[39mLet me first check the directory structure and create the status file:[0m[0m
[0m[0m
[38;5;13m🛠️  Using tool: fs_read[38;5;2m (trusted)[39m[39m
 ⋮ 
 ● Reading directory: [38;5;10m/Users/changik/workspace/sample-oracle-modernization-accelerator/jpetstore-6/logs/application/SQLTransformTarget/mapper/AccountMapper_orcl[0m with maximum depth of 0
 ⋮ 
[38;5;10m[1m ● Completed in 0.0s[39m

[0m[0m
[0m[0m
[38;5;13m🛠️  Using tool: fs_write[38;5;2m (trusted)[39m[39m
 ⋮ 
 ● Path: [38;5;10m/Users/changik/workspace/sample-oracle-modernization-accelerator/jpetstore-6/logs/application/SQLTransformTarget/mapper/AccountMapper_orcl/status.txt[0m

[48;2;40;67;43m[39m+    1[39m:[39m[48;2;24;38;30m [38;2;192;197;206mStep 1: In Progress[K
[0m[48;2;40;67;43m[39m+    2[39m:[39m[48;2;24;38;30m [38;2;192;197;206mStep 2: Not Started[K
[0m[48;2;40;67;43m[39m+    3[39m:[39m[48;2;24;38;30m [38;2;192;197;206mStep 3: Not Started[K
[0m[48;2;40;67;43m[39m+    4[39m:[39m[48;2;24;38;30m [38;2;192;197;206mStep 4: Not Started[K
[0m[K
Creating: [38;5;10m/Users/changik/workspace/sample-oracle-modernization-accelerator/jpetstore-6/logs/application/SQLTransformTarget/mapper/AccountMapper_orcl/status.txt[0m

 ⋮ 
[38;5;10m[1m ● Completed in 0.0s[39m

Now let me navigate to the extract directory and generate the list of mapper files:[0m[0m
[0m[0m
[38;5;13m🛠️  Using tool: execute_bash[38;5;2m (trusted)[39m[39m
 ⋮ 
 ● I will run the following shell command: 
[38;5;10mcd /Users/changik/workspace/sample-oracle-modernization-accelerator/jpetstore-6/logs/application/SQLTransformTarget/mapper/AccountMapper_orcl/extract && ls *_orcl* | sort
[0m ⋮ 
 ↳ [38;5;12mPurpose: [0mList and sort all files with _orcl extension in the extract directory

AccountMapper_orcl-01-select-getAccountByUsername.xml
AccountMapper_orcl-02-select-getAccountByUsernameAndPassword.xml
AccountMapper_orcl-03-update-updateAccount.xml
AccountMapper_orcl-04-insert-insertAccount.xml
AccountMapper_orcl-05-update-updateProfile.xml
AccountMapper_orcl-06-insert-insertProfile.xml
AccountMapper_orcl-07-update-updateSignon.xml
AccountMapper_orcl-08-insert-insertSignon.xml

 ⋮ 
[38;5;10m[1m ● Completed in 0.22s[39m

Perfect! I found 8 Oracle mapper files. Let me update the status to completed for Step 1:[0m[0m
[0m[0m
[38;5;13m🛠️  Using tool: fs_write[38;5;2m (trusted)[39m[39m
 ⋮ 
 ● Path: [38;5;10m../jpetstore-6/logs/application/SQLTransformTarget/mapper/AccountMapper_orcl/status.txt[0m

[48;2;79;40;40m[39m- 1   [39m:[39m[48;2;36;25;28m [38;2;192;197;206mStep 1: In Progress[K
[0m[48;2;40;67;43m[39m+    1[39m:[39m[48;2;24;38;30m [38;2;192;197;206mStep 1: Completed[K
[0m[K
Updating: [38;5;10m../jpetstore-6/logs/application/SQLTransformTarget/mapper/AccountMapper_orcl/status.txt[0m

 ⋮ 
[38;5;10m[1m ● Completed in 0.0s[39m

Now let's proceed to Step 2 - Analyzing SQL for all the Oracle XML files:[0m[0m
[0m[0m
[38;5;13m🛠️  Using tool: fs_write[38;5;2m (trusted)[39m[39m
 ⋮ 
 ● Path: [38;5;10m../jpetstore-6/logs/application/SQLTransformTarget/mapper/AccountMapper_orcl/status.txt[0m

[48;2;79;40;40m[39m- 2   [39m:[39m[48;2;36;25;28m [38;2;192;197;206mStep 2: Not Started[K
[0m[48;2;40;67;43m[39m+    2[39m:[39m[48;2;24;38;30m [38;2;192;197;206mStep 2: In Progress[K
[0m[K
Updating: [38;5;10m../jpetstore-6/logs/application/SQLTransformTarget/mapper/AccountMapper_orcl/status.txt[0m

 ⋮ 
[38;5;10m[1m ● Completed in 0.0s[39m

Let me analyze each XML file individually. I'll start with the first file:[0m[0m
[0m[0m
[38;5;13m🛠️  Using tool: fs_read[38;5;2m (trusted)[39m[39m
 ⋮ 
 ● Reading file: [38;5;10m/Users/changik/workspace/sample-oracle-modernization-accelerator/jpetstore-6/logs/application/SQLTransformTarget/mapper/AccountMapper_orcl/extract/AccountMapper_orcl-01-select-getAccountByUsername.xml[0m, all lines
 ⋮ 
[38;5;10m[1m ● Completed in 0.0s[39m

[0m[0m
[0m[0m
[38;5;13m🛠️  Using tool: fs_read[38;5;2m (trusted)[39m[39m
 ⋮ 
 ● Reading file: [38;5;10m/Users/changik/workspace/sample-oracle-modernization-accelerator/jpetstore-6/logs/application/SQLTransformTarget/mapper/AccountMapper_orcl/extract/AccountMapper_orcl-02-select-getAccountByUsernameAndPassword.xml[0m, all lines
 ⋮ 
[38;5;10m[1m ● Completed in 0.0s[39m

[0m[0m
[0m[0m
[38;5;13m🛠️  Using tool: fs_read[38;5;2m (trusted)[39m[39m
 ⋮ 
 ● Reading file: [38;5;10m/Users/changik/workspace/sample-oracle-modernization-accelerator/jpetstore-6/logs/application/SQLTransformTarget/mapper/AccountMapper_orcl/extract/AccountMapper_orcl-03-update-updateAccount.xml[0m, all lines
 ⋮ 
[38;5;10m[1m ● Completed in 0.0s[39m

[0m[0m
[0m[0m
[38;5;13m🛠️  Using tool: fs_read[38;5;2m (trusted)[39m[39m
 ⋮ 
 ● Reading file: [38;5;10m/Users/changik/workspace/sample-oracle-modernization-accelerator/jpetstore-6/logs/application/SQLTransformTarget/mapper/AccountMapper_orcl/extract/AccountMapper_orcl-04-insert-insertAccount.xml[0m, all lines
 ⋮ 
[38;5;10m[1m ● Completed in 0.0s[39m

[0m[0m
[0m[0m
[38;5;13m🛠️  Using tool: fs_read[38;5;2m (trusted)[39m[39m
 ⋮ 
 ● Reading file: [38;5;10m/Users/changik/workspace/sample-oracle-modernization-accelerator/jpetstore-6/logs/application/SQLTransformTarget/mapper/AccountMapper_orcl/extract/AccountMapper_orcl-05-update-updateProfile.xml[0m, all lines
 ⋮ 
[38;5;10m[1m ● Completed in 0.0s[39m

[0m[0m
[0m[0m
[38;5;13m🛠️  Using tool: fs_read[38;5;2m (trusted)[39m[39m
 ⋮ 
 ● Reading file: [38;5;10m/Users/changik/workspace/sample-oracle-modernization-accelerator/jpetstore-6/logs/application/SQLTransformTarget/mapper/AccountMapper_orcl/extract/AccountMapper_orcl-06-insert-insertProfile.xml[0m, all lines
 ⋮ 
[38;5;10m[1m ● Completed in 0.0s[39m

[0m[0m
[0m[0m
[38;5;13m🛠️  Using tool: fs_read[38;5;2m (trusted)[39m[39m
 ⋮ 
 ● Reading file: [38;5;10m/Users/changik/workspace/sample-oracle-modernization-accelerator/jpetstore-6/logs/application/SQLTransformTarget/mapper/AccountMapper_orcl/extract/AccountMapper_orcl-07-update-updateSignon.xml[0m, all lines
 ⋮ 
[38;5;10m[1m ● Completed in 0.0s[39m

[0m[0m
[0m[0m
[38;5;13m🛠️  Using tool: fs_read[38;5;2m (trusted)[39m[39m
 ⋮ 
 ● Reading file: [38;5;10m/Users/changik/workspace/sample-oracle-modernization-accelerator/jpetstore-6/logs/application/SQLTransformTarget/mapper/AccountMapper_orcl/extract/AccountMapper_orcl-08-insert-insertSignon.xml[0m, all lines
 ⋮ 
[38;5;10m[1m ● Completed in 0.0s[39m

Now let me create the SQL analysis documentation:[0m[0m
[0m[0m
[38;5;13m🛠️  Using tool: fs_write[38;5;2m (trusted)[39m[39m
 ⋮ 
 ● Path: [38;5;10m/Users/changik/workspace/sample-oracle-modernization-accelerator/jpetstore-6/logs/application/SQLTransformTarget/mapper/AccountMapper_orcl/sql_analysis.txt[0m

[48;2;40;67;43m[39m+     1[39m:[39m[48;2;24;38;30m [38;2;192;197;206mSQL Analysis Results:[K
[0m[48;2;40;67;43m[39m+     2[39m:[39m[48;2;24;38;30m [K
[0m[48;2;40;67;43m[39m+     3[39m:[39m[48;2;24;38;30m [38;2;192;197;206m1. getAccountByUsername:[K
[0m[48;2;40;67;43m[39m+     4[39m:[39m[48;2;24;38;30m [38;2;192;197;206m  - Type: SELECT query[K
[0m[48;2;40;67;43m[39m+     5[39m:[39m[48;2;24;38;30m [38;2;192;197;206m  - Contains: Multi-table JOIN using WHERE clause syntax[K
[0m[48;2;40;67;43m[39m+     6[39m:[39m[48;2;24;38;30m [38;2;192;197;206m  - Oracle-specific features: None[K
[0m[48;2;40;67;43m[39m+     7[39m:[39m[48;2;24;38;30m [38;2;192;197;206m  - Conversion needed: No[K
[0m[48;2;40;67;43m[39m+     8[39m:[39m[48;2;24;38;30m [K
[0m[48;2;40;67;43m[39m+     9[39m:[39m[48;2;24;38;30m [38;2;192;197;206m2. getAccountByUsernameAndPassword:[K
[0m[48;2;40;67;43m[39m+    10[39m:[39m[48;2;24;38;30m [38;2;192;197;206m  - Type: SELECT query[K
[0m[48;2;40;67;43m[39m+    11[39m:[39m[48;2;24;38;30m [38;2;192;197;206m  - Contains: Multi-table JOIN using WHERE clause syntax with parameters[K
[0m[48;2;40;67;43m[39m+    12[39m:[39m[48;2;24;38;30m [38;2;192;197;206m  - Oracle-specific features: None[K
[0m[48;2;40;67;43m[39m+    13[39m:[39m[48;2;24;38;30m [38;2;192;197;206m  - Conversion needed: No[K
[0m[48;2;40;67;43m[39m+    14[39m:[39m[48;2;24;38;30m [K
[0m[48;2;40;67;43m[39m+    15[39m:[39m[48;2;24;38;30m [38;2;192;197;206m3. updateAccount:[K
[0m[48;2;40;67;43m[39m+    16[39m:[39m[48;2;24;38;30m [38;2;192;197;206m  - Type: UPDATE query[K
[0m[48;2;40;67;43m[39m+    17[39m:[39m[48;2;24;38;30m [38;2;192;197;206m  - Contains: Standard UPDATE with parameterized values[K
[0m[48;2;40;67;43m[39m+    18[39m:[39m[48;2;24;38;30m [38;2;192;197;206m  - Oracle-specific features: None[K
[0m[48;2;40;67;43m[39m+    19[39m:[39m[48;2;24;38;30m [38;2;192;197;206m  - Conversion needed: No[K
[0m[48;2;40;67;43m[39m+    20[39m:[39m[48;2;24;38;30m [K
[0m[48;2;40;67;43m[39m+    21[39m:[39m[48;2;24;38;30m [38;2;192;197;206m4. insertAccount:[K
[0m[48;2;40;67;43m[39m+    22[39m:[39m[48;2;24;38;30m [38;2;192;197;206m  - Type: INSERT query[K
[0m[48;2;40;67;43m[39m+    23[39m:[39m[48;2;24;38;30m [38;2;192;197;206m  - Contains: Standard INSERT with parameterized values[K
[0m[48;2;40;67;43m[39m+    24[39m:[39m[48;2;24;38;30m [38;2;192;197;206m  - Oracle-specific features: None[K
[0m[48;2;40;67;43m[39m+    25[39m:[39m[48;2;24;38;30m [38;2;192;197;206m  - Conversion needed: No[K
[0m[48;2;40;67;43m[39m+    26[39m:[39m[48;2;24;38;30m [K
[0m[48;2;40;67;43m[39m+    27[39m:[39m[48;2;24;38;30m [38;2;192;197;206m5. updateProfile:[K
[0m[48;2;40;67;43m[39m+    28[39m:[39m[48;2;24;38;30m [38;2;192;197;206m  - Type: UPDATE query[K
[0m[48;2;40;67;43m[39m+    29[39m:[39m[48;2;24;38;30m [38;2;192;197;206m  - Contains: MyBatis bind variables and standard UPDATE[K
[0m[48;2;40;67;43m[39m+    30[39m:[39m[48;2;24;38;30m [38;2;192;197;206m  - Oracle-specific features: None[K
[0m[48;2;40;67;43m[39m+    31[39m:[39m[48;2;24;38;30m [38;2;192;197;206m  - Conversion needed: No[K
[0m[48;2;40;67;43m[39m+    32[39m:[39m[48;2;24;38;30m [K
[0m[48;2;40;67;43m[39m+    33[39m:[39m[48;2;24;38;30m [38;2;192;197;206m6. insertProfile:[K
[0m[48;2;40;67;43m[39m+    34[39m:[39m[48;2;24;38;30m [38;2;192;197;206m  - Type: INSERT query[K
[0m[48;2;40;67;43m[39m+    35[39m:[39m[48;2;24;38;30m [38;2;192;197;206m  - Contains: MyBatis bind variables and standard INSERT[K
[0m[48;2;40;67;43m[39m+    36[39m:[39m[48;2;24;38;30m [38;2;192;197;206m  - Oracle-specific features: None[K
[0m[48;2;40;67;43m[39m+    37[39m:[39m[48;2;24;38;30m [38;2;192;197;206m  - Conversion needed: No[K
[0m[48;2;40;67;43m[39m+    38[39m:[39m[48;2;24;38;30m [K
[0m[48;2;40;67;43m[39m+    39[39m:[39m[48;2;24;38;30m [38;2;192;197;206m7. updateSignon:[K
[0m[48;2;40;67;43m[39m+    40[39m:[39m[48;2;24;38;30m [38;2;192;197;206m  - Type: UPDATE query[K
[0m[48;2;40;67;43m[39m+    41[39m:[39m[48;2;24;38;30m [38;2;192;197;206m  - Contains: Simple UPDATE with WHERE clause[K
[0m[48;2;40;67;43m[39m+    42[39m:[39m[48;2;24;38;30m [38;2;192;197;206m  - Oracle-specific features: None[K
[0m[48;2;40;67;43m[39m+    43[39m:[39m[48;2;24;38;30m [38;2;192;197;206m  - Conversion needed: No[K
[0m[48;2;40;67;43m[39m+    44[39m:[39m[48;2;24;38;30m [K
[0m[48;2;40;67;43m[39m+    45[39m:[39m[48;2;24;38;30m [38;2;192;197;206m8. insertSignon:[K
[0m[48;2;40;67;43m[39m+    46[39m:[39m[48;2;24;38;30m [38;2;192;197;206m  - Type: INSERT query[K
[0m[48;2;40;67;43m[39m+    47[39m:[39m[48;2;24;38;30m [38;2;192;197;206m  - Contains: Simple INSERT with parameterized values[K
[0m[48;2;40;67;43m[39m+    48[39m:[39m[48;2;24;38;30m [38;2;192;197;206m  - Oracle-specific features: None[K
[0m[48;2;40;67;43m[39m+    49[39m:[39m[48;2;24;38;30m [38;2;192;197;206m  - Conversion needed: No[K
[0m[48;2;40;67;43m[39m+    50[39m:[39m[48;2;24;38;30m [K
[0m[48;2;40;67;43m[39m+    51[39m:[39m[48;2;24;38;30m [38;2;192;197;206mSummary: All 8 files contain standard SQL queries without Oracle-specific features. The queries use standard SQL syntax that is compatible with PostgreSQL. No complex conversions are required, but files will be processed to ensure PostgreSQL compatibility and add conversion comments.[K
[0m[K
Creating: [38;5;10m/Users/changik/workspace/sample-oracle-modernization-accelerator/jpetstore-6/logs/application/SQLTransformTarget/mapper/AccountMapper_orcl/sql_analysis.txt[0m

 ⋮ 
[38;5;10m[1m ● Completed in 0.0s[39m

[0m[0m
[0m[0m
[38;5;13m🛠️  Using tool: fs_write[38;5;2m (trusted)[39m[39m
 ⋮ 
 ● Path: [38;5;10m../jpetstore-6/logs/application/SQLTransformTarget/mapper/AccountMapper_orcl/status.txt[0m

[48;2;79;40;40m[39m- 2   [39m:[39m[48;2;36;25;28m [38;2;192;197;206mStep 2: In Progress[K
[0m[48;2;40;67;43m[39m+    2[39m:[39m[48;2;24;38;30m [38;2;192;197;206mStep 2: Completed[K
[0m[K
Updating: [38;5;10m../jpetstore-6/logs/application/SQLTransformTarget/mapper/AccountMapper_orcl/status.txt[0m

 ⋮ 
[38;5;10m[1m ● Completed in 0.0s[39m

Now let's proceed to Step 3 - Performing Oracle to PostgreSQL conversion. I'll update the status and process each file individually:[0m[0m
[0m[0m
[38;5;13m🛠️  Using tool: fs_write[38;5;2m (trusted)[39m[39m
 ⋮ 
 ● Path: [38;5;10m../jpetstore-6/logs/application/SQLTransformTarget/mapper/AccountMapper_orcl/status.txt[0m

[48;2;79;40;40m[39m- 3   [39m:[39m[48;2;36;25;28m [38;2;192;197;206mStep 3: Not Started[K
[0m[48;2;40;67;43m[39m+    3[39m:[39m[48;2;24;38;30m [38;2;192;197;206mStep 3: In Progress[K
[0m[K
Updating: [38;5;10m../jpetstore-6/logs/application/SQLTransformTarget/mapper/AccountMapper_orcl/status.txt[0m

 ⋮ 
[38;5;10m[1m ● Completed in 0.0s[39m

Let me process each file individually. Starting with the first file:[0m[0m
[0m[0m
[38;5;13m🛠️  Using tool: fs_write[38;5;2m (trusted)[39m[39m
 ⋮ 
 ● Path: [38;5;10m/Users/changik/workspace/sample-oracle-modernization-accelerator/jpetstore-6/logs/application/SQLTransformTarget/mapper/AccountMapper_orcl/transform/AccountMapper_pg-01-select-getAccountByUsername.xml[0m

[48;2;40;67;43m[39m+     1[39m:[39m[48;2;24;38;30m [38;2;192;197;206m<?[38;2;191;97;106mxml[38;2;192;197;206m [38;2;208;135;112mversion[38;2;192;197;206m=[38;2;192;197;206m"[38;2;163;190;140m1.0[38;2;192;197;206m"[38;2;192;197;206m [38;2;208;135;112mencoding[38;2;192;197;206m=[38;2;192;197;206m"[38;2;163;190;140mUTF-8[38;2;192;197;206m"[38;2;192;197;206m?>[K
[0m[48;2;40;67;43m[39m+     2[39m:[39m[48;2;24;38;30m [38;2;192;197;206m<![38;2;180;142;173mDOCTYPE[38;2;192;197;206m [38;2;191;97;106mmapper[38;2;192;197;206m PUBLIC "-//mybatis.org//DTD Mapper 3.0//EN"[K
[0m[48;2;40;67;43m[39m+     3[39m:[39m[48;2;24;38;30m [38;2;192;197;206m"http://mybatis.org/dtd/mybatis-3-mapper.dtd"[38;2;192;197;206m>[K
[0m[48;2;40;67;43m[39m+     4[39m:[39m[48;2;24;38;30m [38;2;192;197;206m<[38;2;191;97;106mmapper[38;2;192;197;206m [38;2;208;135;112mnamespace[38;2;192;197;206m=[38;2;192;197;206m"[38;2;163;190;140morg.mybatis.jpetstore.mapper.AccountMapper[38;2;192;197;206m"[38;2;192;197;206m>[K
[0m[48;2;40;67;43m[39m+     5[39m:[39m[48;2;24;38;30m [38;2;101;115;126m<!--[38;2;101;115;126m 2025-06-20 Amazon Q Developer : Converted Oracle SQL to PostgreSQL compatible format [38;2;101;115;126m-->[K
[0m[48;2;40;67;43m[39m+     6[39m:[39m[48;2;24;38;30m [38;2;101;115;126m<!--[K
[0m[48;2;40;67;43m[39m+     7[39m:[39m[48;2;24;38;30m [38;2;101;115;126m  <cache />[K
[0m[48;2;40;67;43m[39m+     8[39m:[39m[48;2;24;38;30m [38;2;101;115;126m-->[K
[0m[48;2;40;67;43m[39m+     9[39m:[39m[48;2;24;38;30m [38;2;192;197;206m<[38;2;191;97;106mselect[38;2;192;197;206m [38;2;208;135;112mid[38;2;192;197;206m=[38;2;192;197;206m"[38;2;163;190;140mgetAccountByUsername[38;2;192;197;206m"[38;2;192;197;206m [38;2;208;135;112mresultType[38;2;192;197;206m=[38;2;192;197;206m"[38;2;163;190;140mAccount[38;2;192;197;206m"[38;2;192;197;206m>[K
[0m[48;2;40;67;43m[39m+    10[39m:[39m[48;2;24;38;30m [38;2;192;197;206m    SELECT[K
[0m[48;2;40;67;43m[39m+    11[39m:[39m[48;2;24;38;30m [38;2;192;197;206m          SIGNON.USERNAME,[K
[0m[48;2;40;67;43m[39m+    12[39m:[39m[48;2;24;38;30m [38;2;192;197;206m          ACCOUNT.EMAIL,[K
[0m[48;2;40;67;43m[39m+    13[39m:[39m[48;2;24;38;30m [38;2;192;197;206m          ACCOUNT.FIRSTNAME,[K
[0m[48;2;40;67;43m[39m+    14[39m:[39m[48;2;24;38;30m [38;2;192;197;206m          ACCOUNT.LASTNAME,[K
[0m[48;2;40;67;43m[39m+    15[39m:[39m[48;2;24;38;30m [38;2;192;197;206m          ACCOUNT.STATUS,[K
[0m[48;2;40;67;43m[39m+    16[39m:[39m[48;2;24;38;30m [38;2;192;197;206m          ACCOUNT.ADDR1 AS address1,[K
[0m[48;2;40;67;43m[39m+    17[39m:[39m[48;2;24;38;30m [38;2;192;197;206m          ACCOUNT.ADDR2 AS address2,[K
[0m[48;2;40;67;43m[39m+    18[39m:[39m[48;2;24;38;30m [38;2;192;197;206m          ACCOUNT.CITY,[K
[0m[48;2;40;67;43m[39m+    19[39m:[39m[48;2;24;38;30m [38;2;192;197;206m          ACCOUNT.STATE,[K
[0m[48;2;40;67;43m[39m+    20[39m:[39m[48;2;24;38;30m [38;2;192;197;206m          ACCOUNT.ZIP,[K
[0m[48;2;40;67;43m[39m+    21[39m:[39m[48;2;24;38;30m [38;2;192;197;206m          ACCOUNT.COUNTRY,[K
[0m[48;2;40;67;43m[39m+    22[39m:[39m[48;2;24;38;30m [38;2;192;197;206m          ACCOUNT.PHONE,[K
[0m[48;2;40;67;43m[39m+    23[39m:[39m[48;2;24;38;30m [38;2;192;197;206m          PROFILE.LANGPREF AS languagePreference,[K
[0m[48;2;40;67;43m[39m+    24[39m:[39m[48;2;24;38;30m [38;2;192;197;206m          PROFILE.FAVCATEGORY AS favouriteCategoryId,[K
[0m[48;2;40;67;43m[39m+    25[39m:[39m[48;2;24;38;30m [38;2;192;197;206m          PROFILE.MYLISTOPT AS listOption,[K
[0m[48;2;40;67;43m[39m+    26[39m:[39m[48;2;24;38;30m [38;2;192;197;206m          PROFILE.BANNEROPT AS bannerOption,[K
[0m[48;2;40;67;43m[39m+    27[39m:[39m[48;2;24;38;30m [38;2;192;197;206m          BANNERDATA.BANNERNAME[K
[0m[48;2;40;67;43m[39m+    28[39m:[39m[48;2;24;38;30m [38;2;192;197;206m    FROM ACCOUNT, PROFILE, SIGNON, BANNERDATA[K
[0m[48;2;40;67;43m[39m+    29[39m:[39m[48;2;24;38;30m [38;2;192;197;206m    WHERE ACCOUNT.USERID = #{username}[K
[0m[48;2;40;67;43m[39m+    30[39m:[39m[48;2;24;38;30m [38;2;192;197;206m      AND SIGNON.USERNAME = ACCOUNT.USERID[K
[0m[48;2;40;67;43m[39m+    31[39m:[39m[48;2;24;38;30m [38;2;192;197;206m      AND PROFILE.USERID = ACCOUNT.USERID[K
[0m[48;2;40;67;43m[39m+    32[39m:[39m[48;2;24;38;30m [38;2;192;197;206m      AND PROFILE.FAVCATEGORY = BANNERDATA.FAVCATEGORY[K
[0m[48;2;40;67;43m[39m+    33[39m:[39m[48;2;24;38;30m [38;2;192;197;206m  [38;2;192;197;206m</[38;2;191;97;106mselect[38;2;192;197;206m>[K
[0m[48;2;40;67;43m[39m+    34[39m:[39m[48;2;24;38;30m [38;2;192;197;206m</[38;2;191;97;106mmapper[38;2;192;197;206m>[K
[0m[K
Creating: [38;5;10m/Users/changik/workspace/sample-oracle-modernization-accelerator/jpetstore-6/logs/application/SQLTransformTarget/mapper/AccountMapper_orcl/transform/AccountMapper_pg-01-select-getAccountByUsername.xml[0m

 ⋮ 
[38;5;10m[1m ● Completed in 0.0s[39m

[0m[0m
[0m[0m
[38;5;13m🛠️  Using tool: fs_write[38;5;2m (trusted)[39m[39m
 ⋮ 
 ● Path: [38;5;10m/Users/changik/workspace/sample-oracle-modernization-accelerator/jpetstore-6/logs/application/SQLTransformTarget/mapper/AccountMapper_orcl/transform/AccountMapper_pg-02-select-getAccountByUsernameAndPassword.xml[0m

[48;2;40;67;43m[39m+     1[39m:[39m[48;2;24;38;30m [38;2;192;197;206m<?[38;2;191;97;106mxml[38;2;192;197;206m [38;2;208;135;112mversion[38;2;192;197;206m=[38;2;192;197;206m"[38;2;163;190;140m1.0[38;2;192;197;206m"[38;2;192;197;206m [38;2;208;135;112mencoding[38;2;192;197;206m=[38;2;192;197;206m"[38;2;163;190;140mUTF-8[38;2;192;197;206m"[38;2;192;197;206m?>[K
[0m[48;2;40;67;43m[39m+     2[39m:[39m[48;2;24;38;30m [38;2;192;197;206m<![38;2;180;142;173mDOCTYPE[38;2;192;197;206m [38;2;191;97;106mmapper[38;2;192;197;206m PUBLIC "-//mybatis.org//DTD Mapper 3.0//EN"[K
[0m[48;2;40;67;43m[39m+     3[39m:[39m[48;2;24;38;30m [38;2;192;197;206m"http://mybatis.org/dtd/mybatis-3-mapper.dtd"[38;2;192;197;206m>[K
[0m[48;2;40;67;43m[39m+     4[39m:[39m[48;2;24;38;30m [38;2;192;197;206m<[38;2;191;97;106mmapper[38;2;192;197;206m [38;2;208;135;112mnamespace[38;2;192;197;206m=[38;2;192;197;206m"[38;2;163;190;140morg.mybatis.jpetstore.mapper.AccountMapper[38;2;192;197;206m"[38;2;192;197;206m>[K
[0m[48;2;40;67;43m[39m+     5[39m:[39m[48;2;24;38;30m [38;2;101;115;126m<!--[38;2;101;115;126m 2025-06-20 Amazon Q Developer : Converted Oracle SQL to PostgreSQL compatible format [38;2;101;115;126m-->[K
[0m[48;2;40;67;43m[39m+     6[39m:[39m[48;2;24;38;30m [38;2;101;115;126m<!--[K
[0m[48;2;40;67;43m[39m+     7[39m:[39m[48;2;24;38;30m [38;2;101;115;126m  <cache />[K
[0m[48;2;40;67;43m[39m+     8[39m:[39m[48;2;24;38;30m [38;2;101;115;126m-->[K
[0m[48;2;40;67;43m[39m+     9[39m:[39m[48;2;24;38;30m [38;2;192;197;206m<[38;2;191;97;106mselect[38;2;192;197;206m [38;2;208;135;112mid[38;2;192;197;206m=[38;2;192;197;206m"[38;2;163;190;140mgetAccountByUsernameAndPassword[38;2;192;197;206m"[38;2;192;197;206m [38;2;208;135;112mresultType[38;2;192;197;206m=[38;2;192;197;206m"[38;2;163;190;140mAccount[38;2;192;197;206m"[38;2;192;197;206m>[K
[0m[48;2;40;67;43m[39m+    10[39m:[39m[48;2;24;38;30m [38;2;192;197;206m    SELECT[K
[0m[48;2;40;67;43m[39m+    11[39m:[39m[48;2;24;38;30m [38;2;192;197;206m      SIGNON.USERNAME,[K
[0m[48;2;40;67;43m[39m+    12[39m:[39m[48;2;24;38;30m [38;2;192;197;206m      ACCOUNT.EMAIL,[K
[0m[48;2;40;67;43m[39m+    13[39m:[39m[48;2;24;38;30m [38;2;192;197;206m      ACCOUNT.FIRSTNAME,[K
[0m[48;2;40;67;43m[39m+    14[39m:[39m[48;2;24;38;30m [38;2;192;197;206m      ACCOUNT.LASTNAME,[K
[0m[48;2;40;67;43m[39m+    15[39m:[39m[48;2;24;38;30m [38;2;192;197;206m      ACCOUNT.STATUS,[K
[0m[48;2;40;67;43m[39m+    16[39m:[39m[48;2;24;38;30m [38;2;192;197;206m      ACCOUNT.ADDR1 AS address1,[K
[0m[48;2;40;67;43m[39m+    17[39m:[39m[48;2;24;38;30m [38;2;192;197;206m      ACCOUNT.ADDR2 AS address2,[K
[0m[48;2;40;67;43m[39m+    18[39m:[39m[48;2;24;38;30m [38;2;192;197;206m      ACCOUNT.CITY,[K
[0m[48;2;40;67;43m[39m+    19[39m:[39m[48;2;24;38;30m [38;2;192;197;206m      ACCOUNT.STATE,[K
[0m[48;2;40;67;43m[39m+    20[39m:[39m[48;2;24;38;30m [38;2;192;197;206m      ACCOUNT.ZIP,[K
[0m[48;2;40;67;43m[39m+    21[39m:[39m[48;2;24;38;30m [38;2;192;197;206m      ACCOUNT.COUNTRY,[K
[0m[48;2;40;67;43m[39m+    22[39m:[39m[48;2;24;38;30m [38;2;192;197;206m      ACCOUNT.PHONE,[K
[0m[48;2;40;67;43m[39m+    23[39m:[39m[48;2;24;38;30m [38;2;192;197;206m      PROFILE.LANGPREF AS languagePreference,[K
[0m[48;2;40;67;43m[39m+    24[39m:[39m[48;2;24;38;30m [38;2;192;197;206m      PROFILE.FAVCATEGORY AS favouriteCategoryId,[K
[0m[48;2;40;67;43m[39m+    25[39m:[39m[48;2;24;38;30m [38;2;192;197;206m      PROFILE.MYLISTOPT AS listOption,[K
[0m[48;2;40;67;43m[39m+    26[39m:[39m[48;2;24;38;30m [38;2;192;197;206m      PROFILE.BANNEROPT AS bannerOption,[K
[0m[48;2;40;67;43m[39m+    27[39m:[39m[48;2;24;38;30m [38;2;192;197;206m      BANNERDATA.BANNERNAME[K
[0m[48;2;40;67;43m[39m+    28[39m:[39m[48;2;24;38;30m [38;2;192;197;206m    FROM ACCOUNT, PROFILE, SIGNON, BANNERDATA[K
[0m[48;2;40;67;43m[39m+    29[39m:[39m[48;2;24;38;30m [38;2;192;197;206m    WHERE ACCOUNT.USERID = #{param1}[K
[0m[48;2;40;67;43m[39m+    30[39m:[39m[48;2;24;38;30m [38;2;192;197;206m      AND SIGNON.PASSWORD = #{param2}[K
[0m[48;2;40;67;43m[39m+    31[39m:[39m[48;2;24;38;30m [38;2;192;197;206m      AND SIGNON.USERNAME = ACCOUNT.USERID[K
[0m[48;2;40;67;43m[39m+    32[39m:[39m[48;2;24;38;30m [38;2;192;197;206m      AND PROFILE.USERID = ACCOUNT.USERID[K
[0m[48;2;40;67;43m[39m+    33[39m:[39m[48;2;24;38;30m [38;2;192;197;206m      AND PROFILE.FAVCATEGORY = BANNERDATA.FAVCATEGORY[K
[0m[48;2;40;67;43m[39m+    34[39m:[39m[48;2;24;38;30m [38;2;192;197;206m  [38;2;192;197;206m</[38;2;191;97;106mselect[38;2;192;197;206m>[K
[0m[48;2;40;67;43m[39m+    35[39m:[39m[48;2;24;38;30m [38;2;192;197;206m</[38;2;191;97;106mmapper[38;2;192;197;206m>[K
[0m[K
Creating: [38;5;10m/Users/changik/workspace/sample-oracle-modernization-accelerator/jpetstore-6/logs/application/SQLTransformTarget/mapper/AccountMapper_orcl/transform/AccountMapper_pg-02-select-getAccountByUsernameAndPassword.xml[0m

 ⋮ 
[38;5;10m[1m ● Completed in 0.0s[39m

[0m[0m
[0m[0m
[38;5;13m🛠️  Using tool: fs_write[38;5;2m (trusted)[39m[39m
 ⋮ 
 ● Path: [38;5;10m/Users/changik/workspace/sample-oracle-modernization-accelerator/jpetstore-6/logs/application/SQLTransformTarget/mapper/AccountMapper_orcl/transform/AccountMapper_pg-03-update-updateAccount.xml[0m

[48;2;40;67;43m[39m+     1[39m:[39m[48;2;24;38;30m [38;2;192;197;206m<?[38;2;191;97;106mxml[38;2;192;197;206m [38;2;208;135;112mversion[38;2;192;197;206m=[38;2;192;197;206m"[38;2;163;190;140m1.0[38;2;192;197;206m"[38;2;192;197;206m [38;2;208;135;112mencoding[38;2;192;197;206m=[38;2;192;197;206m"[38;2;163;190;140mUTF-8[38;2;192;197;206m"[38;2;192;197;206m?>[K
[0m[48;2;40;67;43m[39m+     2[39m:[39m[48;2;24;38;30m [38;2;192;197;206m<![38;2;180;142;173mDOCTYPE[38;2;192;197;206m [38;2;191;97;106mmapper[38;2;192;197;206m PUBLIC "-//mybatis.org//DTD Mapper 3.0//EN"[K
[0m[48;2;40;67;43m[39m+     3[39m:[39m[48;2;24;38;30m [38;2;192;197;206m"http://mybatis.org/dtd/mybatis-3-mapper.dtd"[38;2;192;197;206m>[K
[0m[48;2;40;67;43m[39m+     4[39m:[39m[48;2;24;38;30m [38;2;192;197;206m<[38;2;191;97;106mmapper[38;2;192;197;206m [38;2;208;135;112mnamespace[38;2;192;197;206m=[38;2;192;197;206m"[38;2;163;190;140morg.mybatis.jpetstore.mapper.AccountMapper[38;2;192;197;206m"[38;2;192;197;206m>[K
[0m[48;2;40;67;43m[39m+     5[39m:[39m[48;2;24;38;30m [38;2;101;115;126m<!--[38;2;101;115;126m 2025-06-20 Amazon Q Developer : Converted Oracle SQL to PostgreSQL compatible format [38;2;101;115;126m-->[K
[0m[48;2;40;67;43m[39m+     6[39m:[39m[48;2;24;38;30m [38;2;101;115;126m<!--[K
[0m[48;2;40;67;43m[39m+     7[39m:[39m[48;2;24;38;30m [38;2;101;115;126m  <cache />[K
[0m[48;2;40;67;43m[39m+     8[39m:[39m[48;2;24;38;30m [38;2;101;115;126m-->[K
[0m[48;2;40;67;43m[39m+     9[39m:[39m[48;2;24;38;30m [38;2;192;197;206m<[38;2;191;97;106mupdate[38;2;192;197;206m [38;2;208;135;112mid[38;2;192;197;206m=[38;2;192;197;206m"[38;2;163;190;140mupdateAccount[38;2;192;197;206m"[38;2;192;197;206m [38;2;208;135;112mparameterType[38;2;192;197;206m=[38;2;192;197;206m"[38;2;163;190;140mAccount[38;2;192;197;206m"[38;2;192;197;206m>[K
[0m[48;2;40;67;43m[39m+    10[39m:[39m[48;2;24;38;30m [38;2;192;197;206m    UPDATE ACCOUNT SET[K
[0m[48;2;40;67;43m[39m+    11[39m:[39m[48;2;24;38;30m [38;2;192;197;206m      EMAIL = #{email},[K
[0m[48;2;40;67;43m[39m+    12[39m:[39m[48;2;24;38;30m [38;2;192;197;206m      FIRSTNAME = #{firstName},[K
[0m[48;2;40;67;43m[39m+    13[39m:[39m[48;2;24;38;30m [38;2;192;197;206m      LASTNAME = #{lastName},[K
[0m[48;2;40;67;43m[39m+    14[39m:[39m[48;2;24;38;30m [38;2;192;197;206m      STATUS = #{status},[K
[0m[48;2;40;67;43m[39m+    15[39m:[39m[48;2;24;38;30m [38;2;192;197;206m      ADDR1 = #{address1},[K
[0m[48;2;40;67;43m[39m+    16[39m:[39m[48;2;24;38;30m [38;2;192;197;206m      ADDR2 = #{address2,jdbcType=VARCHAR},[K
[0m[48;2;40;67;43m[39m+    17[39m:[39m[48;2;24;38;30m [38;2;192;197;206m      CITY = #{city},[K
[0m[48;2;40;67;43m[39m+    18[39m:[39m[48;2;24;38;30m [38;2;192;197;206m      STATE = #{state},[K
[0m[48;2;40;67;43m[39m+    19[39m:[39m[48;2;24;38;30m [38;2;192;197;206m      ZIP = #{zip},[K
[0m[48;2;40;67;43m[39m+    20[39m:[39m[48;2;24;38;30m [38;2;192;197;206m      COUNTRY = #{country},[K
[0m[48;2;40;67;43m[39m+    21[39m:[39m[48;2;24;38;30m [38;2;192;197;206m      PHONE = #{phone}[K
[0m[48;2;40;67;43m[39m+    22[39m:[39m[48;2;24;38;30m [38;2;192;197;206m    WHERE USERID = #{username}[K
[0m[48;2;40;67;43m[39m+    23[39m:[39m[48;2;24;38;30m [38;2;192;197;206m  [38;2;192;197;206m</[38;2;191;97;106mupdate[38;2;192;197;206m>[K
[0m[48;2;40;67;43m[39m+    24[39m:[39m[48;2;24;38;30m [38;2;192;197;206m</[38;2;191;97;106mmapper[38;2;192;197;206m>[K
[0m[K
Creating: [38;5;10m/Users/changik/workspace/sample-oracle-modernization-accelerator/jpetstore-6/logs/application/SQLTransformTarget/mapper/AccountMapper_orcl/transform/AccountMapper_pg-03-update-updateAccount.xml[0m

 ⋮ 
[38;5;10m[1m ● Completed in 0.1s[39m

[0m[0m
[0m[0m
[38;5;13m🛠️  Using tool: fs_write[38;5;2m (trusted)[39m[39m
 ⋮ 
 ● Path: [38;5;10m/Users/changik/workspace/sample-oracle-modernization-accelerator/jpetstore-6/logs/application/SQLTransformTarget/mapper/AccountMapper_orcl/transform/AccountMapper_pg-04-insert-insertAccount.xml[0m

[48;2;40;67;43m[39m+     1[39m:[39m[48;2;24;38;30m [38;2;192;197;206m<?[38;2;191;97;106mxml[38;2;192;197;206m [38;2;208;135;112mversion[38;2;192;197;206m=[38;2;192;197;206m"[38;2;163;190;140m1.0[38;2;192;197;206m"[38;2;192;197;206m [38;2;208;135;112mencoding[38;2;192;197;206m=[38;2;192;197;206m"[38;2;163;190;140mUTF-8[38;2;192;197;206m"[38;2;192;197;206m?>[K
[0m[48;2;40;67;43m[39m+     2[39m:[39m[48;2;24;38;30m [38;2;192;197;206m<![38;2;180;142;173mDOCTYPE[38;2;192;197;206m [38;2;191;97;106mmapper[38;2;192;197;206m PUBLIC "-//mybatis.org//DTD Mapper 3.0//EN"[K
[0m[48;2;40;67;43m[39m+     3[39m:[39m[48;2;24;38;30m [38;2;192;197;206m"http://mybatis.org/dtd/mybatis-3-mapper.dtd"[38;2;192;197;206m>[K
[0m[48;2;40;67;43m[39m+     4[39m:[39m[48;2;24;38;30m [38;2;192;197;206m<[38;2;191;97;106mmapper[38;2;192;197;206m [38;2;208;135;112mnamespace[38;2;192;197;206m=[38;2;192;197;206m"[38;2;163;190;140morg.mybatis.jpetstore.mapper.AccountMapper[38;2;192;197;206m"[38;2;192;197;206m>[K
[0m[48;2;40;67;43m[39m+     5[39m:[39m[48;2;24;38;30m [38;2;101;115;126m<!--[38;2;101;115;126m 2025-06-20 Amazon Q Developer : Converted Oracle SQL to PostgreSQL compatible format [38;2;101;115;126m-->[K
[0m[48;2;40;67;43m[39m+     6[39m:[39m[48;2;24;38;30m [38;2;101;115;126m<!--[K
[0m[48;2;40;67;43m[39m+     7[39m:[39m[48;2;24;38;30m [38;2;101;115;126m  <cache />[K
[0m[48;2;40;67;43m[39m+     8[39m:[39m[48;2;24;38;30m [38;2;101;115;126m-->[K
[0m[48;2;40;67;43m[39m+     9[39m:[39m[48;2;24;38;30m [38;2;192;197;206m<[38;2;191;97;106minsert[38;2;192;197;206m [38;2;208;135;112mid[38;2;192;197;206m=[38;2;192;197;206m"[38;2;163;190;140minsertAccount[38;2;192;197;206m"[38;2;192;197;206m [38;2;208;135;112mparameterType[38;2;192;197;206m=[38;2;192;197;206m"[38;2;163;190;140mAccount[38;2;192;197;206m"[38;2;192;197;206m>[K
[0m[48;2;40;67;43m[39m+    10[39m:[39m[48;2;24;38;30m [38;2;192;197;206m    INSERT INTO ACCOUNT[K
[0m[48;2;40;67;43m[39m+    11[39m:[39m[48;2;24;38;30m [38;2;192;197;206m      (EMAIL, FIRSTNAME, LASTNAME, STATUS, ADDR1, ADDR2, CITY, STATE, ZIP, COUNTRY, PHONE, USERID)[K
[0m[48;2;40;67;43m[39m+    12[39m:[39m[48;2;24;38;30m [38;2;192;197;206m    VALUES[K
[0m[48;2;40;67;43m[39m+    13[39m:[39m[48;2;24;38;30m [38;2;192;197;206m      (#{email}, #{firstName}, #{lastName}, #{status}, #{address1}, #{address2,jdbcType=VARCHAR}, #{city}, #{state}, #{zip}, #{country}, #{phone}, #{username})[K
[0m[48;2;40;67;43m[39m+    14[39m:[39m[48;2;24;38;30m [38;2;192;197;206m  [38;2;192;197;206m</[38;2;191;97;106minsert[38;2;192;197;206m>[K
[0m[48;2;40;67;43m[39m+    15[39m:[39m[48;2;24;38;30m [38;2;192;197;206m</[38;2;191;97;106mmapper[38;2;192;197;206m>[K
[0m[K
Creating: [38;5;10m/Users/changik/workspace/sample-oracle-modernization-accelerator/jpetstore-6/logs/application/SQLTransformTarget/mapper/AccountMapper_orcl/transform/AccountMapper_pg-04-insert-insertAccount.xml[0m

 ⋮ 
[38;5;10m[1m ● Completed in 0.0s[39m

[0m[0m
[0m[0m
[38;5;13m🛠️  Using tool: fs_write[38;5;2m (trusted)[39m[39m
 ⋮ 
 ● Path: [38;5;10m/Users/changik/workspace/sample-oracle-modernization-accelerator/jpetstore-6/logs/application/SQLTransformTarget/mapper/AccountMapper_orcl/transform/AccountMapper_pg-05-update-updateProfile.xml[0m

[48;2;40;67;43m[39m+     1[39m:[39m[48;2;24;38;30m [38;2;192;197;206m<?[38;2;191;97;106mxml[38;2;192;197;206m [38;2;208;135;112mversion[38;2;192;197;206m=[38;2;192;197;206m"[38;2;163;190;140m1.0[38;2;192;197;206m"[38;2;192;197;206m [38;2;208;135;112mencoding[38;2;192;197;206m=[38;2;192;197;206m"[38;2;163;190;140mUTF-8[38;2;192;197;206m"[38;2;192;197;206m?>[K
[0m[48;2;40;67;43m[39m+     2[39m:[39m[48;2;24;38;30m [38;2;192;197;206m<![38;2;180;142;173mDOCTYPE[38;2;192;197;206m [38;2;191;97;106mmapper[38;2;192;197;206m PUBLIC "-//mybatis.org//DTD Mapper 3.0//EN"[K
[0m[48;2;40;67;43m[39m+     3[39m:[39m[48;2;24;38;30m [38;2;192;197;206m"http://mybatis.org/dtd/mybatis-3-mapper.dtd"[38;2;192;197;206m>[K
[0m[48;2;40;67;43m[39m+     4[39m:[39m[48;2;24;38;30m [38;2;192;197;206m<[38;2;191;97;106mmapper[38;2;192;197;206m [38;2;208;135;112mnamespace[38;2;192;197;206m=[38;2;192;197;206m"[38;2;163;190;140morg.mybatis.jpetstore.mapper.AccountMapper[38;2;192;197;206m"[38;2;192;197;206m>[K
[0m[48;2;40;67;43m[39m+     5[39m:[39m[48;2;24;38;30m [38;2;101;115;126m<!--[38;2;101;115;126m 2025-06-20 Amazon Q Developer : Converted Oracle SQL to PostgreSQL compatible format [38;2;101;115;126m-->[K
[0m[48;2;40;67;43m[39m+     6[39m:[39m[48;2;24;38;30m [38;2;101;115;126m<!--[K
[0m[48;2;40;67;43m[39m+     7[39m:[39m[48;2;24;38;30m [38;2;101;115;126m  <cache />[K
[0m[48;2;40;67;43m[39m+     8[39m:[39m[48;2;24;38;30m [38;2;101;115;126m-->[K
[0m[48;2;40;67;43m[39m+     9[39m:[39m[48;2;24;38;30m [38;2;192;197;206m<[38;2;191;97;106mupdate[38;2;192;197;206m [38;2;208;135;112mid[38;2;192;197;206m=[38;2;192;197;206m"[38;2;163;190;140mupdateProfile[38;2;192;197;206m"[38;2;192;197;206m [38;2;208;135;112mparameterType[38;2;192;197;206m=[38;2;192;197;206m"[38;2;163;190;140mAccount[38;2;192;197;206m"[38;2;192;197;206m>[K
[0m[48;2;40;67;43m[39m+    10[39m:[39m[48;2;24;38;30m [38;2;192;197;206m    [38;2;192;197;206m<[38;2;191;97;106mbind[38;2;192;197;206m [38;2;208;135;112mname[38;2;192;197;206m=[38;2;192;197;206m"[38;2;163;190;140mlistOptionValue[38;2;192;197;206m"[38;2;192;197;206m [38;2;208;135;112mvalue[38;2;192;197;206m=[38;2;192;197;206m"[38;2;163;190;140m_parameter.isListOption() ? 1 : 0[38;2;192;197;206m"[38;2;192;197;206m [38;2;192;197;206m/>[K
[0m[48;2;40;67;43m[39m+    11[39m:[39m[48;2;24;38;30m [38;2;192;197;206m    [38;2;192;197;206m<[38;2;191;97;106mbind[38;2;192;197;206m [38;2;208;135;112mname[38;2;192;197;206m=[38;2;192;197;206m"[38;2;163;190;140mbannerOptionValue[38;2;192;197;206m"[38;2;192;197;206m [38;2;208;135;112mvalue[38;2;192;197;206m=[38;2;192;197;206m"[38;2;163;190;140m_parameter.isBannerOption() ? 1 : 0[38;2;192;197;206m"[38;2;192;197;206m [38;2;192;197;206m/>[K
[0m[48;2;40;67;43m[39m+    12[39m:[39m[48;2;24;38;30m [K
[0m[48;2;40;67;43m[39m+    13[39m:[39m[48;2;24;38;30m [38;2;192;197;206m    UPDATE PROFILE SET[K
[0m[48;2;40;67;43m[39m+    14[39m:[39m[48;2;24;38;30m [38;2;192;197;206m    LANGPREF = #{languagePreference},[K
[0m[48;2;40;67;43m[39m+    15[39m:[39m[48;2;24;38;30m [38;2;192;197;206m    FAVCATEGORY = #{favouriteCategoryId},[K
[0m[48;2;40;67;43m[39m+    16[39m:[39m[48;2;24;38;30m [38;2;192;197;206m    MYLISTOPT = #{listOptionValue},[K
[0m[48;2;40;67;43m[39m+    17[39m:[39m[48;2;24;38;30m [38;2;192;197;206m    BANNEROPT = #{bannerOptionValue}[K
[0m[48;2;40;67;43m[39m+    18[39m:[39m[48;2;24;38;30m [38;2;192;197;206m    WHERE USERID = #{username}[K
[0m[48;2;40;67;43m[39m+    19[39m:[39m[48;2;24;38;30m [38;2;192;197;206m  [38;2;192;197;206m</[38;2;191;97;106mupdate[38;2;192;197;206m>[K
[0m[48;2;40;67;43m[39m+    20[39m:[39m[48;2;24;38;30m [38;2;192;197;206m</[38;2;191;97;106mmapper[38;2;192;197;206m>[K
[0m[K
Creating: [38;5;10m/Users/changik/workspace/sample-oracle-modernization-accelerator/jpetstore-6/logs/application/SQLTransformTarget/mapper/AccountMapper_orcl/transform/AccountMapper_pg-05-update-updateProfile.xml[0m

 ⋮ 
[38;5;10m[1m ● Completed in 0.0s[39m

[0m[0m
[0m[0m
[38;5;13m🛠️  Using tool: fs_write[38;5;2m (trusted)[39m[39m
 ⋮ 
 ● Path: [38;5;10m/Users/changik/workspace/sample-oracle-modernization-accelerator/jpetstore-6/logs/application/SQLTransformTarget/mapper/AccountMapper_orcl/transform/AccountMapper_pg-06-insert-insertProfile.xml[0m

[48;2;40;67;43m[39m+     1[39m:[39m[48;2;24;38;30m [38;2;192;197;206m<?[38;2;191;97;106mxml[38;2;192;197;206m [38;2;208;135;112mversion[38;2;192;197;206m=[38;2;192;197;206m"[38;2;163;190;140m1.0[38;2;192;197;206m"[38;2;192;197;206m [38;2;208;135;112mencoding[38;2;192;197;206m=[38;2;192;197;206m"[38;2;163;190;140mUTF-8[38;2;192;197;206m"[38;2;192;197;206m?>[K
[0m[48;2;40;67;43m[39m+     2[39m:[39m[48;2;24;38;30m [38;2;192;197;206m<![38;2;180;142;173mDOCTYPE[38;2;192;197;206m [38;2;191;97;106mmapper[38;2;192;197;206m PUBLIC "-//mybatis.org//DTD Mapper 3.0//EN"[K
[0m[48;2;40;67;43m[39m+     3[39m:[39m[48;2;24;38;30m [38;2;192;197;206m"http://mybatis.org/dtd/mybatis-3-mapper.dtd"[38;2;192;197;206m>[K
[0m[48;2;40;67;43m[39m+     4[39m:[39m[48;2;24;38;30m [38;2;192;197;206m<[38;2;191;97;106mmapper[38;2;192;197;206m [38;2;208;135;112mnamespace[38;2;192;197;206m=[38;2;192;197;206m"[38;2;163;190;140morg.mybatis.jpetstore.mapper.AccountMapper[38;2;192;197;206m"[38;2;192;197;206m>[K
[0m[48;2;40;67;43m[39m+     5[39m:[39m[48;2;24;38;30m [38;2;101;115;126m<!--[38;2;101;115;126m 2025-06-20 Amazon Q Developer : Converted Oracle SQL to PostgreSQL compatible format [38;2;101;115;126m-->[K
[0m[48;2;40;67;43m[39m+     6[39m:[39m[48;2;24;38;30m [38;2;101;115;126m<!--[K
[0m[48;2;40;67;43m[39m+     7[39m:[39m[48;2;24;38;30m [38;2;101;115;126m  <cache />[K
[0m[48;2;40;67;43m[39m+     8[39m:[39m[48;2;24;38;30m [38;2;101;115;126m-->[K
[0m[48;2;40;67;43m[39m+     9[39m:[39m[48;2;24;38;30m [38;2;192;197;206m<[38;2;191;97;106minsert[38;2;192;197;206m [38;2;208;135;112mid[38;2;192;197;206m=[38;2;192;197;206m"[38;2;163;190;140minsertProfile[38;2;192;197;206m"[38;2;192;197;206m [38;2;208;135;112mparameterType[38;2;192;197;206m=[38;2;192;197;206m"[38;2;163;190;140mAccount[38;2;192;197;206m"[38;2;192;197;206m>[K
[0m[48;2;40;67;43m[39m+    10[39m:[39m[48;2;24;38;30m [38;2;192;197;206m    [38;2;192;197;206m<[38;2;191;97;106mbind[38;2;192;197;206m [38;2;208;135;112mname[38;2;192;197;206m=[38;2;192;197;206m"[38;2;163;190;140mlistOptionValue[38;2;192;197;206m"[38;2;192;197;206m [38;2;208;135;112mvalue[38;2;192;197;206m=[38;2;192;197;206m"[38;2;163;190;140m_parameter.isListOption() ? 1 : 0[38;2;192;197;206m"[38;2;192;197;206m [38;2;192;197;206m/>[K
[0m[48;2;40;67;43m[39m+    11[39m:[39m[48;2;24;38;30m [38;2;192;197;206m    [38;2;192;197;206m<[38;2;191;97;106mbind[38;2;192;197;206m [38;2;208;135;112mname[38;2;192;197;206m=[38;2;192;197;206m"[38;2;163;190;140mbannerOptionValue[38;2;192;197;206m"[38;2;192;197;206m [38;2;208;135;112mvalue[38;2;192;197;206m=[38;2;192;197;206m"[38;2;163;190;140m_parameter.isBannerOption() ? 1 : 0[38;2;192;197;206m"[38;2;192;197;206m [38;2;192;197;206m/>[K
[0m[48;2;40;67;43m[39m+    12[39m:[39m[48;2;24;38;30m [K
[0m[48;2;40;67;43m[39m+    13[39m:[39m[48;2;24;38;30m [38;2;192;197;206m    INSERT INTO PROFILE (LANGPREF, FAVCATEGORY, MYLISTOPT, BANNEROPT, USERID)[K
[0m[48;2;40;67;43m[39m+    14[39m:[39m[48;2;24;38;30m [38;2;192;197;206m    VALUES (#{languagePreference}, #{favouriteCategoryId}, #{listOptionValue}, #{bannerOptionValue}, #{username})[K
[0m[48;2;40;67;43m[39m+    15[39m:[39m[48;2;24;38;30m [38;2;192;197;206m  [38;2;192;197;206m</[38;2;191;97;106minsert[38;2;192;197;206m>[K
[0m[48;2;40;67;43m[39m+    16[39m:[39m[48;2;24;38;30m [38;2;192;197;206m</[38;2;191;97;106mmapper[38;2;192;197;206m>[K
[0m[K
Creating: [38;5;10m/Users/changik/workspace/sample-oracle-modernization-accelerator/jpetstore-6/logs/application/SQLTransformTarget/mapper/AccountMapper_orcl/transform/AccountMapper_pg-06-insert-insertProfile.xml[0m

 ⋮ 
[38;5;10m[1m ● Completed in 0.0s[39m

[0m[0m
[0m[0m
[38;5;13m🛠️  Using tool: fs_write[38;5;2m (trusted)[39m[39m
 ⋮ 
 ● Path: [38;5;10m/Users/changik/workspace/sample-oracle-modernization-accelerator/jpetstore-6/logs/application/SQLTransformTarget/mapper/AccountMapper_orcl/transform/AccountMapper_pg-07-update-updateSignon.xml[0m

[48;2;40;67;43m[39m+     1[39m:[39m[48;2;24;38;30m [38;2;192;197;206m<?[38;2;191;97;106mxml[38;2;192;197;206m [38;2;208;135;112mversion[38;2;192;197;206m=[38;2;192;197;206m"[38;2;163;190;140m1.0[38;2;192;197;206m"[38;2;192;197;206m [38;2;208;135;112mencoding[38;2;192;197;206m=[38;2;192;197;206m"[38;2;163;190;140mUTF-8[38;2;192;197;206m"[38;2;192;197;206m?>[K
[0m[48;2;40;67;43m[39m+     2[39m:[39m[48;2;24;38;30m [38;2;192;197;206m<![38;2;180;142;173mDOCTYPE[38;2;192;197;206m [38;2;191;97;106mmapper[38;2;192;197;206m PUBLIC "-//mybatis.org//DTD Mapper 3.0//EN"[K
[0m[48;2;40;67;43m[39m+     3[39m:[39m[48;2;24;38;30m [38;2;192;197;206m"http://mybatis.org/dtd/mybatis-3-mapper.dtd"[38;2;192;197;206m>[K
[0m[48;2;40;67;43m[39m+     4[39m:[39m[48;2;24;38;30m [38;2;192;197;206m<[38;2;191;97;106mmapper[38;2;192;197;206m [38;2;208;135;112mnamespace[38;2;192;197;206m=[38;2;192;197;206m"[38;2;163;190;140morg.mybatis.jpetstore.mapper.AccountMapper[38;2;192;197;206m"[38;2;192;197;206m>[K
[0m[48;2;40;67;43m[39m+     5[39m:[39m[48;2;24;38;30m [38;2;101;115;126m<!--[38;2;101;115;126m 2025-06-20 Amazon Q Developer : Converted Oracle SQL to PostgreSQL compatible format [38;2;101;115;126m-->[K
[0m[48;2;40;67;43m[39m+     6[39m:[39m[48;2;24;38;30m [38;2;101;115;126m<!--[K
[0m[48;2;40;67;43m[39m+     7[39m:[39m[48;2;24;38;30m [38;2;101;115;126m  <cache />[K
[0m[48;2;40;67;43m[39m+     8[39m:[39m[48;2;24;38;30m [38;2;101;115;126m-->[K
[0m[48;2;40;67;43m[39m+     9[39m:[39m[48;2;24;38;30m [38;2;192;197;206m<[38;2;191;97;106mupdate[38;2;192;197;206m [38;2;208;135;112mid[38;2;192;197;206m=[38;2;192;197;206m"[38;2;163;190;140mupdateSignon[38;2;192;197;206m"[38;2;192;197;206m [38;2;208;135;112mparameterType[38;2;192;197;206m=[38;2;192;197;206m"[38;2;163;190;140mAccount[38;2;192;197;206m"[38;2;192;197;206m>[K
[0m[48;2;40;67;43m[39m+    10[39m:[39m[48;2;24;38;30m [38;2;192;197;206m    UPDATE SIGNON SET PASSWORD = #{password}[K
[0m[48;2;40;67;43m[39m+    11[39m:[39m[48;2;24;38;30m [38;2;192;197;206m    WHERE USERNAME = #{username}[K
[0m[48;2;40;67;43m[39m+    12[39m:[39m[48;2;24;38;30m [38;2;192;197;206m  [38;2;192;197;206m</[38;2;191;97;106mupdate[38;2;192;197;206m>[K
[0m[48;2;40;67;43m[39m+    13[39m:[39m[48;2;24;38;30m [38;2;192;197;206m</[38;2;191;97;106mmapper[38;2;192;197;206m>[K
[0m[K
Creating: [38;5;10m/Users/changik/workspace/sample-oracle-modernization-accelerator/jpetstore-6/logs/application/SQLTransformTarget/mapper/AccountMapper_orcl/transform/AccountMapper_pg-07-update-updateSignon.xml[0m

 ⋮ 
[38;5;10m[1m ● Completed in 0.0s[39m

[0m[0m
[0m[0m
[38;5;13m🛠️  Using tool: fs_write[38;5;2m (trusted)[39m[39m
 ⋮ 
 ● Path: [38;5;10m/Users/changik/workspace/sample-oracle-modernization-accelerator/jpetstore-6/logs/application/SQLTransformTarget/mapper/AccountMapper_orcl/transform/AccountMapper_pg-08-insert-insertSignon.xml[0m

[48;2;40;67;43m[39m+     1[39m:[39m[48;2;24;38;30m [38;2;192;197;206m<?[38;2;191;97;106mxml[38;2;192;197;206m [38;2;208;135;112mversion[38;2;192;197;206m=[38;2;192;197;206m"[38;2;163;190;140m1.0[38;2;192;197;206m"[38;2;192;197;206m [38;2;208;135;112mencoding[38;2;192;197;206m=[38;2;192;197;206m"[38;2;163;190;140mUTF-8[38;2;192;197;206m"[38;2;192;197;206m?>[K
[0m[48;2;40;67;43m[39m+     2[39m:[39m[48;2;24;38;30m [38;2;192;197;206m<![38;2;180;142;173mDOCTYPE[38;2;192;197;206m [38;2;191;97;106mmapper[38;2;192;197;206m PUBLIC "-//mybatis.org//DTD Mapper 3.0//EN"[K
[0m[48;2;40;67;43m[39m+     3[39m:[39m[48;2;24;38;30m [38;2;192;197;206m"http://mybatis.org/dtd/mybatis-3-mapper.dtd"[38;2;192;197;206m>[K
[0m[48;2;40;67;43m[39m+     4[39m:[39m[48;2;24;38;30m [38;2;192;197;206m<[38;2;191;97;106mmapper[38;2;192;197;206m [38;2;208;135;112mnamespace[38;2;192;197;206m=[38;2;192;197;206m"[38;2;163;190;140morg.mybatis.jpetstore.mapper.AccountMapper[38;2;192;197;206m"[38;2;192;197;206m>[K
[0m[48;2;40;67;43m[39m+     5[39m:[39m[48;2;24;38;30m [38;2;101;115;126m<!--[38;2;101;115;126m 2025-06-20 Amazon Q Developer : Converted Oracle SQL to PostgreSQL compatible format [38;2;101;115;126m-->[K
[0m[48;2;40;67;43m[39m+     6[39m:[39m[48;2;24;38;30m [38;2;101;115;126m<!--[K
[0m[48;2;40;67;43m[39m+     7[39m:[39m[48;2;24;38;30m [38;2;101;115;126m  <cache />[K
[0m[48;2;40;67;43m[39m+     8[39m:[39m[48;2;24;38;30m [38;2;101;115;126m-->[K
[0m[48;2;40;67;43m[39m+     9[39m:[39m[48;2;24;38;30m [38;2;192;197;206m<[38;2;191;97;106minsert[38;2;192;197;206m [38;2;208;135;112mid[38;2;192;197;206m=[38;2;192;197;206m"[38;2;163;190;140minsertSignon[38;2;192;197;206m"[38;2;192;197;206m [38;2;208;135;112mparameterType[38;2;192;197;206m=[38;2;192;197;206m"[38;2;163;190;140mAccount[38;2;192;197;206m"[38;2;192;197;206m>[K
[0m[48;2;40;67;43m[39m+    10[39m:[39m[48;2;24;38;30m [38;2;192;197;206m    INSERT INTO SIGNON (PASSWORD,USERNAME)[K
[0m[48;2;40;67;43m[39m+    11[39m:[39m[48;2;24;38;30m [38;2;192;197;206m    VALUES (#{password}, #{username})[K
[0m[48;2;40;67;43m[39m+    12[39m:[39m[48;2;24;38;30m [38;2;192;197;206m  [38;2;192;197;206m</[38;2;191;97;106minsert[38;2;192;197;206m>[K
[0m[48;2;40;67;43m[39m+    13[39m:[39m[48;2;24;38;30m [38;2;192;197;206m</[38;2;191;97;106mmapper[38;2;192;197;206m>[K
[0m[K
Creating: [38;5;10m/Users/changik/workspace/sample-oracle-modernization-accelerator/jpetstore-6/logs/application/SQLTransformTarget/mapper/AccountMapper_orcl/transform/AccountMapper_pg-08-insert-insertSignon.xml[0m

 ⋮ 
[38;5;10m[1m ● Completed in 0.0s[39m

Now let me update the status for Step 3 completion:[0m[0m
[0m[0m
[38;5;13m🛠️  Using tool: fs_write[38;5;2m (trusted)[39m[39m
 ⋮ 
 ● Path: [38;5;10m../jpetstore-6/logs/application/SQLTransformTarget/mapper/AccountMapper_orcl/status.txt[0m

[48;2;79;40;40m[39m- 3   [39m:[39m[48;2;36;25;28m [38;2;192;197;206mStep 3: In Progress[K
[0m[48;2;40;67;43m[39m+    3[39m:[39m[48;2;24;38;30m [38;2;192;197;206mStep 3: Completed[K
[0m[K
Updating: [38;5;10m../jpetstore-6/logs/application/SQLTransformTarget/mapper/AccountMapper_orcl/status.txt[0m

 ⋮ 
[38;5;10m[1m ● Completed in 0.0s[39m

Now let's proceed to Step 4 - XML validation using xmllint:[0m[0m
[0m[0m
[38;5;13m🛠️  Using tool: fs_write[38;5;2m (trusted)[39m[39m
 ⋮ 
 ● Path: [38;5;10m../jpetstore-6/logs/application/SQLTransformTarget/mapper/AccountMapper_orcl/status.txt[0m

[48;2;79;40;40m[39m- 4   [39m:[39m[48;2;36;25;28m [38;2;192;197;206mStep 4: Not Started[K
[0m[48;2;40;67;43m[39m+    4[39m:[39m[48;2;24;38;30m [38;2;192;197;206mStep 4: In Progress[K
[0m[K
Updating: [38;5;10m../jpetstore-6/logs/application/SQLTransformTarget/mapper/AccountMapper_orcl/status.txt[0m

 ⋮ 
[38;5;10m[1m ● Completed in 0.0s[39m

Let me first verify the list of transformed files:[0m[0m
[0m[0m
[38;5;13m🛠️  Using tool: execute_bash[38;5;2m (trusted)[39m[39m
 ⋮ 
 ● I will run the following shell command: 
[38;5;10mls /Users/changik/workspace/sample-oracle-modernization-accelerator/jpetstore-6/logs/application/SQLTransformTarget/mapper/AccountMapper_orcl/transform/*_pg*.xml | sort
[0m ⋮ 
 ↳ [38;5;12mPurpose: [0mList all PostgreSQL transformed XML files

/Users/changik/workspace/sample-oracle-modernization-accelerator/jpetstore-6/logs/application/SQLTransformTarget/mapper/AccountMapper_orcl/transform/AccountMapper_pg-01-select-getAccountByUsername.xml
/Users/changik/workspace/sample-oracle-modernization-accelerator/jpetstore-6/logs/application/SQLTransformTarget/mapper/AccountMapper_orcl/transform/AccountMapper_pg-02-select-getAccountByUsernameAndPassword.xml
/Users/changik/workspace/sample-oracle-modernization-accelerator/jpetstore-6/logs/application/SQLTransformTarget/mapper/AccountMapper_orcl/transform/AccountMapper_pg-03-update-updateAccount.xml
/Users/changik/workspace/sample-oracle-modernization-accelerator/jpetstore-6/logs/application/SQLTransformTarget/mapper/AccountMapper_orcl/transform/AccountMapper_pg-04-insert-insertAccount.xml
/Users/changik/workspace/sample-oracle-modernization-accelerator/jpetstore-6/logs/application/SQLTransformTarget/mapper/AccountMapper_orcl/transform/AccountMapper_pg-05-update-updateProfile.xml
/Users/changik/workspace/sample-oracle-modernization-accelerator/jpetstore-6/logs/application/SQLTransformTarget/mapper/AccountMapper_orcl/transform/AccountMapper_pg-06-insert-insertProfile.xml
/Users/changik/workspace/sample-oracle-modernization-accelerator/jpetstore-6/logs/application/SQLTransformTarget/mapper/AccountMapper_orcl/transform/AccountMapper_pg-07-update-updateSignon.xml
/Users/changik/workspace/sample-oracle-modernization-accelerator/jpetstore-6/logs/application/SQLTransformTarget/mapper/AccountMapper_orcl/transform/AccountMapper_pg-08-insert-insertSignon.xml

 ⋮ 
[38;5;10m[1m ● Completed in 0.27s[39m

Perfect! Now let me validate each XML file individually using xmllint:[0m[0m
[0m[0m
[38;5;13m🛠️  Using tool: execute_bash[38;5;2m (trusted)[39m[39m
 ⋮ 
 ● I will run the following shell command: 
[38;5;10mxmllint --noout /Users/changik/workspace/sample-oracle-modernization-accelerator/jpetstore-6/logs/application/SQLTransformTarget/mapper/AccountMapper_orcl/transform/AccountMapper_pg-01-select-getAccountByUsername.xml 2>&1
[0m ⋮ 
 ↳ [38;5;12mPurpose: [0mValidate XML file 1


 ⋮ 
[38;5;10m[1m ● Completed in 0.12s[39m

[0m[0m
[0m[0m
[38;5;13m🛠️  Using tool: execute_bash[38;5;2m (trusted)[39m[39m
 ⋮ 
 ● I will run the following shell command: 
[38;5;10mxmllint --noout /Users/changik/workspace/sample-oracle-modernization-accelerator/jpetstore-6/logs/application/SQLTransformTarget/mapper/AccountMapper_orcl/transform/AccountMapper_pg-02-select-getAccountByUsernameAndPassword.xml 2>&1
[0m ⋮ 
 ↳ [38;5;12mPurpose: [0mValidate XML file 2


 ⋮ 
[38;5;10m[1m ● Completed in 0.17s[39m

[0m[0m
[0m[0m
[38;5;13m🛠️  Using tool: execute_bash[38;5;2m (trusted)[39m[39m
 ⋮ 
 ● I will run the following shell command: 
[38;5;10mxmllint --noout /Users/changik/workspace/sample-oracle-modernization-accelerator/jpetstore-6/logs/application/SQLTransformTarget/mapper/AccountMapper_orcl/transform/AccountMapper_pg-03-update-updateAccount.xml 2>&1
[0m ⋮ 
 ↳ [38;5;12mPurpose: [0mValidate XML file 3


 ⋮ 
[38;5;10m[1m ● Completed in 0.18s[39m

[0m[0m
[0m[0m
[38;5;13m🛠️  Using tool: execute_bash[38;5;2m (trusted)[39m[39m
 ⋮ 
 ● I will run the following shell command: 
[38;5;10mxmllint --noout /Users/changik/workspace/sample-oracle-modernization-accelerator/jpetstore-6/logs/application/SQLTransformTarget/mapper/AccountMapper_orcl/transform/AccountMapper_pg-04-insert-insertAccount.xml 2>&1
[0m ⋮ 
 ↳ [38;5;12mPurpose: [0mValidate XML file 4


 ⋮ 
[38;5;10m[1m ● Completed in 0.18s[39m

[0m[0m
[0m[0m
[38;5;13m🛠️  Using tool: execute_bash[38;5;2m (trusted)[39m[39m
 ⋮ 
 ● I will run the following shell command: 
[38;5;10mxmllint --noout /Users/changik/workspace/sample-oracle-modernization-accelerator/jpetstore-6/logs/application/SQLTransformTarget/mapper/AccountMapper_orcl/transform/AccountMapper_pg-05-update-updateProfile.xml 2>&1
[0m ⋮ 
 ↳ [38;5;12mPurpose: [0mValidate XML file 5


 ⋮ 
[38;5;10m[1m ● Completed in 0.17s[39m

[0m[0m
[0m[0m
[38;5;13m🛠️  Using tool: execute_bash[38;5;2m (trusted)[39m[39m
 ⋮ 
 ● I will run the following shell command: 
[38;5;10mxmllint --noout /Users/changik/workspace/sample-oracle-modernization-accelerator/jpetstore-6/logs/application/SQLTransformTarget/mapper/AccountMapper_orcl/transform/AccountMapper_pg-06-insert-insertProfile.xml 2>&1
[0m ⋮ 
 ↳ [38;5;12mPurpose: [0mValidate XML file 6


 ⋮ 
[38;5;10m[1m ● Completed in 0.19s[39m

[0m[0m
[0m[0m
[38;5;13m🛠️  Using tool: execute_bash[38;5;2m (trusted)[39m[39m
 ⋮ 
 ● I will run the following shell command: 
[38;5;10mxmllint --noout /Users/changik/workspace/sample-oracle-modernization-accelerator/jpetstore-6/logs/application/SQLTransformTarget/mapper/AccountMapper_orcl/transform/AccountMapper_pg-07-update-updateSignon.xml 2>&1
[0m ⋮ 
 ↳ [38;5;12mPurpose: [0mValidate XML file 7


 ⋮ 
[38;5;10m[1m ● Completed in 0.17s[39m

[0m[0m
[0m[0m
[38;5;13m🛠️  Using tool: execute_bash[38;5;2m (trusted)[39m[39m
 ⋮ 
 ● I will run the following shell command: 
[38;5;10mxmllint --noout /Users/changik/workspace/sample-oracle-modernization-accelerator/jpetstore-6/logs/application/SQLTransformTarget/mapper/AccountMapper_orcl/transform/AccountMapper_pg-08-insert-insertSignon.xml 2>&1
[0m ⋮ 
 ↳ [38;5;12mPurpose: [0mValidate XML file 8


 ⋮ 
[38;5;10m[1m ● Completed in 0.18s[39m

Excellent! All XML files passed validation. Now let me update the final status:[0m[0m
[0m[0m
[38;5;13m🛠️  Using tool: fs_write[38;5;2m (trusted)[39m[39m
 ⋮ 
 ● Path: [38;5;10m../jpetstore-6/logs/application/SQLTransformTarget/mapper/AccountMapper_orcl/status.txt[0m

[48;2;79;40;40m[39m- 4   [39m:[39m[48;2;36;25;28m [38;2;192;197;206mStep 4: In Progress[K
[0m[48;2;40;67;43m[39m+    4[39m:[39m[48;2;24;38;30m [38;2;192;197;206mStep 4: Completed[K
[0m[K
Updating: [38;5;10m../jpetstore-6/logs/application/SQLTransformTarget/mapper/AccountMapper_orcl/status.txt[0m

 ⋮ 
[38;5;10m[1m ● Completed in 0.0s[39m

Let me verify the final status:[0m[0m
[0m[0m
[38;5;13m🛠️  Using tool: fs_read[38;5;2m (trusted)[39m[39m
 ⋮ 
 ● Reading file: [38;5;10m/Users/changik/workspace/sample-oracle-modernization-accelerator/jpetstore-6/logs/application/SQLTransformTarget/mapper/AccountMapper_orcl/status.txt[0m, all lines
 ⋮ 
[38;5;10m[1m ● Completed in 0.0s[39m

Perfect! I have successfully completed the Oracle to PostgreSQL MyBatis mapper conversion task. Here's a summary of what was accomplished:[0m[0m
[0m[0m
[38;5;13m[1m## Conversion Summary[0m[0m
[0m[0m
[1mStep 1: File List Generation[22m ✅[0m[0m
• Identified 8 Oracle mapper files (_orcl) in the extract directory[0m[0m
• All files were properly catalogued for processing[0m[0m
[0m[0m
[1mStep 2: SQL Analysis[22m ✅[0m[0m
• Analyzed all 8 XML files individually[0m[0m
• Found that all files contain standard SQL queries without Oracle-specific features[0m[0m
• No complex conversions were required (no ROWNUM, sequences, PL/SQL blocks, etc.)[0m[0m
• Created detailed analysis documentation[0m[0m
[0m[0m
[1mStep 3: Oracle to PostgreSQL Conversion[22m ✅[0m[0m
• Processed each file individually (no bulk processing used)[0m[0m
• Applied conversion rules to each file separately[0m[0m
• Added conversion comments with timestamp[0m[0m
• Renamed files from [3morcl to [23mpg suffix[0m[0m
• Preserved all MyBatis dynamic elements (#{...}, bind variables, etc.)[0m[0m
• Maintained XML structure and formatting[0m[0m
[0m[0m
[1mStep 4: XML Validation[22m ✅[0m[0m
• Validated all 8 converted PostgreSQL files using xmllint[0m[0m
• All files passed XML validation successfully[0m[0m
• No structural errors detected[0m[0m
[0m[0m
[38;5;13m[1m## Files Converted:[0m[0m
1. AccountMapper_pg-01-select-getAccountByUsername.xml[0m[0m
2. AccountMapper_pg-02-select-getAccountByUsernameAndPassword.xml[0m[0m
3. AccountMapper_pg-03-update-updateAccount.xml[0m[0m
4. AccountMapper_pg-04-insert-insertAccount.xml[0m[0m
5. AccountMapper_pg-05-update-updateProfile.xml[0m[0m
6. AccountMapper_pg-06-insert-insertProfile.xml[0m[0m
7. AccountMapper_pg-07-update-updateSignon.xml[0m[0m
8. AccountMapper_pg-08-insert-insertSignon.xml[0m[0m
[0m[0m
The AccountMapper files contained straightforward SQL queries that are already PostgreSQL-compatible. The main changes were:[0m[0m
• Added conversion comments for documentation[0m[0m
• Ensured proper XML structure[0m[0m
• Renamed files with [3mpg suffix[0m[0m
• Preserved all MyBatis functionality including bind variables and dynamic SQL elements[0m[0m
[0m[0m
All converted files are now ready for use with PostgreSQL and have been validated for XML correctness.[0m[0m
