I understand you want me to convert Oracle MyBatis SQL mapper files to PostgreSQL-compatible versions. I'll process each file individually following the detailed conversion rules you've 
provided.[0m[0m
[0m[0m
Let me start with Step 1 - generating the list of mapper files to be converted.[0m[0m
[0m[0m
[1mTool validation failed: [0m
[38;5;9mFailed to validate tool parameters: The provided path must exist in order to replace or insert contents into it
[39mLet me first check the directory structure and create the status file:[0m[0m
[0m[0m
[38;5;13m🛠️  Using tool: fs_read[38;5;2m (trusted)[39m[39m
 ⋮ 
 ● Reading directory: [38;5;10m/Users/changik/workspace/sample-oracle-modernization-accelerator/jpetstore-6/logs/application/SQLTransformTarget/mapper/CategoryMapper_orcl[0m with maximum depth of 0
 ⋮ 
[38;5;10m[1m ● Completed in 0.0s[39m

[0m[0m
[0m[0m
[38;5;13m🛠️  Using tool: fs_write[38;5;2m (trusted)[39m[39m
 ⋮ 
 ● Path: [38;5;10m/Users/changik/workspace/sample-oracle-modernization-accelerator/jpetstore-6/logs/application/SQLTransformTarget/mapper/CategoryMapper_orcl/status.txt[0m

[48;2;40;67;43m[39m+    1[39m:[39m[48;2;24;38;30m [38;2;192;197;206mStep 1: In Progress[K
[0m[48;2;40;67;43m[39m+    2[39m:[39m[48;2;24;38;30m [38;2;192;197;206mStep 2: Not Started[K
[0m[48;2;40;67;43m[39m+    3[39m:[39m[48;2;24;38;30m [38;2;192;197;206mStep 3: Not Started[K
[0m[48;2;40;67;43m[39m+    4[39m:[39m[48;2;24;38;30m [38;2;192;197;206mStep 4: Not Started[K
[0m[K
Creating: [38;5;10m/Users/changik/workspace/sample-oracle-modernization-accelerator/jpetstore-6/logs/application/SQLTransformTarget/mapper/CategoryMapper_orcl/status.txt[0m

 ⋮ 
[38;5;10m[1m ● Completed in 0.0s[39m

Now let me check the extract directory to find the Oracle mapper files:[0m[0m
[0m[0m
[38;5;13m🛠️  Using tool: execute_bash[38;5;2m (trusted)[39m[39m
 ⋮ 
 ● I will run the following shell command: 
[38;5;10mcd /Users/changik/workspace/sample-oracle-modernization-accelerator/jpetstore-6/logs/application/SQLTransformTarget/mapper/CategoryMapper_orcl/extract && ls *_orcl* | sort
[0m ⋮ 
 ↳ [38;5;12mPurpose: [0mList Oracle mapper files in extract directory

CategoryMapper_orcl-01-select-getCategory.xml
CategoryMapper_orcl-02-select-getCategoryList.xml

 ⋮ 
[38;5;10m[1m ● Completed in 0.24s[39m

Perfect! I found 2 Oracle mapper files. Let me update the status for Step 1 completion:[0m[0m
[0m[0m
[38;5;13m🛠️  Using tool: fs_write[38;5;2m (trusted)[39m[39m
 ⋮ 
 ● Path: [38;5;10m../jpetstore-6/logs/application/SQLTransformTarget/mapper/CategoryMapper_orcl/status.txt[0m

[48;2;79;40;40m[39m- 1   [39m:[39m[48;2;36;25;28m [38;2;192;197;206mStep 1: In Progress[K
[0m[48;2;40;67;43m[39m+    1[39m:[39m[48;2;24;38;30m [38;2;192;197;206mStep 1: Completed[K
[0m[K
Updating: [38;5;10m../jpetstore-6/logs/application/SQLTransformTarget/mapper/CategoryMapper_orcl/status.txt[0m

 ⋮ 
[38;5;10m[1m ● Completed in 0.0s[39m

Now let's proceed to Step 2 - Analyzing SQL for all Oracle mapper files:[0m[0m
[0m[0m
[38;5;13m🛠️  Using tool: fs_write[38;5;2m (trusted)[39m[39m
 ⋮ 
 ● Path: [38;5;10m../jpetstore-6/logs/application/SQLTransformTarget/mapper/CategoryMapper_orcl/status.txt[0m

[48;2;79;40;40m[39m- 2   [39m:[39m[48;2;36;25;28m [38;2;192;197;206mStep 2: Not Started[K
[0m[48;2;40;67;43m[39m+    2[39m:[39m[48;2;24;38;30m [38;2;192;197;206mStep 2: In Progress[K
[0m[K
Updating: [38;5;10m../jpetstore-6/logs/application/SQLTransformTarget/mapper/CategoryMapper_orcl/status.txt[0m

 ⋮ 
[38;5;10m[1m ● Completed in 0.0s[39m

Let me analyze each file individually. First, let's examine CategoryMapper_orcl-01-select-getCategory.xml:[0m[0m
[0m[0m
[38;5;13m🛠️  Using tool: fs_read[38;5;2m (trusted)[39m[39m
 ⋮ 
 ● Reading file: [38;5;10m/Users/changik/workspace/sample-oracle-modernization-accelerator/jpetstore-6/logs/application/SQLTransformTarget/mapper/CategoryMapper_orcl/extract/CategoryMapper_orcl-01-select-getCategory.xml[0m, all lines
 ⋮ 
[38;5;10m[1m ● Completed in 0.0s[39m

Now let's examine CategoryMapper_orcl-02-select-getCategoryList.xml:[0m[0m
[0m[0m
[38;5;13m🛠️  Using tool: fs_read[38;5;2m (trusted)[39m[39m
 ⋮ 
 ● Reading file: [38;5;10m/Users/changik/workspace/sample-oracle-modernization-accelerator/jpetstore-6/logs/application/SQLTransformTarget/mapper/CategoryMapper_orcl/extract/CategoryMapper_orcl-02-select-getCategoryList.xml[0m, all lines
 ⋮ 
[38;5;10m[1m ● Completed in 0.0s[39m

Now let me create the SQL analysis documentation:[0m[0m
[0m[0m
[38;5;13m🛠️  Using tool: fs_write[38;5;2m (trusted)[39m[39m
 ⋮ 
 ● Path: [38;5;10m/Users/changik/workspace/sample-oracle-modernization-accelerator/jpetstore-6/logs/application/SQLTransformTarget/mapper/CategoryMapper_orcl/sql_analysis.txt[0m

[48;2;40;67;43m[39m+     1[39m:[39m[48;2;24;38;30m [38;2;192;197;206mSQL Analysis Results:[K
[0m[48;2;40;67;43m[39m+     2[39m:[39m[48;2;24;38;30m [K
[0m[48;2;40;67;43m[39m+     3[39m:[39m[48;2;24;38;30m [38;2;192;197;206m1. CategoryMapper_orcl-01-select-getCategory.xml:[K
[0m[48;2;40;67;43m[39m+     4[39m:[39m[48;2;24;38;30m [38;2;192;197;206m   - Query ID: getCategory[K
[0m[48;2;40;67;43m[39m+     5[39m:[39m[48;2;24;38;30m [38;2;192;197;206m   - Type: SELECT query[K
[0m[48;2;40;67;43m[39m+     6[39m:[39m[48;2;24;38;30m [38;2;192;197;206m   - Contains: Basic SELECT with column aliases and WHERE clause[K
[0m[48;2;40;67;43m[39m+     7[39m:[39m[48;2;24;38;30m [38;2;192;197;206m   - Oracle-specific features: None[K
[0m[48;2;40;67;43m[39m+     8[39m:[39m[48;2;24;38;30m [38;2;192;197;206m   - Conversion needed: No[K
[0m[48;2;40;67;43m[39m+     9[39m:[39m[48;2;24;38;30m [38;2;192;197;206m   - Notes: Standard SQL query compatible with PostgreSQL[K
[0m[48;2;40;67;43m[39m+    10[39m:[39m[48;2;24;38;30m [K
[0m[48;2;40;67;43m[39m+    11[39m:[39m[48;2;24;38;30m [38;2;192;197;206m2. CategoryMapper_orcl-02-select-getCategoryList.xml:[K
[0m[48;2;40;67;43m[39m+    12[39m:[39m[48;2;24;38;30m [38;2;192;197;206m   - Query ID: getCategoryList[K
[0m[48;2;40;67;43m[39m+    13[39m:[39m[48;2;24;38;30m [38;2;192;197;206m   - Type: SELECT query[K
[0m[48;2;40;67;43m[39m+    14[39m:[39m[48;2;24;38;30m [38;2;192;197;206m   - Contains: Basic SELECT with column aliases[K
[0m[48;2;40;67;43m[39m+    15[39m:[39m[48;2;24;38;30m [38;2;192;197;206m   - Oracle-specific features: None[K
[0m[48;2;40;67;43m[39m+    16[39m:[39m[48;2;24;38;30m [38;2;192;197;206m   - Conversion needed: No[K
[0m[48;2;40;67;43m[39m+    17[39m:[39m[48;2;24;38;30m [38;2;192;197;206m   - Notes: Standard SQL query compatible with PostgreSQL[K
[0m[48;2;40;67;43m[39m+    18[39m:[39m[48;2;24;38;30m [K
[0m[48;2;40;67;43m[39m+    19[39m:[39m[48;2;24;38;30m [38;2;192;197;206mSummary:[K
[0m[48;2;40;67;43m[39m+    20[39m:[39m[48;2;24;38;30m [38;2;192;197;206m- Total files analyzed: 2[K
[0m[48;2;40;67;43m[39m+    21[39m:[39m[48;2;24;38;30m [38;2;192;197;206m- Files requiring conversion: 0[K
[0m[48;2;40;67;43m[39m+    22[39m:[39m[48;2;24;38;30m [38;2;192;197;206m- Files with Oracle-specific features: 0[K
[0m[48;2;40;67;43m[39m+    23[39m:[39m[48;2;24;38;30m [38;2;192;197;206m- All queries use standard SQL syntax compatible with PostgreSQL[K
[0m[K
Creating: [38;5;10m/Users/changik/workspace/sample-oracle-modernization-accelerator/jpetstore-6/logs/application/SQLTransformTarget/mapper/CategoryMapper_orcl/sql_analysis.txt[0m

 ⋮ 
[38;5;10m[1m ● Completed in 0.0s[39m

[0m[0m
[0m[0m
[38;5;13m🛠️  Using tool: fs_write[38;5;2m (trusted)[39m[39m
 ⋮ 
 ● Path: [38;5;10m../jpetstore-6/logs/application/SQLTransformTarget/mapper/CategoryMapper_orcl/status.txt[0m

[48;2;79;40;40m[39m- 2   [39m:[39m[48;2;36;25;28m [38;2;192;197;206mStep 2: In Progress[K
[0m[48;2;40;67;43m[39m+    2[39m:[39m[48;2;24;38;30m [38;2;192;197;206mStep 2: Completed[K
[0m[K
Updating: [38;5;10m../jpetstore-6/logs/application/SQLTransformTarget/mapper/CategoryMapper_orcl/status.txt[0m

 ⋮ 
[38;5;10m[1m ● Completed in 0.0s[39m

Now let's proceed to Step 3 - Performing Oracle to PostgreSQL conversion. Even though the analysis shows no Oracle-specific features, I'll still process each file individually and add the 
required conversion comments:[0m[0m
[0m[0m
[38;5;13m🛠️  Using tool: fs_write[38;5;2m (trusted)[39m[39m
 ⋮ 
 ● Path: [38;5;10m../jpetstore-6/logs/application/SQLTransformTarget/mapper/CategoryMapper_orcl/status.txt[0m

[48;2;79;40;40m[39m- 3   [39m:[39m[48;2;36;25;28m [38;2;192;197;206mStep 3: Not Started[K
[0m[48;2;40;67;43m[39m+    3[39m:[39m[48;2;24;38;30m [38;2;192;197;206mStep 3: In Progress[K
[0m[K
Updating: [38;5;10m../jpetstore-6/logs/application/SQLTransformTarget/mapper/CategoryMapper_orcl/status.txt[0m

 ⋮ 
[38;5;10m[1m ● Completed in 0.0s[39m

Let me process the first file - CategoryMapper_orcl-01-select-getCategory.xml:[0m[0m
[0m[0m
[38;5;13m🛠️  Using tool: fs_write[38;5;2m (trusted)[39m[39m
 ⋮ 
 ● Path: [38;5;10m/Users/changik/workspace/sample-oracle-modernization-accelerator/jpetstore-6/logs/application/SQLTransformTarget/mapper/CategoryMapper_orcl/transform/CategoryMapper_pg-01-select-getCategory.xml[0m

[48;2;40;67;43m[39m+     1[39m:[39m[48;2;24;38;30m [38;2;192;197;206m<?[38;2;191;97;106mxml[38;2;192;197;206m [38;2;208;135;112mversion[38;2;192;197;206m=[38;2;192;197;206m"[38;2;163;190;140m1.0[38;2;192;197;206m"[38;2;192;197;206m [38;2;208;135;112mencoding[38;2;192;197;206m=[38;2;192;197;206m"[38;2;163;190;140mUTF-8[38;2;192;197;206m"[38;2;192;197;206m?>[K
[0m[48;2;40;67;43m[39m+     2[39m:[39m[48;2;24;38;30m [38;2;192;197;206m<![38;2;180;142;173mDOCTYPE[38;2;192;197;206m [38;2;191;97;106mmapper[38;2;192;197;206m PUBLIC "-//mybatis.org//DTD Mapper 3.0//EN"[K
[0m[48;2;40;67;43m[39m+     3[39m:[39m[48;2;24;38;30m [38;2;192;197;206m"http://mybatis.org/dtd/mybatis-3-mapper.dtd"[38;2;192;197;206m>[K
[0m[48;2;40;67;43m[39m+     4[39m:[39m[48;2;24;38;30m [38;2;192;197;206m<[38;2;191;97;106mmapper[38;2;192;197;206m [38;2;208;135;112mnamespace[38;2;192;197;206m=[38;2;192;197;206m"[38;2;163;190;140morg.mybatis.jpetstore.mapper.CategoryMapper[38;2;192;197;206m"[38;2;192;197;206m>[K
[0m[48;2;40;67;43m[39m+     5[39m:[39m[48;2;24;38;30m [38;2;101;115;126m<!--[38;2;101;115;126m 2025-06-20 Amazon Q Developer : Converted Oracle SQL to PostgreSQL compatible SQL [38;2;101;115;126m-->[K
[0m[48;2;40;67;43m[39m+     6[39m:[39m[48;2;24;38;30m [38;2;101;115;126m<!--[K
[0m[48;2;40;67;43m[39m+     7[39m:[39m[48;2;24;38;30m [38;2;101;115;126m  <cache />[K
[0m[48;2;40;67;43m[39m+     8[39m:[39m[48;2;24;38;30m [38;2;101;115;126m-->[K
[0m[48;2;40;67;43m[39m+     9[39m:[39m[48;2;24;38;30m [38;2;192;197;206m<[38;2;191;97;106mselect[38;2;192;197;206m [38;2;208;135;112mid[38;2;192;197;206m=[38;2;192;197;206m"[38;2;163;190;140mgetCategory[38;2;192;197;206m"[38;2;192;197;206m [38;2;208;135;112mresultType[38;2;192;197;206m=[38;2;192;197;206m"[38;2;163;190;140mCategory[38;2;192;197;206m"[38;2;192;197;206m>[K
[0m[48;2;40;67;43m[39m+    10[39m:[39m[48;2;24;38;30m [38;2;192;197;206m    SELECT[K
[0m[48;2;40;67;43m[39m+    11[39m:[39m[48;2;24;38;30m [38;2;192;197;206m      CATEGORY.CATID AS categoryId,[K
[0m[48;2;40;67;43m[39m+    12[39m:[39m[48;2;24;38;30m [38;2;192;197;206m      CATEGORY.NAME,[K
[0m[48;2;40;67;43m[39m+    13[39m:[39m[48;2;24;38;30m [38;2;192;197;206m      CATEGORY.DESCN AS description[K
[0m[48;2;40;67;43m[39m+    14[39m:[39m[48;2;24;38;30m [38;2;192;197;206m    FROM CATEGORY[K
[0m[48;2;40;67;43m[39m+    15[39m:[39m[48;2;24;38;30m [38;2;192;197;206m    WHERE CATEGORY.CATID = #{categoryId}[K
[0m[48;2;40;67;43m[39m+    16[39m:[39m[48;2;24;38;30m [38;2;192;197;206m  [38;2;192;197;206m</[38;2;191;97;106mselect[38;2;192;197;206m>[K
[0m[48;2;40;67;43m[39m+    17[39m:[39m[48;2;24;38;30m [38;2;192;197;206m</[38;2;191;97;106mmapper[38;2;192;197;206m>[K
[0m[K
Creating: [38;5;10m/Users/changik/workspace/sample-oracle-modernization-accelerator/jpetstore-6/logs/application/SQLTransformTarget/mapper/CategoryMapper_orcl/transform/CategoryMapper_pg-01-select-getCategory.xml[0m

 ⋮ 
[38;5;10m[1m ● Completed in 0.0s[39m

Now let me process the second file - CategoryMapper_orcl-02-select-getCategoryList.xml:[0m[0m
[0m[0m
[38;5;13m🛠️  Using tool: fs_write[38;5;2m (trusted)[39m[39m
 ⋮ 
 ● Path: [38;5;10m/Users/changik/workspace/sample-oracle-modernization-accelerator/jpetstore-6/logs/application/SQLTransformTarget/mapper/CategoryMapper_orcl/transform/CategoryMapper_pg-02-select-getCategoryList.xml[0m

[48;2;40;67;43m[39m+     1[39m:[39m[48;2;24;38;30m [38;2;192;197;206m<?[38;2;191;97;106mxml[38;2;192;197;206m [38;2;208;135;112mversion[38;2;192;197;206m=[38;2;192;197;206m"[38;2;163;190;140m1.0[38;2;192;197;206m"[38;2;192;197;206m [38;2;208;135;112mencoding[38;2;192;197;206m=[38;2;192;197;206m"[38;2;163;190;140mUTF-8[38;2;192;197;206m"[38;2;192;197;206m?>[K
[0m[48;2;40;67;43m[39m+     2[39m:[39m[48;2;24;38;30m [38;2;192;197;206m<![38;2;180;142;173mDOCTYPE[38;2;192;197;206m [38;2;191;97;106mmapper[38;2;192;197;206m PUBLIC "-//mybatis.org//DTD Mapper 3.0//EN"[K
[0m[48;2;40;67;43m[39m+     3[39m:[39m[48;2;24;38;30m [38;2;192;197;206m"http://mybatis.org/dtd/mybatis-3-mapper.dtd"[38;2;192;197;206m>[K
[0m[48;2;40;67;43m[39m+     4[39m:[39m[48;2;24;38;30m [38;2;192;197;206m<[38;2;191;97;106mmapper[38;2;192;197;206m [38;2;208;135;112mnamespace[38;2;192;197;206m=[38;2;192;197;206m"[38;2;163;190;140morg.mybatis.jpetstore.mapper.CategoryMapper[38;2;192;197;206m"[38;2;192;197;206m>[K
[0m[48;2;40;67;43m[39m+     5[39m:[39m[48;2;24;38;30m [38;2;101;115;126m<!--[38;2;101;115;126m 2025-06-20 Amazon Q Developer : Converted Oracle SQL to PostgreSQL compatible SQL [38;2;101;115;126m-->[K
[0m[48;2;40;67;43m[39m+     6[39m:[39m[48;2;24;38;30m [38;2;101;115;126m<!--[K
[0m[48;2;40;67;43m[39m+     7[39m:[39m[48;2;24;38;30m [38;2;101;115;126m  <cache />[K
[0m[48;2;40;67;43m[39m+     8[39m:[39m[48;2;24;38;30m [38;2;101;115;126m-->[K
[0m[48;2;40;67;43m[39m+     9[39m:[39m[48;2;24;38;30m [38;2;192;197;206m<[38;2;191;97;106mselect[38;2;192;197;206m [38;2;208;135;112mid[38;2;192;197;206m=[38;2;192;197;206m"[38;2;163;190;140mgetCategoryList[38;2;192;197;206m"[38;2;192;197;206m [38;2;208;135;112mresultType[38;2;192;197;206m=[38;2;192;197;206m"[38;2;163;190;140mCategory[38;2;192;197;206m"[38;2;192;197;206m>[K
[0m[48;2;40;67;43m[39m+    10[39m:[39m[48;2;24;38;30m [38;2;192;197;206m    SELECT[K
[0m[48;2;40;67;43m[39m+    11[39m:[39m[48;2;24;38;30m [38;2;192;197;206m      CATEGORY.CATID AS categoryId,[K
[0m[48;2;40;67;43m[39m+    12[39m:[39m[48;2;24;38;30m [38;2;192;197;206m      CATEGORY.NAME,[K
[0m[48;2;40;67;43m[39m+    13[39m:[39m[48;2;24;38;30m [38;2;192;197;206m      CATEGORY.DESCN AS description[K
[0m[48;2;40;67;43m[39m+    14[39m:[39m[48;2;24;38;30m [38;2;192;197;206m    FROM CATEGORY[K
[0m[48;2;40;67;43m[39m+    15[39m:[39m[48;2;24;38;30m [38;2;192;197;206m  [38;2;192;197;206m</[38;2;191;97;106mselect[38;2;192;197;206m>[K
[0m[48;2;40;67;43m[39m+    16[39m:[39m[48;2;24;38;30m [38;2;192;197;206m</[38;2;191;97;106mmapper[38;2;192;197;206m>[K
[0m[K
Creating: [38;5;10m/Users/changik/workspace/sample-oracle-modernization-accelerator/jpetstore-6/logs/application/SQLTransformTarget/mapper/CategoryMapper_orcl/transform/CategoryMapper_pg-02-select-getCategoryList.xml[0m

 ⋮ 
[38;5;10m[1m ● Completed in 0.0s[39m

[0m[0m
[0m[0m
[38;5;13m🛠️  Using tool: fs_write[38;5;2m (trusted)[39m[39m
 ⋮ 
 ● Path: [38;5;10m../jpetstore-6/logs/application/SQLTransformTarget/mapper/CategoryMapper_orcl/status.txt[0m

[48;2;79;40;40m[39m- 3   [39m:[39m[48;2;36;25;28m [38;2;192;197;206mStep 3: In Progress[K
[0m[48;2;40;67;43m[39m+    3[39m:[39m[48;2;24;38;30m [38;2;192;197;206mStep 3: Completed[K
[0m[K
Updating: [38;5;10m../jpetstore-6/logs/application/SQLTransformTarget/mapper/CategoryMapper_orcl/status.txt[0m

 ⋮ 
[38;5;10m[1m ● Completed in 0.0s[39m

Now let's proceed to Step 4 - XML validation of the converted files:[0m[0m
[0m[0m
[38;5;13m🛠️  Using tool: fs_write[38;5;2m (trusted)[39m[39m
 ⋮ 
 ● Path: [38;5;10m../jpetstore-6/logs/application/SQLTransformTarget/mapper/CategoryMapper_orcl/status.txt[0m

[48;2;79;40;40m[39m- 4   [39m:[39m[48;2;36;25;28m [38;2;192;197;206mStep 4: Not Started[K
[0m[48;2;40;67;43m[39m+    4[39m:[39m[48;2;24;38;30m [38;2;192;197;206mStep 4: In Progress[K
[0m[K
Updating: [38;5;10m../jpetstore-6/logs/application/SQLTransformTarget/mapper/CategoryMapper_orcl/status.txt[0m

 ⋮ 
[38;5;10m[1m ● Completed in 0.0s[39m

Let me first verify the list of converted files:[0m[0m
[0m[0m
[38;5;13m🛠️  Using tool: execute_bash[38;5;2m (trusted)[39m[39m
 ⋮ 
 ● I will run the following shell command: 
[38;5;10mls /Users/changik/workspace/sample-oracle-modernization-accelerator/jpetstore-6/logs/application/SQLTransformTarget/mapper/CategoryMapper_orcl/transform/*_pg*.xml | sort
[0m ⋮ 
 ↳ [38;5;12mPurpose: [0mList converted PostgreSQL mapper files

/Users/changik/workspace/sample-oracle-modernization-accelerator/jpetstore-6/logs/application/SQLTransformTarget/mapper/CategoryMapper_orcl/transform/CategoryMapper_pg-01-select-getCategory.xml
/Users/changik/workspace/sample-oracle-modernization-accelerator/jpetstore-6/logs/application/SQLTransformTarget/mapper/CategoryMapper_orcl/transform/CategoryMapper_pg-02-select-getCategoryList.xml

 ⋮ 
[38;5;10m[1m ● Completed in 0.20s[39m

Now let me validate each XML file individually:[0m[0m
[0m[0m
[38;5;13m🛠️  Using tool: execute_bash[38;5;2m (trusted)[39m[39m
 ⋮ 
 ● I will run the following shell command: 
[38;5;10mxmllint --noout /Users/changik/workspace/sample-oracle-modernization-accelerator/jpetstore-6/logs/application/SQLTransformTarget/mapper/CategoryMapper_orcl/transform/CategoryMapper_pg-01-select-getCategory.xml 2>&1
[0m ⋮ 
 ↳ [38;5;12mPurpose: [0mValidate first converted XML file


 ⋮ 
[38;5;10m[1m ● Completed in 0.15s[39m

[0m[0m
[0m[0m
[38;5;13m🛠️  Using tool: execute_bash[38;5;2m (trusted)[39m[39m
 ⋮ 
 ● I will run the following shell command: 
[38;5;10mxmllint --noout /Users/changik/workspace/sample-oracle-modernization-accelerator/jpetstore-6/logs/application/SQLTransformTarget/mapper/CategoryMapper_orcl/transform/CategoryMapper_pg-02-select-getCategoryList.xml 2>&1
[0m ⋮ 
 ↳ [38;5;12mPurpose: [0mValidate second converted XML file


 ⋮ 
[38;5;10m[1m ● Completed in 0.17s[39m

Excellent! Both XML files passed validation without errors. Let me update the final status:[0m[0m
[0m[0m
[38;5;13m🛠️  Using tool: fs_write[38;5;2m (trusted)[39m[39m
 ⋮ 
 ● Path: [38;5;10m../jpetstore-6/logs/application/SQLTransformTarget/mapper/CategoryMapper_orcl/status.txt[0m

[48;2;79;40;40m[39m- 4   [39m:[39m[48;2;36;25;28m [38;2;192;197;206mStep 4: In Progress[K
[0m[48;2;40;67;43m[39m+    4[39m:[39m[48;2;24;38;30m [38;2;192;197;206mStep 4: Completed[K
[0m[K
Updating: [38;5;10m../jpetstore-6/logs/application/SQLTransformTarget/mapper/CategoryMapper_orcl/status.txt[0m

 ⋮ 
[38;5;10m[1m ● Completed in 0.0s[39m

Let me verify the final status:[0m[0m
[0m[0m
[38;5;13m🛠️  Using tool: fs_read[38;5;2m (trusted)[39m[39m
 ⋮ 
 ● Reading file: [38;5;10m/Users/changik/workspace/sample-oracle-modernization-accelerator/jpetstore-6/logs/application/SQLTransformTarget/mapper/CategoryMapper_orcl/status.txt[0m, all lines
 ⋮ 
[38;5;10m[1m ● Completed in 0.0s[39m

[38;5;13m[1m## Oracle to PostgreSQL MyBatis Mapper Conversion - COMPLETED[0m[0m
[0m[0m
I have successfully completed the conversion of Oracle MyBatis SQL mapper files to PostgreSQL-compatible versions. Here's a summary of what was accomplished:[0m[0m
[0m[0m
[38;5;13m[1m### **Step 1: File List Generation ✅**[0m[0m
• Found 2 Oracle mapper files:[0m[0m
  • [38;5;10mCategoryMapper_orcl-01-select-getCategory.xml[0m[0m[0m
  • [38;5;10mCategoryMapper_orcl-02-select-getCategoryList.xml[0m[0m[0m
[0m[0m
[38;5;13m[1m### **Step 2: SQL Analysis ✅**[0m[0m
• Analyzed both files individually[0m[0m
• **Key Finding**: Both files contain standard SQL queries with no Oracle-specific features[0m[0m
• All queries are already PostgreSQL-compatible[0m[0m
• Created detailed analysis report in [38;5;10msql_analysis.txt[0m[0m[0m
[0m[0m
[38;5;13m[1m### **Step 3: Oracle to PostgreSQL Conversion ✅**[0m[0m
• Processed each file individually (no bulk processing)[0m[0m
• Applied conversion rules and added required conversion comments[0m[0m
• Generated PostgreSQL-compatible files:[0m[0m
  • [38;5;10mCategoryMapper_pg-01-select-getCategory.xml[0m[0m[0m
  • [38;5;10mCategoryMapper_pg-02-select-getCategoryList.xml[0m[0m[0m
• Added conversion timestamp comments as required[0m[0m
[0m[0m
[38;5;13m[1m### **Step 4: XML Validation ✅**[0m[0m
• Validated both converted XML files using [38;5;10mxmllint[0m[0m[0m
• **Result**: Both files passed validation without errors[0m[0m
• XML structure integrity confirmed[0m[0m
[0m[0m
[38;5;13m[1m### **Conversion Details:**[0m[0m
• **Files Processed**: 2 files individually[0m[0m
• **Oracle-Specific Features Found**: None[0m[0m
• **Conversion Required**: Minimal (added conversion comments)[0m[0m
• **SQL Compatibility**: All queries were already PostgreSQL-compatible[0m[0m
• **XML Validation**: 100% success rate[0m[0m
[0m[0m
[38;5;13m[1m### **Files Created:**[0m[0m
1. [1mTransform Directory[22m: 2 PostgreSQL-compatible mapper files[0m[0m
2. [1mAnalysis Report[22m: [38;5;10msql_analysis.txt[0m with detailed findings[0m[0m
3. [1mStatus Tracking[22m: [38;5;10mstatus.txt[0m with completion status[0m[0m
[0m[0m
The conversion process followed all specified rules including individual file processing, preservation of MyBatis dynamic elements, and proper XML structure maintenance. All converted 
files are ready for use with PostgreSQL database systems.[0m[0m
