I understand you want me to convert MyBatis-based Oracle SQL Mapper files to PostgreSQL-compatible SQL Mapper files. I'll process each file individually following the detailed conversion 
rules you've provided.[0m[0m
[0m[0m
Let me start with Step 1 - generating the list of mapper files to be converted.[0m[0m
[0m[0m
[1mTool validation failed: [0m
[38;5;9mFailed to validate tool parameters: The provided path must exist in order to replace or insert contents into it
[39mLet me first check the current directory structure and create the status file:[0m[0m
[0m[0m
[38;5;13m🛠️  Using tool: fs_read[38;5;2m (trusted)[39m[39m
 ⋮ 
 ● Reading directory: [38;5;10m/Users/changik/workspace/sample-oracle-modernization-accelerator/jpetstore-6/logs/application/SQLTransformTarget/mapper/LineItemMapper_orcl[0m with maximum depth of 0
 ⋮ 
[38;5;10m[1m ● Completed in 0.0s[39m

[0m[0m
[0m[0m
[38;5;13m🛠️  Using tool: fs_write[38;5;2m (trusted)[39m[39m
 ⋮ 
 ● Path: [38;5;10m/Users/changik/workspace/sample-oracle-modernization-accelerator/jpetstore-6/logs/application/SQLTransformTarget/mapper/LineItemMapper_orcl/status.txt[0m

[48;2;40;67;43m[39m+    1[39m:[39m[48;2;24;38;30m [38;2;192;197;206mStep 1: In Progress[K
[0m[48;2;40;67;43m[39m+    2[39m:[39m[48;2;24;38;30m [38;2;192;197;206mStep 2: Not Started[K
[0m[48;2;40;67;43m[39m+    3[39m:[39m[48;2;24;38;30m [38;2;192;197;206mStep 3: Not Started[K
[0m[48;2;40;67;43m[39m+    4[39m:[39m[48;2;24;38;30m [38;2;192;197;206mStep 4: Not Started[K
[0m[K
Creating: [38;5;10m/Users/changik/workspace/sample-oracle-modernization-accelerator/jpetstore-6/logs/application/SQLTransformTarget/mapper/LineItemMapper_orcl/status.txt[0m

 ⋮ 
[38;5;10m[1m ● Completed in 0.0s[39m

Now let me check the extract directory to find the Oracle mapper files:[0m[0m
[0m[0m
[38;5;13m🛠️  Using tool: execute_bash[38;5;2m (trusted)[39m[39m
 ⋮ 
 ● I will run the following shell command: 
[38;5;10mcd /Users/changik/workspace/sample-oracle-modernization-accelerator/jpetstore-6/logs/application/SQLTransformTarget/mapper/LineItemMapper_orcl/extract && ls *_orcl* | sort
[0m ⋮ 
 ↳ [38;5;12mPurpose: [0mList Oracle mapper files in the extract directory

LineItemMapper_orcl-01-select-getLineItemsByOrderId.xml
LineItemMapper_orcl-02-insert-insertLineItem.xml

 ⋮ 
[38;5;10m[1m ● Completed in 0.19s[39m

Perfect! I found 2 Oracle mapper files. Let me update the status to completed for Step 1:[0m[0m
[0m[0m
[38;5;13m🛠️  Using tool: fs_write[38;5;2m (trusted)[39m[39m
 ⋮ 
 ● Path: [38;5;10m../jpetstore-6/logs/application/SQLTransformTarget/mapper/LineItemMapper_orcl/status.txt[0m

[48;2;79;40;40m[39m- 1   [39m:[39m[48;2;36;25;28m [38;2;192;197;206mStep 1: In Progress[K
[0m[48;2;40;67;43m[39m+    1[39m:[39m[48;2;24;38;30m [38;2;192;197;206mStep 1: Completed[K
[0m[K
Updating: [38;5;10m../jpetstore-6/logs/application/SQLTransformTarget/mapper/LineItemMapper_orcl/status.txt[0m

 ⋮ 
[38;5;10m[1m ● Completed in 0.0s[39m

Now let's proceed to Step 2 - Analyze SQL for all Oracle XML files:[0m[0m
[0m[0m
[38;5;13m🛠️  Using tool: fs_write[38;5;2m (trusted)[39m[39m
 ⋮ 
 ● Path: [38;5;10m../jpetstore-6/logs/application/SQLTransformTarget/mapper/LineItemMapper_orcl/status.txt[0m

[48;2;79;40;40m[39m- 2   [39m:[39m[48;2;36;25;28m [38;2;192;197;206mStep 2: Not Started[K
[0m[48;2;40;67;43m[39m+    2[39m:[39m[48;2;24;38;30m [38;2;192;197;206mStep 2: In Progress[K
[0m[K
Updating: [38;5;10m../jpetstore-6/logs/application/SQLTransformTarget/mapper/LineItemMapper_orcl/status.txt[0m

 ⋮ 
[38;5;10m[1m ● Completed in 0.0s[39m

Let me analyze each file individually. First, let's examine the first file:[0m[0m
[0m[0m
[38;5;13m🛠️  Using tool: fs_read[38;5;2m (trusted)[39m[39m
 ⋮ 
 ● Reading file: [38;5;10m/Users/changik/workspace/sample-oracle-modernization-accelerator/jpetstore-6/logs/application/SQLTransformTarget/mapper/LineItemMapper_orcl/extract/LineItemMapper_orcl-01-select-getLineItemsByOrderId.xml[0m, all lines
 ⋮ 
[38;5;10m[1m ● Completed in 0.0s[39m

Now let's examine the second file:[0m[0m
[0m[0m
[38;5;13m🛠️  Using tool: fs_read[38;5;2m (trusted)[39m[39m
 ⋮ 
 ● Reading file: [38;5;10m/Users/changik/workspace/sample-oracle-modernization-accelerator/jpetstore-6/logs/application/SQLTransformTarget/mapper/LineItemMapper_orcl/extract/LineItemMapper_orcl-02-insert-insertLineItem.xml[0m, all lines
 ⋮ 
[38;5;10m[1m ● Completed in 0.0s[39m

Now let me create the SQL analysis report:[0m[0m
[0m[0m
[38;5;13m🛠️  Using tool: fs_write[38;5;2m (trusted)[39m[39m
 ⋮ 
 ● Path: [38;5;10m/Users/changik/workspace/sample-oracle-modernization-accelerator/jpetstore-6/logs/application/SQLTransformTarget/mapper/LineItemMapper_orcl/sql_analysis.txt[0m

[48;2;40;67;43m[39m+     1[39m:[39m[48;2;24;38;30m [38;2;192;197;206mSQL Analysis Results:[K
[0m[48;2;40;67;43m[39m+     2[39m:[39m[48;2;24;38;30m [K
[0m[48;2;40;67;43m[39m+     3[39m:[39m[48;2;24;38;30m [38;2;192;197;206m1. getLineItemsByOrderId:[K
[0m[48;2;40;67;43m[39m+     4[39m:[39m[48;2;24;38;30m [38;2;192;197;206m  - Type: SELECT query[K
[0m[48;2;40;67;43m[39m+     5[39m:[39m[48;2;24;38;30m [38;2;192;197;206m  - Contains: Basic SELECT with WHERE clause and column aliases[K
[0m[48;2;40;67;43m[39m+     6[39m:[39m[48;2;24;38;30m [38;2;192;197;206m  - Oracle-specific features: None[K
[0m[48;2;40;67;43m[39m+     7[39m:[39m[48;2;24;38;30m [38;2;192;197;206m  - Conversion needed: No[K
[0m[48;2;40;67;43m[39m+     8[39m:[39m[48;2;24;38;30m [K
[0m[48;2;40;67;43m[39m+     9[39m:[39m[48;2;24;38;30m [38;2;192;197;206m2. insertLineItem:[K
[0m[48;2;40;67;43m[39m+    10[39m:[39m[48;2;24;38;30m [38;2;192;197;206m  - Type: INSERT query[K
[0m[48;2;40;67;43m[39m+    11[39m:[39m[48;2;24;38;30m [38;2;192;197;206m  - Contains: Basic INSERT with VALUES clause using MyBatis parameters[K
[0m[48;2;40;67;43m[39m+    12[39m:[39m[48;2;24;38;30m [38;2;192;197;206m  - Oracle-specific features: None[K
[0m[48;2;40;67;43m[39m+    13[39m:[39m[48;2;24;38;30m [38;2;192;197;206m  - Conversion needed: No[K
[0m[48;2;40;67;43m[39m+    14[39m:[39m[48;2;24;38;30m [K
[0m[48;2;40;67;43m[39m+    15[39m:[39m[48;2;24;38;30m [38;2;192;197;206mSummary:[K
[0m[48;2;40;67;43m[39m+    16[39m:[39m[48;2;24;38;30m [38;2;192;197;206m- Total files analyzed: 2[K
[0m[48;2;40;67;43m[39m+    17[39m:[39m[48;2;24;38;30m [38;2;192;197;206m- Files requiring conversion: 0[K
[0m[48;2;40;67;43m[39m+    18[39m:[39m[48;2;24;38;30m [38;2;192;197;206m- Files with Oracle-specific features: 0[K
[0m[48;2;40;67;43m[39m+    19[39m:[39m[48;2;24;38;30m [38;2;192;197;206m- All queries use standard SQL syntax compatible with PostgreSQL[K
[0m[K
Creating: [38;5;10m/Users/changik/workspace/sample-oracle-modernization-accelerator/jpetstore-6/logs/application/SQLTransformTarget/mapper/LineItemMapper_orcl/sql_analysis.txt[0m

 ⋮ 
[38;5;10m[1m ● Completed in 0.0s[39m

[0m[0m
[0m[0m
[38;5;13m🛠️  Using tool: fs_write[38;5;2m (trusted)[39m[39m
 ⋮ 
 ● Path: [38;5;10m../jpetstore-6/logs/application/SQLTransformTarget/mapper/LineItemMapper_orcl/status.txt[0m

[48;2;79;40;40m[39m- 2   [39m:[39m[48;2;36;25;28m [38;2;192;197;206mStep 2: In Progress[K
[0m[48;2;40;67;43m[39m+    2[39m:[39m[48;2;24;38;30m [38;2;192;197;206mStep 2: Completed[K
[0m[K
Updating: [38;5;10m../jpetstore-6/logs/application/SQLTransformTarget/mapper/LineItemMapper_orcl/status.txt[0m

 ⋮ 
[38;5;10m[1m ● Completed in 0.0s[39m

Now let's proceed to Step 3 - Perform Oracle to PostgreSQL conversion. I'll update the status first:[0m[0m
[0m[0m
[38;5;13m🛠️  Using tool: fs_write[38;5;2m (trusted)[39m[39m
 ⋮ 
 ● Path: [38;5;10m../jpetstore-6/logs/application/SQLTransformTarget/mapper/LineItemMapper_orcl/status.txt[0m

[48;2;79;40;40m[39m- 3   [39m:[39m[48;2;36;25;28m [38;2;192;197;206mStep 3: Not Started[K
[0m[48;2;40;67;43m[39m+    3[39m:[39m[48;2;24;38;30m [38;2;192;197;206mStep 3: In Progress[K
[0m[K
Updating: [38;5;10m../jpetstore-6/logs/application/SQLTransformTarget/mapper/LineItemMapper_orcl/status.txt[0m

 ⋮ 
[38;5;10m[1m ● Completed in 0.0s[39m

Now I'll process each file individually. Starting with the first file - LineItemMapper_orcl-01-select-getLineItemsByOrderId.xml:[0m[0m
[0m[0m
[38;5;13m🛠️  Using tool: fs_write[38;5;2m (trusted)[39m[39m
 ⋮ 
 ● Path: [38;5;10m/Users/changik/workspace/sample-oracle-modernization-accelerator/jpetstore-6/logs/application/SQLTransformTarget/mapper/LineItemMapper_orcl/transform/LineItemMapper_pg-01-select-getLineItemsByOrderId.xml[0m

[48;2;40;67;43m[39m+     1[39m:[39m[48;2;24;38;30m [38;2;192;197;206m<?[38;2;191;97;106mxml[38;2;192;197;206m [38;2;208;135;112mversion[38;2;192;197;206m=[38;2;192;197;206m"[38;2;163;190;140m1.0[38;2;192;197;206m"[38;2;192;197;206m [38;2;208;135;112mencoding[38;2;192;197;206m=[38;2;192;197;206m"[38;2;163;190;140mUTF-8[38;2;192;197;206m"[38;2;192;197;206m?>[K
[0m[48;2;40;67;43m[39m+     2[39m:[39m[48;2;24;38;30m [38;2;192;197;206m<![38;2;180;142;173mDOCTYPE[38;2;192;197;206m [38;2;191;97;106mmapper[38;2;192;197;206m PUBLIC "-//mybatis.org//DTD Mapper 3.0//EN"[K
[0m[48;2;40;67;43m[39m+     3[39m:[39m[48;2;24;38;30m [38;2;192;197;206m"http://mybatis.org/dtd/mybatis-3-mapper.dtd"[38;2;192;197;206m>[K
[0m[48;2;40;67;43m[39m+     4[39m:[39m[48;2;24;38;30m [38;2;192;197;206m<[38;2;191;97;106mmapper[38;2;192;197;206m [38;2;208;135;112mnamespace[38;2;192;197;206m=[38;2;192;197;206m"[38;2;163;190;140morg.mybatis.jpetstore.mapper.LineItemMapper[38;2;192;197;206m"[38;2;192;197;206m>[K
[0m[48;2;40;67;43m[39m+     5[39m:[39m[48;2;24;38;30m [38;2;101;115;126m<!--[38;2;101;115;126m 2025-06-20 Amazon Q Developer : Converted Oracle SQL to PostgreSQL compatible SQL [38;2;101;115;126m-->[K
[0m[48;2;40;67;43m[39m+     6[39m:[39m[48;2;24;38;30m [38;2;192;197;206m<[38;2;191;97;106mselect[38;2;192;197;206m [38;2;208;135;112mid[38;2;192;197;206m=[38;2;192;197;206m"[38;2;163;190;140mgetLineItemsByOrderId[38;2;192;197;206m"[38;2;192;197;206m [38;2;208;135;112mresultType[38;2;192;197;206m=[38;2;192;197;206m"[38;2;163;190;140mLineItem[38;2;192;197;206m"[38;2;192;197;206m>[K
[0m[48;2;40;67;43m[39m+     7[39m:[39m[48;2;24;38;30m [38;2;192;197;206m    SELECT[K
[0m[48;2;40;67;43m[39m+     8[39m:[39m[48;2;24;38;30m [38;2;192;197;206m      LINEITEM.ORDERID,[K
[0m[48;2;40;67;43m[39m+     9[39m:[39m[48;2;24;38;30m [38;2;192;197;206m      LINEITEM.LINENUM AS lineNumber,[K
[0m[48;2;40;67;43m[39m+    10[39m:[39m[48;2;24;38;30m [38;2;192;197;206m      LINEITEM.ITEMID,[K
[0m[48;2;40;67;43m[39m+    11[39m:[39m[48;2;24;38;30m [38;2;192;197;206m      LINEITEM.QUANTITY,[K
[0m[48;2;40;67;43m[39m+    12[39m:[39m[48;2;24;38;30m [38;2;192;197;206m      LINEITEM.UNITPRICE[K
[0m[48;2;40;67;43m[39m+    13[39m:[39m[48;2;24;38;30m [38;2;192;197;206m    FROM LINEITEM[K
[0m[48;2;40;67;43m[39m+    14[39m:[39m[48;2;24;38;30m [38;2;192;197;206m    WHERE LINEITEM.ORDERID = #{orderId}[K
[0m[48;2;40;67;43m[39m+    15[39m:[39m[48;2;24;38;30m [38;2;192;197;206m  [38;2;192;197;206m</[38;2;191;97;106mselect[38;2;192;197;206m>[K
[0m[48;2;40;67;43m[39m+    16[39m:[39m[48;2;24;38;30m [38;2;192;197;206m</[38;2;191;97;106mmapper[38;2;192;197;206m>[K
[0m[K
Creating: [38;5;10m/Users/changik/workspace/sample-oracle-modernization-accelerator/jpetstore-6/logs/application/SQLTransformTarget/mapper/LineItemMapper_orcl/transform/LineItemMapper_pg-01-select-getLineItemsByOrderId.xml[0m

 ⋮ 
[38;5;10m[1m ● Completed in 0.0s[39m

Now processing the second file - LineItemMapper_orcl-02-insert-insertLineItem.xml:[0m[0m
[0m[0m
[38;5;13m🛠️  Using tool: fs_write[38;5;2m (trusted)[39m[39m
 ⋮ 
 ● Path: [38;5;10m/Users/changik/workspace/sample-oracle-modernization-accelerator/jpetstore-6/logs/application/SQLTransformTarget/mapper/LineItemMapper_orcl/transform/LineItemMapper_pg-02-insert-insertLineItem.xml[0m

[48;2;40;67;43m[39m+     1[39m:[39m[48;2;24;38;30m [38;2;192;197;206m<?[38;2;191;97;106mxml[38;2;192;197;206m [38;2;208;135;112mversion[38;2;192;197;206m=[38;2;192;197;206m"[38;2;163;190;140m1.0[38;2;192;197;206m"[38;2;192;197;206m [38;2;208;135;112mencoding[38;2;192;197;206m=[38;2;192;197;206m"[38;2;163;190;140mUTF-8[38;2;192;197;206m"[38;2;192;197;206m?>[K
[0m[48;2;40;67;43m[39m+     2[39m:[39m[48;2;24;38;30m [38;2;192;197;206m<![38;2;180;142;173mDOCTYPE[38;2;192;197;206m [38;2;191;97;106mmapper[38;2;192;197;206m PUBLIC "-//mybatis.org//DTD Mapper 3.0//EN"[K
[0m[48;2;40;67;43m[39m+     3[39m:[39m[48;2;24;38;30m [38;2;192;197;206m"http://mybatis.org/dtd/mybatis-3-mapper.dtd"[38;2;192;197;206m>[K
[0m[48;2;40;67;43m[39m+     4[39m:[39m[48;2;24;38;30m [38;2;192;197;206m<[38;2;191;97;106mmapper[38;2;192;197;206m [38;2;208;135;112mnamespace[38;2;192;197;206m=[38;2;192;197;206m"[38;2;163;190;140morg.mybatis.jpetstore.mapper.LineItemMapper[38;2;192;197;206m"[38;2;192;197;206m>[K
[0m[48;2;40;67;43m[39m+     5[39m:[39m[48;2;24;38;30m [38;2;101;115;126m<!--[38;2;101;115;126m 2025-06-20 Amazon Q Developer : Converted Oracle SQL to PostgreSQL compatible SQL [38;2;101;115;126m-->[K
[0m[48;2;40;67;43m[39m+     6[39m:[39m[48;2;24;38;30m [38;2;192;197;206m<[38;2;191;97;106minsert[38;2;192;197;206m [38;2;208;135;112mid[38;2;192;197;206m=[38;2;192;197;206m"[38;2;163;190;140minsertLineItem[38;2;192;197;206m"[38;2;192;197;206m>[K
[0m[48;2;40;67;43m[39m+     7[39m:[39m[48;2;24;38;30m [38;2;192;197;206m    INSERT INTO LINEITEM (ORDERID, LINENUM, ITEMID, QUANTITY, UNITPRICE)[K
[0m[48;2;40;67;43m[39m+     8[39m:[39m[48;2;24;38;30m [38;2;192;197;206m    VALUES (#{orderId}, #{lineNumber}, #{itemId}, #{quantity}, #{unitPrice})[K
[0m[48;2;40;67;43m[39m+     9[39m:[39m[48;2;24;38;30m [38;2;192;197;206m  [38;2;192;197;206m</[38;2;191;97;106minsert[38;2;192;197;206m>[K
[0m[48;2;40;67;43m[39m+    10[39m:[39m[48;2;24;38;30m [38;2;192;197;206m</[38;2;191;97;106mmapper[38;2;192;197;206m>[K
[0m[K
Creating: [38;5;10m/Users/changik/workspace/sample-oracle-modernization-accelerator/jpetstore-6/logs/application/SQLTransformTarget/mapper/LineItemMapper_orcl/transform/LineItemMapper_pg-02-insert-insertLineItem.xml[0m

 ⋮ 
[38;5;10m[1m ● Completed in 0.1s[39m

Let me update the status for Step 3:[0m[0m
[0m[0m
[38;5;13m🛠️  Using tool: fs_write[38;5;2m (trusted)[39m[39m
 ⋮ 
 ● Path: [38;5;10m../jpetstore-6/logs/application/SQLTransformTarget/mapper/LineItemMapper_orcl/status.txt[0m

[48;2;79;40;40m[39m- 3   [39m:[39m[48;2;36;25;28m [38;2;192;197;206mStep 3: In Progress[K
[0m[48;2;40;67;43m[39m+    3[39m:[39m[48;2;24;38;30m [38;2;192;197;206mStep 3: Completed[K
[0m[K
Updating: [38;5;10m../jpetstore-6/logs/application/SQLTransformTarget/mapper/LineItemMapper_orcl/status.txt[0m

 ⋮ 
[38;5;10m[1m ● Completed in 0.0s[39m

Now let's proceed to Step 4 - XML validation. First, update the status:[0m[0m
[0m[0m
[38;5;13m🛠️  Using tool: fs_write[38;5;2m (trusted)[39m[39m
 ⋮ 
 ● Path: [38;5;10m../jpetstore-6/logs/application/SQLTransformTarget/mapper/LineItemMapper_orcl/status.txt[0m

[48;2;79;40;40m[39m- 4   [39m:[39m[48;2;36;25;28m [38;2;192;197;206mStep 4: Not Started[K
[0m[48;2;40;67;43m[39m+    4[39m:[39m[48;2;24;38;30m [38;2;192;197;206mStep 4: In Progress[K
[0m[K
Updating: [38;5;10m../jpetstore-6/logs/application/SQLTransformTarget/mapper/LineItemMapper_orcl/status.txt[0m

 ⋮ 
[38;5;10m[1m ● Completed in 0.0s[39m

Let me verify the target files exist and then validate them:[0m[0m
[0m[0m
[38;5;13m🛠️  Using tool: execute_bash[38;5;2m (trusted)[39m[39m
 ⋮ 
 ● I will run the following shell command: 
[38;5;10mls /Users/changik/workspace/sample-oracle-modernization-accelerator/jpetstore-6/logs/application/SQLTransformTarget/mapper/LineItemMapper_orcl/transform/*_pg*.xml | sort
[0m ⋮ 
 ↳ [38;5;12mPurpose: [0mList PostgreSQL mapper files in transform directory

/Users/changik/workspace/sample-oracle-modernization-accelerator/jpetstore-6/logs/application/SQLTransformTarget/mapper/LineItemMapper_orcl/transform/LineItemMapper_pg-01-select-getLineItemsByOrderId.xml
/Users/changik/workspace/sample-oracle-modernization-accelerator/jpetstore-6/logs/application/SQLTransformTarget/mapper/LineItemMapper_orcl/transform/LineItemMapper_pg-02-insert-insertLineItem.xml

 ⋮ 
[38;5;10m[1m ● Completed in 0.20s[39m

Now let me validate each XML file using xmllint:[0m[0m
[0m[0m
[38;5;13m🛠️  Using tool: execute_bash[38;5;2m (trusted)[39m[39m
 ⋮ 
 ● I will run the following shell command: 
[38;5;10mxmllint --noout /Users/changik/workspace/sample-oracle-modernization-accelerator/jpetstore-6/logs/application/SQLTransformTarget/mapper/LineItemMapper_orcl/transform/LineItemMapper_pg-01-select-getLineItemsByOrderId.xml 2>&1
[0m ⋮ 
 ↳ [38;5;12mPurpose: [0mValidate first PostgreSQL XML file


 ⋮ 
[38;5;10m[1m ● Completed in 0.16s[39m

[0m[0m
[0m[0m
[38;5;13m🛠️  Using tool: execute_bash[38;5;2m (trusted)[39m[39m
 ⋮ 
 ● I will run the following shell command: 
[38;5;10mxmllint --noout /Users/changik/workspace/sample-oracle-modernization-accelerator/jpetstore-6/logs/application/SQLTransformTarget/mapper/LineItemMapper_orcl/transform/LineItemMapper_pg-02-insert-insertLineItem.xml 2>&1
[0m ⋮ 
 ↳ [38;5;12mPurpose: [0mValidate second PostgreSQL XML file


 ⋮ 
[38;5;10m[1m ● Completed in 0.19s[39m

Excellent! Both XML files passed validation. Let me update the final status:[0m[0m
[0m[0m
[38;5;13m🛠️  Using tool: fs_write[38;5;2m (trusted)[39m[39m
 ⋮ 
 ● Path: [38;5;10m../jpetstore-6/logs/application/SQLTransformTarget/mapper/LineItemMapper_orcl/status.txt[0m

[48;2;79;40;40m[39m- 4   [39m:[39m[48;2;36;25;28m [38;2;192;197;206mStep 4: In Progress[K
[0m[48;2;40;67;43m[39m+    4[39m:[39m[48;2;24;38;30m [38;2;192;197;206mStep 4: Completed[K
[0m[K
Updating: [38;5;10m../jpetstore-6/logs/application/SQLTransformTarget/mapper/LineItemMapper_orcl/status.txt[0m

 ⋮ 
[38;5;10m[1m ● Completed in 0.0s[39m

Let me verify the final status:[0m[0m
[0m[0m
[38;5;13m🛠️  Using tool: fs_read[38;5;2m (trusted)[39m[39m
 ⋮ 
 ● Reading file: [38;5;10m/Users/changik/workspace/sample-oracle-modernization-accelerator/jpetstore-6/logs/application/SQLTransformTarget/mapper/LineItemMapper_orcl/status.txt[0m, all lines
 ⋮ 
[38;5;10m[1m ● Completed in 0.0s[39m

[38;5;13m[1m## Conversion Summary[0m[0m
[0m[0m
I have successfully completed the Oracle to PostgreSQL MyBatis mapper conversion process for the LineItemMapper files. Here's what was accomplished:[0m[0m
[0m[0m
[38;5;13m[1m### Step 1: File List Generation ✅[0m[0m
• Found 2 Oracle mapper files:[0m[0m
  • [38;5;10mLineItemMapper_orcl-01-select-getLineItemsByOrderId.xml[0m[0m[0m
  • [38;5;10mLineItemMapper_orcl-02-insert-insertLineItem.xml[0m[0m[0m
[0m[0m
[38;5;13m[1m### Step 2: SQL Analysis ✅[0m[0m
• Analyzed both files individually[0m[0m
• Both files contain standard SQL queries with no Oracle-specific features[0m[0m
• No complex conversions required[0m[0m
• Created detailed analysis report in [38;5;10msql_analysis.txt[0m[0m[0m
[0m[0m
[38;5;13m[1m### Step 3: Oracle to PostgreSQL Conversion ✅[0m[0m
• Processed each file individually (not using bulk processing)[0m[0m
• Applied conversion rules and added conversion comments[0m[0m
• Generated PostgreSQL-compatible files:[0m[0m
  • [38;5;10mLineItemMapper_pg-01-select-getLineItemsByOrderId.xml[0m[0m[0m
  • [38;5;10mLineItemMapper_pg-02-insert-insertLineItem.xml[0m[0m[0m
• Preserved all MyBatis parameter bindings (#{...})[0m[0m
• Maintained XML structure and formatting[0m[0m
[0m[0m
[38;5;13m[1m### Step 4: XML Validation ✅[0m[0m
• Both converted files passed xmllint validation successfully[0m[0m
• No XML structure issues detected[0m[0m
[0m[0m
[38;5;13m[1m### Key Conversion Details:[0m[0m
• **No Oracle-specific SQL features** were found in these files[0m[0m
• **Standard SQL syntax** was already PostgreSQL-compatible[0m[0m
• **MyBatis parameter bindings** (#{orderId}, #{lineNumber}, etc.) were preserved exactly[0m[0m
• **Table and column names** maintained original case sensitivity[0m[0m
• **XML structure** preserved with proper DOCTYPE and namespace declarations[0m[0m
• **Conversion comments** added with timestamp for audit trail[0m[0m
[0m[0m
The conversion process followed all the detailed rules you specified, processing each file individually with full attention to Oracle-to-PostgreSQL conversion requirements. All files are 
now ready for use with PostgreSQL database.[0m[0m
