I understand you want me to convert Oracle MyBatis SQL mapper files to PostgreSQL-compatible versions. I'll process each file individually following the detailed conversion rules you've 
provided.[0m[0m
[0m[0m
Let me start with Step 1 - generating the list of mapper files to be converted.[0m[0m
[0m[0m
[1mTool validation failed: [0m
[38;5;9mFailed to validate tool parameters: The provided path must exist in order to replace or insert contents into it
[39mLet me first check the directory structure and create the status file:[0m[0m
[0m[0m
[38;5;13m🛠️  Using tool: fs_read[38;5;2m (trusted)[39m[39m
 ⋮ 
 ● Reading directory: [38;5;10m/Users/changik/workspace/sample-oracle-modernization-accelerator/jpetstore-6/logs/application/SQLTransformTarget/mapper/OrderMapper_orcl[0m with maximum depth of 0
 ⋮ 
[38;5;10m[1m ● Completed in 0.0s[39m

[0m[0m
[0m[0m
[38;5;13m🛠️  Using tool: fs_write[38;5;2m (trusted)[39m[39m
 ⋮ 
 ● Path: [38;5;10m/Users/changik/workspace/sample-oracle-modernization-accelerator/jpetstore-6/logs/application/SQLTransformTarget/mapper/OrderMapper_orcl/status.txt[0m

[48;2;40;67;43m[39m+    1[39m:[39m[48;2;24;38;30m [38;2;192;197;206mStep 1: In Progress[K
[0m[48;2;40;67;43m[39m+    2[39m:[39m[48;2;24;38;30m [38;2;192;197;206mStep 2: Not Started[K
[0m[48;2;40;67;43m[39m+    3[39m:[39m[48;2;24;38;30m [38;2;192;197;206mStep 3: Not Started[K
[0m[48;2;40;67;43m[39m+    4[39m:[39m[48;2;24;38;30m [38;2;192;197;206mStep 4: Not Started[K
[0m[K
Creating: [38;5;10m/Users/changik/workspace/sample-oracle-modernization-accelerator/jpetstore-6/logs/application/SQLTransformTarget/mapper/OrderMapper_orcl/status.txt[0m

 ⋮ 
[38;5;10m[1m ● Completed in 0.0s[39m

Now let me check the extract directory to see what files need to be converted:[0m[0m
[0m[0m
[38;5;13m🛠️  Using tool: execute_bash[38;5;2m (trusted)[39m[39m
 ⋮ 
 ● I will run the following shell command: 
[38;5;10mcd /Users/changik/workspace/sample-oracle-modernization-accelerator/jpetstore-6/logs/application/SQLTransformTarget/mapper/OrderMapper_orcl/extract && ls *_orcl* | sort
[0m ⋮ 
 ↳ [38;5;12mPurpose: [0mList Oracle mapper files to be converted

OrderMapper_orcl-01-select-getOrder.xml
OrderMapper_orcl-02-select-getOrdersByUsername.xml
OrderMapper_orcl-03-insert-insertOrder.xml
OrderMapper_orcl-04-insert-insertOrderStatus.xml

 ⋮ 
[38;5;10m[1m ● Completed in 0.19s[39m

Perfect! I found 4 Oracle mapper files to convert. Let me update the status and move to Step 2:[0m[0m
[0m[0m
[38;5;13m🛠️  Using tool: fs_write[38;5;2m (trusted)[39m[39m
 ⋮ 
 ● Path: [38;5;10m../jpetstore-6/logs/application/SQLTransformTarget/mapper/OrderMapper_orcl/status.txt[0m

[48;2;79;40;40m[39m- 1   [39m:[39m[48;2;36;25;28m [38;2;192;197;206mStep 1: In Progress[K
[0m[48;2;40;67;43m[39m+    1[39m:[39m[48;2;24;38;30m [38;2;192;197;206mStep 1: Completed[K
[0m[K
Updating: [38;5;10m../jpetstore-6/logs/application/SQLTransformTarget/mapper/OrderMapper_orcl/status.txt[0m

 ⋮ 
[38;5;10m[1m ● Completed in 0.0s[39m

[38;5;13m[1m## Step 2: Analyze SQL for all Oracle mapper files[0m[0m
[0m[0m
[38;5;13m🛠️  Using tool: fs_write[38;5;2m (trusted)[39m[39m
 ⋮ 
 ● Path: [38;5;10m../jpetstore-6/logs/application/SQLTransformTarget/mapper/OrderMapper_orcl/status.txt[0m

[48;2;79;40;40m[39m- 2   [39m:[39m[48;2;36;25;28m [38;2;192;197;206mStep 2: Not Started[K
[0m[48;2;40;67;43m[39m+    2[39m:[39m[48;2;24;38;30m [38;2;192;197;206mStep 2: In Progress[K
[0m[K
Updating: [38;5;10m../jpetstore-6/logs/application/SQLTransformTarget/mapper/OrderMapper_orcl/status.txt[0m

 ⋮ 
[38;5;10m[1m ● Completed in 0.0s[39m

Let me analyze each file individually:[0m[0m
[0m[0m
[38;5;13m🛠️  Using tool: fs_read[38;5;2m (trusted)[39m[39m
 ⋮ 
 ● Reading file: [38;5;10m/Users/changik/workspace/sample-oracle-modernization-accelerator/jpetstore-6/logs/application/SQLTransformTarget/mapper/OrderMapper_orcl/extract/OrderMapper_orcl-01-select-getOrder.xml[0m, all lines
 ⋮ 
[38;5;10m[1m ● Completed in 0.0s[39m

[0m[0m
[0m[0m
[38;5;13m🛠️  Using tool: fs_read[38;5;2m (trusted)[39m[39m
 ⋮ 
 ● Reading file: [38;5;10m/Users/changik/workspace/sample-oracle-modernization-accelerator/jpetstore-6/logs/application/SQLTransformTarget/mapper/OrderMapper_orcl/extract/OrderMapper_orcl-02-select-getOrdersByUsername.xml[0m, all lines
 ⋮ 
[38;5;10m[1m ● Completed in 0.0s[39m

[0m[0m
[0m[0m
[38;5;13m🛠️  Using tool: fs_read[38;5;2m (trusted)[39m[39m
 ⋮ 
 ● Reading file: [38;5;10m/Users/changik/workspace/sample-oracle-modernization-accelerator/jpetstore-6/logs/application/SQLTransformTarget/mapper/OrderMapper_orcl/extract/OrderMapper_orcl-03-insert-insertOrder.xml[0m, all lines
 ⋮ 
[38;5;10m[1m ● Completed in 0.0s[39m

[0m[0m
[0m[0m
[38;5;13m🛠️  Using tool: fs_read[38;5;2m (trusted)[39m[39m
 ⋮ 
 ● Reading file: [38;5;10m/Users/changik/workspace/sample-oracle-modernization-accelerator/jpetstore-6/logs/application/SQLTransformTarget/mapper/OrderMapper_orcl/extract/OrderMapper_orcl-04-insert-insertOrderStatus.xml[0m, all lines
 ⋮ 
[38;5;10m[1m ● Completed in 0.0s[39m

Now let me create the SQL analysis documentation:[0m[0m
[0m[0m
[38;5;13m🛠️  Using tool: fs_write[38;5;2m (trusted)[39m[39m
 ⋮ 
 ● Path: [38;5;10m/Users/changik/workspace/sample-oracle-modernization-accelerator/jpetstore-6/logs/application/SQLTransformTarget/mapper/OrderMapper_orcl/sql_analysis.txt[0m

[48;2;40;67;43m[39m+     1[39m:[39m[48;2;24;38;30m [38;2;192;197;206mSQL Analysis Results:[K
[0m[48;2;40;67;43m[39m+     2[39m:[39m[48;2;24;38;30m [K
[0m[48;2;40;67;43m[39m+     3[39m:[39m[48;2;24;38;30m [38;2;192;197;206m1. getOrder:[K
[0m[48;2;40;67;43m[39m+     4[39m:[39m[48;2;24;38;30m [38;2;192;197;206m  - Type: SELECT query[K
[0m[48;2;40;67;43m[39m+     5[39m:[39m[48;2;24;38;30m [38;2;192;197;206m  - Contains: JOIN between ORDERS and ORDERSTATUS tables using implicit join syntax[K
[0m[48;2;40;67;43m[39m+     6[39m:[39m[48;2;24;38;30m [38;2;192;197;206m  - Oracle-specific features: None detected[K
[0m[48;2;40;67;43m[39m+     7[39m:[39m[48;2;24;38;30m [38;2;192;197;206m  - Conversion needed: No (standard SQL)[K
[0m[48;2;40;67;43m[39m+     8[39m:[39m[48;2;24;38;30m [K
[0m[48;2;40;67;43m[39m+     9[39m:[39m[48;2;24;38;30m [38;2;192;197;206m2. getOrdersByUsername:[K
[0m[48;2;40;67;43m[39m+    10[39m:[39m[48;2;24;38;30m [38;2;192;197;206m  - Type: SELECT query[K
[0m[48;2;40;67;43m[39m+    11[39m:[39m[48;2;24;38;30m [38;2;192;197;206m  - Contains: JOIN between ORDERS and ORDERSTATUS tables with ORDER BY clause[K
[0m[48;2;40;67;43m[39m+    12[39m:[39m[48;2;24;38;30m [38;2;192;197;206m  - Oracle-specific features: None detected[K
[0m[48;2;40;67;43m[39m+    13[39m:[39m[48;2;24;38;30m [38;2;192;197;206m  - Conversion needed: No (standard SQL)[K
[0m[48;2;40;67;43m[39m+    14[39m:[39m[48;2;24;38;30m [K
[0m[48;2;40;67;43m[39m+    15[39m:[39m[48;2;24;38;30m [38;2;192;197;206m3. insertOrder:[K
[0m[48;2;40;67;43m[39m+    16[39m:[39m[48;2;24;38;30m [38;2;192;197;206m  - Type: INSERT query[K
[0m[48;2;40;67;43m[39m+    17[39m:[39m[48;2;24;38;30m [38;2;192;197;206m  - Contains: Standard INSERT with parameterized values[K
[0m[48;2;40;67;43m[39m+    18[39m:[39m[48;2;24;38;30m [38;2;192;197;206m  - Oracle-specific features: None detected[K
[0m[48;2;40;67;43m[39m+    19[39m:[39m[48;2;24;38;30m [38;2;192;197;206m  - Conversion needed: No (standard SQL)[K
[0m[48;2;40;67;43m[39m+    20[39m:[39m[48;2;24;38;30m [K
[0m[48;2;40;67;43m[39m+    21[39m:[39m[48;2;24;38;30m [38;2;192;197;206m4. insertOrderStatus:[K
[0m[48;2;40;67;43m[39m+    22[39m:[39m[48;2;24;38;30m [38;2;192;197;206m  - Type: INSERT query[K
[0m[48;2;40;67;43m[39m+    23[39m:[39m[48;2;24;38;30m [38;2;192;197;206m  - Contains: Standard INSERT with JDBC type specifications[K
[0m[48;2;40;67;43m[39m+    24[39m:[39m[48;2;24;38;30m [38;2;192;197;206m  - Oracle-specific features: jdbcType="NUMERIC" should be reviewed for PostgreSQL compatibility[K
[0m[48;2;40;67;43m[39m+    25[39m:[39m[48;2;24;38;30m [38;2;192;197;206m  - Conversion needed: Minor (JDBC type adjustments)[K
[0m[48;2;40;67;43m[39m+    26[39m:[39m[48;2;24;38;30m [K
[0m[48;2;40;67;43m[39m+    27[39m:[39m[48;2;24;38;30m [38;2;192;197;206mSummary:[K
[0m[48;2;40;67;43m[39m+    28[39m:[39m[48;2;24;38;30m [38;2;192;197;206m- All files contain standard SQL statements[K
[0m[48;2;40;67;43m[39m+    29[39m:[39m[48;2;24;38;30m [38;2;192;197;206m- No Oracle-specific functions or syntax detected[K
[0m[48;2;40;67;43m[39m+    30[39m:[39m[48;2;24;38;30m [38;2;192;197;206m- Minor JDBC type adjustments needed for PostgreSQL compatibility[K
[0m[48;2;40;67;43m[39m+    31[39m:[39m[48;2;24;38;30m [38;2;192;197;206m- No PL/SQL blocks found[K
[0m[48;2;40;67;43m[39m+    32[39m:[39m[48;2;24;38;30m [38;2;192;197;206m- All queries are straightforward and compatible with PostgreSQL[K
[0m[K
Creating: [38;5;10m/Users/changik/workspace/sample-oracle-modernization-accelerator/jpetstore-6/logs/application/SQLTransformTarget/mapper/OrderMapper_orcl/sql_analysis.txt[0m

 ⋮ 
[38;5;10m[1m ● Completed in 0.0s[39m

[0m[0m
[0m[0m
[38;5;13m🛠️  Using tool: fs_write[38;5;2m (trusted)[39m[39m
 ⋮ 
 ● Path: [38;5;10m../jpetstore-6/logs/application/SQLTransformTarget/mapper/OrderMapper_orcl/status.txt[0m

[48;2;79;40;40m[39m- 2   [39m:[39m[48;2;36;25;28m [38;2;192;197;206mStep 2: In Progress[K
[0m[48;2;40;67;43m[39m+    2[39m:[39m[48;2;24;38;30m [38;2;192;197;206mStep 2: Completed[K
[0m[K
Updating: [38;5;10m../jpetstore-6/logs/application/SQLTransformTarget/mapper/OrderMapper_orcl/status.txt[0m

 ⋮ 
[38;5;10m[1m ● Completed in 0.0s[39m

[38;5;13m[1m## Step 3: Perform Oracle to PostgreSQL conversion[0m[0m
[0m[0m
[38;5;13m🛠️  Using tool: fs_write[38;5;2m (trusted)[39m[39m
 ⋮ 
 ● Path: [38;5;10m../jpetstore-6/logs/application/SQLTransformTarget/mapper/OrderMapper_orcl/status.txt[0m

[48;2;79;40;40m[39m- 3   [39m:[39m[48;2;36;25;28m [38;2;192;197;206mStep 3: Not Started[K
[0m[48;2;40;67;43m[39m+    3[39m:[39m[48;2;24;38;30m [38;2;192;197;206mStep 3: In Progress[K
[0m[K
Updating: [38;5;10m../jpetstore-6/logs/application/SQLTransformTarget/mapper/OrderMapper_orcl/status.txt[0m

 ⋮ 
[38;5;10m[1m ● Completed in 0.0s[39m

Now I'll process each file individually. Let me start with the first file:[0m[0m
[0m[0m
[38;5;13m[1m### Converting OrderMapper_orcl-01-select-getOrder.xml[0m[0m
[0m[0m
[38;5;13m🛠️  Using tool: fs_write[38;5;2m (trusted)[39m[39m
 ⋮ 
 ● Path: [38;5;10m/Users/changik/workspace/sample-oracle-modernization-accelerator/jpetstore-6/logs/application/SQLTransformTarget/mapper/OrderMapper_orcl/transform/OrderMapper_pg-01-select-getOrder.xml[0m

[48;2;40;67;43m[39m+     1[39m:[39m[48;2;24;38;30m [38;2;192;197;206m<?[38;2;191;97;106mxml[38;2;192;197;206m [38;2;208;135;112mversion[38;2;192;197;206m=[38;2;192;197;206m"[38;2;163;190;140m1.0[38;2;192;197;206m"[38;2;192;197;206m [38;2;208;135;112mencoding[38;2;192;197;206m=[38;2;192;197;206m"[38;2;163;190;140mUTF-8[38;2;192;197;206m"[38;2;192;197;206m?>[K
[0m[48;2;40;67;43m[39m+     2[39m:[39m[48;2;24;38;30m [38;2;192;197;206m<![38;2;180;142;173mDOCTYPE[38;2;192;197;206m [38;2;191;97;106mmapper[38;2;192;197;206m PUBLIC "-//mybatis.org//DTD Mapper 3.0//EN"[K
[0m[48;2;40;67;43m[39m+     3[39m:[39m[48;2;24;38;30m [38;2;192;197;206m"http://mybatis.org/dtd/mybatis-3-mapper.dtd"[38;2;192;197;206m>[K
[0m[48;2;40;67;43m[39m+     4[39m:[39m[48;2;24;38;30m [38;2;192;197;206m<[38;2;191;97;106mmapper[38;2;192;197;206m [38;2;208;135;112mnamespace[38;2;192;197;206m=[38;2;192;197;206m"[38;2;163;190;140morg.mybatis.jpetstore.mapper.OrderMapper[38;2;192;197;206m"[38;2;192;197;206m>[K
[0m[48;2;40;67;43m[39m+     5[39m:[39m[48;2;24;38;30m [38;2;101;115;126m<!--[38;2;101;115;126m 2025-06-20 Amazon Q Developer : Converted Oracle SQL to PostgreSQL compatible SQL [38;2;101;115;126m-->[K
[0m[48;2;40;67;43m[39m+     6[39m:[39m[48;2;24;38;30m [38;2;192;197;206m<[38;2;191;97;106mselect[38;2;192;197;206m [38;2;208;135;112mid[38;2;192;197;206m=[38;2;192;197;206m"[38;2;163;190;140mgetOrder[38;2;192;197;206m"[38;2;192;197;206m [38;2;208;135;112mresultType[38;2;192;197;206m=[38;2;192;197;206m"[38;2;163;190;140mOrder[38;2;192;197;206m"[38;2;192;197;206m>[K
[0m[48;2;40;67;43m[39m+     7[39m:[39m[48;2;24;38;30m [38;2;192;197;206m    SELECT[K
[0m[48;2;40;67;43m[39m+     8[39m:[39m[48;2;24;38;30m [38;2;192;197;206m      ORDERS.BILLADDR1 AS billAddress1,[K
[0m[48;2;40;67;43m[39m+     9[39m:[39m[48;2;24;38;30m [38;2;192;197;206m      ORDERS.BILLADDR2 AS billAddress2,[K
[0m[48;2;40;67;43m[39m+    10[39m:[39m[48;2;24;38;30m [38;2;192;197;206m      ORDERS.BILLCITY,[K
[0m[48;2;40;67;43m[39m+    11[39m:[39m[48;2;24;38;30m [38;2;192;197;206m      ORDERS.BILLCOUNTRY,[K
[0m[48;2;40;67;43m[39m+    12[39m:[39m[48;2;24;38;30m [38;2;192;197;206m      ORDERS.BILLSTATE,[K
[0m[48;2;40;67;43m[39m+    13[39m:[39m[48;2;24;38;30m [38;2;192;197;206m      ORDERS.BILLTOFIRSTNAME,[K
[0m[48;2;40;67;43m[39m+    14[39m:[39m[48;2;24;38;30m [38;2;192;197;206m      ORDERS.BILLTOLASTNAME,[K
[0m[48;2;40;67;43m[39m+    15[39m:[39m[48;2;24;38;30m [38;2;192;197;206m      ORDERS.BILLZIP,[K
[0m[48;2;40;67;43m[39m+    16[39m:[39m[48;2;24;38;30m [38;2;192;197;206m      ORDERS.SHIPADDR1 AS shipAddress1,[K
[0m[48;2;40;67;43m[39m+    17[39m:[39m[48;2;24;38;30m [38;2;192;197;206m      ORDERS.SHIPADDR2 AS shipAddress2,[K
[0m[48;2;40;67;43m[39m+    18[39m:[39m[48;2;24;38;30m [38;2;192;197;206m      ORDERS.SHIPCITY,[K
[0m[48;2;40;67;43m[39m+    19[39m:[39m[48;2;24;38;30m [38;2;192;197;206m      ORDERS.SHIPCOUNTRY,[K
[0m[48;2;40;67;43m[39m+    20[39m:[39m[48;2;24;38;30m [38;2;192;197;206m      ORDERS.SHIPSTATE,[K
[0m[48;2;40;67;43m[39m+    21[39m:[39m[48;2;24;38;30m [38;2;192;197;206m      ORDERS.SHIPTOFIRSTNAME,[K
[0m[48;2;40;67;43m[39m+    22[39m:[39m[48;2;24;38;30m [38;2;192;197;206m      ORDERS.SHIPTOLASTNAME,[K
[0m[48;2;40;67;43m[39m+    23[39m:[39m[48;2;24;38;30m [38;2;192;197;206m      ORDERS.SHIPZIP,[K
[0m[48;2;40;67;43m[39m+    24[39m:[39m[48;2;24;38;30m [38;2;192;197;206m      ORDERS.CARDTYPE,[K
[0m[48;2;40;67;43m[39m+    25[39m:[39m[48;2;24;38;30m [38;2;192;197;206m      ORDERS.COURIER,[K
[0m[48;2;40;67;43m[39m+    26[39m:[39m[48;2;24;38;30m [38;2;192;197;206m      ORDERS.CREDITCARD,[K
[0m[48;2;40;67;43m[39m+    27[39m:[39m[48;2;24;38;30m [38;2;192;197;206m      ORDERS.EXPRDATE AS expiryDate,[K
[0m[48;2;40;67;43m[39m+    28[39m:[39m[48;2;24;38;30m [38;2;192;197;206m      ORDERS.LOCALE,[K
[0m[48;2;40;67;43m[39m+    29[39m:[39m[48;2;24;38;30m [38;2;192;197;206m      ORDERS.ORDERDATE,[K
[0m[48;2;40;67;43m[39m+    30[39m:[39m[48;2;24;38;30m [38;2;192;197;206m      ORDERS.ORDERID,[K
[0m[48;2;40;67;43m[39m+    31[39m:[39m[48;2;24;38;30m [38;2;192;197;206m      ORDERS.TOTALPRICE,[K
[0m[48;2;40;67;43m[39m+    32[39m:[39m[48;2;24;38;30m [38;2;192;197;206m      ORDERS.USERID AS username,[K
[0m[48;2;40;67;43m[39m+    33[39m:[39m[48;2;24;38;30m [38;2;192;197;206m      ORDERSTATUS.STATUS[K
[0m[48;2;40;67;43m[39m+    34[39m:[39m[48;2;24;38;30m [38;2;192;197;206m    FROM ORDERS, ORDERSTATUS[K
[0m[48;2;40;67;43m[39m+    35[39m:[39m[48;2;24;38;30m [38;2;192;197;206m    WHERE ORDERS.ORDERID = #{value}[K
[0m[48;2;40;67;43m[39m+    36[39m:[39m[48;2;24;38;30m [38;2;192;197;206m      AND ORDERS.ORDERID = ORDERSTATUS.ORDERID[K
[0m[48;2;40;67;43m[39m+    37[39m:[39m[48;2;24;38;30m [38;2;192;197;206m  [38;2;192;197;206m</[38;2;191;97;106mselect[38;2;192;197;206m>[K
[0m[48;2;40;67;43m[39m+    38[39m:[39m[48;2;24;38;30m [38;2;192;197;206m</[38;2;191;97;106mmapper[38;2;192;197;206m>[K
[0m[K
Creating: [38;5;10m/Users/changik/workspace/sample-oracle-modernization-accelerator/jpetstore-6/logs/application/SQLTransformTarget/mapper/OrderMapper_orcl/transform/OrderMapper_pg-01-select-getOrder.xml[0m

 ⋮ 
[38;5;10m[1m ● Completed in 0.0s[39m

[38;5;13m[1m### Converting OrderMapper_orcl-02-select-getOrdersByUsername.xml[0m[0m
[0m[0m
[38;5;13m🛠️  Using tool: fs_write[38;5;2m (trusted)[39m[39m
 ⋮ 
 ● Path: [38;5;10m/Users/changik/workspace/sample-oracle-modernization-accelerator/jpetstore-6/logs/application/SQLTransformTarget/mapper/OrderMapper_orcl/transform/OrderMapper_pg-02-select-getOrdersByUsername.xml[0m

[48;2;40;67;43m[39m+     1[39m:[39m[48;2;24;38;30m [38;2;192;197;206m<?[38;2;191;97;106mxml[38;2;192;197;206m [38;2;208;135;112mversion[38;2;192;197;206m=[38;2;192;197;206m"[38;2;163;190;140m1.0[38;2;192;197;206m"[38;2;192;197;206m [38;2;208;135;112mencoding[38;2;192;197;206m=[38;2;192;197;206m"[38;2;163;190;140mUTF-8[38;2;192;197;206m"[38;2;192;197;206m?>[K
[0m[48;2;40;67;43m[39m+     2[39m:[39m[48;2;24;38;30m [38;2;192;197;206m<![38;2;180;142;173mDOCTYPE[38;2;192;197;206m [38;2;191;97;106mmapper[38;2;192;197;206m PUBLIC "-//mybatis.org//DTD Mapper 3.0//EN"[K
[0m[48;2;40;67;43m[39m+     3[39m:[39m[48;2;24;38;30m [38;2;192;197;206m"http://mybatis.org/dtd/mybatis-3-mapper.dtd"[38;2;192;197;206m>[K
[0m[48;2;40;67;43m[39m+     4[39m:[39m[48;2;24;38;30m [38;2;192;197;206m<[38;2;191;97;106mmapper[38;2;192;197;206m [38;2;208;135;112mnamespace[38;2;192;197;206m=[38;2;192;197;206m"[38;2;163;190;140morg.mybatis.jpetstore.mapper.OrderMapper[38;2;192;197;206m"[38;2;192;197;206m>[K
[0m[48;2;40;67;43m[39m+     5[39m:[39m[48;2;24;38;30m [38;2;101;115;126m<!--[38;2;101;115;126m 2025-06-20 Amazon Q Developer : Converted Oracle SQL to PostgreSQL compatible SQL [38;2;101;115;126m-->[K
[0m[48;2;40;67;43m[39m+     6[39m:[39m[48;2;24;38;30m [38;2;192;197;206m<[38;2;191;97;106mselect[38;2;192;197;206m [38;2;208;135;112mid[38;2;192;197;206m=[38;2;192;197;206m"[38;2;163;190;140mgetOrdersByUsername[38;2;192;197;206m"[38;2;192;197;206m [38;2;208;135;112mresultType[38;2;192;197;206m=[38;2;192;197;206m"[38;2;163;190;140mOrder[38;2;192;197;206m"[38;2;192;197;206m>[K
[0m[48;2;40;67;43m[39m+     7[39m:[39m[48;2;24;38;30m [38;2;192;197;206m    SELECT[K
[0m[48;2;40;67;43m[39m+     8[39m:[39m[48;2;24;38;30m [38;2;192;197;206m      ORDERS.BILLADDR1 AS billAddress1,[K
[0m[48;2;40;67;43m[39m+     9[39m:[39m[48;2;24;38;30m [38;2;192;197;206m      ORDERS.BILLADDR2 AS billAddress2,[K
[0m[48;2;40;67;43m[39m+    10[39m:[39m[48;2;24;38;30m [38;2;192;197;206m      ORDERS.BILLCITY,[K
[0m[48;2;40;67;43m[39m+    11[39m:[39m[48;2;24;38;30m [38;2;192;197;206m      ORDERS.BILLCOUNTRY,[K
[0m[48;2;40;67;43m[39m+    12[39m:[39m[48;2;24;38;30m [38;2;192;197;206m      ORDERS.BILLSTATE,[K
[0m[48;2;40;67;43m[39m+    13[39m:[39m[48;2;24;38;30m [38;2;192;197;206m      ORDERS.BILLTOFIRSTNAME,[K
[0m[48;2;40;67;43m[39m+    14[39m:[39m[48;2;24;38;30m [38;2;192;197;206m      ORDERS.BILLTOLASTNAME,[K
[0m[48;2;40;67;43m[39m+    15[39m:[39m[48;2;24;38;30m [38;2;192;197;206m      ORDERS.BILLZIP,[K
[0m[48;2;40;67;43m[39m+    16[39m:[39m[48;2;24;38;30m [38;2;192;197;206m      ORDERS.SHIPADDR1 AS shipAddress1,[K
[0m[48;2;40;67;43m[39m+    17[39m:[39m[48;2;24;38;30m [38;2;192;197;206m      ORDERS.SHIPADDR2 AS shipAddress2,[K
[0m[48;2;40;67;43m[39m+    18[39m:[39m[48;2;24;38;30m [38;2;192;197;206m      ORDERS.SHIPCITY,[K
[0m[48;2;40;67;43m[39m+    19[39m:[39m[48;2;24;38;30m [38;2;192;197;206m      ORDERS.SHIPCOUNTRY,[K
[0m[48;2;40;67;43m[39m+    20[39m:[39m[48;2;24;38;30m [38;2;192;197;206m      ORDERS.SHIPSTATE,[K
[0m[48;2;40;67;43m[39m+    21[39m:[39m[48;2;24;38;30m [38;2;192;197;206m      ORDERS.SHIPTOFIRSTNAME,[K
[0m[48;2;40;67;43m[39m+    22[39m:[39m[48;2;24;38;30m [38;2;192;197;206m      ORDERS.SHIPTOLASTNAME,[K
[0m[48;2;40;67;43m[39m+    23[39m:[39m[48;2;24;38;30m [38;2;192;197;206m      ORDERS.SHIPZIP,[K
[0m[48;2;40;67;43m[39m+    24[39m:[39m[48;2;24;38;30m [38;2;192;197;206m      ORDERS.CARDTYPE,[K
[0m[48;2;40;67;43m[39m+    25[39m:[39m[48;2;24;38;30m [38;2;192;197;206m      ORDERS.COURIER,[K
[0m[48;2;40;67;43m[39m+    26[39m:[39m[48;2;24;38;30m [38;2;192;197;206m      ORDERS.CREDITCARD,[K
[0m[48;2;40;67;43m[39m+    27[39m:[39m[48;2;24;38;30m [38;2;192;197;206m      ORDERS.EXPRDATE AS expiryDate,[K
[0m[48;2;40;67;43m[39m+    28[39m:[39m[48;2;24;38;30m [38;2;192;197;206m      ORDERS.LOCALE,[K
[0m[48;2;40;67;43m[39m+    29[39m:[39m[48;2;24;38;30m [38;2;192;197;206m      ORDERS.ORDERDATE,[K
[0m[48;2;40;67;43m[39m+    30[39m:[39m[48;2;24;38;30m [38;2;192;197;206m      ORDERS.ORDERID,[K
[0m[48;2;40;67;43m[39m+    31[39m:[39m[48;2;24;38;30m [38;2;192;197;206m      ORDERS.TOTALPRICE,[K
[0m[48;2;40;67;43m[39m+    32[39m:[39m[48;2;24;38;30m [38;2;192;197;206m      ORDERS.USERID AS username,[K
[0m[48;2;40;67;43m[39m+    33[39m:[39m[48;2;24;38;30m [38;2;192;197;206m      ORDERSTATUS.STATUS[K
[0m[48;2;40;67;43m[39m+    34[39m:[39m[48;2;24;38;30m [38;2;192;197;206m    FROM ORDERS, ORDERSTATUS[K
[0m[48;2;40;67;43m[39m+    35[39m:[39m[48;2;24;38;30m [38;2;192;197;206m    WHERE ORDERS.USERID = #{value}[K
[0m[48;2;40;67;43m[39m+    36[39m:[39m[48;2;24;38;30m [38;2;192;197;206m      AND ORDERS.ORDERID = ORDERSTATUS.ORDERID[K
[0m[48;2;40;67;43m[39m+    37[39m:[39m[48;2;24;38;30m [38;2;192;197;206m    ORDER BY ORDERS.ORDERDATE[K
[0m[48;2;40;67;43m[39m+    38[39m:[39m[48;2;24;38;30m [38;2;192;197;206m  [38;2;192;197;206m</[38;2;191;97;106mselect[38;2;192;197;206m>[K
[0m[48;2;40;67;43m[39m+    39[39m:[39m[48;2;24;38;30m [38;2;192;197;206m</[38;2;191;97;106mmapper[38;2;192;197;206m>[K
[0m[K
Creating: [38;5;10m/Users/changik/workspace/sample-oracle-modernization-accelerator/jpetstore-6/logs/application/SQLTransformTarget/mapper/OrderMapper_orcl/transform/OrderMapper_pg-02-select-getOrdersByUsername.xml[0m

 ⋮ 
[38;5;10m[1m ● Completed in 0.0s[39m

[38;5;13m[1m### Converting OrderMapper_orcl-03-insert-insertOrder.xml[0m[0m
[0m[0m
[38;5;13m🛠️  Using tool: fs_write[38;5;2m (trusted)[39m[39m
 ⋮ 
 ● Path: [38;5;10m/Users/changik/workspace/sample-oracle-modernization-accelerator/jpetstore-6/logs/application/SQLTransformTarget/mapper/OrderMapper_orcl/transform/OrderMapper_pg-03-insert-insertOrder.xml[0m

[48;2;40;67;43m[39m+     1[39m:[39m[48;2;24;38;30m [38;2;192;197;206m<?[38;2;191;97;106mxml[38;2;192;197;206m [38;2;208;135;112mversion[38;2;192;197;206m=[38;2;192;197;206m"[38;2;163;190;140m1.0[38;2;192;197;206m"[38;2;192;197;206m [38;2;208;135;112mencoding[38;2;192;197;206m=[38;2;192;197;206m"[38;2;163;190;140mUTF-8[38;2;192;197;206m"[38;2;192;197;206m?>[K
[0m[48;2;40;67;43m[39m+     2[39m:[39m[48;2;24;38;30m [38;2;192;197;206m<![38;2;180;142;173mDOCTYPE[38;2;192;197;206m [38;2;191;97;106mmapper[38;2;192;197;206m PUBLIC "-//mybatis.org//DTD Mapper 3.0//EN"[K
[0m[48;2;40;67;43m[39m+     3[39m:[39m[48;2;24;38;30m [38;2;192;197;206m"http://mybatis.org/dtd/mybatis-3-mapper.dtd"[38;2;192;197;206m>[K
[0m[48;2;40;67;43m[39m+     4[39m:[39m[48;2;24;38;30m [38;2;192;197;206m<[38;2;191;97;106mmapper[38;2;192;197;206m [38;2;208;135;112mnamespace[38;2;192;197;206m=[38;2;192;197;206m"[38;2;163;190;140morg.mybatis.jpetstore.mapper.OrderMapper[38;2;192;197;206m"[38;2;192;197;206m>[K
[0m[48;2;40;67;43m[39m+     5[39m:[39m[48;2;24;38;30m [38;2;101;115;126m<!--[38;2;101;115;126m 2025-06-20 Amazon Q Developer : Converted Oracle SQL to PostgreSQL compatible SQL [38;2;101;115;126m-->[K
[0m[48;2;40;67;43m[39m+     6[39m:[39m[48;2;24;38;30m [38;2;192;197;206m<[38;2;191;97;106minsert[38;2;192;197;206m [38;2;208;135;112mid[38;2;192;197;206m=[38;2;192;197;206m"[38;2;163;190;140minsertOrder[38;2;192;197;206m"[38;2;192;197;206m>[K
[0m[48;2;40;67;43m[39m+     7[39m:[39m[48;2;24;38;30m [38;2;192;197;206m    INSERT INTO ORDERS (ORDERID, USERID, ORDERDATE, SHIPADDR1, SHIPADDR2, SHIPCITY, SHIPSTATE,[K
[0m[48;2;40;67;43m[39m+     8[39m:[39m[48;2;24;38;30m [38;2;192;197;206m      SHIPZIP, SHIPCOUNTRY, BILLADDR1, BILLADDR2, BILLCITY, BILLSTATE, BILLZIP, BILLCOUNTRY,[K
[0m[48;2;40;67;43m[39m+     9[39m:[39m[48;2;24;38;30m [38;2;192;197;206m      COURIER, TOTALPRICE, BILLTOFIRSTNAME, BILLTOLASTNAME, SHIPTOFIRSTNAME, SHIPTOLASTNAME,[K
[0m[48;2;40;67;43m[39m+    10[39m:[39m[48;2;24;38;30m [38;2;192;197;206m      CREDITCARD, EXPRDATE, CARDTYPE, LOCALE)[K
[0m[48;2;40;67;43m[39m+    11[39m:[39m[48;2;24;38;30m [38;2;192;197;206m    VALUES(#{orderId}, #{username}, #{orderDate}, #{shipAddress1}, #{shipAddress2,jdbcType=VARCHAR}, #{shipCity},[K
[0m[48;2;40;67;43m[39m+    12[39m:[39m[48;2;24;38;30m [38;2;192;197;206m      #{shipState}, #{shipZip}, #{shipCountry}, #{billAddress1}, #{billAddress2,jdbcType=VARCHAR}, #{billCity},[K
[0m[48;2;40;67;43m[39m+    13[39m:[39m[48;2;24;38;30m [38;2;192;197;206m      #{billState}, #{billZip}, #{billCountry}, #{courier}, #{totalPrice}, #{billToFirstName}, #{billToLastName},[K
[0m[48;2;40;67;43m[39m+    14[39m:[39m[48;2;24;38;30m [38;2;192;197;206m      #{shipToFirstName}, #{shipToLastName}, #{creditCard}, #{expiryDate}, #{cardType}, #{locale})[K
[0m[48;2;40;67;43m[39m+    15[39m:[39m[48;2;24;38;30m [38;2;192;197;206m  [38;2;192;197;206m</[38;2;191;97;106minsert[38;2;192;197;206m>[K
[0m[48;2;40;67;43m[39m+    16[39m:[39m[48;2;24;38;30m [38;2;192;197;206m</[38;2;191;97;106mmapper[38;2;192;197;206m>[K
[0m[K
Creating: [38;5;10m/Users/changik/workspace/sample-oracle-modernization-accelerator/jpetstore-6/logs/application/SQLTransformTarget/mapper/OrderMapper_orcl/transform/OrderMapper_pg-03-insert-insertOrder.xml[0m

 ⋮ 
[38;5;10m[1m ● Completed in 0.0s[39m

[38;5;13m[1m### Converting OrderMapper_orcl-04-insert-insertOrderStatus.xml[0m[0m
[0m[0m
[38;5;13m🛠️  Using tool: fs_write[38;5;2m (trusted)[39m[39m
 ⋮ 
 ● Path: [38;5;10m/Users/changik/workspace/sample-oracle-modernization-accelerator/jpetstore-6/logs/application/SQLTransformTarget/mapper/OrderMapper_orcl/transform/OrderMapper_pg-04-insert-insertOrderStatus.xml[0m

[48;2;40;67;43m[39m+     1[39m:[39m[48;2;24;38;30m [38;2;192;197;206m<?[38;2;191;97;106mxml[38;2;192;197;206m [38;2;208;135;112mversion[38;2;192;197;206m=[38;2;192;197;206m"[38;2;163;190;140m1.0[38;2;192;197;206m"[38;2;192;197;206m [38;2;208;135;112mencoding[38;2;192;197;206m=[38;2;192;197;206m"[38;2;163;190;140mUTF-8[38;2;192;197;206m"[38;2;192;197;206m?>[K
[0m[48;2;40;67;43m[39m+     2[39m:[39m[48;2;24;38;30m [38;2;192;197;206m<![38;2;180;142;173mDOCTYPE[38;2;192;197;206m [38;2;191;97;106mmapper[38;2;192;197;206m PUBLIC "-//mybatis.org//DTD Mapper 3.0//EN"[K
[0m[48;2;40;67;43m[39m+     3[39m:[39m[48;2;24;38;30m [38;2;192;197;206m"http://mybatis.org/dtd/mybatis-3-mapper.dtd"[38;2;192;197;206m>[K
[0m[48;2;40;67;43m[39m+     4[39m:[39m[48;2;24;38;30m [38;2;192;197;206m<[38;2;191;97;106mmapper[38;2;192;197;206m [38;2;208;135;112mnamespace[38;2;192;197;206m=[38;2;192;197;206m"[38;2;163;190;140morg.mybatis.jpetstore.mapper.OrderMapper[38;2;192;197;206m"[38;2;192;197;206m>[K
[0m[48;2;40;67;43m[39m+     5[39m:[39m[48;2;24;38;30m [38;2;101;115;126m<!--[38;2;101;115;126m 2025-06-20 Amazon Q Developer : Converted Oracle SQL to PostgreSQL compatible SQL [38;2;101;115;126m-->[K
[0m[48;2;40;67;43m[39m+     6[39m:[39m[48;2;24;38;30m [38;2;192;197;206m<[38;2;191;97;106minsert[38;2;192;197;206m [38;2;208;135;112mid[38;2;192;197;206m=[38;2;192;197;206m"[38;2;163;190;140minsertOrderStatus[38;2;192;197;206m"[38;2;192;197;206m>[K
[0m[48;2;40;67;43m[39m+     7[39m:[39m[48;2;24;38;30m [38;2;192;197;206m    INSERT INTO ORDERSTATUS (ORDERID, LINENUM, TIMESTAMP, STATUS)[K
[0m[48;2;40;67;43m[39m+     8[39m:[39m[48;2;24;38;30m [38;2;192;197;206m    VALUES (#{orderId,jdbcType=NUMERIC}, #{orderId,jdbcType=NUMERIC}, #{orderDate,jdbcType=TIMESTAMP}, #{status,jdbcType=VARCHAR})[K
[0m[48;2;40;67;43m[39m+     9[39m:[39m[48;2;24;38;30m [38;2;192;197;206m  [38;2;192;197;206m</[38;2;191;97;106minsert[38;2;192;197;206m>[K
[0m[48;2;40;67;43m[39m+    10[39m:[39m[48;2;24;38;30m [38;2;192;197;206m</[38;2;191;97;106mmapper[38;2;192;197;206m>[K
[0m[K
Creating: [38;5;10m/Users/changik/workspace/sample-oracle-modernization-accelerator/jpetstore-6/logs/application/SQLTransformTarget/mapper/OrderMapper_orcl/transform/OrderMapper_pg-04-insert-insertOrderStatus.xml[0m

 ⋮ 
[38;5;10m[1m ● Completed in 0.0s[39m

[0m[0m
[0m[0m
[38;5;13m🛠️  Using tool: fs_write[38;5;2m (trusted)[39m[39m
 ⋮ 
 ● Path: [38;5;10m../jpetstore-6/logs/application/SQLTransformTarget/mapper/OrderMapper_orcl/status.txt[0m

[48;2;79;40;40m[39m- 3   [39m:[39m[48;2;36;25;28m [38;2;192;197;206mStep 3: In Progress[K
[0m[48;2;40;67;43m[39m+    3[39m:[39m[48;2;24;38;30m [38;2;192;197;206mStep 3: Completed[K
[0m[K
Updating: [38;5;10m../jpetstore-6/logs/application/SQLTransformTarget/mapper/OrderMapper_orcl/status.txt[0m

 ⋮ 
[38;5;10m[1m ● Completed in 0.0s[39m

[38;5;13m[1m## Step 4: Perform xmllint validation[0m[0m
[0m[0m
[38;5;13m🛠️  Using tool: fs_write[38;5;2m (trusted)[39m[39m
 ⋮ 
 ● Path: [38;5;10m../jpetstore-6/logs/application/SQLTransformTarget/mapper/OrderMapper_orcl/status.txt[0m

[48;2;79;40;40m[39m- 4   [39m:[39m[48;2;36;25;28m [38;2;192;197;206mStep 4: Not Started[K
[0m[48;2;40;67;43m[39m+    4[39m:[39m[48;2;24;38;30m [38;2;192;197;206mStep 4: In Progress[K
[0m[K
Updating: [38;5;10m../jpetstore-6/logs/application/SQLTransformTarget/mapper/OrderMapper_orcl/status.txt[0m

 ⋮ 
[38;5;10m[1m ● Completed in 0.0s[39m

Let me verify the target files and validate them:[0m[0m
[0m[0m
[38;5;13m🛠️  Using tool: execute_bash[38;5;2m (trusted)[39m[39m
 ⋮ 
 ● I will run the following shell command: 
[38;5;10mls /Users/changik/workspace/sample-oracle-modernization-accelerator/jpetstore-6/logs/application/SQLTransformTarget/mapper/OrderMapper_orcl/transform/*_pg*.xml | sort
[0m ⋮ 
 ↳ [38;5;12mPurpose: [0mList converted PostgreSQL mapper files

/Users/changik/workspace/sample-oracle-modernization-accelerator/jpetstore-6/logs/application/SQLTransformTarget/mapper/OrderMapper_orcl/transform/OrderMapper_pg-01-select-getOrder.xml
/Users/changik/workspace/sample-oracle-modernization-accelerator/jpetstore-6/logs/application/SQLTransformTarget/mapper/OrderMapper_orcl/transform/OrderMapper_pg-02-select-getOrdersByUsername.xml
/Users/changik/workspace/sample-oracle-modernization-accelerator/jpetstore-6/logs/application/SQLTransformTarget/mapper/OrderMapper_orcl/transform/OrderMapper_pg-03-insert-insertOrder.xml
/Users/changik/workspace/sample-oracle-modernization-accelerator/jpetstore-6/logs/application/SQLTransformTarget/mapper/OrderMapper_orcl/transform/OrderMapper_pg-04-insert-insertOrderStatus.xml

 ⋮ 
[38;5;10m[1m ● Completed in 0.22s[39m

Now let me validate each XML file:[0m[0m
[0m[0m
[38;5;13m🛠️  Using tool: execute_bash[38;5;2m (trusted)[39m[39m
 ⋮ 
 ● I will run the following shell command: 
[38;5;10mxmllint --noout /Users/changik/workspace/sample-oracle-modernization-accelerator/jpetstore-6/logs/application/SQLTransformTarget/mapper/OrderMapper_orcl/transform/OrderMapper_pg-01-select-getOrder.xml 2>&1
[0m ⋮ 
 ↳ [38;5;12mPurpose: [0mValidate OrderMapper_pg-01-select-getOrder.xml


 ⋮ 
[38;5;10m[1m ● Completed in 0.20s[39m

[0m[0m
[0m[0m
[38;5;13m🛠️  Using tool: execute_bash[38;5;2m (trusted)[39m[39m
 ⋮ 
 ● I will run the following shell command: 
[38;5;10mxmllint --noout /Users/changik/workspace/sample-oracle-modernization-accelerator/jpetstore-6/logs/application/SQLTransformTarget/mapper/OrderMapper_orcl/transform/OrderMapper_pg-02-select-getOrdersByUsername.xml 2>&1
[0m ⋮ 
 ↳ [38;5;12mPurpose: [0mValidate OrderMapper_pg-02-select-getOrdersByUsername.xml


 ⋮ 
[38;5;10m[1m ● Completed in 0.17s[39m

[0m[0m
[0m[0m
[38;5;13m🛠️  Using tool: execute_bash[38;5;2m (trusted)[39m[39m
 ⋮ 
 ● I will run the following shell command: 
[38;5;10mxmllint --noout /Users/changik/workspace/sample-oracle-modernization-accelerator/jpetstore-6/logs/application/SQLTransformTarget/mapper/OrderMapper_orcl/transform/OrderMapper_pg-03-insert-insertOrder.xml 2>&1
[0m ⋮ 
 ↳ [38;5;12mPurpose: [0mValidate OrderMapper_pg-03-insert-insertOrder.xml


 ⋮ 
[38;5;10m[1m ● Completed in 0.15s[39m

[0m[0m
[0m[0m
[38;5;13m🛠️  Using tool: execute_bash[38;5;2m (trusted)[39m[39m
 ⋮ 
 ● I will run the following shell command: 
[38;5;10mxmllint --noout /Users/changik/workspace/sample-oracle-modernization-accelerator/jpetstore-6/logs/application/SQLTransformTarget/mapper/OrderMapper_orcl/transform/OrderMapper_pg-04-insert-insertOrderStatus.xml 2>&1
[0m ⋮ 
 ↳ [38;5;12mPurpose: [0mValidate OrderMapper_pg-04-insert-insertOrderStatus.xml


 ⋮ 
[38;5;10m[1m ● Completed in 0.18s[39m

Perfect! All XML files passed validation. Let me update the final status:[0m[0m
[0m[0m
[38;5;13m🛠️  Using tool: fs_write[38;5;2m (trusted)[39m[39m
 ⋮ 
 ● Path: [38;5;10m../jpetstore-6/logs/application/SQLTransformTarget/mapper/OrderMapper_orcl/status.txt[0m

[48;2;79;40;40m[39m- 4   [39m:[39m[48;2;36;25;28m [38;2;192;197;206mStep 4: In Progress[K
[0m[48;2;40;67;43m[39m+    4[39m:[39m[48;2;24;38;30m [38;2;192;197;206mStep 4: Completed[K
[0m[K
Updating: [38;5;10m../jpetstore-6/logs/application/SQLTransformTarget/mapper/OrderMapper_orcl/status.txt[0m

 ⋮ 
[38;5;10m[1m ● Completed in 0.0s[39m

[38;5;13m[1m## Conversion Summary[0m[0m
[0m[0m
I have successfully completed the Oracle to PostgreSQL MyBatis mapper conversion process for all OrderMapper files. Here's what was accomplished:[0m[0m
[0m[0m
[38;5;13m[1m### Files Processed:[0m[0m
1. [1mOrderMapper_orcl-01-select-getOrder.xml[22m → [1mOrderMapper_pg-01-select-getOrder.xml[22m[0m[0m
2. [1mOrderMapper_orcl-02-select-getOrdersByUsername.xml[22m → [1mOrderMapper_pg-02-select-getOrdersByUsername.xml[22m[0m[0m
3. [1mOrderMapper_orcl-03-insert-insertOrder.xml[22m → [1mOrderMapper_pg-03-insert-insertOrder.xml[22m[0m[0m
4. [1mOrderMapper_orcl-04-insert-insertOrderStatus.xml[22m → [1mOrderMapper_pg-04-insert-insertOrderStatus.xml[22m[0m[0m
[0m[0m
[38;5;13m[1m### Key Findings:[0m[0m
• All SQL statements were already PostgreSQL-compatible standard SQL[0m[0m
• No Oracle-specific functions or syntax were found[0m[0m
• No PL/SQL blocks required conversion[0m[0m
• JDBC types were maintained as they are compatible with PostgreSQL[0m[0m
[0m[0m
[38;5;13m[1m### Conversion Actions:[0m[0m
• Added conversion comments with timestamp to each file[0m[0m
• Preserved all original SQL structure and formatting[0m[0m
• Maintained all MyBatis parameter bindings (#{...} patterns)[0m[0m
• Kept all JDBC type specifications intact[0m[0m
• All XML files passed xmllint validation successfully[0m[0m
[0m[0m
[38;5;13m[1m### Status:[0m[0m
• **Step 1: Completed** - File list generation[0m[0m
• **Step 2: Completed** - SQL analysis [0m[0m
• **Step 3: Completed** - Oracle to PostgreSQL conversion[0m[0m
• **Step 4: Completed** - XML validation[0m[0m
[0m[0m
All converted files are now ready for use with PostgreSQL and have been validated for XML structure integrity. The conversion process followed the individual file processing methodology as
required, ensuring each file received proper attention and conversion treatment.[0m[0m
