I understand you want me to convert Oracle MyBatis SQL mapper files to PostgreSQL-compatible versions. I'll process each file individually following the detailed conversion rules you've 
provided.[0m[0m
[0m[0m
Let me start with Step 1 - generating the list of mapper files to be converted.[0m[0m
[0m[0m
[1mTool validation failed: [0m
[38;5;9mFailed to validate tool parameters: The provided path must exist in order to replace or insert contents into it
[39mLet me first check the current directory structure and create the status file:[0m[0m
[0m[0m
[38;5;13m🛠️  Using tool: fs_read[38;5;2m (trusted)[39m[39m
 ⋮ 
 ● Reading directory: [38;5;10m/Users/changik/workspace/sample-oracle-modernization-accelerator/jpetstore-6/logs/application/SQLTransformTarget/mapper/ProductMapper_orcl[0m with maximum depth of 0
 ⋮ 
[38;5;10m[1m ● Completed in 0.0s[39m

[0m[0m
[0m[0m
[38;5;13m🛠️  Using tool: fs_write[38;5;2m (trusted)[39m[39m
 ⋮ 
 ● Path: [38;5;10m/Users/changik/workspace/sample-oracle-modernization-accelerator/jpetstore-6/logs/application/SQLTransformTarget/mapper/ProductMapper_orcl/status.txt[0m

[48;2;40;67;43m[39m+    1[39m:[39m[48;2;24;38;30m [38;2;192;197;206mStep 1: In Progress[K
[0m[48;2;40;67;43m[39m+    2[39m:[39m[48;2;24;38;30m [38;2;192;197;206mStep 2: Not Started[K
[0m[48;2;40;67;43m[39m+    3[39m:[39m[48;2;24;38;30m [38;2;192;197;206mStep 3: Not Started[K
[0m[48;2;40;67;43m[39m+    4[39m:[39m[48;2;24;38;30m [38;2;192;197;206mStep 4: Not Started[K
[0m[K
Creating: [38;5;10m/Users/changik/workspace/sample-oracle-modernization-accelerator/jpetstore-6/logs/application/SQLTransformTarget/mapper/ProductMapper_orcl/status.txt[0m

 ⋮ 
[38;5;10m[1m ● Completed in 0.0s[39m

Now let me check the extract directory to find the Oracle mapper files:[0m[0m
[0m[0m
[38;5;13m🛠️  Using tool: execute_bash[38;5;2m (trusted)[39m[39m
 ⋮ 
 ● I will run the following shell command: 
[38;5;10mcd /Users/changik/workspace/sample-oracle-modernization-accelerator/jpetstore-6/logs/application/SQLTransformTarget/mapper/ProductMapper_orcl/extract && ls *_orcl* | sort
[0m ⋮ 
 ↳ [38;5;12mPurpose: [0mList Oracle mapper files in extract directory

ProductMapper_orcl-01-select-getProduct.xml
ProductMapper_orcl-02-select-getProductListByCategory.xml
ProductMapper_orcl-03-select-searchProductList.xml

 ⋮ 
[38;5;10m[1m ● Completed in 0.20s[39m

Perfect! I found 3 Oracle mapper files. Let me update the status to completed for Step 1:[0m[0m
[0m[0m
[38;5;13m🛠️  Using tool: fs_write[38;5;2m (trusted)[39m[39m
 ⋮ 
 ● Path: [38;5;10m../jpetstore-6/logs/application/SQLTransformTarget/mapper/ProductMapper_orcl/status.txt[0m

[48;2;79;40;40m[39m- 1   [39m:[39m[48;2;36;25;28m [38;2;192;197;206mStep 1: In Progress[K
[0m[48;2;40;67;43m[39m+    1[39m:[39m[48;2;24;38;30m [38;2;192;197;206mStep 1: Completed[K
[0m[K
Updating: [38;5;10m../jpetstore-6/logs/application/SQLTransformTarget/mapper/ProductMapper_orcl/status.txt[0m

 ⋮ 
[38;5;10m[1m ● Completed in 0.0s[39m

Now let's proceed to Step 2 - Analyzing SQL for all Oracle mapper files:[0m[0m
[0m[0m
[38;5;13m🛠️  Using tool: fs_write[38;5;2m (trusted)[39m[39m
 ⋮ 
 ● Path: [38;5;10m../jpetstore-6/logs/application/SQLTransformTarget/mapper/ProductMapper_orcl/status.txt[0m

[48;2;79;40;40m[39m- 2   [39m:[39m[48;2;36;25;28m [38;2;192;197;206mStep 2: Not Started[K
[0m[48;2;40;67;43m[39m+    2[39m:[39m[48;2;24;38;30m [38;2;192;197;206mStep 2: In Progress[K
[0m[K
Updating: [38;5;10m../jpetstore-6/logs/application/SQLTransformTarget/mapper/ProductMapper_orcl/status.txt[0m

 ⋮ 
[38;5;10m[1m ● Completed in 0.0s[39m

Let me analyze each Oracle mapper file individually:[0m[0m
[0m[0m
[38;5;13m🛠️  Using tool: fs_read[38;5;2m (trusted)[39m[39m
 ⋮ 
 ● Reading file: [38;5;10m/Users/changik/workspace/sample-oracle-modernization-accelerator/jpetstore-6/logs/application/SQLTransformTarget/mapper/ProductMapper_orcl/extract/ProductMapper_orcl-01-select-getProduct.xml[0m, all lines
 ⋮ 
[38;5;10m[1m ● Completed in 0.0s[39m

[0m[0m
[0m[0m
[38;5;13m🛠️  Using tool: fs_read[38;5;2m (trusted)[39m[39m
 ⋮ 
 ● Reading file: [38;5;10m/Users/changik/workspace/sample-oracle-modernization-accelerator/jpetstore-6/logs/application/SQLTransformTarget/mapper/ProductMapper_orcl/extract/ProductMapper_orcl-02-select-getProductListByCategory.xml[0m, all lines
 ⋮ 
[38;5;10m[1m ● Completed in 0.0s[39m

[0m[0m
[0m[0m
[38;5;13m🛠️  Using tool: fs_read[38;5;2m (trusted)[39m[39m
 ⋮ 
 ● Reading file: [38;5;10m/Users/changik/workspace/sample-oracle-modernization-accelerator/jpetstore-6/logs/application/SQLTransformTarget/mapper/ProductMapper_orcl/extract/ProductMapper_orcl-03-select-searchProductList.xml[0m, all lines
 ⋮ 
[38;5;10m[1m ● Completed in 0.0s[39m

Now let me create the SQL analysis documentation:[0m[0m
[0m[0m
[38;5;13m🛠️  Using tool: fs_write[38;5;2m (trusted)[39m[39m
 ⋮ 
 ● Path: [38;5;10m/Users/changik/workspace/sample-oracle-modernization-accelerator/jpetstore-6/logs/application/SQLTransformTarget/mapper/ProductMapper_orcl/sql_analysis.txt[0m

[48;2;40;67;43m[39m+     1[39m:[39m[48;2;24;38;30m [38;2;192;197;206mSQL Analysis Results:[K
[0m[48;2;40;67;43m[39m+     2[39m:[39m[48;2;24;38;30m [K
[0m[48;2;40;67;43m[39m+     3[39m:[39m[48;2;24;38;30m [38;2;192;197;206m1. getProduct:[K
[0m[48;2;40;67;43m[39m+     4[39m:[39m[48;2;24;38;30m [38;2;192;197;206m  - Type: SELECT query[K
[0m[48;2;40;67;43m[39m+     5[39m:[39m[48;2;24;38;30m [38;2;192;197;206m  - Contains: Basic SELECT with WHERE clause using parameter binding[K
[0m[48;2;40;67;43m[39m+     6[39m:[39m[48;2;24;38;30m [38;2;192;197;206m  - Oracle-specific features: None[K
[0m[48;2;40;67;43m[39m+     7[39m:[39m[48;2;24;38;30m [38;2;192;197;206m  - Conversion needed: No[K
[0m[48;2;40;67;43m[39m+     8[39m:[39m[48;2;24;38;30m [K
[0m[48;2;40;67;43m[39m+     9[39m:[39m[48;2;24;38;30m [38;2;192;197;206m2. getProductListByCategory:[K
[0m[48;2;40;67;43m[39m+    10[39m:[39m[48;2;24;38;30m [38;2;192;197;206m  - Type: SELECT query[K
[0m[48;2;40;67;43m[39m+    11[39m:[39m[48;2;24;38;30m [38;2;192;197;206m  - Contains: Basic SELECT with WHERE clause using parameter binding[K
[0m[48;2;40;67;43m[39m+    12[39m:[39m[48;2;24;38;30m [38;2;192;197;206m  - Oracle-specific features: None[K
[0m[48;2;40;67;43m[39m+    13[39m:[39m[48;2;24;38;30m [38;2;192;197;206m  - Conversion needed: No[K
[0m[48;2;40;67;43m[39m+    14[39m:[39m[48;2;24;38;30m [K
[0m[48;2;40;67;43m[39m+    15[39m:[39m[48;2;24;38;30m [38;2;192;197;206m3. searchProductList:[K
[0m[48;2;40;67;43m[39m+    16[39m:[39m[48;2;24;38;30m [38;2;192;197;206m  - Type: SELECT query[K
[0m[48;2;40;67;43m[39m+    17[39m:[39m[48;2;24;38;30m [38;2;192;197;206m  - Contains: SELECT with LOWER function and LIKE operator using parameter binding[K
[0m[48;2;40;67;43m[39m+    18[39m:[39m[48;2;24;38;30m [38;2;192;197;206m  - Oracle-specific features: None[K
[0m[48;2;40;67;43m[39m+    19[39m:[39m[48;2;24;38;30m [38;2;192;197;206m  - Conversion needed: No[K
[0m[48;2;40;67;43m[39m+    20[39m:[39m[48;2;24;38;30m [K
[0m[48;2;40;67;43m[39m+    21[39m:[39m[48;2;24;38;30m [38;2;192;197;206mSummary:[K
[0m[48;2;40;67;43m[39m+    22[39m:[39m[48;2;24;38;30m [38;2;192;197;206m- Total files analyzed: 3[K
[0m[48;2;40;67;43m[39m+    23[39m:[39m[48;2;24;38;30m [38;2;192;197;206m- Files requiring conversion: 0[K
[0m[48;2;40;67;43m[39m+    24[39m:[39m[48;2;24;38;30m [38;2;192;197;206m- All queries are standard SQL compatible with both Oracle and PostgreSQL[K
[0m[48;2;40;67;43m[39m+    25[39m:[39m[48;2;24;38;30m [38;2;192;197;206m- No Oracle-specific functions, syntax, or features detected[K
[0m[48;2;40;67;43m[39m+    26[39m:[39m[48;2;24;38;30m [38;2;192;197;206m- All parameter bindings use MyBatis #{} syntax which is database-agnostic[K
[0m[K
Creating: [38;5;10m/Users/changik/workspace/sample-oracle-modernization-accelerator/jpetstore-6/logs/application/SQLTransformTarget/mapper/ProductMapper_orcl/sql_analysis.txt[0m

 ⋮ 
[38;5;10m[1m ● Completed in 0.0s[39m

[0m[0m
[0m[0m
[38;5;13m🛠️  Using tool: fs_write[38;5;2m (trusted)[39m[39m
 ⋮ 
 ● Path: [38;5;10m../jpetstore-6/logs/application/SQLTransformTarget/mapper/ProductMapper_orcl/status.txt[0m

[48;2;79;40;40m[39m- 2   [39m:[39m[48;2;36;25;28m [38;2;192;197;206mStep 2: In Progress[K
[0m[48;2;40;67;43m[39m+    2[39m:[39m[48;2;24;38;30m [38;2;192;197;206mStep 2: Completed[K
[0m[K
Updating: [38;5;10m../jpetstore-6/logs/application/SQLTransformTarget/mapper/ProductMapper_orcl/status.txt[0m

 ⋮ 
[38;5;10m[1m ● Completed in 0.0s[39m

Now let's proceed to Step 3 - Performing Oracle to PostgreSQL conversion. Even though the analysis shows no Oracle-specific features, I'll still process each file individually to create 
PostgreSQL versions:[0m[0m
[0m[0m
[38;5;13m🛠️  Using tool: fs_write[38;5;2m (trusted)[39m[39m
 ⋮ 
 ● Path: [38;5;10m../jpetstore-6/logs/application/SQLTransformTarget/mapper/ProductMapper_orcl/status.txt[0m

[48;2;79;40;40m[39m- 3   [39m:[39m[48;2;36;25;28m [38;2;192;197;206mStep 3: Not Started[K
[0m[48;2;40;67;43m[39m+    3[39m:[39m[48;2;24;38;30m [38;2;192;197;206mStep 3: In Progress[K
[0m[K
Updating: [38;5;10m../jpetstore-6/logs/application/SQLTransformTarget/mapper/ProductMapper_orcl/status.txt[0m

 ⋮ 
[38;5;10m[1m ● Completed in 0.0s[39m

Let me process each file individually. Starting with the first file:[0m[0m
[0m[0m
[38;5;13m🛠️  Using tool: fs_write[38;5;2m (trusted)[39m[39m
 ⋮ 
 ● Path: [38;5;10m/Users/changik/workspace/sample-oracle-modernization-accelerator/jpetstore-6/logs/application/SQLTransformTarget/mapper/ProductMapper_orcl/transform/ProductMapper_pg-01-select-getProduct.xml[0m

[48;2;40;67;43m[39m+     1[39m:[39m[48;2;24;38;30m [38;2;192;197;206m<?[38;2;191;97;106mxml[38;2;192;197;206m [38;2;208;135;112mversion[38;2;192;197;206m=[38;2;192;197;206m"[38;2;163;190;140m1.0[38;2;192;197;206m"[38;2;192;197;206m [38;2;208;135;112mencoding[38;2;192;197;206m=[38;2;192;197;206m"[38;2;163;190;140mUTF-8[38;2;192;197;206m"[38;2;192;197;206m?>[K
[0m[48;2;40;67;43m[39m+     2[39m:[39m[48;2;24;38;30m [38;2;192;197;206m<![38;2;180;142;173mDOCTYPE[38;2;192;197;206m [38;2;191;97;106mmapper[38;2;192;197;206m PUBLIC "-//mybatis.org//DTD Mapper 3.0//EN"[K
[0m[48;2;40;67;43m[39m+     3[39m:[39m[48;2;24;38;30m [38;2;192;197;206m"http://mybatis.org/dtd/mybatis-3-mapper.dtd"[38;2;192;197;206m>[K
[0m[48;2;40;67;43m[39m+     4[39m:[39m[48;2;24;38;30m [38;2;192;197;206m<[38;2;191;97;106mmapper[38;2;192;197;206m [38;2;208;135;112mnamespace[38;2;192;197;206m=[38;2;192;197;206m"[38;2;163;190;140morg.mybatis.jpetstore.mapper.ProductMapper[38;2;192;197;206m"[38;2;192;197;206m>[K
[0m[48;2;40;67;43m[39m+     5[39m:[39m[48;2;24;38;30m [38;2;101;115;126m<!--[38;2;101;115;126m 2025-06-20 Amazon Q Developer : Converted Oracle SQL to PostgreSQL compatible SQL [38;2;101;115;126m-->[K
[0m[48;2;40;67;43m[39m+     6[39m:[39m[48;2;24;38;30m [38;2;192;197;206m<[38;2;191;97;106mselect[38;2;192;197;206m [38;2;208;135;112mid[38;2;192;197;206m=[38;2;192;197;206m"[38;2;163;190;140mgetProduct[38;2;192;197;206m"[38;2;192;197;206m [38;2;208;135;112mresultType[38;2;192;197;206m=[38;2;192;197;206m"[38;2;163;190;140mProduct[38;2;192;197;206m"[38;2;192;197;206m>[K
[0m[48;2;40;67;43m[39m+     7[39m:[39m[48;2;24;38;30m [38;2;192;197;206m    SELECT[K
[0m[48;2;40;67;43m[39m+     8[39m:[39m[48;2;24;38;30m [38;2;192;197;206m      PRODUCT.PRODUCTID,[K
[0m[48;2;40;67;43m[39m+     9[39m:[39m[48;2;24;38;30m [38;2;192;197;206m      PRODUCT.NAME,[K
[0m[48;2;40;67;43m[39m+    10[39m:[39m[48;2;24;38;30m [38;2;192;197;206m      PRODUCT.DESCN AS description,[K
[0m[48;2;40;67;43m[39m+    11[39m:[39m[48;2;24;38;30m [38;2;192;197;206m      PRODUCT.CATEGORY AS categoryId[K
[0m[48;2;40;67;43m[39m+    12[39m:[39m[48;2;24;38;30m [38;2;192;197;206m    FROM PRODUCT[K
[0m[48;2;40;67;43m[39m+    13[39m:[39m[48;2;24;38;30m [38;2;192;197;206m    WHERE PRODUCT.PRODUCTID = #{productId}[K
[0m[48;2;40;67;43m[39m+    14[39m:[39m[48;2;24;38;30m [38;2;192;197;206m  [38;2;192;197;206m</[38;2;191;97;106mselect[38;2;192;197;206m>[K
[0m[48;2;40;67;43m[39m+    15[39m:[39m[48;2;24;38;30m [38;2;192;197;206m</[38;2;191;97;106mmapper[38;2;192;197;206m>[K
[0m[K
Creating: [38;5;10m/Users/changik/workspace/sample-oracle-modernization-accelerator/jpetstore-6/logs/application/SQLTransformTarget/mapper/ProductMapper_orcl/transform/ProductMapper_pg-01-select-getProduct.xml[0m

 ⋮ 
[38;5;10m[1m ● Completed in 0.0s[39m

Now processing the second file:[0m[0m
[0m[0m
[38;5;13m🛠️  Using tool: fs_write[38;5;2m (trusted)[39m[39m
 ⋮ 
 ● Path: [38;5;10m/Users/changik/workspace/sample-oracle-modernization-accelerator/jpetstore-6/logs/application/SQLTransformTarget/mapper/ProductMapper_orcl/transform/ProductMapper_pg-02-select-getProductListByCategory.xml[0m

[48;2;40;67;43m[39m+     1[39m:[39m[48;2;24;38;30m [38;2;192;197;206m<?[38;2;191;97;106mxml[38;2;192;197;206m [38;2;208;135;112mversion[38;2;192;197;206m=[38;2;192;197;206m"[38;2;163;190;140m1.0[38;2;192;197;206m"[38;2;192;197;206m [38;2;208;135;112mencoding[38;2;192;197;206m=[38;2;192;197;206m"[38;2;163;190;140mUTF-8[38;2;192;197;206m"[38;2;192;197;206m?>[K
[0m[48;2;40;67;43m[39m+     2[39m:[39m[48;2;24;38;30m [38;2;192;197;206m<![38;2;180;142;173mDOCTYPE[38;2;192;197;206m [38;2;191;97;106mmapper[38;2;192;197;206m PUBLIC "-//mybatis.org//DTD Mapper 3.0//EN"[K
[0m[48;2;40;67;43m[39m+     3[39m:[39m[48;2;24;38;30m [38;2;192;197;206m"http://mybatis.org/dtd/mybatis-3-mapper.dtd"[38;2;192;197;206m>[K
[0m[48;2;40;67;43m[39m+     4[39m:[39m[48;2;24;38;30m [38;2;192;197;206m<[38;2;191;97;106mmapper[38;2;192;197;206m [38;2;208;135;112mnamespace[38;2;192;197;206m=[38;2;192;197;206m"[38;2;163;190;140morg.mybatis.jpetstore.mapper.ProductMapper[38;2;192;197;206m"[38;2;192;197;206m>[K
[0m[48;2;40;67;43m[39m+     5[39m:[39m[48;2;24;38;30m [38;2;101;115;126m<!--[38;2;101;115;126m 2025-06-20 Amazon Q Developer : Converted Oracle SQL to PostgreSQL compatible SQL [38;2;101;115;126m-->[K
[0m[48;2;40;67;43m[39m+     6[39m:[39m[48;2;24;38;30m [38;2;192;197;206m<[38;2;191;97;106mselect[38;2;192;197;206m [38;2;208;135;112mid[38;2;192;197;206m=[38;2;192;197;206m"[38;2;163;190;140mgetProductListByCategory[38;2;192;197;206m"[38;2;192;197;206m [38;2;208;135;112mresultType[38;2;192;197;206m=[38;2;192;197;206m"[38;2;163;190;140mProduct[38;2;192;197;206m"[38;2;192;197;206m>[K
[0m[48;2;40;67;43m[39m+     7[39m:[39m[48;2;24;38;30m [38;2;192;197;206m    SELECT[K
[0m[48;2;40;67;43m[39m+     8[39m:[39m[48;2;24;38;30m [38;2;192;197;206m      PRODUCT.PRODUCTID,[K
[0m[48;2;40;67;43m[39m+     9[39m:[39m[48;2;24;38;30m [38;2;192;197;206m      PRODUCT.NAME,[K
[0m[48;2;40;67;43m[39m+    10[39m:[39m[48;2;24;38;30m [38;2;192;197;206m      PRODUCT.DESCN AS description,[K
[0m[48;2;40;67;43m[39m+    11[39m:[39m[48;2;24;38;30m [38;2;192;197;206m      PRODUCT.CATEGORY AS categoryId[K
[0m[48;2;40;67;43m[39m+    12[39m:[39m[48;2;24;38;30m [38;2;192;197;206m    FROM PRODUCT[K
[0m[48;2;40;67;43m[39m+    13[39m:[39m[48;2;24;38;30m [38;2;192;197;206m    WHERE PRODUCT.CATEGORY = #{value}[K
[0m[48;2;40;67;43m[39m+    14[39m:[39m[48;2;24;38;30m [38;2;192;197;206m  [38;2;192;197;206m</[38;2;191;97;106mselect[38;2;192;197;206m>[K
[0m[48;2;40;67;43m[39m+    15[39m:[39m[48;2;24;38;30m [38;2;192;197;206m</[38;2;191;97;106mmapper[38;2;192;197;206m>[K
[0m[K
Creating: [38;5;10m/Users/changik/workspace/sample-oracle-modernization-accelerator/jpetstore-6/logs/application/SQLTransformTarget/mapper/ProductMapper_orcl/transform/ProductMapper_pg-02-select-getProductListByCategory.xml[0m

 ⋮ 
[38;5;10m[1m ● Completed in 0.0s[39m

Now processing the third file:[0m[0m
[0m[0m
[38;5;13m🛠️  Using tool: fs_write[38;5;2m (trusted)[39m[39m
 ⋮ 
 ● Path: [38;5;10m/Users/changik/workspace/sample-oracle-modernization-accelerator/jpetstore-6/logs/application/SQLTransformTarget/mapper/ProductMapper_orcl/transform/ProductMapper_pg-03-select-searchProductList.xml[0m

[48;2;40;67;43m[39m+     1[39m:[39m[48;2;24;38;30m [38;2;192;197;206m<?[38;2;191;97;106mxml[38;2;192;197;206m [38;2;208;135;112mversion[38;2;192;197;206m=[38;2;192;197;206m"[38;2;163;190;140m1.0[38;2;192;197;206m"[38;2;192;197;206m [38;2;208;135;112mencoding[38;2;192;197;206m=[38;2;192;197;206m"[38;2;163;190;140mUTF-8[38;2;192;197;206m"[38;2;192;197;206m?>[K
[0m[48;2;40;67;43m[39m+     2[39m:[39m[48;2;24;38;30m [38;2;192;197;206m<![38;2;180;142;173mDOCTYPE[38;2;192;197;206m [38;2;191;97;106mmapper[38;2;192;197;206m PUBLIC "-//mybatis.org//DTD Mapper 3.0//EN"[K
[0m[48;2;40;67;43m[39m+     3[39m:[39m[48;2;24;38;30m [38;2;192;197;206m"http://mybatis.org/dtd/mybatis-3-mapper.dtd"[38;2;192;197;206m>[K
[0m[48;2;40;67;43m[39m+     4[39m:[39m[48;2;24;38;30m [38;2;192;197;206m<[38;2;191;97;106mmapper[38;2;192;197;206m [38;2;208;135;112mnamespace[38;2;192;197;206m=[38;2;192;197;206m"[38;2;163;190;140morg.mybatis.jpetstore.mapper.ProductMapper[38;2;192;197;206m"[38;2;192;197;206m>[K
[0m[48;2;40;67;43m[39m+     5[39m:[39m[48;2;24;38;30m [38;2;101;115;126m<!--[38;2;101;115;126m 2025-06-20 Amazon Q Developer : Converted Oracle SQL to PostgreSQL compatible SQL [38;2;101;115;126m-->[K
[0m[48;2;40;67;43m[39m+     6[39m:[39m[48;2;24;38;30m [38;2;192;197;206m<[38;2;191;97;106mselect[38;2;192;197;206m [38;2;208;135;112mid[38;2;192;197;206m=[38;2;192;197;206m"[38;2;163;190;140msearchProductList[38;2;192;197;206m"[38;2;192;197;206m [38;2;208;135;112mresultType[38;2;192;197;206m=[38;2;192;197;206m"[38;2;163;190;140mProduct[38;2;192;197;206m"[38;2;192;197;206m>[K
[0m[48;2;40;67;43m[39m+     7[39m:[39m[48;2;24;38;30m [38;2;192;197;206m    SELECT[K
[0m[48;2;40;67;43m[39m+     8[39m:[39m[48;2;24;38;30m [38;2;192;197;206m      PRODUCT.PRODUCTID,[K
[0m[48;2;40;67;43m[39m+     9[39m:[39m[48;2;24;38;30m [38;2;192;197;206m      PRODUCT.NAME,[K
[0m[48;2;40;67;43m[39m+    10[39m:[39m[48;2;24;38;30m [38;2;192;197;206m      PRODUCT.DESCN AS description,[K
[0m[48;2;40;67;43m[39m+    11[39m:[39m[48;2;24;38;30m [38;2;192;197;206m      PRODUCT.CATEGORY AS categoryId[K
[0m[48;2;40;67;43m[39m+    12[39m:[39m[48;2;24;38;30m [38;2;192;197;206m    FROM PRODUCT[K
[0m[48;2;40;67;43m[39m+    13[39m:[39m[48;2;24;38;30m [38;2;192;197;206m    WHERE LOWER(PRODUCT.NAME) LIKE #{value}[K
[0m[48;2;40;67;43m[39m+    14[39m:[39m[48;2;24;38;30m [38;2;192;197;206m  [38;2;192;197;206m</[38;2;191;97;106mselect[38;2;192;197;206m>[K
[0m[48;2;40;67;43m[39m+    15[39m:[39m[48;2;24;38;30m [38;2;192;197;206m</[38;2;191;97;106mmapper[38;2;192;197;206m>[K
[0m[K
Creating: [38;5;10m/Users/changik/workspace/sample-oracle-modernization-accelerator/jpetstore-6/logs/application/SQLTransformTarget/mapper/ProductMapper_orcl/transform/ProductMapper_pg-03-select-searchProductList.xml[0m

 ⋮ 
[38;5;10m[1m ● Completed in 0.0s[39m

Let me verify all converted files were created successfully:[0m[0m
[0m[0m
[38;5;13m🛠️  Using tool: execute_bash[38;5;2m (trusted)[39m[39m
 ⋮ 
 ● I will run the following shell command: 
[38;5;10mcd /Users/changik/workspace/sample-oracle-modernization-accelerator/jpetstore-6/logs/application/SQLTransformTarget/mapper/ProductMapper_orcl/transform && ls *_pg*.xml | sort
[0m ⋮ 
 ↳ [38;5;12mPurpose: [0mList converted PostgreSQL mapper files

ProductMapper_pg-01-select-getProduct.xml
ProductMapper_pg-02-select-getProductListByCategory.xml
ProductMapper_pg-03-select-searchProductList.xml

 ⋮ 
[38;5;10m[1m ● Completed in 0.19s[39m

Perfect! All three files have been converted. Let me update the status for Step 3:[0m[0m
[0m[0m
[38;5;13m🛠️  Using tool: fs_write[38;5;2m (trusted)[39m[39m
 ⋮ 
 ● Path: [38;5;10m../jpetstore-6/logs/application/SQLTransformTarget/mapper/ProductMapper_orcl/status.txt[0m

[48;2;79;40;40m[39m- 3   [39m:[39m[48;2;36;25;28m [38;2;192;197;206mStep 3: In Progress[K
[0m[48;2;40;67;43m[39m+    3[39m:[39m[48;2;24;38;30m [38;2;192;197;206mStep 3: Completed[K
[0m[K
Updating: [38;5;10m../jpetstore-6/logs/application/SQLTransformTarget/mapper/ProductMapper_orcl/status.txt[0m

 ⋮ 
[38;5;10m[1m ● Completed in 0.0s[39m

Now let's proceed to Step 4 - XML validation using xmllint:[0m[0m
[0m[0m
[38;5;13m🛠️  Using tool: fs_write[38;5;2m (trusted)[39m[39m
 ⋮ 
 ● Path: [38;5;10m../jpetstore-6/logs/application/SQLTransformTarget/mapper/ProductMapper_orcl/status.txt[0m

[48;2;79;40;40m[39m- 4   [39m:[39m[48;2;36;25;28m [38;2;192;197;206mStep 4: Not Started[K
[0m[48;2;40;67;43m[39m+    4[39m:[39m[48;2;24;38;30m [38;2;192;197;206mStep 4: In Progress[K
[0m[K
Updating: [38;5;10m../jpetstore-6/logs/application/SQLTransformTarget/mapper/ProductMapper_orcl/status.txt[0m

 ⋮ 
[38;5;10m[1m ● Completed in 0.0s[39m

Let me validate each converted XML file individually:[0m[0m
[0m[0m
[38;5;13m🛠️  Using tool: execute_bash[38;5;2m (trusted)[39m[39m
 ⋮ 
 ● I will run the following shell command: 
[38;5;10mxmllint --noout /Users/changik/workspace/sample-oracle-modernization-accelerator/jpetstore-6/logs/application/SQLTransformTarget/mapper/ProductMapper_orcl/transform/ProductMapper_pg-01-select-getProduct.xml 2>&1
[0m ⋮ 
 ↳ [38;5;12mPurpose: [0mValidate first PostgreSQL mapper file


 ⋮ 
[38;5;10m[1m ● Completed in 0.18s[39m

[0m[0m
[0m[0m
[38;5;13m🛠️  Using tool: execute_bash[38;5;2m (trusted)[39m[39m
 ⋮ 
 ● I will run the following shell command: 
[38;5;10mxmllint --noout /Users/changik/workspace/sample-oracle-modernization-accelerator/jpetstore-6/logs/application/SQLTransformTarget/mapper/ProductMapper_orcl/transform/ProductMapper_pg-02-select-getProductListByCategory.xml 2>&1
[0m ⋮ 
 ↳ [38;5;12mPurpose: [0mValidate second PostgreSQL mapper file


 ⋮ 
[38;5;10m[1m ● Completed in 0.17s[39m

[0m[0m
[0m[0m
[38;5;13m🛠️  Using tool: execute_bash[38;5;2m (trusted)[39m[39m
 ⋮ 
 ● I will run the following shell command: 
[38;5;10mxmllint --noout /Users/changik/workspace/sample-oracle-modernization-accelerator/jpetstore-6/logs/application/SQLTransformTarget/mapper/ProductMapper_orcl/transform/ProductMapper_pg-03-select-searchProductList.xml 2>&1
[0m ⋮ 
 ↳ [38;5;12mPurpose: [0mValidate third PostgreSQL mapper file


 ⋮ 
[38;5;10m[1m ● Completed in 0.18s[39m

Excellent! All XML files passed validation. Let me update the final status:[0m[0m
[0m[0m
[38;5;13m🛠️  Using tool: fs_write[38;5;2m (trusted)[39m[39m
 ⋮ 
 ● Path: [38;5;10m../jpetstore-6/logs/application/SQLTransformTarget/mapper/ProductMapper_orcl/status.txt[0m

[48;2;79;40;40m[39m- 4   [39m:[39m[48;2;36;25;28m [38;2;192;197;206mStep 4: In Progress[K
[0m[48;2;40;67;43m[39m+    4[39m:[39m[48;2;24;38;30m [38;2;192;197;206mStep 4: Completed[K
[0m[K
Updating: [38;5;10m../jpetstore-6/logs/application/SQLTransformTarget/mapper/ProductMapper_orcl/status.txt[0m

 ⋮ 
[38;5;10m[1m ● Completed in 0.0s[39m

Let me verify the final status:[0m[0m
[0m[0m
[38;5;13m🛠️  Using tool: fs_read[38;5;2m (trusted)[39m[39m
 ⋮ 
 ● Reading file: [38;5;10m/Users/changik/workspace/sample-oracle-modernization-accelerator/jpetstore-6/logs/application/SQLTransformTarget/mapper/ProductMapper_orcl/status.txt[0m, all lines
 ⋮ 
[38;5;10m[1m ● Completed in 0.0s[39m

[38;5;13m[1m## Oracle to PostgreSQL MyBatis Mapper Conversion - COMPLETED[0m[0m
[0m[0m
I have successfully completed the conversion of all Oracle MyBatis mapper files to PostgreSQL-compatible versions. Here's a summary of what was accomplished:[0m[0m
[0m[0m
[38;5;13m[1m### **Step 1: File List Generation ✅**[0m[0m
• Found 3 Oracle mapper files in the extract directory:[0m[0m
  • [38;5;10mProductMapper_orcl-01-select-getProduct.xml[0m[0m[0m
  • [38;5;10mProductMapper_orcl-02-select-getProductListByCategory.xml[0m[0m[0m
  • [38;5;10mProductMapper_orcl-03-select-searchProductList.xml[0m[0m[0m
[0m[0m
[38;5;13m[1m### **Step 2: SQL Analysis ✅**[0m[0m
• Analyzed all 3 files individually[0m[0m
• **Key Finding**: All SQL queries are already PostgreSQL-compatible[0m[0m
• No Oracle-specific features detected (no ROWNUM, sequences, PL/SQL, etc.)[0m[0m
• All queries use standard SQL with MyBatis parameter binding[0m[0m
[0m[0m
[38;5;13m[1m### **Step 3: Oracle to PostgreSQL Conversion ✅**[0m[0m
• Processed each file individually (no bulk processing)[0m[0m
• Created PostgreSQL versions with [38;5;10m_pg[0m suffix:[0m[0m
  • [38;5;10mProductMapper_pg-01-select-getProduct.xml[0m[0m[0m
  • [38;5;10mProductMapper_pg-02-select-getProductListByCategory.xml[0m[0m[0m
  • [38;5;10mProductMapper_pg-03-select-searchProductList.xml[0m[0m[0m
• Added conversion comments with timestamp[0m[0m
• Preserved all XML structure and MyBatis syntax[0m[0m
[0m[0m
[38;5;13m[1m### **Step 4: XML Validation ✅**[0m[0m
• All 3 converted files passed xmllint validation[0m[0m
• No XML structure errors detected[0m[0m
• Files are ready for PostgreSQL deployment[0m[0m
[0m[0m
[38;5;13m[1m### **Conversion Details:**[0m[0m
• **No SQL modifications needed** - All queries were already database-agnostic[0m[0m
• **Preserved elements:**[0m[0m
  • MyBatis parameter bindings ([38;5;10m#{productId}[0m, [38;5;10m#{value}[0m)[0m[0m
  • XML structure and namespaces[0m[0m
  • Result type mappings[0m[0m
  • Query logic and formatting[0m[0m
[0m[0m
[38;5;13m[1m### **Files Ready for Use:**[0m[0m
All converted PostgreSQL mapper files are located in:[0m[0m
[38;5;10m/Users/changik/workspace/sample-oracle-modernization-accelerator/jpetstore-6/logs/application/SQLTransformTarget/mapper/ProductMapper_orcl/transform/[0m[0m[0m
[0m[0m
The conversion process followed all specified rules and completed successfully with full XML validation.[0m[0m
