2025-05-29 18:49:53,779 - INFO - Starting AP03.sqlTransformTarget.py
2025-05-29 18:49:53,779 - INFO - Application Name: jpetstore-6
2025-05-29 18:49:53,779 - INFO - OMA Base Directory: /home/ec2-user/environment/OMA
2025-05-29 18:49:53,779 - INFO - Assessment Folder: /home/ec2-user/environment/OMA/Application/jpetstore-6/Assessments
2025-05-29 18:49:53,779 - INFO - Transform Folder: /home/ec2-user/environment/OMA/Application/jpetstore-6/Transform
2025-05-29 18:49:53,779 - INFO - Transform Target List: /home/ec2-user/environment/OMA/Application/jpetstore-6/Transform/SQLTransformTarget.csv
2025-05-29 18:49:53,779 - INFO - Origin Suffix: _orcl
2025-05-29 18:49:53,779 - INFO - Transform Suffix: _pg
2025-05-29 18:49:53,779 - INFO - Test Mode: False
2025-05-29 18:49:53,779 - INFO - Thread Count: 1
2025-05-29 18:49:53,779 - INFO - Read 7 targets from /home/ec2-user/environment/OMA/Application/jpetstore-6/Transform/SQLTransformTarget.csv
2025-05-29 18:49:53,779 - DEBUG - Target list: ['/home/ec2-user/environment/jpetstore-6/src/main/resources/org/mybatis/jpetstore/mapper/OrderMapper.xml', '/home/ec2-user/environment/jpetstore-6/src/main/resources/org/mybatis/jpetstore/mapper/SequenceMapper.xml', '/home/ec2-user/environment/jpetstore-6/src/main/resources/org/mybatis/jpetstore/mapper/AccountMapper.xml', '/home/ec2-user/environment/jpetstore-6/src/main/resources/org/mybatis/jpetstore/mapper/ProductMapper.xml', '/home/ec2-user/environment/jpetstore-6/src/main/resources/org/mybatis/jpetstore/mapper/ItemMapper.xml', '/home/ec2-user/environment/jpetstore-6/src/main/resources/org/mybatis/jpetstore/mapper/CategoryMapper.xml', '/home/ec2-user/environment/jpetstore-6/src/main/resources/org/mybatis/jpetstore/mapper/LineItemMapper.xml']
2025-05-29 18:49:53,779 - INFO - Starting transformation with 1 threads
2025-05-29 18:49:53,779 - INFO - Processing 1/7 files
2025-05-29 18:49:53,780 - INFO - [ThreadPoolExecutor-0_0] Processing target file: /home/ec2-user/environment/jpetstore-6/src/main/resources/org/mybatis/jpetstore/mapper/OrderMapper.xml
2025-05-29 18:49:53,780 - DEBUG - Extracted subfolder structure: 
2025-05-29 18:49:53,780 - DEBUG - Directory ensured: /home/ec2-user/environment/OMA/Application/jpetstore-6/Transform/mapper/
2025-05-29 18:49:53,780 - INFO - Created folder structure: /home/ec2-user/environment/OMA/Application/jpetstore-6/Transform/mapper/
2025-05-29 18:49:53,780 - DEBUG - Directory ensured: /home/ec2-user/environment/OMA/Application/jpetstore-6/Transform/mapper
2025-05-29 18:49:53,780 - DEBUG - Copied file from /home/ec2-user/environment/jpetstore-6/src/main/resources/org/mybatis/jpetstore/mapper/OrderMapper.xml to /home/ec2-user/environment/OMA/Application/jpetstore-6/Transform/mapper/OrderMapper_orcl.xml
2025-05-29 18:49:53,780 - INFO - Copied /home/ec2-user/environment/jpetstore-6/src/main/resources/org/mybatis/jpetstore/mapper/OrderMapper.xml to /home/ec2-user/environment/OMA/Application/jpetstore-6/Transform/mapper/OrderMapper_orcl.xml
2025-05-29 18:49:53,780 - DEBUG - Target files list: ['/home/ec2-user/environment/OMA/Application/jpetstore-6/Transform/mapper/OrderMapper_orcl.xml']
2025-05-29 18:49:53,780 - DEBUG - Target file basename: OrderMapper_orcl
2025-05-29 18:49:53,780 - DEBUG - Directory ensured: /home/ec2-user/environment/OMA/Application/jpetstore-6/Transform/logs/mapper/OrderMapper_orcl/extract
2025-05-29 18:49:53,780 - INFO - Removing existing folder: /home/ec2-user/environment/OMA/Application/jpetstore-6/Transform/logs/mapper/OrderMapper_orcl/extract
2025-05-29 18:49:53,780 - DEBUG - Running command: python3 /home/ec2-user/environment/OMA/Application/jpetstore-6/Tools/AP03.xmlExtractor.py --input /home/ec2-user/environment/OMA/Application/jpetstore-6/Transform/mapper/OrderMapper_orcl.xml --output /home/ec2-user/environment/OMA/Application/jpetstore-6/Transform/logs/mapper/OrderMapper_orcl/extract --log-level=INFO
2025-05-29 18:49:53,812 - INFO - SUBPROCESS: Starting: Processing XML file 'OrderMapper_orcl.xml'
2025-05-29 18:49:53,812 - INFO - SUBPROCESS: Namespace: org.mybatis.jpetstore.mapper.OrderMapper
2025-05-29 18:49:53,812 - WARNING - SUBPROCESS: Could not find closing tag for: cache
2025-05-29 18:49:53,812 - WARNING - SUBPROCESS: Malformed XML structure: Missing closing tag for cache
2025-05-29 18:49:53,812 - INFO - SUBPROCESS: Extracted 4 Level1 elements
2025-05-29 18:49:53,812 - INFO - SUBPROCESS: Created file: OrderMapper_orcl-01-select-getOrder.xml
2025-05-29 18:49:53,812 - INFO - SUBPROCESS: Created file: OrderMapper_orcl-02-select-getOrdersByUsername.xml
2025-05-29 18:49:53,812 - INFO - SUBPROCESS: Created file: OrderMapper_orcl-03-insert-insertOrder.xml
2025-05-29 18:49:53,813 - INFO - SUBPROCESS: Created file: OrderMapper_orcl-04-insert-insertOrderStatus.xml
2025-05-29 18:49:53,813 - INFO - SUBPROCESS: Completed: Extracted 4 Level1 elements (time: 0.00 seconds)
2025-05-29 18:49:53,813 - INFO - Successfully extracted Level1 elements from /home/ec2-user/environment/OMA/Application/jpetstore-6/Transform/mapper/OrderMapper_orcl.xml
2025-05-29 18:49:53,813 - DEBUG - Extracted 4 Level1 elements
2025-05-29 18:49:53,813 - DEBUG - Directory ensured: /home/ec2-user/environment/OMA/Application/jpetstore-6/Transform/logs/mapper/OrderMapper_orcl/transform
2025-05-29 18:49:53,813 - INFO - Read prompt template from /home/ec2-user/environment/OMA/Application/jpetstore-6/Tools/AP03.SQLTransformTarget.txt
2025-05-29 18:49:53,813 - DEBUG - Prompt template processed for folder: /home/ec2-user/environment/OMA/Application/jpetstore-6/Transform/logs/mapper/OrderMapper_orcl
2025-05-29 18:49:53,813 - DEBUG - Replaced MAPPER_ORCLL1_DIR with /home/ec2-user/environment/OMA/Application/jpetstore-6/Transform/logs/mapper/OrderMapper_orcl/extract in prompt
2025-05-29 18:49:53,813 - DEBUG - Replaced MAPPER_PGL1_DIR with /home/ec2-user/environment/OMA/Application/jpetstore-6/Transform/logs/mapper/OrderMapper_orcl/transform in prompt
2025-05-29 18:49:53,813 - DEBUG - Replaced ORIGIN_SUFFIX with _orcl in prompt
2025-05-29 18:49:53,813 - DEBUG - Replaced TRANSFORM_SUFFIX with _pg in prompt
2025-05-29 18:49:53,813 - INFO - Created temporary prompt file: /home/ec2-user/environment/OMA/Application/jpetstore-6/Transform/logs/prompts/OrderMapper_orcl.prompt
2025-05-29 18:49:53,813 - INFO - Executing command: q chat --trust-all-tools --no-interactive < /home/ec2-user/environment/OMA/Application/jpetstore-6/Transform/logs/prompts/OrderMapper_orcl.prompt > /home/ec2-user/environment/OMA/Application/jpetstore-6/Transform/logs/qlogs/OrderMapper_orcl.log
2025-05-29 18:49:53,813 - INFO - Command saved to history: /home/ec2-user/environment/OMA/Application/jpetstore-6/Transform/logs/prompts/qchat_command_history.log
2025-05-29 18:55:18,135 - INFO - Command executed successfully for /home/ec2-user/environment/OMA/Application/jpetstore-6/Transform/logs/mapper/OrderMapper_orcl
2025-05-29 18:55:18,135 - DEBUG - Command output: 
2025-05-29 18:55:18,135 - DEBUG - Directory ensured: /home/ec2-user/environment/OMA/Application/jpetstore-6/Transform/logs/mapper/OrderMapper_orcl/merge
2025-05-29 18:55:18,135 - INFO - Merge file will be created at: /home/ec2-user/environment/OMA/Application/jpetstore-6/Transform/logs/mapper/OrderMapper_orcl/merge/OrderMapper.xml
2025-05-29 18:55:18,135 - DEBUG - Running command: python3 /home/ec2-user/environment/OMA/Application/jpetstore-6/Tools/AP03.xmlMerger.py --input /home/ec2-user/environment/OMA/Application/jpetstore-6/Transform/logs/mapper/OrderMapper_orcl/transform --output /home/ec2-user/environment/OMA/Application/jpetstore-6/Transform/logs/mapper/OrderMapper_orcl/merge/OrderMapper.xml --log-level=INFO
2025-05-29 18:55:18,170 - INFO - SUBPROCESS: Starting XML merge process from /home/ec2-user/environment/OMA/Application/jpetstore-6/Transform/logs/mapper/OrderMapper_orcl/transform to /home/ec2-user/environment/OMA/Application/jpetstore-6/Transform/logs/mapper/OrderMapper_orcl/merge/OrderMapper.xml
2025-05-29 18:55:18,170 - INFO - SUBPROCESS: Found 4 XML files to merge
2025-05-29 18:55:18,170 - INFO - SUBPROCESS: Using namespace: org.mybatis.jpetstore.mapper.OrderMapper
2025-05-29 18:55:18,170 - INFO - SUBPROCESS: Successfully wrote merged XML to /home/ec2-user/environment/OMA/Application/jpetstore-6/Transform/logs/mapper/OrderMapper_orcl/merge/OrderMapper.xml
2025-05-29 18:55:18,170 - INFO - SUBPROCESS: XML merge completed in 0.00 seconds
2025-05-29 18:55:18,170 - INFO - SUBPROCESS: XML merge process completed successfully
2025-05-29 18:55:18,170 - INFO - Successfully merged transformed files to /home/ec2-user/environment/OMA/Application/jpetstore-6/Transform/logs/mapper/OrderMapper_orcl/merge/OrderMapper.xml
2025-05-29 18:55:18,170 - DEBUG - Directory ensured: /home/ec2-user/environment/OMA/Application/jpetstore-6/Transform/mapper
2025-05-29 18:55:18,171 - DEBUG - Copied file from /home/ec2-user/environment/OMA/Application/jpetstore-6/Transform/logs/mapper/OrderMapper_orcl/merge/OrderMapper.xml to /home/ec2-user/environment/OMA/Application/jpetstore-6/Transform/mapper/OrderMapper.xml
2025-05-29 18:55:18,171 - INFO - Successfully copied final transformed file to /home/ec2-user/environment/OMA/Application/jpetstore-6/Transform/mapper/OrderMapper.xml
2025-05-29 18:55:18,171 - INFO - [ThreadPoolExecutor-0_0] Successfully transformed /home/ec2-user/environment/jpetstore-6/src/main/resources/org/mybatis/jpetstore/mapper/OrderMapper.xml to /home/ec2-user/environment/OMA/Application/jpetstore-6/Transform/mapper/OrderMapper.xml
2025-05-29 18:55:18,171 - INFO - [ThreadPoolExecutor-0_0] Processing target file: /home/ec2-user/environment/jpetstore-6/src/main/resources/org/mybatis/jpetstore/mapper/SequenceMapper.xml
2025-05-29 18:55:18,171 - DEBUG - Extracted subfolder structure: 
2025-05-29 18:55:18,171 - DEBUG - Directory ensured: /home/ec2-user/environment/OMA/Application/jpetstore-6/Transform/mapper/
2025-05-29 18:55:18,171 - INFO - Created folder structure: /home/ec2-user/environment/OMA/Application/jpetstore-6/Transform/mapper/
2025-05-29 18:55:18,171 - DEBUG - Directory ensured: /home/ec2-user/environment/OMA/Application/jpetstore-6/Transform/mapper
2025-05-29 18:55:18,171 - DEBUG - Copied file from /home/ec2-user/environment/jpetstore-6/src/main/resources/org/mybatis/jpetstore/mapper/SequenceMapper.xml to /home/ec2-user/environment/OMA/Application/jpetstore-6/Transform/mapper/SequenceMapper_orcl.xml
2025-05-29 18:55:18,171 - INFO - Copied /home/ec2-user/environment/jpetstore-6/src/main/resources/org/mybatis/jpetstore/mapper/SequenceMapper.xml to /home/ec2-user/environment/OMA/Application/jpetstore-6/Transform/mapper/SequenceMapper_orcl.xml
2025-05-29 18:55:18,171 - DEBUG - Target files list: ['/home/ec2-user/environment/OMA/Application/jpetstore-6/Transform/mapper/SequenceMapper_orcl.xml']
2025-05-29 18:55:18,171 - DEBUG - Target file basename: SequenceMapper_orcl
2025-05-29 18:55:18,171 - DEBUG - Directory ensured: /home/ec2-user/environment/OMA/Application/jpetstore-6/Transform/logs/mapper/SequenceMapper_orcl/extract
2025-05-29 18:55:18,171 - INFO - Removing existing folder: /home/ec2-user/environment/OMA/Application/jpetstore-6/Transform/logs/mapper/SequenceMapper_orcl/extract
2025-05-29 18:55:18,171 - DEBUG - Running command: python3 /home/ec2-user/environment/OMA/Application/jpetstore-6/Tools/AP03.xmlExtractor.py --input /home/ec2-user/environment/OMA/Application/jpetstore-6/Transform/mapper/SequenceMapper_orcl.xml --output /home/ec2-user/environment/OMA/Application/jpetstore-6/Transform/logs/mapper/SequenceMapper_orcl/extract --log-level=INFO
2025-05-29 18:55:18,203 - INFO - SUBPROCESS: Starting: Processing XML file 'SequenceMapper_orcl.xml'
2025-05-29 18:55:18,203 - INFO - SUBPROCESS: Namespace: org.mybatis.jpetstore.mapper.SequenceMapper
2025-05-29 18:55:18,203 - WARNING - SUBPROCESS: Could not find closing tag for: cache
2025-05-29 18:55:18,203 - WARNING - SUBPROCESS: Malformed XML structure: Missing closing tag for cache
2025-05-29 18:55:18,203 - INFO - SUBPROCESS: Extracted 2 Level1 elements
2025-05-29 18:55:18,203 - INFO - SUBPROCESS: Created file: SequenceMapper_orcl-01-select-getSequence.xml
2025-05-29 18:55:18,203 - INFO - SUBPROCESS: Created file: SequenceMapper_orcl-02-update-updateSequence.xml
2025-05-29 18:55:18,203 - INFO - SUBPROCESS: Completed: Extracted 2 Level1 elements (time: 0.00 seconds)
2025-05-29 18:55:18,203 - INFO - Successfully extracted Level1 elements from /home/ec2-user/environment/OMA/Application/jpetstore-6/Transform/mapper/SequenceMapper_orcl.xml
2025-05-29 18:55:18,203 - DEBUG - Extracted 2 Level1 elements
2025-05-29 18:55:18,203 - DEBUG - Directory ensured: /home/ec2-user/environment/OMA/Application/jpetstore-6/Transform/logs/mapper/SequenceMapper_orcl/transform
2025-05-29 18:55:18,203 - INFO - Read prompt template from /home/ec2-user/environment/OMA/Application/jpetstore-6/Tools/AP03.SQLTransformTarget.txt
2025-05-29 18:55:18,203 - DEBUG - Prompt template processed for folder: /home/ec2-user/environment/OMA/Application/jpetstore-6/Transform/logs/mapper/SequenceMapper_orcl
2025-05-29 18:55:18,203 - DEBUG - Replaced MAPPER_ORCLL1_DIR with /home/ec2-user/environment/OMA/Application/jpetstore-6/Transform/logs/mapper/SequenceMapper_orcl/extract in prompt
2025-05-29 18:55:18,203 - DEBUG - Replaced MAPPER_PGL1_DIR with /home/ec2-user/environment/OMA/Application/jpetstore-6/Transform/logs/mapper/SequenceMapper_orcl/transform in prompt
2025-05-29 18:55:18,203 - DEBUG - Replaced ORIGIN_SUFFIX with _orcl in prompt
2025-05-29 18:55:18,203 - DEBUG - Replaced TRANSFORM_SUFFIX with _pg in prompt
2025-05-29 18:55:18,203 - INFO - Created temporary prompt file: /home/ec2-user/environment/OMA/Application/jpetstore-6/Transform/logs/prompts/SequenceMapper_orcl.prompt
2025-05-29 18:55:18,203 - INFO - Executing command: q chat --trust-all-tools --no-interactive < /home/ec2-user/environment/OMA/Application/jpetstore-6/Transform/logs/prompts/SequenceMapper_orcl.prompt > /home/ec2-user/environment/OMA/Application/jpetstore-6/Transform/logs/qlogs/SequenceMapper_orcl.log
2025-05-29 18:55:18,204 - INFO - Command saved to history: /home/ec2-user/environment/OMA/Application/jpetstore-6/Transform/logs/prompts/qchat_command_history.log
2025-05-29 18:58:14,665 - INFO - Command executed successfully for /home/ec2-user/environment/OMA/Application/jpetstore-6/Transform/logs/mapper/SequenceMapper_orcl
2025-05-29 18:58:14,665 - DEBUG - Command output: 
2025-05-29 18:58:14,665 - DEBUG - Directory ensured: /home/ec2-user/environment/OMA/Application/jpetstore-6/Transform/logs/mapper/SequenceMapper_orcl/merge
2025-05-29 18:58:14,665 - INFO - Merge file will be created at: /home/ec2-user/environment/OMA/Application/jpetstore-6/Transform/logs/mapper/SequenceMapper_orcl/merge/SequenceMapper.xml
2025-05-29 18:58:14,665 - DEBUG - Running command: python3 /home/ec2-user/environment/OMA/Application/jpetstore-6/Tools/AP03.xmlMerger.py --input /home/ec2-user/environment/OMA/Application/jpetstore-6/Transform/logs/mapper/SequenceMapper_orcl/transform --output /home/ec2-user/environment/OMA/Application/jpetstore-6/Transform/logs/mapper/SequenceMapper_orcl/merge/SequenceMapper.xml --log-level=INFO
2025-05-29 18:58:14,699 - INFO - SUBPROCESS: Starting XML merge process from /home/ec2-user/environment/OMA/Application/jpetstore-6/Transform/logs/mapper/SequenceMapper_orcl/transform to /home/ec2-user/environment/OMA/Application/jpetstore-6/Transform/logs/mapper/SequenceMapper_orcl/merge/SequenceMapper.xml
2025-05-29 18:58:14,699 - INFO - SUBPROCESS: Found 2 XML files to merge
2025-05-29 18:58:14,699 - INFO - SUBPROCESS: Using namespace: org.mybatis.jpetstore.mapper.SequenceMapper
2025-05-29 18:58:14,699 - INFO - SUBPROCESS: Successfully wrote merged XML to /home/ec2-user/environment/OMA/Application/jpetstore-6/Transform/logs/mapper/SequenceMapper_orcl/merge/SequenceMapper.xml
2025-05-29 18:58:14,699 - INFO - SUBPROCESS: XML merge completed in 0.00 seconds
2025-05-29 18:58:14,699 - INFO - SUBPROCESS: XML merge process completed successfully
2025-05-29 18:58:14,699 - INFO - Successfully merged transformed files to /home/ec2-user/environment/OMA/Application/jpetstore-6/Transform/logs/mapper/SequenceMapper_orcl/merge/SequenceMapper.xml
2025-05-29 18:58:14,699 - DEBUG - Directory ensured: /home/ec2-user/environment/OMA/Application/jpetstore-6/Transform/mapper
2025-05-29 18:58:14,699 - DEBUG - Copied file from /home/ec2-user/environment/OMA/Application/jpetstore-6/Transform/logs/mapper/SequenceMapper_orcl/merge/SequenceMapper.xml to /home/ec2-user/environment/OMA/Application/jpetstore-6/Transform/mapper/SequenceMapper.xml
2025-05-29 18:58:14,699 - INFO - Successfully copied final transformed file to /home/ec2-user/environment/OMA/Application/jpetstore-6/Transform/mapper/SequenceMapper.xml
2025-05-29 18:58:14,699 - INFO - [ThreadPoolExecutor-0_0] Successfully transformed /home/ec2-user/environment/jpetstore-6/src/main/resources/org/mybatis/jpetstore/mapper/SequenceMapper.xml to /home/ec2-user/environment/OMA/Application/jpetstore-6/Transform/mapper/SequenceMapper.xml
2025-05-29 18:58:14,700 - INFO - [ThreadPoolExecutor-0_0] Processing target file: /home/ec2-user/environment/jpetstore-6/src/main/resources/org/mybatis/jpetstore/mapper/AccountMapper.xml
2025-05-29 18:58:14,700 - DEBUG - Extracted subfolder structure: 
2025-05-29 18:58:14,700 - DEBUG - Directory ensured: /home/ec2-user/environment/OMA/Application/jpetstore-6/Transform/mapper/
2025-05-29 18:58:14,700 - INFO - Created folder structure: /home/ec2-user/environment/OMA/Application/jpetstore-6/Transform/mapper/
2025-05-29 18:58:14,700 - DEBUG - Directory ensured: /home/ec2-user/environment/OMA/Application/jpetstore-6/Transform/mapper
2025-05-29 18:58:14,700 - DEBUG - Copied file from /home/ec2-user/environment/jpetstore-6/src/main/resources/org/mybatis/jpetstore/mapper/AccountMapper.xml to /home/ec2-user/environment/OMA/Application/jpetstore-6/Transform/mapper/AccountMapper_orcl.xml
2025-05-29 18:58:14,700 - INFO - Copied /home/ec2-user/environment/jpetstore-6/src/main/resources/org/mybatis/jpetstore/mapper/AccountMapper.xml to /home/ec2-user/environment/OMA/Application/jpetstore-6/Transform/mapper/AccountMapper_orcl.xml
2025-05-29 18:58:14,700 - DEBUG - Target files list: ['/home/ec2-user/environment/OMA/Application/jpetstore-6/Transform/mapper/AccountMapper_orcl.xml']
2025-05-29 18:58:14,700 - DEBUG - Target file basename: AccountMapper_orcl
2025-05-29 18:58:14,700 - DEBUG - Directory ensured: /home/ec2-user/environment/OMA/Application/jpetstore-6/Transform/logs/mapper/AccountMapper_orcl/extract
2025-05-29 18:58:14,700 - INFO - Removing existing folder: /home/ec2-user/environment/OMA/Application/jpetstore-6/Transform/logs/mapper/AccountMapper_orcl/extract
2025-05-29 18:58:14,700 - DEBUG - Running command: python3 /home/ec2-user/environment/OMA/Application/jpetstore-6/Tools/AP03.xmlExtractor.py --input /home/ec2-user/environment/OMA/Application/jpetstore-6/Transform/mapper/AccountMapper_orcl.xml --output /home/ec2-user/environment/OMA/Application/jpetstore-6/Transform/logs/mapper/AccountMapper_orcl/extract --log-level=INFO
2025-05-29 18:58:14,731 - INFO - SUBPROCESS: Starting: Processing XML file 'AccountMapper_orcl.xml'
2025-05-29 18:58:14,731 - INFO - SUBPROCESS: Namespace: org.mybatis.jpetstore.mapper.AccountMapper
2025-05-29 18:58:14,731 - INFO - SUBPROCESS: Extracted 8 Level1 elements
2025-05-29 18:58:14,731 - INFO - SUBPROCESS: Created file: AccountMapper_orcl-01-select-getAccountByUsername.xml
2025-05-29 18:58:14,731 - INFO - SUBPROCESS: Created file: AccountMapper_orcl-02-select-getAccountByUsernameAndPassword.xml
2025-05-29 18:58:14,731 - INFO - SUBPROCESS: Created file: AccountMapper_orcl-03-update-updateAccount.xml
2025-05-29 18:58:14,731 - INFO - SUBPROCESS: Created file: AccountMapper_orcl-04-insert-insertAccount.xml
2025-05-29 18:58:14,731 - INFO - SUBPROCESS: Created file: AccountMapper_orcl-05-update-updateProfile.xml
2025-05-29 18:58:14,731 - INFO - SUBPROCESS: Created file: AccountMapper_orcl-06-insert-insertProfile.xml
2025-05-29 18:58:14,731 - INFO - SUBPROCESS: Created file: AccountMapper_orcl-07-update-updateSignon.xml
2025-05-29 18:58:14,731 - INFO - SUBPROCESS: Created file: AccountMapper_orcl-08-insert-insertSignon.xml
2025-05-29 18:58:14,731 - INFO - SUBPROCESS: Completed: Extracted 8 Level1 elements (time: 0.00 seconds)
2025-05-29 18:58:14,732 - INFO - Successfully extracted Level1 elements from /home/ec2-user/environment/OMA/Application/jpetstore-6/Transform/mapper/AccountMapper_orcl.xml
2025-05-29 18:58:14,732 - DEBUG - Extracted 8 Level1 elements
2025-05-29 18:58:14,732 - DEBUG - Directory ensured: /home/ec2-user/environment/OMA/Application/jpetstore-6/Transform/logs/mapper/AccountMapper_orcl/transform
2025-05-29 18:58:14,732 - INFO - Read prompt template from /home/ec2-user/environment/OMA/Application/jpetstore-6/Tools/AP03.SQLTransformTarget.txt
2025-05-29 18:58:14,732 - DEBUG - Prompt template processed for folder: /home/ec2-user/environment/OMA/Application/jpetstore-6/Transform/logs/mapper/AccountMapper_orcl
2025-05-29 18:58:14,732 - DEBUG - Replaced MAPPER_ORCLL1_DIR with /home/ec2-user/environment/OMA/Application/jpetstore-6/Transform/logs/mapper/AccountMapper_orcl/extract in prompt
2025-05-29 18:58:14,732 - DEBUG - Replaced MAPPER_PGL1_DIR with /home/ec2-user/environment/OMA/Application/jpetstore-6/Transform/logs/mapper/AccountMapper_orcl/transform in prompt
2025-05-29 18:58:14,732 - DEBUG - Replaced ORIGIN_SUFFIX with _orcl in prompt
2025-05-29 18:58:14,732 - DEBUG - Replaced TRANSFORM_SUFFIX with _pg in prompt
2025-05-29 18:58:14,732 - INFO - Created temporary prompt file: /home/ec2-user/environment/OMA/Application/jpetstore-6/Transform/logs/prompts/AccountMapper_orcl.prompt
2025-05-29 18:58:14,732 - INFO - Executing command: q chat --trust-all-tools --no-interactive < /home/ec2-user/environment/OMA/Application/jpetstore-6/Transform/logs/prompts/AccountMapper_orcl.prompt > /home/ec2-user/environment/OMA/Application/jpetstore-6/Transform/logs/qlogs/AccountMapper_orcl.log
2025-05-29 18:58:14,732 - INFO - Command saved to history: /home/ec2-user/environment/OMA/Application/jpetstore-6/Transform/logs/prompts/qchat_command_history.log
2025-05-29 19:03:51,238 - INFO - Command executed successfully for /home/ec2-user/environment/OMA/Application/jpetstore-6/Transform/logs/mapper/AccountMapper_orcl
2025-05-29 19:03:51,238 - DEBUG - Command output: 
2025-05-29 19:03:51,238 - DEBUG - Directory ensured: /home/ec2-user/environment/OMA/Application/jpetstore-6/Transform/logs/mapper/AccountMapper_orcl/merge
2025-05-29 19:03:51,238 - INFO - Merge file will be created at: /home/ec2-user/environment/OMA/Application/jpetstore-6/Transform/logs/mapper/AccountMapper_orcl/merge/AccountMapper.xml
2025-05-29 19:03:51,238 - DEBUG - Running command: python3 /home/ec2-user/environment/OMA/Application/jpetstore-6/Tools/AP03.xmlMerger.py --input /home/ec2-user/environment/OMA/Application/jpetstore-6/Transform/logs/mapper/AccountMapper_orcl/transform --output /home/ec2-user/environment/OMA/Application/jpetstore-6/Transform/logs/mapper/AccountMapper_orcl/merge/AccountMapper.xml --log-level=INFO
2025-05-29 19:03:51,273 - INFO - SUBPROCESS: Starting XML merge process from /home/ec2-user/environment/OMA/Application/jpetstore-6/Transform/logs/mapper/AccountMapper_orcl/transform to /home/ec2-user/environment/OMA/Application/jpetstore-6/Transform/logs/mapper/AccountMapper_orcl/merge/AccountMapper.xml
2025-05-29 19:03:51,274 - INFO - SUBPROCESS: Found 8 XML files to merge
2025-05-29 19:03:51,274 - INFO - SUBPROCESS: Using namespace: org.mybatis.jpetstore.mapper.AccountMapper
2025-05-29 19:03:51,274 - INFO - SUBPROCESS: Successfully wrote merged XML to /home/ec2-user/environment/OMA/Application/jpetstore-6/Transform/logs/mapper/AccountMapper_orcl/merge/AccountMapper.xml
2025-05-29 19:03:51,274 - INFO - SUBPROCESS: XML merge completed in 0.00 seconds
2025-05-29 19:03:51,274 - INFO - SUBPROCESS: XML merge process completed successfully
2025-05-29 19:03:51,274 - INFO - Successfully merged transformed files to /home/ec2-user/environment/OMA/Application/jpetstore-6/Transform/logs/mapper/AccountMapper_orcl/merge/AccountMapper.xml
2025-05-29 19:03:51,274 - DEBUG - Directory ensured: /home/ec2-user/environment/OMA/Application/jpetstore-6/Transform/mapper
2025-05-29 19:03:51,274 - DEBUG - Copied file from /home/ec2-user/environment/OMA/Application/jpetstore-6/Transform/logs/mapper/AccountMapper_orcl/merge/AccountMapper.xml to /home/ec2-user/environment/OMA/Application/jpetstore-6/Transform/mapper/AccountMapper.xml
2025-05-29 19:03:51,274 - INFO - Successfully copied final transformed file to /home/ec2-user/environment/OMA/Application/jpetstore-6/Transform/mapper/AccountMapper.xml
2025-05-29 19:03:51,274 - INFO - [ThreadPoolExecutor-0_0] Successfully transformed /home/ec2-user/environment/jpetstore-6/src/main/resources/org/mybatis/jpetstore/mapper/AccountMapper.xml to /home/ec2-user/environment/OMA/Application/jpetstore-6/Transform/mapper/AccountMapper.xml
2025-05-29 19:03:51,274 - INFO - [ThreadPoolExecutor-0_0] Processing target file: /home/ec2-user/environment/jpetstore-6/src/main/resources/org/mybatis/jpetstore/mapper/ProductMapper.xml
2025-05-29 19:03:51,274 - DEBUG - Extracted subfolder structure: 
2025-05-29 19:03:51,274 - DEBUG - Directory ensured: /home/ec2-user/environment/OMA/Application/jpetstore-6/Transform/mapper/
2025-05-29 19:03:51,274 - INFO - Created folder structure: /home/ec2-user/environment/OMA/Application/jpetstore-6/Transform/mapper/
2025-05-29 19:03:51,274 - DEBUG - Directory ensured: /home/ec2-user/environment/OMA/Application/jpetstore-6/Transform/mapper
2025-05-29 19:03:51,275 - DEBUG - Copied file from /home/ec2-user/environment/jpetstore-6/src/main/resources/org/mybatis/jpetstore/mapper/ProductMapper.xml to /home/ec2-user/environment/OMA/Application/jpetstore-6/Transform/mapper/ProductMapper_orcl.xml
2025-05-29 19:03:51,275 - INFO - Copied /home/ec2-user/environment/jpetstore-6/src/main/resources/org/mybatis/jpetstore/mapper/ProductMapper.xml to /home/ec2-user/environment/OMA/Application/jpetstore-6/Transform/mapper/ProductMapper_orcl.xml
2025-05-29 19:03:51,275 - DEBUG - Target files list: ['/home/ec2-user/environment/OMA/Application/jpetstore-6/Transform/mapper/ProductMapper_orcl.xml']
2025-05-29 19:03:51,275 - DEBUG - Target file basename: ProductMapper_orcl
2025-05-29 19:03:51,275 - DEBUG - Directory ensured: /home/ec2-user/environment/OMA/Application/jpetstore-6/Transform/logs/mapper/ProductMapper_orcl/extract
2025-05-29 19:03:51,275 - INFO - Removing existing folder: /home/ec2-user/environment/OMA/Application/jpetstore-6/Transform/logs/mapper/ProductMapper_orcl/extract
2025-05-29 19:03:51,275 - DEBUG - Running command: python3 /home/ec2-user/environment/OMA/Application/jpetstore-6/Tools/AP03.xmlExtractor.py --input /home/ec2-user/environment/OMA/Application/jpetstore-6/Transform/mapper/ProductMapper_orcl.xml --output /home/ec2-user/environment/OMA/Application/jpetstore-6/Transform/logs/mapper/ProductMapper_orcl/extract --log-level=INFO
2025-05-29 19:03:51,306 - INFO - SUBPROCESS: Starting: Processing XML file 'ProductMapper_orcl.xml'
2025-05-29 19:03:51,306 - INFO - SUBPROCESS: Namespace: org.mybatis.jpetstore.mapper.ProductMapper
2025-05-29 19:03:51,306 - WARNING - SUBPROCESS: Could not find closing tag for: cache
2025-05-29 19:03:51,306 - WARNING - SUBPROCESS: Malformed XML structure: Missing closing tag for cache
2025-05-29 19:03:51,306 - INFO - SUBPROCESS: Extracted 3 Level1 elements
2025-05-29 19:03:51,306 - INFO - SUBPROCESS: Created file: ProductMapper_orcl-01-select-getProduct.xml
2025-05-29 19:03:51,306 - INFO - SUBPROCESS: Created file: ProductMapper_orcl-02-select-getProductListByCategory.xml
2025-05-29 19:03:51,306 - INFO - SUBPROCESS: Created file: ProductMapper_orcl-03-select-searchProductList.xml
2025-05-29 19:03:51,306 - INFO - SUBPROCESS: Completed: Extracted 3 Level1 elements (time: 0.00 seconds)
2025-05-29 19:03:51,306 - INFO - Successfully extracted Level1 elements from /home/ec2-user/environment/OMA/Application/jpetstore-6/Transform/mapper/ProductMapper_orcl.xml
2025-05-29 19:03:51,306 - DEBUG - Extracted 3 Level1 elements
2025-05-29 19:03:51,306 - DEBUG - Directory ensured: /home/ec2-user/environment/OMA/Application/jpetstore-6/Transform/logs/mapper/ProductMapper_orcl/transform
2025-05-29 19:03:51,306 - INFO - Read prompt template from /home/ec2-user/environment/OMA/Application/jpetstore-6/Tools/AP03.SQLTransformTarget.txt
2025-05-29 19:03:51,306 - DEBUG - Prompt template processed for folder: /home/ec2-user/environment/OMA/Application/jpetstore-6/Transform/logs/mapper/ProductMapper_orcl
2025-05-29 19:03:51,306 - DEBUG - Replaced MAPPER_ORCLL1_DIR with /home/ec2-user/environment/OMA/Application/jpetstore-6/Transform/logs/mapper/ProductMapper_orcl/extract in prompt
2025-05-29 19:03:51,307 - DEBUG - Replaced MAPPER_PGL1_DIR with /home/ec2-user/environment/OMA/Application/jpetstore-6/Transform/logs/mapper/ProductMapper_orcl/transform in prompt
2025-05-29 19:03:51,307 - DEBUG - Replaced ORIGIN_SUFFIX with _orcl in prompt
2025-05-29 19:03:51,307 - DEBUG - Replaced TRANSFORM_SUFFIX with _pg in prompt
2025-05-29 19:03:51,307 - INFO - Created temporary prompt file: /home/ec2-user/environment/OMA/Application/jpetstore-6/Transform/logs/prompts/ProductMapper_orcl.prompt
2025-05-29 19:03:51,307 - INFO - Executing command: q chat --trust-all-tools --no-interactive < /home/ec2-user/environment/OMA/Application/jpetstore-6/Transform/logs/prompts/ProductMapper_orcl.prompt > /home/ec2-user/environment/OMA/Application/jpetstore-6/Transform/logs/qlogs/ProductMapper_orcl.log
2025-05-29 19:03:51,307 - INFO - Command saved to history: /home/ec2-user/environment/OMA/Application/jpetstore-6/Transform/logs/prompts/qchat_command_history.log
2025-05-29 19:06:55,922 - INFO - Command executed successfully for /home/ec2-user/environment/OMA/Application/jpetstore-6/Transform/logs/mapper/ProductMapper_orcl
2025-05-29 19:06:55,922 - DEBUG - Command output: 
2025-05-29 19:06:55,923 - DEBUG - Directory ensured: /home/ec2-user/environment/OMA/Application/jpetstore-6/Transform/logs/mapper/ProductMapper_orcl/merge
2025-05-29 19:06:55,923 - INFO - Merge file will be created at: /home/ec2-user/environment/OMA/Application/jpetstore-6/Transform/logs/mapper/ProductMapper_orcl/merge/ProductMapper.xml
2025-05-29 19:06:55,923 - DEBUG - Running command: python3 /home/ec2-user/environment/OMA/Application/jpetstore-6/Tools/AP03.xmlMerger.py --input /home/ec2-user/environment/OMA/Application/jpetstore-6/Transform/logs/mapper/ProductMapper_orcl/transform --output /home/ec2-user/environment/OMA/Application/jpetstore-6/Transform/logs/mapper/ProductMapper_orcl/merge/ProductMapper.xml --log-level=INFO
2025-05-29 19:06:55,957 - INFO - SUBPROCESS: Starting XML merge process from /home/ec2-user/environment/OMA/Application/jpetstore-6/Transform/logs/mapper/ProductMapper_orcl/transform to /home/ec2-user/environment/OMA/Application/jpetstore-6/Transform/logs/mapper/ProductMapper_orcl/merge/ProductMapper.xml
2025-05-29 19:06:55,957 - INFO - SUBPROCESS: Found 3 XML files to merge
2025-05-29 19:06:55,957 - INFO - SUBPROCESS: Using namespace: org.mybatis.jpetstore.mapper.ProductMapper
2025-05-29 19:06:55,957 - INFO - SUBPROCESS: Successfully wrote merged XML to /home/ec2-user/environment/OMA/Application/jpetstore-6/Transform/logs/mapper/ProductMapper_orcl/merge/ProductMapper.xml
2025-05-29 19:06:55,957 - INFO - SUBPROCESS: XML merge completed in 0.00 seconds
2025-05-29 19:06:55,957 - INFO - SUBPROCESS: XML merge process completed successfully
2025-05-29 19:06:55,957 - INFO - Successfully merged transformed files to /home/ec2-user/environment/OMA/Application/jpetstore-6/Transform/logs/mapper/ProductMapper_orcl/merge/ProductMapper.xml
2025-05-29 19:06:55,957 - DEBUG - Directory ensured: /home/ec2-user/environment/OMA/Application/jpetstore-6/Transform/mapper
2025-05-29 19:06:55,957 - DEBUG - Copied file from /home/ec2-user/environment/OMA/Application/jpetstore-6/Transform/logs/mapper/ProductMapper_orcl/merge/ProductMapper.xml to /home/ec2-user/environment/OMA/Application/jpetstore-6/Transform/mapper/ProductMapper.xml
2025-05-29 19:06:55,957 - INFO - Successfully copied final transformed file to /home/ec2-user/environment/OMA/Application/jpetstore-6/Transform/mapper/ProductMapper.xml
2025-05-29 19:06:55,957 - INFO - [ThreadPoolExecutor-0_0] Successfully transformed /home/ec2-user/environment/jpetstore-6/src/main/resources/org/mybatis/jpetstore/mapper/ProductMapper.xml to /home/ec2-user/environment/OMA/Application/jpetstore-6/Transform/mapper/ProductMapper.xml
2025-05-29 19:06:55,957 - INFO - [ThreadPoolExecutor-0_0] Processing target file: /home/ec2-user/environment/jpetstore-6/src/main/resources/org/mybatis/jpetstore/mapper/ItemMapper.xml
2025-05-29 19:06:55,957 - DEBUG - Extracted subfolder structure: 
2025-05-29 19:06:55,957 - DEBUG - Directory ensured: /home/ec2-user/environment/OMA/Application/jpetstore-6/Transform/mapper/
2025-05-29 19:06:55,957 - INFO - Created folder structure: /home/ec2-user/environment/OMA/Application/jpetstore-6/Transform/mapper/
2025-05-29 19:06:55,957 - DEBUG - Directory ensured: /home/ec2-user/environment/OMA/Application/jpetstore-6/Transform/mapper
2025-05-29 19:06:55,958 - DEBUG - Copied file from /home/ec2-user/environment/jpetstore-6/src/main/resources/org/mybatis/jpetstore/mapper/ItemMapper.xml to /home/ec2-user/environment/OMA/Application/jpetstore-6/Transform/mapper/ItemMapper_orcl.xml
2025-05-29 19:06:55,958 - INFO - Copied /home/ec2-user/environment/jpetstore-6/src/main/resources/org/mybatis/jpetstore/mapper/ItemMapper.xml to /home/ec2-user/environment/OMA/Application/jpetstore-6/Transform/mapper/ItemMapper_orcl.xml
2025-05-29 19:06:55,958 - DEBUG - Target files list: ['/home/ec2-user/environment/OMA/Application/jpetstore-6/Transform/mapper/ItemMapper_orcl.xml']
2025-05-29 19:06:55,958 - DEBUG - Target file basename: ItemMapper_orcl
2025-05-29 19:06:55,958 - DEBUG - Directory ensured: /home/ec2-user/environment/OMA/Application/jpetstore-6/Transform/logs/mapper/ItemMapper_orcl/extract
2025-05-29 19:06:55,958 - INFO - Removing existing folder: /home/ec2-user/environment/OMA/Application/jpetstore-6/Transform/logs/mapper/ItemMapper_orcl/extract
2025-05-29 19:06:55,958 - DEBUG - Running command: python3 /home/ec2-user/environment/OMA/Application/jpetstore-6/Tools/AP03.xmlExtractor.py --input /home/ec2-user/environment/OMA/Application/jpetstore-6/Transform/mapper/ItemMapper_orcl.xml --output /home/ec2-user/environment/OMA/Application/jpetstore-6/Transform/logs/mapper/ItemMapper_orcl/extract --log-level=INFO
2025-05-29 19:06:55,989 - INFO - SUBPROCESS: Starting: Processing XML file 'ItemMapper_orcl.xml'
2025-05-29 19:06:55,989 - INFO - SUBPROCESS: Namespace: org.mybatis.jpetstore.mapper.ItemMapper
2025-05-29 19:06:55,989 - WARNING - SUBPROCESS: Could not find closing tag for: cache
2025-05-29 19:06:55,989 - WARNING - SUBPROCESS: Malformed XML structure: Missing closing tag for cache
2025-05-29 19:06:55,989 - INFO - SUBPROCESS: Extracted 4 Level1 elements
2025-05-29 19:06:55,989 - INFO - SUBPROCESS: Created file: ItemMapper_orcl-01-select-getItemListByProduct.xml
2025-05-29 19:06:55,989 - INFO - SUBPROCESS: Created file: ItemMapper_orcl-02-select-getItem.xml
2025-05-29 19:06:55,989 - INFO - SUBPROCESS: Created file: ItemMapper_orcl-03-select-getInventoryQuantity.xml
2025-05-29 19:06:55,989 - INFO - SUBPROCESS: Created file: ItemMapper_orcl-04-update-updateInventoryQuantity.xml
2025-05-29 19:06:55,989 - INFO - SUBPROCESS: Completed: Extracted 4 Level1 elements (time: 0.00 seconds)
2025-05-29 19:06:55,989 - INFO - Successfully extracted Level1 elements from /home/ec2-user/environment/OMA/Application/jpetstore-6/Transform/mapper/ItemMapper_orcl.xml
2025-05-29 19:06:55,989 - DEBUG - Extracted 4 Level1 elements
2025-05-29 19:06:55,989 - DEBUG - Directory ensured: /home/ec2-user/environment/OMA/Application/jpetstore-6/Transform/logs/mapper/ItemMapper_orcl/transform
2025-05-29 19:06:55,989 - INFO - Read prompt template from /home/ec2-user/environment/OMA/Application/jpetstore-6/Tools/AP03.SQLTransformTarget.txt
2025-05-29 19:06:55,990 - DEBUG - Prompt template processed for folder: /home/ec2-user/environment/OMA/Application/jpetstore-6/Transform/logs/mapper/ItemMapper_orcl
2025-05-29 19:06:55,990 - DEBUG - Replaced MAPPER_ORCLL1_DIR with /home/ec2-user/environment/OMA/Application/jpetstore-6/Transform/logs/mapper/ItemMapper_orcl/extract in prompt
2025-05-29 19:06:55,990 - DEBUG - Replaced MAPPER_PGL1_DIR with /home/ec2-user/environment/OMA/Application/jpetstore-6/Transform/logs/mapper/ItemMapper_orcl/transform in prompt
2025-05-29 19:06:55,990 - DEBUG - Replaced ORIGIN_SUFFIX with _orcl in prompt
2025-05-29 19:06:55,990 - DEBUG - Replaced TRANSFORM_SUFFIX with _pg in prompt
2025-05-29 19:06:55,990 - INFO - Created temporary prompt file: /home/ec2-user/environment/OMA/Application/jpetstore-6/Transform/logs/prompts/ItemMapper_orcl.prompt
2025-05-29 19:06:55,990 - INFO - Executing command: q chat --trust-all-tools --no-interactive < /home/ec2-user/environment/OMA/Application/jpetstore-6/Transform/logs/prompts/ItemMapper_orcl.prompt > /home/ec2-user/environment/OMA/Application/jpetstore-6/Transform/logs/qlogs/ItemMapper_orcl.log
2025-05-29 19:06:55,990 - INFO - Command saved to history: /home/ec2-user/environment/OMA/Application/jpetstore-6/Transform/logs/prompts/qchat_command_history.log
2025-05-29 19:10:19,083 - INFO - Command executed successfully for /home/ec2-user/environment/OMA/Application/jpetstore-6/Transform/logs/mapper/ItemMapper_orcl
2025-05-29 19:10:19,083 - DEBUG - Command output: 
2025-05-29 19:10:19,083 - DEBUG - Directory ensured: /home/ec2-user/environment/OMA/Application/jpetstore-6/Transform/logs/mapper/ItemMapper_orcl/merge
2025-05-29 19:10:19,084 - INFO - Merge file will be created at: /home/ec2-user/environment/OMA/Application/jpetstore-6/Transform/logs/mapper/ItemMapper_orcl/merge/ItemMapper.xml
2025-05-29 19:10:19,084 - DEBUG - Running command: python3 /home/ec2-user/environment/OMA/Application/jpetstore-6/Tools/AP03.xmlMerger.py --input /home/ec2-user/environment/OMA/Application/jpetstore-6/Transform/logs/mapper/ItemMapper_orcl/transform --output /home/ec2-user/environment/OMA/Application/jpetstore-6/Transform/logs/mapper/ItemMapper_orcl/merge/ItemMapper.xml --log-level=INFO
2025-05-29 19:10:19,119 - INFO - SUBPROCESS: Starting XML merge process from /home/ec2-user/environment/OMA/Application/jpetstore-6/Transform/logs/mapper/ItemMapper_orcl/transform to /home/ec2-user/environment/OMA/Application/jpetstore-6/Transform/logs/mapper/ItemMapper_orcl/merge/ItemMapper.xml
2025-05-29 19:10:19,119 - INFO - SUBPROCESS: Found 4 XML files to merge
2025-05-29 19:10:19,119 - INFO - SUBPROCESS: Using namespace: org.mybatis.jpetstore.mapper.ItemMapper
2025-05-29 19:10:19,119 - INFO - SUBPROCESS: Successfully wrote merged XML to /home/ec2-user/environment/OMA/Application/jpetstore-6/Transform/logs/mapper/ItemMapper_orcl/merge/ItemMapper.xml
2025-05-29 19:10:19,119 - INFO - SUBPROCESS: XML merge completed in 0.00 seconds
2025-05-29 19:10:19,119 - INFO - SUBPROCESS: XML merge process completed successfully
2025-05-29 19:10:19,119 - INFO - Successfully merged transformed files to /home/ec2-user/environment/OMA/Application/jpetstore-6/Transform/logs/mapper/ItemMapper_orcl/merge/ItemMapper.xml
2025-05-29 19:10:19,119 - DEBUG - Directory ensured: /home/ec2-user/environment/OMA/Application/jpetstore-6/Transform/mapper
2025-05-29 19:10:19,119 - DEBUG - Copied file from /home/ec2-user/environment/OMA/Application/jpetstore-6/Transform/logs/mapper/ItemMapper_orcl/merge/ItemMapper.xml to /home/ec2-user/environment/OMA/Application/jpetstore-6/Transform/mapper/ItemMapper.xml
2025-05-29 19:10:19,119 - INFO - Successfully copied final transformed file to /home/ec2-user/environment/OMA/Application/jpetstore-6/Transform/mapper/ItemMapper.xml
2025-05-29 19:10:19,119 - INFO - [ThreadPoolExecutor-0_0] Successfully transformed /home/ec2-user/environment/jpetstore-6/src/main/resources/org/mybatis/jpetstore/mapper/ItemMapper.xml to /home/ec2-user/environment/OMA/Application/jpetstore-6/Transform/mapper/ItemMapper.xml
2025-05-29 19:10:19,120 - INFO - [ThreadPoolExecutor-0_0] Processing target file: /home/ec2-user/environment/jpetstore-6/src/main/resources/org/mybatis/jpetstore/mapper/CategoryMapper.xml
2025-05-29 19:10:19,120 - DEBUG - Extracted subfolder structure: 
2025-05-29 19:10:19,120 - DEBUG - Directory ensured: /home/ec2-user/environment/OMA/Application/jpetstore-6/Transform/mapper/
2025-05-29 19:10:19,120 - INFO - Created folder structure: /home/ec2-user/environment/OMA/Application/jpetstore-6/Transform/mapper/
2025-05-29 19:10:19,120 - DEBUG - Directory ensured: /home/ec2-user/environment/OMA/Application/jpetstore-6/Transform/mapper
2025-05-29 19:10:19,120 - DEBUG - Copied file from /home/ec2-user/environment/jpetstore-6/src/main/resources/org/mybatis/jpetstore/mapper/CategoryMapper.xml to /home/ec2-user/environment/OMA/Application/jpetstore-6/Transform/mapper/CategoryMapper_orcl.xml
2025-05-29 19:10:19,120 - INFO - Copied /home/ec2-user/environment/jpetstore-6/src/main/resources/org/mybatis/jpetstore/mapper/CategoryMapper.xml to /home/ec2-user/environment/OMA/Application/jpetstore-6/Transform/mapper/CategoryMapper_orcl.xml
2025-05-29 19:10:19,120 - DEBUG - Target files list: ['/home/ec2-user/environment/OMA/Application/jpetstore-6/Transform/mapper/CategoryMapper_orcl.xml']
2025-05-29 19:10:19,120 - DEBUG - Target file basename: CategoryMapper_orcl
2025-05-29 19:10:19,120 - DEBUG - Directory ensured: /home/ec2-user/environment/OMA/Application/jpetstore-6/Transform/logs/mapper/CategoryMapper_orcl/extract
2025-05-29 19:10:19,120 - INFO - Removing existing folder: /home/ec2-user/environment/OMA/Application/jpetstore-6/Transform/logs/mapper/CategoryMapper_orcl/extract
2025-05-29 19:10:19,120 - DEBUG - Running command: python3 /home/ec2-user/environment/OMA/Application/jpetstore-6/Tools/AP03.xmlExtractor.py --input /home/ec2-user/environment/OMA/Application/jpetstore-6/Transform/mapper/CategoryMapper_orcl.xml --output /home/ec2-user/environment/OMA/Application/jpetstore-6/Transform/logs/mapper/CategoryMapper_orcl/extract --log-level=INFO
2025-05-29 19:10:19,151 - INFO - SUBPROCESS: Starting: Processing XML file 'CategoryMapper_orcl.xml'
2025-05-29 19:10:19,152 - INFO - SUBPROCESS: Namespace: org.mybatis.jpetstore.mapper.CategoryMapper
2025-05-29 19:10:19,152 - INFO - SUBPROCESS: Extracted 2 Level1 elements
2025-05-29 19:10:19,152 - INFO - SUBPROCESS: Created file: CategoryMapper_orcl-01-select-getCategory.xml
2025-05-29 19:10:19,152 - INFO - SUBPROCESS: Created file: CategoryMapper_orcl-02-select-getCategoryList.xml
2025-05-29 19:10:19,152 - INFO - SUBPROCESS: Completed: Extracted 2 Level1 elements (time: 0.00 seconds)
2025-05-29 19:10:19,152 - INFO - Successfully extracted Level1 elements from /home/ec2-user/environment/OMA/Application/jpetstore-6/Transform/mapper/CategoryMapper_orcl.xml
2025-05-29 19:10:19,152 - DEBUG - Extracted 2 Level1 elements
2025-05-29 19:10:19,152 - DEBUG - Directory ensured: /home/ec2-user/environment/OMA/Application/jpetstore-6/Transform/logs/mapper/CategoryMapper_orcl/transform
2025-05-29 19:10:19,152 - INFO - Read prompt template from /home/ec2-user/environment/OMA/Application/jpetstore-6/Tools/AP03.SQLTransformTarget.txt
2025-05-29 19:10:19,152 - DEBUG - Prompt template processed for folder: /home/ec2-user/environment/OMA/Application/jpetstore-6/Transform/logs/mapper/CategoryMapper_orcl
2025-05-29 19:10:19,152 - DEBUG - Replaced MAPPER_ORCLL1_DIR with /home/ec2-user/environment/OMA/Application/jpetstore-6/Transform/logs/mapper/CategoryMapper_orcl/extract in prompt
2025-05-29 19:10:19,152 - DEBUG - Replaced MAPPER_PGL1_DIR with /home/ec2-user/environment/OMA/Application/jpetstore-6/Transform/logs/mapper/CategoryMapper_orcl/transform in prompt
2025-05-29 19:10:19,152 - DEBUG - Replaced ORIGIN_SUFFIX with _orcl in prompt
2025-05-29 19:10:19,152 - DEBUG - Replaced TRANSFORM_SUFFIX with _pg in prompt
2025-05-29 19:10:19,152 - INFO - Created temporary prompt file: /home/ec2-user/environment/OMA/Application/jpetstore-6/Transform/logs/prompts/CategoryMapper_orcl.prompt
2025-05-29 19:10:19,152 - INFO - Executing command: q chat --trust-all-tools --no-interactive < /home/ec2-user/environment/OMA/Application/jpetstore-6/Transform/logs/prompts/CategoryMapper_orcl.prompt > /home/ec2-user/environment/OMA/Application/jpetstore-6/Transform/logs/qlogs/CategoryMapper_orcl.log
2025-05-29 19:10:19,152 - INFO - Command saved to history: /home/ec2-user/environment/OMA/Application/jpetstore-6/Transform/logs/prompts/qchat_command_history.log
2025-05-29 19:13:03,411 - INFO - Command executed successfully for /home/ec2-user/environment/OMA/Application/jpetstore-6/Transform/logs/mapper/CategoryMapper_orcl
2025-05-29 19:13:03,412 - DEBUG - Command output: 
2025-05-29 19:13:03,412 - DEBUG - Directory ensured: /home/ec2-user/environment/OMA/Application/jpetstore-6/Transform/logs/mapper/CategoryMapper_orcl/merge
2025-05-29 19:13:03,412 - INFO - Merge file will be created at: /home/ec2-user/environment/OMA/Application/jpetstore-6/Transform/logs/mapper/CategoryMapper_orcl/merge/CategoryMapper.xml
2025-05-29 19:13:03,412 - DEBUG - Running command: python3 /home/ec2-user/environment/OMA/Application/jpetstore-6/Tools/AP03.xmlMerger.py --input /home/ec2-user/environment/OMA/Application/jpetstore-6/Transform/logs/mapper/CategoryMapper_orcl/transform --output /home/ec2-user/environment/OMA/Application/jpetstore-6/Transform/logs/mapper/CategoryMapper_orcl/merge/CategoryMapper.xml --log-level=INFO
2025-05-29 19:13:03,446 - INFO - SUBPROCESS: Starting XML merge process from /home/ec2-user/environment/OMA/Application/jpetstore-6/Transform/logs/mapper/CategoryMapper_orcl/transform to /home/ec2-user/environment/OMA/Application/jpetstore-6/Transform/logs/mapper/CategoryMapper_orcl/merge/CategoryMapper.xml
2025-05-29 19:13:03,446 - INFO - SUBPROCESS: Found 2 XML files to merge
2025-05-29 19:13:03,446 - INFO - SUBPROCESS: Using namespace: org.mybatis.jpetstore.mapper.CategoryMapper
2025-05-29 19:13:03,446 - INFO - SUBPROCESS: Successfully wrote merged XML to /home/ec2-user/environment/OMA/Application/jpetstore-6/Transform/logs/mapper/CategoryMapper_orcl/merge/CategoryMapper.xml
2025-05-29 19:13:03,446 - INFO - SUBPROCESS: XML merge completed in 0.00 seconds
2025-05-29 19:13:03,446 - INFO - SUBPROCESS: XML merge process completed successfully
2025-05-29 19:13:03,446 - INFO - Successfully merged transformed files to /home/ec2-user/environment/OMA/Application/jpetstore-6/Transform/logs/mapper/CategoryMapper_orcl/merge/CategoryMapper.xml
2025-05-29 19:13:03,446 - DEBUG - Directory ensured: /home/ec2-user/environment/OMA/Application/jpetstore-6/Transform/mapper
2025-05-29 19:13:03,446 - DEBUG - Copied file from /home/ec2-user/environment/OMA/Application/jpetstore-6/Transform/logs/mapper/CategoryMapper_orcl/merge/CategoryMapper.xml to /home/ec2-user/environment/OMA/Application/jpetstore-6/Transform/mapper/CategoryMapper.xml
2025-05-29 19:13:03,446 - INFO - Successfully copied final transformed file to /home/ec2-user/environment/OMA/Application/jpetstore-6/Transform/mapper/CategoryMapper.xml
2025-05-29 19:13:03,446 - INFO - [ThreadPoolExecutor-0_0] Successfully transformed /home/ec2-user/environment/jpetstore-6/src/main/resources/org/mybatis/jpetstore/mapper/CategoryMapper.xml to /home/ec2-user/environment/OMA/Application/jpetstore-6/Transform/mapper/CategoryMapper.xml
2025-05-29 19:13:03,447 - INFO - [ThreadPoolExecutor-0_0] Processing target file: /home/ec2-user/environment/jpetstore-6/src/main/resources/org/mybatis/jpetstore/mapper/LineItemMapper.xml
2025-05-29 19:13:03,447 - DEBUG - Extracted subfolder structure: 
2025-05-29 19:13:03,447 - DEBUG - Directory ensured: /home/ec2-user/environment/OMA/Application/jpetstore-6/Transform/mapper/
2025-05-29 19:13:03,447 - INFO - Created folder structure: /home/ec2-user/environment/OMA/Application/jpetstore-6/Transform/mapper/
2025-05-29 19:13:03,447 - DEBUG - Directory ensured: /home/ec2-user/environment/OMA/Application/jpetstore-6/Transform/mapper
2025-05-29 19:13:03,447 - DEBUG - Copied file from /home/ec2-user/environment/jpetstore-6/src/main/resources/org/mybatis/jpetstore/mapper/LineItemMapper.xml to /home/ec2-user/environment/OMA/Application/jpetstore-6/Transform/mapper/LineItemMapper_orcl.xml
2025-05-29 19:13:03,447 - INFO - Copied /home/ec2-user/environment/jpetstore-6/src/main/resources/org/mybatis/jpetstore/mapper/LineItemMapper.xml to /home/ec2-user/environment/OMA/Application/jpetstore-6/Transform/mapper/LineItemMapper_orcl.xml
2025-05-29 19:13:03,447 - DEBUG - Target files list: ['/home/ec2-user/environment/OMA/Application/jpetstore-6/Transform/mapper/LineItemMapper_orcl.xml']
2025-05-29 19:13:03,447 - DEBUG - Target file basename: LineItemMapper_orcl
2025-05-29 19:13:03,447 - DEBUG - Directory ensured: /home/ec2-user/environment/OMA/Application/jpetstore-6/Transform/logs/mapper/LineItemMapper_orcl/extract
2025-05-29 19:13:03,447 - INFO - Removing existing folder: /home/ec2-user/environment/OMA/Application/jpetstore-6/Transform/logs/mapper/LineItemMapper_orcl/extract
2025-05-29 19:13:03,447 - DEBUG - Running command: python3 /home/ec2-user/environment/OMA/Application/jpetstore-6/Tools/AP03.xmlExtractor.py --input /home/ec2-user/environment/OMA/Application/jpetstore-6/Transform/mapper/LineItemMapper_orcl.xml --output /home/ec2-user/environment/OMA/Application/jpetstore-6/Transform/logs/mapper/LineItemMapper_orcl/extract --log-level=INFO
2025-05-29 19:13:03,478 - INFO - SUBPROCESS: Starting: Processing XML file 'LineItemMapper_orcl.xml'
2025-05-29 19:13:03,478 - INFO - SUBPROCESS: Namespace: org.mybatis.jpetstore.mapper.LineItemMapper
2025-05-29 19:13:03,478 - WARNING - SUBPROCESS: Could not find closing tag for: cache
2025-05-29 19:13:03,478 - WARNING - SUBPROCESS: Malformed XML structure: Missing closing tag for cache
2025-05-29 19:13:03,478 - INFO - SUBPROCESS: Extracted 2 Level1 elements
2025-05-29 19:13:03,478 - INFO - SUBPROCESS: Created file: LineItemMapper_orcl-01-select-getLineItemsByOrderId.xml
2025-05-29 19:13:03,478 - INFO - SUBPROCESS: Created file: LineItemMapper_orcl-02-insert-insertLineItem.xml
2025-05-29 19:13:03,478 - INFO - SUBPROCESS: Completed: Extracted 2 Level1 elements (time: 0.00 seconds)
2025-05-29 19:13:03,478 - INFO - Successfully extracted Level1 elements from /home/ec2-user/environment/OMA/Application/jpetstore-6/Transform/mapper/LineItemMapper_orcl.xml
2025-05-29 19:13:03,478 - DEBUG - Extracted 2 Level1 elements
2025-05-29 19:13:03,478 - DEBUG - Directory ensured: /home/ec2-user/environment/OMA/Application/jpetstore-6/Transform/logs/mapper/LineItemMapper_orcl/transform
2025-05-29 19:13:03,478 - INFO - Read prompt template from /home/ec2-user/environment/OMA/Application/jpetstore-6/Tools/AP03.SQLTransformTarget.txt
2025-05-29 19:13:03,479 - DEBUG - Prompt template processed for folder: /home/ec2-user/environment/OMA/Application/jpetstore-6/Transform/logs/mapper/LineItemMapper_orcl
2025-05-29 19:13:03,479 - DEBUG - Replaced MAPPER_ORCLL1_DIR with /home/ec2-user/environment/OMA/Application/jpetstore-6/Transform/logs/mapper/LineItemMapper_orcl/extract in prompt
2025-05-29 19:13:03,479 - DEBUG - Replaced MAPPER_PGL1_DIR with /home/ec2-user/environment/OMA/Application/jpetstore-6/Transform/logs/mapper/LineItemMapper_orcl/transform in prompt
2025-05-29 19:13:03,479 - DEBUG - Replaced ORIGIN_SUFFIX with _orcl in prompt
2025-05-29 19:13:03,479 - DEBUG - Replaced TRANSFORM_SUFFIX with _pg in prompt
2025-05-29 19:13:03,479 - INFO - Created temporary prompt file: /home/ec2-user/environment/OMA/Application/jpetstore-6/Transform/logs/prompts/LineItemMapper_orcl.prompt
2025-05-29 19:13:03,479 - INFO - Executing command: q chat --trust-all-tools --no-interactive < /home/ec2-user/environment/OMA/Application/jpetstore-6/Transform/logs/prompts/LineItemMapper_orcl.prompt > /home/ec2-user/environment/OMA/Application/jpetstore-6/Transform/logs/qlogs/LineItemMapper_orcl.log
2025-05-29 19:13:03,479 - INFO - Command saved to history: /home/ec2-user/environment/OMA/Application/jpetstore-6/Transform/logs/prompts/qchat_command_history.log
2025-05-29 19:16:23,512 - INFO - Command executed successfully for /home/ec2-user/environment/OMA/Application/jpetstore-6/Transform/logs/mapper/LineItemMapper_orcl
2025-05-29 19:16:23,512 - DEBUG - Command output: 
2025-05-29 19:16:23,512 - DEBUG - Directory ensured: /home/ec2-user/environment/OMA/Application/jpetstore-6/Transform/logs/mapper/LineItemMapper_orcl/merge
2025-05-29 19:16:23,512 - INFO - Merge file will be created at: /home/ec2-user/environment/OMA/Application/jpetstore-6/Transform/logs/mapper/LineItemMapper_orcl/merge/LineItemMapper.xml
2025-05-29 19:16:23,512 - DEBUG - Running command: python3 /home/ec2-user/environment/OMA/Application/jpetstore-6/Tools/AP03.xmlMerger.py --input /home/ec2-user/environment/OMA/Application/jpetstore-6/Transform/logs/mapper/LineItemMapper_orcl/transform --output /home/ec2-user/environment/OMA/Application/jpetstore-6/Transform/logs/mapper/LineItemMapper_orcl/merge/LineItemMapper.xml --log-level=INFO
2025-05-29 19:16:23,547 - INFO - SUBPROCESS: Starting XML merge process from /home/ec2-user/environment/OMA/Application/jpetstore-6/Transform/logs/mapper/LineItemMapper_orcl/transform to /home/ec2-user/environment/OMA/Application/jpetstore-6/Transform/logs/mapper/LineItemMapper_orcl/merge/LineItemMapper.xml
2025-05-29 19:16:23,547 - INFO - SUBPROCESS: Found 2 XML files to merge
2025-05-29 19:16:23,547 - INFO - SUBPROCESS: Using namespace: org.mybatis.jpetstore.mapper.LineItemMapper
2025-05-29 19:16:23,547 - INFO - SUBPROCESS: Successfully wrote merged XML to /home/ec2-user/environment/OMA/Application/jpetstore-6/Transform/logs/mapper/LineItemMapper_orcl/merge/LineItemMapper.xml
2025-05-29 19:16:23,547 - INFO - SUBPROCESS: XML merge completed in 0.00 seconds
2025-05-29 19:16:23,547 - INFO - SUBPROCESS: XML merge process completed successfully
2025-05-29 19:16:23,547 - INFO - Successfully merged transformed files to /home/ec2-user/environment/OMA/Application/jpetstore-6/Transform/logs/mapper/LineItemMapper_orcl/merge/LineItemMapper.xml
2025-05-29 19:16:23,547 - DEBUG - Directory ensured: /home/ec2-user/environment/OMA/Application/jpetstore-6/Transform/mapper
2025-05-29 19:16:23,547 - DEBUG - Copied file from /home/ec2-user/environment/OMA/Application/jpetstore-6/Transform/logs/mapper/LineItemMapper_orcl/merge/LineItemMapper.xml to /home/ec2-user/environment/OMA/Application/jpetstore-6/Transform/mapper/LineItemMapper.xml
2025-05-29 19:16:23,547 - INFO - Successfully copied final transformed file to /home/ec2-user/environment/OMA/Application/jpetstore-6/Transform/mapper/LineItemMapper.xml
2025-05-29 19:16:23,547 - INFO - [ThreadPoolExecutor-0_0] Successfully transformed /home/ec2-user/environment/jpetstore-6/src/main/resources/org/mybatis/jpetstore/mapper/LineItemMapper.xml to /home/ec2-user/environment/OMA/Application/jpetstore-6/Transform/mapper/LineItemMapper.xml
2025-05-29 19:16:23,548 - INFO - Starting validation process...
2025-05-29 19:16:23,548 - INFO - Running validation with command: python3 /home/ec2-user/environment/OMA/Application/jpetstore-6/Tools/AP03.TransformValidation.py --mapper-folder /home/ec2-user/environment/OMA/Application/jpetstore-6/Transform/mapper --origin-suffix _orcl --transform-folder /home/ec2-user/environment/OMA/Application/jpetstore-6/Transform --log-level=INFO -l /home/ec2-user/environment/OMA/Application/jpetstore-6/Transform/logs/pylogs/AP03_TransformValidation_20250529_191623.log
2025-05-29 19:16:23,548 - DEBUG - Running command: python3 /home/ec2-user/environment/OMA/Application/jpetstore-6/Tools/AP03.TransformValidation.py --mapper-folder /home/ec2-user/environment/OMA/Application/jpetstore-6/Transform/mapper --origin-suffix _orcl --transform-folder /home/ec2-user/environment/OMA/Application/jpetstore-6/Transform --log-level=INFO -l /home/ec2-user/environment/OMA/Application/jpetstore-6/Transform/logs/pylogs/AP03_TransformValidation_20250529_191623.log
2025-05-29 19:16:23,599 - INFO - SUBPROCESS: Starting AP03.TransformValidation.py
2025-05-29 19:16:23,599 - INFO - SUBPROCESS: Mapper Folder: /home/ec2-user/environment/OMA/Application/jpetstore-6/Transform/mapper
2025-05-29 19:16:23,599 - INFO - SUBPROCESS: Origin Suffix: _orcl
2025-05-29 19:16:23,599 - INFO - SUBPROCESS: Transform Folder: /home/ec2-user/environment/OMA/Application/jpetstore-6/Transform
2025-05-29 19:16:23,599 - INFO - SUBPROCESS: Test Mode: False
2025-05-29 19:16:23,599 - INFO - SUBPROCESS: Log Level: INFO
2025-05-29 19:16:23,599 - INFO - SUBPROCESS: Starting validation : Checking transformation completeness
2025-05-29 19:16:23,599 - INFO - SUBPROCESS: Found 14 XML files in /home/ec2-user/environment/OMA/Application/jpetstore-6/Transform/mapper
2025-05-29 19:16:23,599 - INFO - SUBPROCESS: Found 0 files with transformation failures
2025-05-29 19:16:23,599 - INFO - SUBPROCESS: Empty failure CSV (header only) created at /home/ec2-user/environment/OMA/Application/jpetstore-6/Transform/SQLTransformTargetFailure.csv
2025-05-29 19:16:23,599 - INFO - SUBPROCESS: Starting validation : Validating XML syntax
2025-05-29 19:16:23,600 - INFO - SUBPROCESS: Validated 7 XML files
2025-05-29 19:16:23,600 - INFO - SUBPROCESS: XML validation results written to /home/ec2-user/environment/OMA/Application/jpetstore-6/Transform/xmllintResult.csv
2025-05-29 19:16:23,600 - INFO - SUBPROCESS: Validation process completed
2025-05-29 19:16:23,600 - INFO - SUBPROCESS: Total files checked: 7
2025-05-29 19:16:23,600 - INFO - SUBPROCESS: Transformation failures: 0
2025-05-29 19:16:23,600 - INFO - SUBPROCESS: XML validation failures: 0
2025-05-29 19:16:23,600 - INFO - SUBPROCESS: All validations completed successfully
2025-05-29 19:16:23,600 - INFO - Validation process completed successfully
2025-05-29 19:16:23,600 - INFO - Transform process completed
2025-05-29 19:16:23,600 - INFO - Total target files : {len(target_files)}
2025-05-29 19:16:23,600 - INFO - Total files processed: 7
2025-05-29 19:16:23,600 - INFO - Successful transforms: 7
2025-05-29 19:16:23,600 - INFO - Failed transforms: 0
2025-05-29 19:16:23,600 - INFO - Total execution time: 1589.77 seconds
2025-05-29 19:16:23,600 - INFO - All transforms completed successfully
