2025-06-20 12:46:06,518 - INFO - Starting sqlTransformTarget.py
2025-06-20 12:46:06,518 - INFO - Application Name: jpetstore-6
2025-06-20 12:46:06,518 - INFO - OMA Base Directory: /Users/changik/workspace/sample-oracle-modernization-accelerator
2025-06-20 12:46:06,518 - INFO - Assessment Folder: /Users/changik/workspace/sample-oracle-modernization-accelerator/jpetstore-6/application
2025-06-20 12:46:06,518 - INFO - Transform Folder: /Users/changik/workspace/sample-oracle-modernization-accelerator/jpetstore-6/application/transform
2025-06-20 12:46:06,518 - INFO - Transform Target List: /Users/changik/workspace/sample-oracle-modernization-accelerator/jpetstore-6/application/transform/SQLTransformTarget.csv
2025-06-20 12:46:06,518 - INFO - Origin Suffix: _orcl
2025-06-20 12:46:06,518 - INFO - Transform Suffix: _pg
2025-06-20 12:46:06,518 - INFO - Test Mode: False
2025-06-20 12:46:06,518 - INFO - Thread Count: 1
2025-06-20 12:46:06,518 - INFO - Application Source Folder: /Users/changik/workspace/SampleApp/jpetstore-6/src
2025-06-20 12:46:06,519 - INFO - Read 7 targets from /Users/changik/workspace/sample-oracle-modernization-accelerator/jpetstore-6/application/transform/SQLTransformTarget.csv
2025-06-20 12:46:06,519 - DEBUG - Target list: ['/Users/changik/workspace/SampleApp/jpetstore-6/src/main/resources/org/mybatis/jpetstore/mapper/OrderMapper.xml', '/Users/changik/workspace/SampleApp/jpetstore-6/src/main/resources/org/mybatis/jpetstore/mapper/SequenceMapper.xml', '/Users/changik/workspace/SampleApp/jpetstore-6/src/main/resources/org/mybatis/jpetstore/mapper/AccountMapper.xml', '/Users/changik/workspace/SampleApp/jpetstore-6/src/main/resources/org/mybatis/jpetstore/mapper/ProductMapper.xml', '/Users/changik/workspace/SampleApp/jpetstore-6/src/main/resources/org/mybatis/jpetstore/mapper/ItemMapper.xml', '/Users/changik/workspace/SampleApp/jpetstore-6/src/main/resources/org/mybatis/jpetstore/mapper/CategoryMapper.xml', '/Users/changik/workspace/SampleApp/jpetstore-6/src/main/resources/org/mybatis/jpetstore/mapper/LineItemMapper.xml']
2025-06-20 12:46:06,519 - INFO - Starting transformation with 1 threads
2025-06-20 12:46:06,519 - INFO - Processing 1/7 files
2025-06-20 12:46:06,519 - INFO - [ThreadPoolExecutor-0_0] Processing target file: /Users/changik/workspace/SampleApp/jpetstore-6/src/main/resources/org/mybatis/jpetstore/mapper/OrderMapper.xml
2025-06-20 12:46:06,519 - INFO - XML parent path: /Users/changik/workspace/SampleApp/jpetstore-6/src/main/resources/org/mybatis/jpetstore/mapper
2025-06-20 12:46:06,519 - INFO - Extracted subfolder structure: 
2025-06-20 12:46:06,519 - DEBUG - Directory ensured: /Users/changik/workspace/sample-oracle-modernization-accelerator/jpetstore-6/application/transform/mapper/
2025-06-20 12:46:06,519 - INFO - Created folder structure: /Users/changik/workspace/sample-oracle-modernization-accelerator/jpetstore-6/application/transform/mapper/
2025-06-20 12:46:06,519 - DEBUG - Directory ensured: /Users/changik/workspace/sample-oracle-modernization-accelerator/jpetstore-6/application/transform/mapper
2025-06-20 12:46:06,520 - DEBUG - Copied file from /Users/changik/workspace/SampleApp/jpetstore-6/src/main/resources/org/mybatis/jpetstore/mapper/OrderMapper.xml to /Users/changik/workspace/sample-oracle-modernization-accelerator/jpetstore-6/application/transform/mapper/OrderMapper_orcl.xml
2025-06-20 12:46:06,520 - INFO - Copied /Users/changik/workspace/SampleApp/jpetstore-6/src/main/resources/org/mybatis/jpetstore/mapper/OrderMapper.xml to /Users/changik/workspace/sample-oracle-modernization-accelerator/jpetstore-6/application/transform/mapper/OrderMapper_orcl.xml
2025-06-20 12:46:06,520 - DEBUG - Target files list: ['/Users/changik/workspace/sample-oracle-modernization-accelerator/jpetstore-6/application/transform/mapper/OrderMapper_orcl.xml']
2025-06-20 12:46:06,520 - DEBUG - Target file basename: OrderMapper_orcl
2025-06-20 12:46:06,520 - DEBUG - Directory ensured: /Users/changik/workspace/sample-oracle-modernization-accelerator/jpetstore-6/logs/application/SQLTransformTarget/mapper/OrderMapper_orcl/extract
2025-06-20 12:46:06,520 - INFO - Removing existing folder: /Users/changik/workspace/sample-oracle-modernization-accelerator/jpetstore-6/logs/application/SQLTransformTarget/mapper/OrderMapper_orcl/extract
2025-06-20 12:46:06,520 - DEBUG - Running command: python3 /Users/changik/workspace/sample-oracle-modernization-accelerator/bin/application/xmlExtractor.py --input /Users/changik/workspace/sample-oracle-modernization-accelerator/jpetstore-6/application/transform/mapper/OrderMapper_orcl.xml --output /Users/changik/workspace/sample-oracle-modernization-accelerator/jpetstore-6/logs/application/SQLTransformTarget/mapper/OrderMapper_orcl/extract --log-level=INFO
2025-06-20 12:46:06,577 - INFO - SUBPROCESS: Starting: Processing XML file 'OrderMapper_orcl.xml'
2025-06-20 12:46:06,577 - INFO - SUBPROCESS: Namespace: org.mybatis.jpetstore.mapper.OrderMapper
2025-06-20 12:46:06,577 - WARNING - SUBPROCESS: Could not find closing tag for: cache
2025-06-20 12:46:06,577 - WARNING - SUBPROCESS: Malformed XML structure: Missing closing tag for cache
2025-06-20 12:46:06,577 - INFO - SUBPROCESS: Extracted 4 Level1 elements
2025-06-20 12:46:06,577 - INFO - SUBPROCESS: Created file: OrderMapper_orcl-01-select-getOrder.xml
2025-06-20 12:46:06,577 - INFO - SUBPROCESS: Created file: OrderMapper_orcl-02-select-getOrdersByUsername.xml
2025-06-20 12:46:06,577 - INFO - SUBPROCESS: Created file: OrderMapper_orcl-03-insert-insertOrder.xml
2025-06-20 12:46:06,577 - INFO - SUBPROCESS: Created file: OrderMapper_orcl-04-insert-insertOrderStatus.xml
2025-06-20 12:46:06,577 - INFO - SUBPROCESS: Completed: Extracted 4 Level1 elements (time: 0.00 seconds)
2025-06-20 12:46:06,577 - INFO - Successfully extracted Level1 elements from /Users/changik/workspace/sample-oracle-modernization-accelerator/jpetstore-6/application/transform/mapper/OrderMapper_orcl.xml
2025-06-20 12:46:06,577 - DEBUG - Extracted 4 Level1 elements
2025-06-20 12:46:06,577 - DEBUG - Directory ensured: /Users/changik/workspace/sample-oracle-modernization-accelerator/jpetstore-6/logs/application/SQLTransformTarget/mapper/OrderMapper_orcl/transform
2025-06-20 12:46:06,578 - INFO - Read prompt template from /Users/changik/workspace/sample-oracle-modernization-accelerator/bin/application/SQLTransformTarget.txt
2025-06-20 12:46:06,578 - DEBUG - Prompt template processed for folder: /Users/changik/workspace/sample-oracle-modernization-accelerator/jpetstore-6/logs/application/SQLTransformTarget/mapper/OrderMapper_orcl
2025-06-20 12:46:06,578 - DEBUG - Replaced MAPPER_ORCLL1_DIR with /Users/changik/workspace/sample-oracle-modernization-accelerator/jpetstore-6/logs/application/SQLTransformTarget/mapper/OrderMapper_orcl/extract in prompt
2025-06-20 12:46:06,578 - DEBUG - Replaced MAPPER_PGL1_DIR with /Users/changik/workspace/sample-oracle-modernization-accelerator/jpetstore-6/logs/application/SQLTransformTarget/mapper/OrderMapper_orcl/transform in prompt
2025-06-20 12:46:06,578 - DEBUG - Replaced ORIGIN_SUFFIX with _orcl in prompt
2025-06-20 12:46:06,578 - DEBUG - Replaced TRANSFORM_SUFFIX with _pg in prompt
2025-06-20 12:46:06,578 - INFO - Created temporary prompt file: /Users/changik/workspace/sample-oracle-modernization-accelerator/jpetstore-6/logs/application/SQLTransformTarget/prompts/OrderMapper_orcl.prompt
2025-06-20 12:46:06,578 - INFO - Executing command: q chat --trust-all-tools --no-interactive < /Users/changik/workspace/sample-oracle-modernization-accelerator/jpetstore-6/logs/application/SQLTransformTarget/prompts/OrderMapper_orcl.prompt > /Users/changik/workspace/sample-oracle-modernization-accelerator/jpetstore-6/logs/application/SQLTransformTarget/qlogs/OrderMapper_orcl.log
2025-06-20 12:46:06,578 - INFO - Command saved to history: /Users/changik/workspace/sample-oracle-modernization-accelerator/jpetstore-6/logs/application/SQLTransformTarget/prompts/qchat_command_history.log
2025-06-20 12:49:01,354 - INFO - Command executed successfully for /Users/changik/workspace/sample-oracle-modernization-accelerator/jpetstore-6/logs/application/SQLTransformTarget/mapper/OrderMapper_orcl
2025-06-20 12:49:01,354 - DEBUG - Command output: 
2025-06-20 12:49:01,355 - DEBUG - Directory ensured: /Users/changik/workspace/sample-oracle-modernization-accelerator/jpetstore-6/logs/application/SQLTransformTarget/mapper/OrderMapper_orcl/merge
2025-06-20 12:49:01,355 - INFO - Merge file will be created at: /Users/changik/workspace/sample-oracle-modernization-accelerator/jpetstore-6/logs/application/SQLTransformTarget/mapper/OrderMapper_orcl/merge/OrderMapper.xml
2025-06-20 12:49:01,355 - DEBUG - Running command: python3 /Users/changik/workspace/sample-oracle-modernization-accelerator/bin/application/xmlMerger.py --input /Users/changik/workspace/sample-oracle-modernization-accelerator/jpetstore-6/logs/application/SQLTransformTarget/mapper/OrderMapper_orcl/transform --output /Users/changik/workspace/sample-oracle-modernization-accelerator/jpetstore-6/logs/application/SQLTransformTarget/mapper/OrderMapper_orcl/merge/OrderMapper.xml --log-level=INFO
2025-06-20 12:49:01,422 - INFO - SUBPROCESS: Starting XML merge process from /Users/changik/workspace/sample-oracle-modernization-accelerator/jpetstore-6/logs/application/SQLTransformTarget/mapper/OrderMapper_orcl/transform to /Users/changik/workspace/sample-oracle-modernization-accelerator/jpetstore-6/logs/application/SQLTransformTarget/mapper/OrderMapper_orcl/merge/OrderMapper.xml
2025-06-20 12:49:01,422 - INFO - SUBPROCESS: Found 4 XML files to merge
2025-06-20 12:49:01,422 - INFO - SUBPROCESS: Using namespace: org.mybatis.jpetstore.mapper.OrderMapper
2025-06-20 12:49:01,422 - INFO - SUBPROCESS: Successfully wrote merged XML to /Users/changik/workspace/sample-oracle-modernization-accelerator/jpetstore-6/logs/application/SQLTransformTarget/mapper/OrderMapper_orcl/merge/OrderMapper.xml
2025-06-20 12:49:01,422 - INFO - SUBPROCESS: XML merge completed in 0.00 seconds
2025-06-20 12:49:01,422 - INFO - SUBPROCESS: XML merge process completed successfully
2025-06-20 12:49:01,422 - INFO - Successfully merged transformed files to /Users/changik/workspace/sample-oracle-modernization-accelerator/jpetstore-6/logs/application/SQLTransformTarget/mapper/OrderMapper_orcl/merge/OrderMapper.xml
2025-06-20 12:49:01,422 - DEBUG - Directory ensured: /Users/changik/workspace/sample-oracle-modernization-accelerator/jpetstore-6/application/transform/mapper
2025-06-20 12:49:01,423 - DEBUG - Copied file from /Users/changik/workspace/sample-oracle-modernization-accelerator/jpetstore-6/logs/application/SQLTransformTarget/mapper/OrderMapper_orcl/merge/OrderMapper.xml to /Users/changik/workspace/sample-oracle-modernization-accelerator/jpetstore-6/application/transform/mapper/OrderMapper.xml
2025-06-20 12:49:01,423 - INFO - Successfully copied final transformed file to /Users/changik/workspace/sample-oracle-modernization-accelerator/jpetstore-6/application/transform/mapper/OrderMapper.xml
2025-06-20 12:49:01,423 - INFO - [ThreadPoolExecutor-0_0] Successfully transformed /Users/changik/workspace/SampleApp/jpetstore-6/src/main/resources/org/mybatis/jpetstore/mapper/OrderMapper.xml to /Users/changik/workspace/sample-oracle-modernization-accelerator/jpetstore-6/application/transform/mapper/OrderMapper.xml
2025-06-20 12:49:01,423 - INFO - [ThreadPoolExecutor-0_0] Processing target file: /Users/changik/workspace/SampleApp/jpetstore-6/src/main/resources/org/mybatis/jpetstore/mapper/SequenceMapper.xml
2025-06-20 12:49:01,423 - INFO - XML parent path: /Users/changik/workspace/SampleApp/jpetstore-6/src/main/resources/org/mybatis/jpetstore/mapper
2025-06-20 12:49:01,423 - INFO - Extracted subfolder structure: 
2025-06-20 12:49:01,423 - DEBUG - Directory ensured: /Users/changik/workspace/sample-oracle-modernization-accelerator/jpetstore-6/application/transform/mapper/
2025-06-20 12:49:01,423 - INFO - Created folder structure: /Users/changik/workspace/sample-oracle-modernization-accelerator/jpetstore-6/application/transform/mapper/
2025-06-20 12:49:01,423 - DEBUG - Directory ensured: /Users/changik/workspace/sample-oracle-modernization-accelerator/jpetstore-6/application/transform/mapper
2025-06-20 12:49:01,424 - DEBUG - Copied file from /Users/changik/workspace/SampleApp/jpetstore-6/src/main/resources/org/mybatis/jpetstore/mapper/SequenceMapper.xml to /Users/changik/workspace/sample-oracle-modernization-accelerator/jpetstore-6/application/transform/mapper/SequenceMapper_orcl.xml
2025-06-20 12:49:01,424 - INFO - Copied /Users/changik/workspace/SampleApp/jpetstore-6/src/main/resources/org/mybatis/jpetstore/mapper/SequenceMapper.xml to /Users/changik/workspace/sample-oracle-modernization-accelerator/jpetstore-6/application/transform/mapper/SequenceMapper_orcl.xml
2025-06-20 12:49:01,424 - DEBUG - Target files list: ['/Users/changik/workspace/sample-oracle-modernization-accelerator/jpetstore-6/application/transform/mapper/SequenceMapper_orcl.xml']
2025-06-20 12:49:01,424 - DEBUG - Target file basename: SequenceMapper_orcl
2025-06-20 12:49:01,424 - DEBUG - Directory ensured: /Users/changik/workspace/sample-oracle-modernization-accelerator/jpetstore-6/logs/application/SQLTransformTarget/mapper/SequenceMapper_orcl/extract
2025-06-20 12:49:01,424 - INFO - Removing existing folder: /Users/changik/workspace/sample-oracle-modernization-accelerator/jpetstore-6/logs/application/SQLTransformTarget/mapper/SequenceMapper_orcl/extract
2025-06-20 12:49:01,425 - DEBUG - Running command: python3 /Users/changik/workspace/sample-oracle-modernization-accelerator/bin/application/xmlExtractor.py --input /Users/changik/workspace/sample-oracle-modernization-accelerator/jpetstore-6/application/transform/mapper/SequenceMapper_orcl.xml --output /Users/changik/workspace/sample-oracle-modernization-accelerator/jpetstore-6/logs/application/SQLTransformTarget/mapper/SequenceMapper_orcl/extract --log-level=INFO
2025-06-20 12:49:01,476 - INFO - SUBPROCESS: Starting: Processing XML file 'SequenceMapper_orcl.xml'
2025-06-20 12:49:01,476 - INFO - SUBPROCESS: Namespace: org.mybatis.jpetstore.mapper.SequenceMapper
2025-06-20 12:49:01,476 - WARNING - SUBPROCESS: Could not find closing tag for: cache
2025-06-20 12:49:01,476 - WARNING - SUBPROCESS: Malformed XML structure: Missing closing tag for cache
2025-06-20 12:49:01,476 - INFO - SUBPROCESS: Extracted 2 Level1 elements
2025-06-20 12:49:01,476 - INFO - SUBPROCESS: Created file: SequenceMapper_orcl-01-select-getSequence.xml
2025-06-20 12:49:01,476 - INFO - SUBPROCESS: Created file: SequenceMapper_orcl-02-update-updateSequence.xml
2025-06-20 12:49:01,476 - INFO - SUBPROCESS: Completed: Extracted 2 Level1 elements (time: 0.00 seconds)
2025-06-20 12:49:01,476 - INFO - Successfully extracted Level1 elements from /Users/changik/workspace/sample-oracle-modernization-accelerator/jpetstore-6/application/transform/mapper/SequenceMapper_orcl.xml
2025-06-20 12:49:01,476 - DEBUG - Extracted 2 Level1 elements
2025-06-20 12:49:01,477 - DEBUG - Directory ensured: /Users/changik/workspace/sample-oracle-modernization-accelerator/jpetstore-6/logs/application/SQLTransformTarget/mapper/SequenceMapper_orcl/transform
2025-06-20 12:49:01,477 - INFO - Read prompt template from /Users/changik/workspace/sample-oracle-modernization-accelerator/bin/application/SQLTransformTarget.txt
2025-06-20 12:49:01,477 - DEBUG - Prompt template processed for folder: /Users/changik/workspace/sample-oracle-modernization-accelerator/jpetstore-6/logs/application/SQLTransformTarget/mapper/SequenceMapper_orcl
2025-06-20 12:49:01,477 - DEBUG - Replaced MAPPER_ORCLL1_DIR with /Users/changik/workspace/sample-oracle-modernization-accelerator/jpetstore-6/logs/application/SQLTransformTarget/mapper/SequenceMapper_orcl/extract in prompt
2025-06-20 12:49:01,477 - DEBUG - Replaced MAPPER_PGL1_DIR with /Users/changik/workspace/sample-oracle-modernization-accelerator/jpetstore-6/logs/application/SQLTransformTarget/mapper/SequenceMapper_orcl/transform in prompt
2025-06-20 12:49:01,477 - DEBUG - Replaced ORIGIN_SUFFIX with _orcl in prompt
2025-06-20 12:49:01,477 - DEBUG - Replaced TRANSFORM_SUFFIX with _pg in prompt
2025-06-20 12:49:01,477 - INFO - Created temporary prompt file: /Users/changik/workspace/sample-oracle-modernization-accelerator/jpetstore-6/logs/application/SQLTransformTarget/prompts/SequenceMapper_orcl.prompt
2025-06-20 12:49:01,477 - INFO - Executing command: q chat --trust-all-tools --no-interactive < /Users/changik/workspace/sample-oracle-modernization-accelerator/jpetstore-6/logs/application/SQLTransformTarget/prompts/SequenceMapper_orcl.prompt > /Users/changik/workspace/sample-oracle-modernization-accelerator/jpetstore-6/logs/application/SQLTransformTarget/qlogs/SequenceMapper_orcl.log
2025-06-20 12:49:01,477 - INFO - Command saved to history: /Users/changik/workspace/sample-oracle-modernization-accelerator/jpetstore-6/logs/application/SQLTransformTarget/prompts/qchat_command_history.log
2025-06-20 12:51:12,018 - INFO - Command executed successfully for /Users/changik/workspace/sample-oracle-modernization-accelerator/jpetstore-6/logs/application/SQLTransformTarget/mapper/SequenceMapper_orcl
2025-06-20 12:51:12,018 - DEBUG - Command output: 
2025-06-20 12:51:12,019 - DEBUG - Directory ensured: /Users/changik/workspace/sample-oracle-modernization-accelerator/jpetstore-6/logs/application/SQLTransformTarget/mapper/SequenceMapper_orcl/merge
2025-06-20 12:51:12,019 - INFO - Merge file will be created at: /Users/changik/workspace/sample-oracle-modernization-accelerator/jpetstore-6/logs/application/SQLTransformTarget/mapper/SequenceMapper_orcl/merge/SequenceMapper.xml
2025-06-20 12:51:12,019 - DEBUG - Running command: python3 /Users/changik/workspace/sample-oracle-modernization-accelerator/bin/application/xmlMerger.py --input /Users/changik/workspace/sample-oracle-modernization-accelerator/jpetstore-6/logs/application/SQLTransformTarget/mapper/SequenceMapper_orcl/transform --output /Users/changik/workspace/sample-oracle-modernization-accelerator/jpetstore-6/logs/application/SQLTransformTarget/mapper/SequenceMapper_orcl/merge/SequenceMapper.xml --log-level=INFO
2025-06-20 12:51:12,090 - INFO - SUBPROCESS: Starting XML merge process from /Users/changik/workspace/sample-oracle-modernization-accelerator/jpetstore-6/logs/application/SQLTransformTarget/mapper/SequenceMapper_orcl/transform to /Users/changik/workspace/sample-oracle-modernization-accelerator/jpetstore-6/logs/application/SQLTransformTarget/mapper/SequenceMapper_orcl/merge/SequenceMapper.xml
2025-06-20 12:51:12,090 - INFO - SUBPROCESS: Found 2 XML files to merge
2025-06-20 12:51:12,090 - INFO - SUBPROCESS: Using namespace: org.mybatis.jpetstore.mapper.SequenceMapper
2025-06-20 12:51:12,090 - INFO - SUBPROCESS: Successfully wrote merged XML to /Users/changik/workspace/sample-oracle-modernization-accelerator/jpetstore-6/logs/application/SQLTransformTarget/mapper/SequenceMapper_orcl/merge/SequenceMapper.xml
2025-06-20 12:51:12,090 - INFO - SUBPROCESS: XML merge completed in 0.00 seconds
2025-06-20 12:51:12,090 - INFO - SUBPROCESS: XML merge process completed successfully
2025-06-20 12:51:12,090 - INFO - Successfully merged transformed files to /Users/changik/workspace/sample-oracle-modernization-accelerator/jpetstore-6/logs/application/SQLTransformTarget/mapper/SequenceMapper_orcl/merge/SequenceMapper.xml
2025-06-20 12:51:12,090 - DEBUG - Directory ensured: /Users/changik/workspace/sample-oracle-modernization-accelerator/jpetstore-6/application/transform/mapper
2025-06-20 12:51:12,091 - DEBUG - Copied file from /Users/changik/workspace/sample-oracle-modernization-accelerator/jpetstore-6/logs/application/SQLTransformTarget/mapper/SequenceMapper_orcl/merge/SequenceMapper.xml to /Users/changik/workspace/sample-oracle-modernization-accelerator/jpetstore-6/application/transform/mapper/SequenceMapper.xml
2025-06-20 12:51:12,091 - INFO - Successfully copied final transformed file to /Users/changik/workspace/sample-oracle-modernization-accelerator/jpetstore-6/application/transform/mapper/SequenceMapper.xml
2025-06-20 12:51:12,091 - INFO - [ThreadPoolExecutor-0_0] Successfully transformed /Users/changik/workspace/SampleApp/jpetstore-6/src/main/resources/org/mybatis/jpetstore/mapper/SequenceMapper.xml to /Users/changik/workspace/sample-oracle-modernization-accelerator/jpetstore-6/application/transform/mapper/SequenceMapper.xml
2025-06-20 12:51:12,091 - INFO - [ThreadPoolExecutor-0_0] Processing target file: /Users/changik/workspace/SampleApp/jpetstore-6/src/main/resources/org/mybatis/jpetstore/mapper/AccountMapper.xml
2025-06-20 12:51:12,091 - INFO - XML parent path: /Users/changik/workspace/SampleApp/jpetstore-6/src/main/resources/org/mybatis/jpetstore/mapper
2025-06-20 12:51:12,091 - INFO - Extracted subfolder structure: 
2025-06-20 12:51:12,091 - DEBUG - Directory ensured: /Users/changik/workspace/sample-oracle-modernization-accelerator/jpetstore-6/application/transform/mapper/
2025-06-20 12:51:12,091 - INFO - Created folder structure: /Users/changik/workspace/sample-oracle-modernization-accelerator/jpetstore-6/application/transform/mapper/
2025-06-20 12:51:12,091 - DEBUG - Directory ensured: /Users/changik/workspace/sample-oracle-modernization-accelerator/jpetstore-6/application/transform/mapper
2025-06-20 12:51:12,092 - DEBUG - Copied file from /Users/changik/workspace/SampleApp/jpetstore-6/src/main/resources/org/mybatis/jpetstore/mapper/AccountMapper.xml to /Users/changik/workspace/sample-oracle-modernization-accelerator/jpetstore-6/application/transform/mapper/AccountMapper_orcl.xml
2025-06-20 12:51:12,092 - INFO - Copied /Users/changik/workspace/SampleApp/jpetstore-6/src/main/resources/org/mybatis/jpetstore/mapper/AccountMapper.xml to /Users/changik/workspace/sample-oracle-modernization-accelerator/jpetstore-6/application/transform/mapper/AccountMapper_orcl.xml
2025-06-20 12:51:12,092 - DEBUG - Target files list: ['/Users/changik/workspace/sample-oracle-modernization-accelerator/jpetstore-6/application/transform/mapper/AccountMapper_orcl.xml']
2025-06-20 12:51:12,092 - DEBUG - Target file basename: AccountMapper_orcl
2025-06-20 12:51:12,092 - DEBUG - Directory ensured: /Users/changik/workspace/sample-oracle-modernization-accelerator/jpetstore-6/logs/application/SQLTransformTarget/mapper/AccountMapper_orcl/extract
2025-06-20 12:51:12,093 - INFO - Removing existing folder: /Users/changik/workspace/sample-oracle-modernization-accelerator/jpetstore-6/logs/application/SQLTransformTarget/mapper/AccountMapper_orcl/extract
2025-06-20 12:51:12,093 - DEBUG - Running command: python3 /Users/changik/workspace/sample-oracle-modernization-accelerator/bin/application/xmlExtractor.py --input /Users/changik/workspace/sample-oracle-modernization-accelerator/jpetstore-6/application/transform/mapper/AccountMapper_orcl.xml --output /Users/changik/workspace/sample-oracle-modernization-accelerator/jpetstore-6/logs/application/SQLTransformTarget/mapper/AccountMapper_orcl/extract --log-level=INFO
2025-06-20 12:51:12,149 - INFO - SUBPROCESS: Starting: Processing XML file 'AccountMapper_orcl.xml'
2025-06-20 12:51:12,149 - INFO - SUBPROCESS: Namespace: org.mybatis.jpetstore.mapper.AccountMapper
2025-06-20 12:51:12,149 - INFO - SUBPROCESS: Extracted 8 Level1 elements
2025-06-20 12:51:12,149 - INFO - SUBPROCESS: Created file: AccountMapper_orcl-01-select-getAccountByUsername.xml
2025-06-20 12:51:12,149 - INFO - SUBPROCESS: Created file: AccountMapper_orcl-02-select-getAccountByUsernameAndPassword.xml
2025-06-20 12:51:12,149 - INFO - SUBPROCESS: Created file: AccountMapper_orcl-03-update-updateAccount.xml
2025-06-20 12:51:12,149 - INFO - SUBPROCESS: Created file: AccountMapper_orcl-04-insert-insertAccount.xml
2025-06-20 12:51:12,149 - INFO - SUBPROCESS: Created file: AccountMapper_orcl-05-update-updateProfile.xml
2025-06-20 12:51:12,149 - INFO - SUBPROCESS: Created file: AccountMapper_orcl-06-insert-insertProfile.xml
2025-06-20 12:51:12,149 - INFO - SUBPROCESS: Created file: AccountMapper_orcl-07-update-updateSignon.xml
2025-06-20 12:51:12,149 - INFO - SUBPROCESS: Created file: AccountMapper_orcl-08-insert-insertSignon.xml
2025-06-20 12:51:12,149 - INFO - SUBPROCESS: Completed: Extracted 8 Level1 elements (time: 0.00 seconds)
2025-06-20 12:51:12,149 - INFO - Successfully extracted Level1 elements from /Users/changik/workspace/sample-oracle-modernization-accelerator/jpetstore-6/application/transform/mapper/AccountMapper_orcl.xml
2025-06-20 12:51:12,149 - DEBUG - Extracted 8 Level1 elements
2025-06-20 12:51:12,150 - DEBUG - Directory ensured: /Users/changik/workspace/sample-oracle-modernization-accelerator/jpetstore-6/logs/application/SQLTransformTarget/mapper/AccountMapper_orcl/transform
2025-06-20 12:51:12,150 - INFO - Read prompt template from /Users/changik/workspace/sample-oracle-modernization-accelerator/bin/application/SQLTransformTarget.txt
2025-06-20 12:51:12,150 - DEBUG - Prompt template processed for folder: /Users/changik/workspace/sample-oracle-modernization-accelerator/jpetstore-6/logs/application/SQLTransformTarget/mapper/AccountMapper_orcl
2025-06-20 12:51:12,150 - DEBUG - Replaced MAPPER_ORCLL1_DIR with /Users/changik/workspace/sample-oracle-modernization-accelerator/jpetstore-6/logs/application/SQLTransformTarget/mapper/AccountMapper_orcl/extract in prompt
2025-06-20 12:51:12,150 - DEBUG - Replaced MAPPER_PGL1_DIR with /Users/changik/workspace/sample-oracle-modernization-accelerator/jpetstore-6/logs/application/SQLTransformTarget/mapper/AccountMapper_orcl/transform in prompt
2025-06-20 12:51:12,150 - DEBUG - Replaced ORIGIN_SUFFIX with _orcl in prompt
2025-06-20 12:51:12,150 - DEBUG - Replaced TRANSFORM_SUFFIX with _pg in prompt
2025-06-20 12:51:12,150 - INFO - Created temporary prompt file: /Users/changik/workspace/sample-oracle-modernization-accelerator/jpetstore-6/logs/application/SQLTransformTarget/prompts/AccountMapper_orcl.prompt
2025-06-20 12:51:12,150 - INFO - Executing command: q chat --trust-all-tools --no-interactive < /Users/changik/workspace/sample-oracle-modernization-accelerator/jpetstore-6/logs/application/SQLTransformTarget/prompts/AccountMapper_orcl.prompt > /Users/changik/workspace/sample-oracle-modernization-accelerator/jpetstore-6/logs/application/SQLTransformTarget/qlogs/AccountMapper_orcl.log
2025-06-20 12:51:12,150 - INFO - Command saved to history: /Users/changik/workspace/sample-oracle-modernization-accelerator/jpetstore-6/logs/application/SQLTransformTarget/prompts/qchat_command_history.log
2025-06-20 12:54:55,954 - INFO - Command executed successfully for /Users/changik/workspace/sample-oracle-modernization-accelerator/jpetstore-6/logs/application/SQLTransformTarget/mapper/AccountMapper_orcl
2025-06-20 12:54:55,954 - DEBUG - Command output: 
2025-06-20 12:54:55,955 - DEBUG - Directory ensured: /Users/changik/workspace/sample-oracle-modernization-accelerator/jpetstore-6/logs/application/SQLTransformTarget/mapper/AccountMapper_orcl/merge
2025-06-20 12:54:55,955 - INFO - Merge file will be created at: /Users/changik/workspace/sample-oracle-modernization-accelerator/jpetstore-6/logs/application/SQLTransformTarget/mapper/AccountMapper_orcl/merge/AccountMapper.xml
2025-06-20 12:54:55,955 - DEBUG - Running command: python3 /Users/changik/workspace/sample-oracle-modernization-accelerator/bin/application/xmlMerger.py --input /Users/changik/workspace/sample-oracle-modernization-accelerator/jpetstore-6/logs/application/SQLTransformTarget/mapper/AccountMapper_orcl/transform --output /Users/changik/workspace/sample-oracle-modernization-accelerator/jpetstore-6/logs/application/SQLTransformTarget/mapper/AccountMapper_orcl/merge/AccountMapper.xml --log-level=INFO
2025-06-20 12:54:56,027 - INFO - SUBPROCESS: Starting XML merge process from /Users/changik/workspace/sample-oracle-modernization-accelerator/jpetstore-6/logs/application/SQLTransformTarget/mapper/AccountMapper_orcl/transform to /Users/changik/workspace/sample-oracle-modernization-accelerator/jpetstore-6/logs/application/SQLTransformTarget/mapper/AccountMapper_orcl/merge/AccountMapper.xml
2025-06-20 12:54:56,027 - INFO - SUBPROCESS: Found 8 XML files to merge
2025-06-20 12:54:56,027 - INFO - SUBPROCESS: Using namespace: org.mybatis.jpetstore.mapper.AccountMapper
2025-06-20 12:54:56,027 - INFO - SUBPROCESS: Successfully wrote merged XML to /Users/changik/workspace/sample-oracle-modernization-accelerator/jpetstore-6/logs/application/SQLTransformTarget/mapper/AccountMapper_orcl/merge/AccountMapper.xml
2025-06-20 12:54:56,027 - INFO - SUBPROCESS: XML merge completed in 0.00 seconds
2025-06-20 12:54:56,027 - INFO - SUBPROCESS: XML merge process completed successfully
2025-06-20 12:54:56,027 - INFO - Successfully merged transformed files to /Users/changik/workspace/sample-oracle-modernization-accelerator/jpetstore-6/logs/application/SQLTransformTarget/mapper/AccountMapper_orcl/merge/AccountMapper.xml
2025-06-20 12:54:56,027 - DEBUG - Directory ensured: /Users/changik/workspace/sample-oracle-modernization-accelerator/jpetstore-6/application/transform/mapper
2025-06-20 12:54:56,028 - DEBUG - Copied file from /Users/changik/workspace/sample-oracle-modernization-accelerator/jpetstore-6/logs/application/SQLTransformTarget/mapper/AccountMapper_orcl/merge/AccountMapper.xml to /Users/changik/workspace/sample-oracle-modernization-accelerator/jpetstore-6/application/transform/mapper/AccountMapper.xml
2025-06-20 12:54:56,028 - INFO - Successfully copied final transformed file to /Users/changik/workspace/sample-oracle-modernization-accelerator/jpetstore-6/application/transform/mapper/AccountMapper.xml
2025-06-20 12:54:56,028 - INFO - [ThreadPoolExecutor-0_0] Successfully transformed /Users/changik/workspace/SampleApp/jpetstore-6/src/main/resources/org/mybatis/jpetstore/mapper/AccountMapper.xml to /Users/changik/workspace/sample-oracle-modernization-accelerator/jpetstore-6/application/transform/mapper/AccountMapper.xml
2025-06-20 12:54:56,028 - INFO - [ThreadPoolExecutor-0_0] Processing target file: /Users/changik/workspace/SampleApp/jpetstore-6/src/main/resources/org/mybatis/jpetstore/mapper/ProductMapper.xml
2025-06-20 12:54:56,028 - INFO - XML parent path: /Users/changik/workspace/SampleApp/jpetstore-6/src/main/resources/org/mybatis/jpetstore/mapper
2025-06-20 12:54:56,028 - INFO - Extracted subfolder structure: 
2025-06-20 12:54:56,028 - DEBUG - Directory ensured: /Users/changik/workspace/sample-oracle-modernization-accelerator/jpetstore-6/application/transform/mapper/
2025-06-20 12:54:56,028 - INFO - Created folder structure: /Users/changik/workspace/sample-oracle-modernization-accelerator/jpetstore-6/application/transform/mapper/
2025-06-20 12:54:56,028 - DEBUG - Directory ensured: /Users/changik/workspace/sample-oracle-modernization-accelerator/jpetstore-6/application/transform/mapper
2025-06-20 12:54:56,029 - DEBUG - Copied file from /Users/changik/workspace/SampleApp/jpetstore-6/src/main/resources/org/mybatis/jpetstore/mapper/ProductMapper.xml to /Users/changik/workspace/sample-oracle-modernization-accelerator/jpetstore-6/application/transform/mapper/ProductMapper_orcl.xml
2025-06-20 12:54:56,029 - INFO - Copied /Users/changik/workspace/SampleApp/jpetstore-6/src/main/resources/org/mybatis/jpetstore/mapper/ProductMapper.xml to /Users/changik/workspace/sample-oracle-modernization-accelerator/jpetstore-6/application/transform/mapper/ProductMapper_orcl.xml
2025-06-20 12:54:56,029 - DEBUG - Target files list: ['/Users/changik/workspace/sample-oracle-modernization-accelerator/jpetstore-6/application/transform/mapper/ProductMapper_orcl.xml']
2025-06-20 12:54:56,029 - DEBUG - Target file basename: ProductMapper_orcl
2025-06-20 12:54:56,029 - DEBUG - Directory ensured: /Users/changik/workspace/sample-oracle-modernization-accelerator/jpetstore-6/logs/application/SQLTransformTarget/mapper/ProductMapper_orcl/extract
2025-06-20 12:54:56,029 - INFO - Removing existing folder: /Users/changik/workspace/sample-oracle-modernization-accelerator/jpetstore-6/logs/application/SQLTransformTarget/mapper/ProductMapper_orcl/extract
2025-06-20 12:54:56,030 - DEBUG - Running command: python3 /Users/changik/workspace/sample-oracle-modernization-accelerator/bin/application/xmlExtractor.py --input /Users/changik/workspace/sample-oracle-modernization-accelerator/jpetstore-6/application/transform/mapper/ProductMapper_orcl.xml --output /Users/changik/workspace/sample-oracle-modernization-accelerator/jpetstore-6/logs/application/SQLTransformTarget/mapper/ProductMapper_orcl/extract --log-level=INFO
2025-06-20 12:54:56,086 - INFO - SUBPROCESS: Starting: Processing XML file 'ProductMapper_orcl.xml'
2025-06-20 12:54:56,087 - INFO - SUBPROCESS: Namespace: org.mybatis.jpetstore.mapper.ProductMapper
2025-06-20 12:54:56,087 - WARNING - SUBPROCESS: Could not find closing tag for: cache
2025-06-20 12:54:56,087 - WARNING - SUBPROCESS: Malformed XML structure: Missing closing tag for cache
2025-06-20 12:54:56,087 - INFO - SUBPROCESS: Extracted 3 Level1 elements
2025-06-20 12:54:56,087 - INFO - SUBPROCESS: Created file: ProductMapper_orcl-01-select-getProduct.xml
2025-06-20 12:54:56,087 - INFO - SUBPROCESS: Created file: ProductMapper_orcl-02-select-getProductListByCategory.xml
2025-06-20 12:54:56,087 - INFO - SUBPROCESS: Created file: ProductMapper_orcl-03-select-searchProductList.xml
2025-06-20 12:54:56,087 - INFO - SUBPROCESS: Completed: Extracted 3 Level1 elements (time: 0.00 seconds)
2025-06-20 12:54:56,087 - INFO - Successfully extracted Level1 elements from /Users/changik/workspace/sample-oracle-modernization-accelerator/jpetstore-6/application/transform/mapper/ProductMapper_orcl.xml
2025-06-20 12:54:56,087 - DEBUG - Extracted 3 Level1 elements
2025-06-20 12:54:56,087 - DEBUG - Directory ensured: /Users/changik/workspace/sample-oracle-modernization-accelerator/jpetstore-6/logs/application/SQLTransformTarget/mapper/ProductMapper_orcl/transform
2025-06-20 12:54:56,087 - INFO - Read prompt template from /Users/changik/workspace/sample-oracle-modernization-accelerator/bin/application/SQLTransformTarget.txt
2025-06-20 12:54:56,088 - DEBUG - Prompt template processed for folder: /Users/changik/workspace/sample-oracle-modernization-accelerator/jpetstore-6/logs/application/SQLTransformTarget/mapper/ProductMapper_orcl
2025-06-20 12:54:56,088 - DEBUG - Replaced MAPPER_ORCLL1_DIR with /Users/changik/workspace/sample-oracle-modernization-accelerator/jpetstore-6/logs/application/SQLTransformTarget/mapper/ProductMapper_orcl/extract in prompt
2025-06-20 12:54:56,088 - DEBUG - Replaced MAPPER_PGL1_DIR with /Users/changik/workspace/sample-oracle-modernization-accelerator/jpetstore-6/logs/application/SQLTransformTarget/mapper/ProductMapper_orcl/transform in prompt
2025-06-20 12:54:56,088 - DEBUG - Replaced ORIGIN_SUFFIX with _orcl in prompt
2025-06-20 12:54:56,088 - DEBUG - Replaced TRANSFORM_SUFFIX with _pg in prompt
2025-06-20 12:54:56,088 - INFO - Created temporary prompt file: /Users/changik/workspace/sample-oracle-modernization-accelerator/jpetstore-6/logs/application/SQLTransformTarget/prompts/ProductMapper_orcl.prompt
2025-06-20 12:54:56,088 - INFO - Executing command: q chat --trust-all-tools --no-interactive < /Users/changik/workspace/sample-oracle-modernization-accelerator/jpetstore-6/logs/application/SQLTransformTarget/prompts/ProductMapper_orcl.prompt > /Users/changik/workspace/sample-oracle-modernization-accelerator/jpetstore-6/logs/application/SQLTransformTarget/qlogs/ProductMapper_orcl.log
2025-06-20 12:54:56,088 - INFO - Command saved to history: /Users/changik/workspace/sample-oracle-modernization-accelerator/jpetstore-6/logs/application/SQLTransformTarget/prompts/qchat_command_history.log
2025-06-20 12:57:05,138 - INFO - Command executed successfully for /Users/changik/workspace/sample-oracle-modernization-accelerator/jpetstore-6/logs/application/SQLTransformTarget/mapper/ProductMapper_orcl
2025-06-20 12:57:05,138 - DEBUG - Command output: 
2025-06-20 12:57:05,139 - DEBUG - Directory ensured: /Users/changik/workspace/sample-oracle-modernization-accelerator/jpetstore-6/logs/application/SQLTransformTarget/mapper/ProductMapper_orcl/merge
2025-06-20 12:57:05,139 - INFO - Merge file will be created at: /Users/changik/workspace/sample-oracle-modernization-accelerator/jpetstore-6/logs/application/SQLTransformTarget/mapper/ProductMapper_orcl/merge/ProductMapper.xml
2025-06-20 12:57:05,139 - DEBUG - Running command: python3 /Users/changik/workspace/sample-oracle-modernization-accelerator/bin/application/xmlMerger.py --input /Users/changik/workspace/sample-oracle-modernization-accelerator/jpetstore-6/logs/application/SQLTransformTarget/mapper/ProductMapper_orcl/transform --output /Users/changik/workspace/sample-oracle-modernization-accelerator/jpetstore-6/logs/application/SQLTransformTarget/mapper/ProductMapper_orcl/merge/ProductMapper.xml --log-level=INFO
2025-06-20 12:57:05,210 - INFO - SUBPROCESS: Starting XML merge process from /Users/changik/workspace/sample-oracle-modernization-accelerator/jpetstore-6/logs/application/SQLTransformTarget/mapper/ProductMapper_orcl/transform to /Users/changik/workspace/sample-oracle-modernization-accelerator/jpetstore-6/logs/application/SQLTransformTarget/mapper/ProductMapper_orcl/merge/ProductMapper.xml
2025-06-20 12:57:05,210 - INFO - SUBPROCESS: Found 3 XML files to merge
2025-06-20 12:57:05,210 - INFO - SUBPROCESS: Using namespace: org.mybatis.jpetstore.mapper.ProductMapper
2025-06-20 12:57:05,210 - INFO - SUBPROCESS: Successfully wrote merged XML to /Users/changik/workspace/sample-oracle-modernization-accelerator/jpetstore-6/logs/application/SQLTransformTarget/mapper/ProductMapper_orcl/merge/ProductMapper.xml
2025-06-20 12:57:05,210 - INFO - SUBPROCESS: XML merge completed in 0.00 seconds
2025-06-20 12:57:05,210 - INFO - SUBPROCESS: XML merge process completed successfully
2025-06-20 12:57:05,210 - INFO - Successfully merged transformed files to /Users/changik/workspace/sample-oracle-modernization-accelerator/jpetstore-6/logs/application/SQLTransformTarget/mapper/ProductMapper_orcl/merge/ProductMapper.xml
2025-06-20 12:57:05,210 - DEBUG - Directory ensured: /Users/changik/workspace/sample-oracle-modernization-accelerator/jpetstore-6/application/transform/mapper
2025-06-20 12:57:05,211 - DEBUG - Copied file from /Users/changik/workspace/sample-oracle-modernization-accelerator/jpetstore-6/logs/application/SQLTransformTarget/mapper/ProductMapper_orcl/merge/ProductMapper.xml to /Users/changik/workspace/sample-oracle-modernization-accelerator/jpetstore-6/application/transform/mapper/ProductMapper.xml
2025-06-20 12:57:05,211 - INFO - Successfully copied final transformed file to /Users/changik/workspace/sample-oracle-modernization-accelerator/jpetstore-6/application/transform/mapper/ProductMapper.xml
2025-06-20 12:57:05,211 - INFO - [ThreadPoolExecutor-0_0] Successfully transformed /Users/changik/workspace/SampleApp/jpetstore-6/src/main/resources/org/mybatis/jpetstore/mapper/ProductMapper.xml to /Users/changik/workspace/sample-oracle-modernization-accelerator/jpetstore-6/application/transform/mapper/ProductMapper.xml
2025-06-20 12:57:05,211 - INFO - [ThreadPoolExecutor-0_0] Processing target file: /Users/changik/workspace/SampleApp/jpetstore-6/src/main/resources/org/mybatis/jpetstore/mapper/ItemMapper.xml
2025-06-20 12:57:05,211 - INFO - XML parent path: /Users/changik/workspace/SampleApp/jpetstore-6/src/main/resources/org/mybatis/jpetstore/mapper
2025-06-20 12:57:05,211 - INFO - Extracted subfolder structure: 
2025-06-20 12:57:05,211 - DEBUG - Directory ensured: /Users/changik/workspace/sample-oracle-modernization-accelerator/jpetstore-6/application/transform/mapper/
2025-06-20 12:57:05,211 - INFO - Created folder structure: /Users/changik/workspace/sample-oracle-modernization-accelerator/jpetstore-6/application/transform/mapper/
2025-06-20 12:57:05,211 - DEBUG - Directory ensured: /Users/changik/workspace/sample-oracle-modernization-accelerator/jpetstore-6/application/transform/mapper
2025-06-20 12:57:05,212 - DEBUG - Copied file from /Users/changik/workspace/SampleApp/jpetstore-6/src/main/resources/org/mybatis/jpetstore/mapper/ItemMapper.xml to /Users/changik/workspace/sample-oracle-modernization-accelerator/jpetstore-6/application/transform/mapper/ItemMapper_orcl.xml
2025-06-20 12:57:05,212 - INFO - Copied /Users/changik/workspace/SampleApp/jpetstore-6/src/main/resources/org/mybatis/jpetstore/mapper/ItemMapper.xml to /Users/changik/workspace/sample-oracle-modernization-accelerator/jpetstore-6/application/transform/mapper/ItemMapper_orcl.xml
2025-06-20 12:57:05,212 - DEBUG - Target files list: ['/Users/changik/workspace/sample-oracle-modernization-accelerator/jpetstore-6/application/transform/mapper/ItemMapper_orcl.xml']
2025-06-20 12:57:05,212 - DEBUG - Target file basename: ItemMapper_orcl
2025-06-20 12:57:05,212 - DEBUG - Directory ensured: /Users/changik/workspace/sample-oracle-modernization-accelerator/jpetstore-6/logs/application/SQLTransformTarget/mapper/ItemMapper_orcl/extract
2025-06-20 12:57:05,212 - INFO - Removing existing folder: /Users/changik/workspace/sample-oracle-modernization-accelerator/jpetstore-6/logs/application/SQLTransformTarget/mapper/ItemMapper_orcl/extract
2025-06-20 12:57:05,212 - DEBUG - Running command: python3 /Users/changik/workspace/sample-oracle-modernization-accelerator/bin/application/xmlExtractor.py --input /Users/changik/workspace/sample-oracle-modernization-accelerator/jpetstore-6/application/transform/mapper/ItemMapper_orcl.xml --output /Users/changik/workspace/sample-oracle-modernization-accelerator/jpetstore-6/logs/application/SQLTransformTarget/mapper/ItemMapper_orcl/extract --log-level=INFO
2025-06-20 12:57:05,268 - INFO - SUBPROCESS: Starting: Processing XML file 'ItemMapper_orcl.xml'
2025-06-20 12:57:05,268 - INFO - SUBPROCESS: Namespace: org.mybatis.jpetstore.mapper.ItemMapper
2025-06-20 12:57:05,268 - WARNING - SUBPROCESS: Could not find closing tag for: cache
2025-06-20 12:57:05,268 - WARNING - SUBPROCESS: Malformed XML structure: Missing closing tag for cache
2025-06-20 12:57:05,268 - INFO - SUBPROCESS: Extracted 4 Level1 elements
2025-06-20 12:57:05,268 - INFO - SUBPROCESS: Created file: ItemMapper_orcl-01-select-getItemListByProduct.xml
2025-06-20 12:57:05,268 - INFO - SUBPROCESS: Created file: ItemMapper_orcl-02-select-getItem.xml
2025-06-20 12:57:05,268 - INFO - SUBPROCESS: Created file: ItemMapper_orcl-03-select-getInventoryQuantity.xml
2025-06-20 12:57:05,268 - INFO - SUBPROCESS: Created file: ItemMapper_orcl-04-update-updateInventoryQuantity.xml
2025-06-20 12:57:05,268 - INFO - SUBPROCESS: Completed: Extracted 4 Level1 elements (time: 0.00 seconds)
2025-06-20 12:57:05,268 - INFO - Successfully extracted Level1 elements from /Users/changik/workspace/sample-oracle-modernization-accelerator/jpetstore-6/application/transform/mapper/ItemMapper_orcl.xml
2025-06-20 12:57:05,268 - DEBUG - Extracted 4 Level1 elements
2025-06-20 12:57:05,268 - DEBUG - Directory ensured: /Users/changik/workspace/sample-oracle-modernization-accelerator/jpetstore-6/logs/application/SQLTransformTarget/mapper/ItemMapper_orcl/transform
2025-06-20 12:57:05,268 - INFO - Read prompt template from /Users/changik/workspace/sample-oracle-modernization-accelerator/bin/application/SQLTransformTarget.txt
2025-06-20 12:57:05,268 - DEBUG - Prompt template processed for folder: /Users/changik/workspace/sample-oracle-modernization-accelerator/jpetstore-6/logs/application/SQLTransformTarget/mapper/ItemMapper_orcl
2025-06-20 12:57:05,268 - DEBUG - Replaced MAPPER_ORCLL1_DIR with /Users/changik/workspace/sample-oracle-modernization-accelerator/jpetstore-6/logs/application/SQLTransformTarget/mapper/ItemMapper_orcl/extract in prompt
2025-06-20 12:57:05,268 - DEBUG - Replaced MAPPER_PGL1_DIR with /Users/changik/workspace/sample-oracle-modernization-accelerator/jpetstore-6/logs/application/SQLTransformTarget/mapper/ItemMapper_orcl/transform in prompt
2025-06-20 12:57:05,268 - DEBUG - Replaced ORIGIN_SUFFIX with _orcl in prompt
2025-06-20 12:57:05,269 - DEBUG - Replaced TRANSFORM_SUFFIX with _pg in prompt
2025-06-20 12:57:05,269 - INFO - Created temporary prompt file: /Users/changik/workspace/sample-oracle-modernization-accelerator/jpetstore-6/logs/application/SQLTransformTarget/prompts/ItemMapper_orcl.prompt
2025-06-20 12:57:05,269 - INFO - Executing command: q chat --trust-all-tools --no-interactive < /Users/changik/workspace/sample-oracle-modernization-accelerator/jpetstore-6/logs/application/SQLTransformTarget/prompts/ItemMapper_orcl.prompt > /Users/changik/workspace/sample-oracle-modernization-accelerator/jpetstore-6/logs/application/SQLTransformTarget/qlogs/ItemMapper_orcl.log
2025-06-20 12:57:05,269 - INFO - Command saved to history: /Users/changik/workspace/sample-oracle-modernization-accelerator/jpetstore-6/logs/application/SQLTransformTarget/prompts/qchat_command_history.log
2025-06-20 12:59:53,290 - INFO - Command executed successfully for /Users/changik/workspace/sample-oracle-modernization-accelerator/jpetstore-6/logs/application/SQLTransformTarget/mapper/ItemMapper_orcl
2025-06-20 12:59:53,291 - DEBUG - Command output: 
2025-06-20 12:59:53,291 - DEBUG - Directory ensured: /Users/changik/workspace/sample-oracle-modernization-accelerator/jpetstore-6/logs/application/SQLTransformTarget/mapper/ItemMapper_orcl/merge
2025-06-20 12:59:53,292 - INFO - Merge file will be created at: /Users/changik/workspace/sample-oracle-modernization-accelerator/jpetstore-6/logs/application/SQLTransformTarget/mapper/ItemMapper_orcl/merge/ItemMapper.xml
2025-06-20 12:59:53,292 - DEBUG - Running command: python3 /Users/changik/workspace/sample-oracle-modernization-accelerator/bin/application/xmlMerger.py --input /Users/changik/workspace/sample-oracle-modernization-accelerator/jpetstore-6/logs/application/SQLTransformTarget/mapper/ItemMapper_orcl/transform --output /Users/changik/workspace/sample-oracle-modernization-accelerator/jpetstore-6/logs/application/SQLTransformTarget/mapper/ItemMapper_orcl/merge/ItemMapper.xml --log-level=INFO
2025-06-20 12:59:53,364 - INFO - SUBPROCESS: Starting XML merge process from /Users/changik/workspace/sample-oracle-modernization-accelerator/jpetstore-6/logs/application/SQLTransformTarget/mapper/ItemMapper_orcl/transform to /Users/changik/workspace/sample-oracle-modernization-accelerator/jpetstore-6/logs/application/SQLTransformTarget/mapper/ItemMapper_orcl/merge/ItemMapper.xml
2025-06-20 12:59:53,364 - INFO - SUBPROCESS: Found 4 XML files to merge
2025-06-20 12:59:53,364 - INFO - SUBPROCESS: Using namespace: org.mybatis.jpetstore.mapper.ItemMapper
2025-06-20 12:59:53,364 - INFO - SUBPROCESS: Successfully wrote merged XML to /Users/changik/workspace/sample-oracle-modernization-accelerator/jpetstore-6/logs/application/SQLTransformTarget/mapper/ItemMapper_orcl/merge/ItemMapper.xml
2025-06-20 12:59:53,364 - INFO - SUBPROCESS: XML merge completed in 0.00 seconds
2025-06-20 12:59:53,364 - INFO - SUBPROCESS: XML merge process completed successfully
2025-06-20 12:59:53,364 - INFO - Successfully merged transformed files to /Users/changik/workspace/sample-oracle-modernization-accelerator/jpetstore-6/logs/application/SQLTransformTarget/mapper/ItemMapper_orcl/merge/ItemMapper.xml
2025-06-20 12:59:53,364 - DEBUG - Directory ensured: /Users/changik/workspace/sample-oracle-modernization-accelerator/jpetstore-6/application/transform/mapper
2025-06-20 12:59:53,365 - DEBUG - Copied file from /Users/changik/workspace/sample-oracle-modernization-accelerator/jpetstore-6/logs/application/SQLTransformTarget/mapper/ItemMapper_orcl/merge/ItemMapper.xml to /Users/changik/workspace/sample-oracle-modernization-accelerator/jpetstore-6/application/transform/mapper/ItemMapper.xml
2025-06-20 12:59:53,365 - INFO - Successfully copied final transformed file to /Users/changik/workspace/sample-oracle-modernization-accelerator/jpetstore-6/application/transform/mapper/ItemMapper.xml
2025-06-20 12:59:53,365 - INFO - [ThreadPoolExecutor-0_0] Successfully transformed /Users/changik/workspace/SampleApp/jpetstore-6/src/main/resources/org/mybatis/jpetstore/mapper/ItemMapper.xml to /Users/changik/workspace/sample-oracle-modernization-accelerator/jpetstore-6/application/transform/mapper/ItemMapper.xml
2025-06-20 12:59:53,365 - INFO - [ThreadPoolExecutor-0_0] Processing target file: /Users/changik/workspace/SampleApp/jpetstore-6/src/main/resources/org/mybatis/jpetstore/mapper/CategoryMapper.xml
2025-06-20 12:59:53,365 - INFO - XML parent path: /Users/changik/workspace/SampleApp/jpetstore-6/src/main/resources/org/mybatis/jpetstore/mapper
2025-06-20 12:59:53,365 - INFO - Extracted subfolder structure: 
2025-06-20 12:59:53,365 - DEBUG - Directory ensured: /Users/changik/workspace/sample-oracle-modernization-accelerator/jpetstore-6/application/transform/mapper/
2025-06-20 12:59:53,365 - INFO - Created folder structure: /Users/changik/workspace/sample-oracle-modernization-accelerator/jpetstore-6/application/transform/mapper/
2025-06-20 12:59:53,365 - DEBUG - Directory ensured: /Users/changik/workspace/sample-oracle-modernization-accelerator/jpetstore-6/application/transform/mapper
2025-06-20 12:59:53,366 - DEBUG - Copied file from /Users/changik/workspace/SampleApp/jpetstore-6/src/main/resources/org/mybatis/jpetstore/mapper/CategoryMapper.xml to /Users/changik/workspace/sample-oracle-modernization-accelerator/jpetstore-6/application/transform/mapper/CategoryMapper_orcl.xml
2025-06-20 12:59:53,366 - INFO - Copied /Users/changik/workspace/SampleApp/jpetstore-6/src/main/resources/org/mybatis/jpetstore/mapper/CategoryMapper.xml to /Users/changik/workspace/sample-oracle-modernization-accelerator/jpetstore-6/application/transform/mapper/CategoryMapper_orcl.xml
2025-06-20 12:59:53,366 - DEBUG - Target files list: ['/Users/changik/workspace/sample-oracle-modernization-accelerator/jpetstore-6/application/transform/mapper/CategoryMapper_orcl.xml']
2025-06-20 12:59:53,366 - DEBUG - Target file basename: CategoryMapper_orcl
2025-06-20 12:59:53,366 - DEBUG - Directory ensured: /Users/changik/workspace/sample-oracle-modernization-accelerator/jpetstore-6/logs/application/SQLTransformTarget/mapper/CategoryMapper_orcl/extract
2025-06-20 12:59:53,366 - INFO - Removing existing folder: /Users/changik/workspace/sample-oracle-modernization-accelerator/jpetstore-6/logs/application/SQLTransformTarget/mapper/CategoryMapper_orcl/extract
2025-06-20 12:59:53,366 - DEBUG - Running command: python3 /Users/changik/workspace/sample-oracle-modernization-accelerator/bin/application/xmlExtractor.py --input /Users/changik/workspace/sample-oracle-modernization-accelerator/jpetstore-6/application/transform/mapper/CategoryMapper_orcl.xml --output /Users/changik/workspace/sample-oracle-modernization-accelerator/jpetstore-6/logs/application/SQLTransformTarget/mapper/CategoryMapper_orcl/extract --log-level=INFO
2025-06-20 12:59:53,424 - INFO - SUBPROCESS: Starting: Processing XML file 'CategoryMapper_orcl.xml'
2025-06-20 12:59:53,424 - INFO - SUBPROCESS: Namespace: org.mybatis.jpetstore.mapper.CategoryMapper
2025-06-20 12:59:53,424 - INFO - SUBPROCESS: Extracted 2 Level1 elements
2025-06-20 12:59:53,424 - INFO - SUBPROCESS: Created file: CategoryMapper_orcl-01-select-getCategory.xml
2025-06-20 12:59:53,424 - INFO - SUBPROCESS: Created file: CategoryMapper_orcl-02-select-getCategoryList.xml
2025-06-20 12:59:53,424 - INFO - SUBPROCESS: Completed: Extracted 2 Level1 elements (time: 0.00 seconds)
2025-06-20 12:59:53,425 - INFO - Successfully extracted Level1 elements from /Users/changik/workspace/sample-oracle-modernization-accelerator/jpetstore-6/application/transform/mapper/CategoryMapper_orcl.xml
2025-06-20 12:59:53,425 - DEBUG - Extracted 2 Level1 elements
2025-06-20 12:59:53,425 - DEBUG - Directory ensured: /Users/changik/workspace/sample-oracle-modernization-accelerator/jpetstore-6/logs/application/SQLTransformTarget/mapper/CategoryMapper_orcl/transform
2025-06-20 12:59:53,425 - INFO - Read prompt template from /Users/changik/workspace/sample-oracle-modernization-accelerator/bin/application/SQLTransformTarget.txt
2025-06-20 12:59:53,425 - DEBUG - Prompt template processed for folder: /Users/changik/workspace/sample-oracle-modernization-accelerator/jpetstore-6/logs/application/SQLTransformTarget/mapper/CategoryMapper_orcl
2025-06-20 12:59:53,425 - DEBUG - Replaced MAPPER_ORCLL1_DIR with /Users/changik/workspace/sample-oracle-modernization-accelerator/jpetstore-6/logs/application/SQLTransformTarget/mapper/CategoryMapper_orcl/extract in prompt
2025-06-20 12:59:53,425 - DEBUG - Replaced MAPPER_PGL1_DIR with /Users/changik/workspace/sample-oracle-modernization-accelerator/jpetstore-6/logs/application/SQLTransformTarget/mapper/CategoryMapper_orcl/transform in prompt
2025-06-20 12:59:53,425 - DEBUG - Replaced ORIGIN_SUFFIX with _orcl in prompt
2025-06-20 12:59:53,425 - DEBUG - Replaced TRANSFORM_SUFFIX with _pg in prompt
2025-06-20 12:59:53,425 - INFO - Created temporary prompt file: /Users/changik/workspace/sample-oracle-modernization-accelerator/jpetstore-6/logs/application/SQLTransformTarget/prompts/CategoryMapper_orcl.prompt
2025-06-20 12:59:53,426 - INFO - Executing command: q chat --trust-all-tools --no-interactive < /Users/changik/workspace/sample-oracle-modernization-accelerator/jpetstore-6/logs/application/SQLTransformTarget/prompts/CategoryMapper_orcl.prompt > /Users/changik/workspace/sample-oracle-modernization-accelerator/jpetstore-6/logs/application/SQLTransformTarget/qlogs/CategoryMapper_orcl.log
2025-06-20 12:59:53,426 - INFO - Command saved to history: /Users/changik/workspace/sample-oracle-modernization-accelerator/jpetstore-6/logs/application/SQLTransformTarget/prompts/qchat_command_history.log
2025-06-20 13:01:53,239 - INFO - Command executed successfully for /Users/changik/workspace/sample-oracle-modernization-accelerator/jpetstore-6/logs/application/SQLTransformTarget/mapper/CategoryMapper_orcl
2025-06-20 13:01:53,239 - DEBUG - Command output: 
2025-06-20 13:01:53,240 - DEBUG - Directory ensured: /Users/changik/workspace/sample-oracle-modernization-accelerator/jpetstore-6/logs/application/SQLTransformTarget/mapper/CategoryMapper_orcl/merge
2025-06-20 13:01:53,240 - INFO - Merge file will be created at: /Users/changik/workspace/sample-oracle-modernization-accelerator/jpetstore-6/logs/application/SQLTransformTarget/mapper/CategoryMapper_orcl/merge/CategoryMapper.xml
2025-06-20 13:01:53,240 - DEBUG - Running command: python3 /Users/changik/workspace/sample-oracle-modernization-accelerator/bin/application/xmlMerger.py --input /Users/changik/workspace/sample-oracle-modernization-accelerator/jpetstore-6/logs/application/SQLTransformTarget/mapper/CategoryMapper_orcl/transform --output /Users/changik/workspace/sample-oracle-modernization-accelerator/jpetstore-6/logs/application/SQLTransformTarget/mapper/CategoryMapper_orcl/merge/CategoryMapper.xml --log-level=INFO
2025-06-20 13:01:53,311 - INFO - SUBPROCESS: Starting XML merge process from /Users/changik/workspace/sample-oracle-modernization-accelerator/jpetstore-6/logs/application/SQLTransformTarget/mapper/CategoryMapper_orcl/transform to /Users/changik/workspace/sample-oracle-modernization-accelerator/jpetstore-6/logs/application/SQLTransformTarget/mapper/CategoryMapper_orcl/merge/CategoryMapper.xml
2025-06-20 13:01:53,311 - INFO - SUBPROCESS: Found 2 XML files to merge
2025-06-20 13:01:53,311 - INFO - SUBPROCESS: Using namespace: org.mybatis.jpetstore.mapper.CategoryMapper
2025-06-20 13:01:53,311 - INFO - SUBPROCESS: Successfully wrote merged XML to /Users/changik/workspace/sample-oracle-modernization-accelerator/jpetstore-6/logs/application/SQLTransformTarget/mapper/CategoryMapper_orcl/merge/CategoryMapper.xml
2025-06-20 13:01:53,311 - INFO - SUBPROCESS: XML merge completed in 0.00 seconds
2025-06-20 13:01:53,311 - INFO - SUBPROCESS: XML merge process completed successfully
2025-06-20 13:01:53,311 - INFO - Successfully merged transformed files to /Users/changik/workspace/sample-oracle-modernization-accelerator/jpetstore-6/logs/application/SQLTransformTarget/mapper/CategoryMapper_orcl/merge/CategoryMapper.xml
2025-06-20 13:01:53,311 - DEBUG - Directory ensured: /Users/changik/workspace/sample-oracle-modernization-accelerator/jpetstore-6/application/transform/mapper
2025-06-20 13:01:53,312 - DEBUG - Copied file from /Users/changik/workspace/sample-oracle-modernization-accelerator/jpetstore-6/logs/application/SQLTransformTarget/mapper/CategoryMapper_orcl/merge/CategoryMapper.xml to /Users/changik/workspace/sample-oracle-modernization-accelerator/jpetstore-6/application/transform/mapper/CategoryMapper.xml
2025-06-20 13:01:53,312 - INFO - Successfully copied final transformed file to /Users/changik/workspace/sample-oracle-modernization-accelerator/jpetstore-6/application/transform/mapper/CategoryMapper.xml
2025-06-20 13:01:53,312 - INFO - [ThreadPoolExecutor-0_0] Successfully transformed /Users/changik/workspace/SampleApp/jpetstore-6/src/main/resources/org/mybatis/jpetstore/mapper/CategoryMapper.xml to /Users/changik/workspace/sample-oracle-modernization-accelerator/jpetstore-6/application/transform/mapper/CategoryMapper.xml
2025-06-20 13:01:53,312 - INFO - [ThreadPoolExecutor-0_0] Processing target file: /Users/changik/workspace/SampleApp/jpetstore-6/src/main/resources/org/mybatis/jpetstore/mapper/LineItemMapper.xml
2025-06-20 13:01:53,312 - INFO - XML parent path: /Users/changik/workspace/SampleApp/jpetstore-6/src/main/resources/org/mybatis/jpetstore/mapper
2025-06-20 13:01:53,312 - INFO - Extracted subfolder structure: 
2025-06-20 13:01:53,312 - DEBUG - Directory ensured: /Users/changik/workspace/sample-oracle-modernization-accelerator/jpetstore-6/application/transform/mapper/
2025-06-20 13:01:53,312 - INFO - Created folder structure: /Users/changik/workspace/sample-oracle-modernization-accelerator/jpetstore-6/application/transform/mapper/
2025-06-20 13:01:53,312 - DEBUG - Directory ensured: /Users/changik/workspace/sample-oracle-modernization-accelerator/jpetstore-6/application/transform/mapper
2025-06-20 13:01:53,313 - DEBUG - Copied file from /Users/changik/workspace/SampleApp/jpetstore-6/src/main/resources/org/mybatis/jpetstore/mapper/LineItemMapper.xml to /Users/changik/workspace/sample-oracle-modernization-accelerator/jpetstore-6/application/transform/mapper/LineItemMapper_orcl.xml
2025-06-20 13:01:53,313 - INFO - Copied /Users/changik/workspace/SampleApp/jpetstore-6/src/main/resources/org/mybatis/jpetstore/mapper/LineItemMapper.xml to /Users/changik/workspace/sample-oracle-modernization-accelerator/jpetstore-6/application/transform/mapper/LineItemMapper_orcl.xml
2025-06-20 13:01:53,313 - DEBUG - Target files list: ['/Users/changik/workspace/sample-oracle-modernization-accelerator/jpetstore-6/application/transform/mapper/LineItemMapper_orcl.xml']
2025-06-20 13:01:53,313 - DEBUG - Target file basename: LineItemMapper_orcl
2025-06-20 13:01:53,313 - DEBUG - Directory ensured: /Users/changik/workspace/sample-oracle-modernization-accelerator/jpetstore-6/logs/application/SQLTransformTarget/mapper/LineItemMapper_orcl/extract
2025-06-20 13:01:53,313 - INFO - Removing existing folder: /Users/changik/workspace/sample-oracle-modernization-accelerator/jpetstore-6/logs/application/SQLTransformTarget/mapper/LineItemMapper_orcl/extract
2025-06-20 13:01:53,313 - DEBUG - Running command: python3 /Users/changik/workspace/sample-oracle-modernization-accelerator/bin/application/xmlExtractor.py --input /Users/changik/workspace/sample-oracle-modernization-accelerator/jpetstore-6/application/transform/mapper/LineItemMapper_orcl.xml --output /Users/changik/workspace/sample-oracle-modernization-accelerator/jpetstore-6/logs/application/SQLTransformTarget/mapper/LineItemMapper_orcl/extract --log-level=INFO
2025-06-20 13:01:53,365 - INFO - SUBPROCESS: Starting: Processing XML file 'LineItemMapper_orcl.xml'
2025-06-20 13:01:53,365 - INFO - SUBPROCESS: Namespace: org.mybatis.jpetstore.mapper.LineItemMapper
2025-06-20 13:01:53,365 - WARNING - SUBPROCESS: Could not find closing tag for: cache
2025-06-20 13:01:53,365 - WARNING - SUBPROCESS: Malformed XML structure: Missing closing tag for cache
2025-06-20 13:01:53,365 - INFO - SUBPROCESS: Extracted 2 Level1 elements
2025-06-20 13:01:53,365 - INFO - SUBPROCESS: Created file: LineItemMapper_orcl-01-select-getLineItemsByOrderId.xml
2025-06-20 13:01:53,365 - INFO - SUBPROCESS: Created file: LineItemMapper_orcl-02-insert-insertLineItem.xml
2025-06-20 13:01:53,365 - INFO - SUBPROCESS: Completed: Extracted 2 Level1 elements (time: 0.00 seconds)
2025-06-20 13:01:53,365 - INFO - Successfully extracted Level1 elements from /Users/changik/workspace/sample-oracle-modernization-accelerator/jpetstore-6/application/transform/mapper/LineItemMapper_orcl.xml
2025-06-20 13:01:53,365 - DEBUG - Extracted 2 Level1 elements
2025-06-20 13:01:53,366 - DEBUG - Directory ensured: /Users/changik/workspace/sample-oracle-modernization-accelerator/jpetstore-6/logs/application/SQLTransformTarget/mapper/LineItemMapper_orcl/transform
2025-06-20 13:01:53,366 - INFO - Read prompt template from /Users/changik/workspace/sample-oracle-modernization-accelerator/bin/application/SQLTransformTarget.txt
2025-06-20 13:01:53,366 - DEBUG - Prompt template processed for folder: /Users/changik/workspace/sample-oracle-modernization-accelerator/jpetstore-6/logs/application/SQLTransformTarget/mapper/LineItemMapper_orcl
2025-06-20 13:01:53,366 - DEBUG - Replaced MAPPER_ORCLL1_DIR with /Users/changik/workspace/sample-oracle-modernization-accelerator/jpetstore-6/logs/application/SQLTransformTarget/mapper/LineItemMapper_orcl/extract in prompt
2025-06-20 13:01:53,366 - DEBUG - Replaced MAPPER_PGL1_DIR with /Users/changik/workspace/sample-oracle-modernization-accelerator/jpetstore-6/logs/application/SQLTransformTarget/mapper/LineItemMapper_orcl/transform in prompt
2025-06-20 13:01:53,366 - DEBUG - Replaced ORIGIN_SUFFIX with _orcl in prompt
2025-06-20 13:01:53,366 - DEBUG - Replaced TRANSFORM_SUFFIX with _pg in prompt
2025-06-20 13:01:53,366 - INFO - Created temporary prompt file: /Users/changik/workspace/sample-oracle-modernization-accelerator/jpetstore-6/logs/application/SQLTransformTarget/prompts/LineItemMapper_orcl.prompt
2025-06-20 13:01:53,366 - INFO - Executing command: q chat --trust-all-tools --no-interactive < /Users/changik/workspace/sample-oracle-modernization-accelerator/jpetstore-6/logs/application/SQLTransformTarget/prompts/LineItemMapper_orcl.prompt > /Users/changik/workspace/sample-oracle-modernization-accelerator/jpetstore-6/logs/application/SQLTransformTarget/qlogs/LineItemMapper_orcl.log
2025-06-20 13:01:53,366 - INFO - Command saved to history: /Users/changik/workspace/sample-oracle-modernization-accelerator/jpetstore-6/logs/application/SQLTransformTarget/prompts/qchat_command_history.log
2025-06-20 13:03:58,943 - INFO - Command executed successfully for /Users/changik/workspace/sample-oracle-modernization-accelerator/jpetstore-6/logs/application/SQLTransformTarget/mapper/LineItemMapper_orcl
2025-06-20 13:03:58,944 - DEBUG - Command output: 
2025-06-20 13:03:58,944 - DEBUG - Directory ensured: /Users/changik/workspace/sample-oracle-modernization-accelerator/jpetstore-6/logs/application/SQLTransformTarget/mapper/LineItemMapper_orcl/merge
2025-06-20 13:03:58,944 - INFO - Merge file will be created at: /Users/changik/workspace/sample-oracle-modernization-accelerator/jpetstore-6/logs/application/SQLTransformTarget/mapper/LineItemMapper_orcl/merge/LineItemMapper.xml
2025-06-20 13:03:58,944 - DEBUG - Running command: python3 /Users/changik/workspace/sample-oracle-modernization-accelerator/bin/application/xmlMerger.py --input /Users/changik/workspace/sample-oracle-modernization-accelerator/jpetstore-6/logs/application/SQLTransformTarget/mapper/LineItemMapper_orcl/transform --output /Users/changik/workspace/sample-oracle-modernization-accelerator/jpetstore-6/logs/application/SQLTransformTarget/mapper/LineItemMapper_orcl/merge/LineItemMapper.xml --log-level=INFO
2025-06-20 13:03:59,020 - INFO - SUBPROCESS: Starting XML merge process from /Users/changik/workspace/sample-oracle-modernization-accelerator/jpetstore-6/logs/application/SQLTransformTarget/mapper/LineItemMapper_orcl/transform to /Users/changik/workspace/sample-oracle-modernization-accelerator/jpetstore-6/logs/application/SQLTransformTarget/mapper/LineItemMapper_orcl/merge/LineItemMapper.xml
2025-06-20 13:03:59,021 - INFO - SUBPROCESS: Found 2 XML files to merge
2025-06-20 13:03:59,021 - INFO - SUBPROCESS: Using namespace: org.mybatis.jpetstore.mapper.LineItemMapper
2025-06-20 13:03:59,021 - INFO - SUBPROCESS: Successfully wrote merged XML to /Users/changik/workspace/sample-oracle-modernization-accelerator/jpetstore-6/logs/application/SQLTransformTarget/mapper/LineItemMapper_orcl/merge/LineItemMapper.xml
2025-06-20 13:03:59,021 - INFO - SUBPROCESS: XML merge completed in 0.00 seconds
2025-06-20 13:03:59,021 - INFO - SUBPROCESS: XML merge process completed successfully
2025-06-20 13:03:59,021 - INFO - Successfully merged transformed files to /Users/changik/workspace/sample-oracle-modernization-accelerator/jpetstore-6/logs/application/SQLTransformTarget/mapper/LineItemMapper_orcl/merge/LineItemMapper.xml
2025-06-20 13:03:59,021 - DEBUG - Directory ensured: /Users/changik/workspace/sample-oracle-modernization-accelerator/jpetstore-6/application/transform/mapper
2025-06-20 13:03:59,022 - DEBUG - Copied file from /Users/changik/workspace/sample-oracle-modernization-accelerator/jpetstore-6/logs/application/SQLTransformTarget/mapper/LineItemMapper_orcl/merge/LineItemMapper.xml to /Users/changik/workspace/sample-oracle-modernization-accelerator/jpetstore-6/application/transform/mapper/LineItemMapper.xml
2025-06-20 13:03:59,022 - INFO - Successfully copied final transformed file to /Users/changik/workspace/sample-oracle-modernization-accelerator/jpetstore-6/application/transform/mapper/LineItemMapper.xml
2025-06-20 13:03:59,022 - INFO - [ThreadPoolExecutor-0_0] Successfully transformed /Users/changik/workspace/SampleApp/jpetstore-6/src/main/resources/org/mybatis/jpetstore/mapper/LineItemMapper.xml to /Users/changik/workspace/sample-oracle-modernization-accelerator/jpetstore-6/application/transform/mapper/LineItemMapper.xml
2025-06-20 13:03:59,022 - INFO - Starting validation process...
2025-06-20 13:03:59,022 - INFO - Running validation with command: python3 /Users/changik/workspace/sample-oracle-modernization-accelerator/bin/application/TransformValidation.py --mapper-folder /Users/changik/workspace/sample-oracle-modernization-accelerator/jpetstore-6/application/transform/mapper --origin-suffix _orcl --app-transform-folder /Users/changik/workspace/sample-oracle-modernization-accelerator/jpetstore-6/application/transform --app-log-folder /Users/changik/workspace/sample-oracle-modernization-accelerator/jpetstore-6/logs/application/SQLTransformTarget/pylogs --log-level=INFO -l /Users/changik/workspace/sample-oracle-modernization-accelerator/jpetstore-6/logs/application/SQLTransformTarget/pylogs/TransformValidation_20250620_130359.log
2025-06-20 13:03:59,022 - DEBUG - Running command: python3 /Users/changik/workspace/sample-oracle-modernization-accelerator/bin/application/TransformValidation.py --mapper-folder /Users/changik/workspace/sample-oracle-modernization-accelerator/jpetstore-6/application/transform/mapper --origin-suffix _orcl --app-transform-folder /Users/changik/workspace/sample-oracle-modernization-accelerator/jpetstore-6/application/transform --app-log-folder /Users/changik/workspace/sample-oracle-modernization-accelerator/jpetstore-6/logs/application/SQLTransformTarget/pylogs --log-level=INFO -l /Users/changik/workspace/sample-oracle-modernization-accelerator/jpetstore-6/logs/application/SQLTransformTarget/pylogs/TransformValidation_20250620_130359.log
2025-06-20 13:03:59,166 - INFO - SUBPROCESS: Starting TransformValidation.py
2025-06-20 13:03:59,167 - INFO - SUBPROCESS: Mapper Folder: /Users/changik/workspace/sample-oracle-modernization-accelerator/jpetstore-6/application/transform/mapper
2025-06-20 13:03:59,167 - INFO - SUBPROCESS: Origin Suffix: _orcl
2025-06-20 13:03:59,167 - INFO - SUBPROCESS: Transform Folder: /Users/changik/workspace/sample-oracle-modernization-accelerator/jpetstore-6/application/transform
2025-06-20 13:03:59,167 - INFO - SUBPROCESS: Test Mode: False
2025-06-20 13:03:59,167 - INFO - SUBPROCESS: Log Level: INFO
2025-06-20 13:03:59,167 - INFO - SUBPROCESS: Starting validation : Checking transformation completeness
2025-06-20 13:03:59,167 - INFO - SUBPROCESS: Found 14 XML files in /Users/changik/workspace/sample-oracle-modernization-accelerator/jpetstore-6/application/transform/mapper
2025-06-20 13:03:59,167 - INFO - SUBPROCESS: Found 0 files with transformation failures
2025-06-20 13:03:59,167 - INFO - SUBPROCESS: Empty failure CSV (header only) created at /Users/changik/workspace/sample-oracle-modernization-accelerator/jpetstore-6/application/transform/SQLTransformTargetFailure.csv
2025-06-20 13:03:59,167 - INFO - SUBPROCESS: Starting validation : Validating XML syntax
2025-06-20 13:03:59,167 - INFO - SUBPROCESS: Validated 7 XML files
2025-06-20 13:03:59,167 - INFO - SUBPROCESS: XML validation results written to /Users/changik/workspace/sample-oracle-modernization-accelerator/jpetstore-6/application/transform/xmllintResult.csv
2025-06-20 13:03:59,167 - INFO - SUBPROCESS: Validation process completed
2025-06-20 13:03:59,167 - INFO - SUBPROCESS: Total files checked: 7
2025-06-20 13:03:59,167 - INFO - SUBPROCESS: Transformation failures: 0
2025-06-20 13:03:59,167 - INFO - SUBPROCESS: XML validation failures: 0
2025-06-20 13:03:59,167 - INFO - SUBPROCESS: All validations completed successfully
2025-06-20 13:03:59,167 - INFO - Validation process completed successfully
2025-06-20 13:03:59,167 - INFO - Transform process completed
2025-06-20 13:03:59,167 - INFO - Total target files : {len(target_files)}
2025-06-20 13:03:59,167 - INFO - Total files processed: 7
2025-06-20 13:03:59,167 - INFO - Successful transforms: 7
2025-06-20 13:03:59,167 - INFO - Failed transforms: 0
2025-06-20 13:03:59,167 - INFO - Total execution time: 1072.50 seconds
2025-06-20 13:03:59,167 - INFO - All transforms completed successfully
